[2021-12-16 11:17:57,993] {processor.py:163} INFO - Started process (PID=278) to work on /home/airflow/.local/lib/python3.7/site-packages/airflow/example_dags/example_branch_labels.py
[2021-12-16 11:17:57,994] {processor.py:625} INFO - Processing file /home/airflow/.local/lib/python3.7/site-packages/airflow/example_dags/example_branch_labels.py for tasks to queue
[2021-12-16 11:17:57,995] {logging_mixin.py:109} INFO - [2021-12-16 11:17:57,995] {dagbag.py:500} INFO - Filling up the DagBag from /home/airflow/.local/lib/python3.7/site-packages/airflow/example_dags/example_branch_labels.py
[2021-12-16 11:17:58,022] {processor.py:637} INFO - DAG(s) dict_keys(['example_branch_labels']) retrieved from /home/airflow/.local/lib/python3.7/site-packages/airflow/example_dags/example_branch_labels.py
[2021-12-16 11:17:59,074] {logging_mixin.py:109} INFO - [2021-12-16 11:17:59,074] {providers_manager.py:156} WARNING - Exception when importing 'airflow.providers.google.leveldb.hooks.leveldb.LevelDBHook' from 'apache-airflow-providers-google' package: No module named 'plyvel'
[2021-12-16 11:17:59,423] {logging_mixin.py:109} INFO - [2021-12-16 11:17:59,423] {providers_manager.py:156} WARNING - Exception when importing 'airflow.providers.google.leveldb.hooks.leveldb.LevelDBHook' from 'apache-airflow-providers-google' package: No module named 'plyvel'
[2021-12-16 11:17:59,466] {logging_mixin.py:109} INFO - [2021-12-16 11:17:59,466] {manager.py:496} INFO - Created Permission View: can read on DAG:example_branch_labels
[2021-12-16 11:17:59,474] {logging_mixin.py:109} INFO - [2021-12-16 11:17:59,474] {manager.py:496} INFO - Created Permission View: can edit on DAG:example_branch_labels
[2021-12-16 11:17:59,475] {logging_mixin.py:109} INFO - [2021-12-16 11:17:59,475] {dag.py:2396} INFO - Sync 1 DAGs
[2021-12-16 11:17:59,484] {logging_mixin.py:109} INFO - [2021-12-16 11:17:59,483] {dag.py:2415} INFO - Creating ORM DAG for example_branch_labels
[2021-12-16 11:17:59,493] {logging_mixin.py:109} INFO - [2021-12-16 11:17:59,493] {dag.py:2928} INFO - Setting next_dagrun for example_branch_labels to 2021-12-15 00:00:00+00:00
[2021-12-16 11:17:59,504] {processor.py:171} INFO - Processing /home/airflow/.local/lib/python3.7/site-packages/airflow/example_dags/example_branch_labels.py took 1.516 seconds
[2021-12-16 11:18:29,672] {processor.py:163} INFO - Started process (PID=403) to work on /home/airflow/.local/lib/python3.7/site-packages/airflow/example_dags/example_branch_labels.py
[2021-12-16 11:18:29,690] {processor.py:625} INFO - Processing file /home/airflow/.local/lib/python3.7/site-packages/airflow/example_dags/example_branch_labels.py for tasks to queue
[2021-12-16 11:18:29,691] {logging_mixin.py:109} INFO - [2021-12-16 11:18:29,691] {dagbag.py:500} INFO - Filling up the DagBag from /home/airflow/.local/lib/python3.7/site-packages/airflow/example_dags/example_branch_labels.py
[2021-12-16 11:18:29,729] {processor.py:637} INFO - DAG(s) dict_keys(['example_branch_labels']) retrieved from /home/airflow/.local/lib/python3.7/site-packages/airflow/example_dags/example_branch_labels.py
[2021-12-16 11:18:29,742] {logging_mixin.py:109} INFO - [2021-12-16 11:18:29,742] {dag.py:2396} INFO - Sync 1 DAGs
[2021-12-16 11:18:29,767] {logging_mixin.py:109} INFO - [2021-12-16 11:18:29,766] {dag.py:2928} INFO - Setting next_dagrun for example_branch_labels to 2021-12-15 00:00:00+00:00
[2021-12-16 11:18:29,776] {processor.py:171} INFO - Processing /home/airflow/.local/lib/python3.7/site-packages/airflow/example_dags/example_branch_labels.py took 0.107 seconds
[2021-12-16 11:18:59,922] {processor.py:163} INFO - Started process (PID=473) to work on /home/airflow/.local/lib/python3.7/site-packages/airflow/example_dags/example_branch_labels.py
[2021-12-16 11:18:59,923] {processor.py:625} INFO - Processing file /home/airflow/.local/lib/python3.7/site-packages/airflow/example_dags/example_branch_labels.py for tasks to queue
[2021-12-16 11:18:59,924] {logging_mixin.py:109} INFO - [2021-12-16 11:18:59,924] {dagbag.py:500} INFO - Filling up the DagBag from /home/airflow/.local/lib/python3.7/site-packages/airflow/example_dags/example_branch_labels.py
[2021-12-16 11:18:59,955] {processor.py:637} INFO - DAG(s) dict_keys(['example_branch_labels']) retrieved from /home/airflow/.local/lib/python3.7/site-packages/airflow/example_dags/example_branch_labels.py
[2021-12-16 11:18:59,965] {logging_mixin.py:109} INFO - [2021-12-16 11:18:59,965] {dag.py:2396} INFO - Sync 1 DAGs
[2021-12-16 11:18:59,983] {logging_mixin.py:109} INFO - [2021-12-16 11:18:59,983] {dag.py:2928} INFO - Setting next_dagrun for example_branch_labels to 2021-12-15 00:00:00+00:00
[2021-12-16 11:18:59,990] {processor.py:171} INFO - Processing /home/airflow/.local/lib/python3.7/site-packages/airflow/example_dags/example_branch_labels.py took 0.073 seconds
[2021-12-16 11:19:30,079] {processor.py:163} INFO - Started process (PID=533) to work on /home/airflow/.local/lib/python3.7/site-packages/airflow/example_dags/example_branch_labels.py
[2021-12-16 11:19:30,081] {processor.py:625} INFO - Processing file /home/airflow/.local/lib/python3.7/site-packages/airflow/example_dags/example_branch_labels.py for tasks to queue
[2021-12-16 11:19:30,083] {logging_mixin.py:109} INFO - [2021-12-16 11:19:30,083] {dagbag.py:500} INFO - Filling up the DagBag from /home/airflow/.local/lib/python3.7/site-packages/airflow/example_dags/example_branch_labels.py
[2021-12-16 11:19:30,115] {processor.py:637} INFO - DAG(s) dict_keys(['example_branch_labels']) retrieved from /home/airflow/.local/lib/python3.7/site-packages/airflow/example_dags/example_branch_labels.py
[2021-12-16 11:19:30,136] {logging_mixin.py:109} INFO - [2021-12-16 11:19:30,136] {dag.py:2396} INFO - Sync 1 DAGs
[2021-12-16 11:19:30,156] {logging_mixin.py:109} INFO - [2021-12-16 11:19:30,156] {dag.py:2928} INFO - Setting next_dagrun for example_branch_labels to 2021-12-15 00:00:00+00:00
[2021-12-16 11:19:30,168] {processor.py:171} INFO - Processing /home/airflow/.local/lib/python3.7/site-packages/airflow/example_dags/example_branch_labels.py took 0.092 seconds
[2021-12-16 11:20:00,377] {processor.py:163} INFO - Started process (PID=602) to work on /home/airflow/.local/lib/python3.7/site-packages/airflow/example_dags/example_branch_labels.py
[2021-12-16 11:20:00,379] {processor.py:625} INFO - Processing file /home/airflow/.local/lib/python3.7/site-packages/airflow/example_dags/example_branch_labels.py for tasks to queue
[2021-12-16 11:20:00,380] {logging_mixin.py:109} INFO - [2021-12-16 11:20:00,380] {dagbag.py:500} INFO - Filling up the DagBag from /home/airflow/.local/lib/python3.7/site-packages/airflow/example_dags/example_branch_labels.py
[2021-12-16 11:20:00,414] {processor.py:637} INFO - DAG(s) dict_keys(['example_branch_labels']) retrieved from /home/airflow/.local/lib/python3.7/site-packages/airflow/example_dags/example_branch_labels.py
[2021-12-16 11:20:00,427] {logging_mixin.py:109} INFO - [2021-12-16 11:20:00,427] {dag.py:2396} INFO - Sync 1 DAGs
[2021-12-16 11:20:00,454] {logging_mixin.py:109} INFO - [2021-12-16 11:20:00,453] {dag.py:2928} INFO - Setting next_dagrun for example_branch_labels to 2021-12-15 00:00:00+00:00
[2021-12-16 11:20:00,467] {processor.py:171} INFO - Processing /home/airflow/.local/lib/python3.7/site-packages/airflow/example_dags/example_branch_labels.py took 0.095 seconds
[2021-12-16 11:20:30,948] {processor.py:163} INFO - Started process (PID=662) to work on /home/airflow/.local/lib/python3.7/site-packages/airflow/example_dags/example_branch_labels.py
[2021-12-16 11:20:30,950] {processor.py:625} INFO - Processing file /home/airflow/.local/lib/python3.7/site-packages/airflow/example_dags/example_branch_labels.py for tasks to queue
[2021-12-16 11:20:30,951] {logging_mixin.py:109} INFO - [2021-12-16 11:20:30,951] {dagbag.py:500} INFO - Filling up the DagBag from /home/airflow/.local/lib/python3.7/site-packages/airflow/example_dags/example_branch_labels.py
[2021-12-16 11:20:30,982] {processor.py:637} INFO - DAG(s) dict_keys(['example_branch_labels']) retrieved from /home/airflow/.local/lib/python3.7/site-packages/airflow/example_dags/example_branch_labels.py
[2021-12-16 11:20:30,994] {logging_mixin.py:109} INFO - [2021-12-16 11:20:30,994] {dag.py:2396} INFO - Sync 1 DAGs
[2021-12-16 11:20:31,013] {logging_mixin.py:109} INFO - [2021-12-16 11:20:31,013] {dag.py:2928} INFO - Setting next_dagrun for example_branch_labels to 2021-12-15 00:00:00+00:00
[2021-12-16 11:20:31,023] {processor.py:171} INFO - Processing /home/airflow/.local/lib/python3.7/site-packages/airflow/example_dags/example_branch_labels.py took 0.079 seconds
[2021-12-16 11:21:01,330] {processor.py:163} INFO - Started process (PID=731) to work on /home/airflow/.local/lib/python3.7/site-packages/airflow/example_dags/example_branch_labels.py
[2021-12-16 11:21:01,332] {processor.py:625} INFO - Processing file /home/airflow/.local/lib/python3.7/site-packages/airflow/example_dags/example_branch_labels.py for tasks to queue
[2021-12-16 11:21:01,333] {logging_mixin.py:109} INFO - [2021-12-16 11:21:01,333] {dagbag.py:500} INFO - Filling up the DagBag from /home/airflow/.local/lib/python3.7/site-packages/airflow/example_dags/example_branch_labels.py
[2021-12-16 11:21:01,361] {processor.py:637} INFO - DAG(s) dict_keys(['example_branch_labels']) retrieved from /home/airflow/.local/lib/python3.7/site-packages/airflow/example_dags/example_branch_labels.py
[2021-12-16 11:21:01,372] {logging_mixin.py:109} INFO - [2021-12-16 11:21:01,372] {dag.py:2396} INFO - Sync 1 DAGs
[2021-12-16 11:21:01,389] {logging_mixin.py:109} INFO - [2021-12-16 11:21:01,389] {dag.py:2928} INFO - Setting next_dagrun for example_branch_labels to 2021-12-15 00:00:00+00:00
[2021-12-16 11:21:01,398] {processor.py:171} INFO - Processing /home/airflow/.local/lib/python3.7/site-packages/airflow/example_dags/example_branch_labels.py took 0.072 seconds
[2021-12-16 11:21:31,620] {processor.py:163} INFO - Started process (PID=791) to work on /home/airflow/.local/lib/python3.7/site-packages/airflow/example_dags/example_branch_labels.py
[2021-12-16 11:21:31,622] {processor.py:625} INFO - Processing file /home/airflow/.local/lib/python3.7/site-packages/airflow/example_dags/example_branch_labels.py for tasks to queue
[2021-12-16 11:21:31,623] {logging_mixin.py:109} INFO - [2021-12-16 11:21:31,623] {dagbag.py:500} INFO - Filling up the DagBag from /home/airflow/.local/lib/python3.7/site-packages/airflow/example_dags/example_branch_labels.py
[2021-12-16 11:21:31,646] {processor.py:637} INFO - DAG(s) dict_keys(['example_branch_labels']) retrieved from /home/airflow/.local/lib/python3.7/site-packages/airflow/example_dags/example_branch_labels.py
[2021-12-16 11:21:31,655] {logging_mixin.py:109} INFO - [2021-12-16 11:21:31,655] {dag.py:2396} INFO - Sync 1 DAGs
[2021-12-16 11:21:31,674] {logging_mixin.py:109} INFO - [2021-12-16 11:21:31,674] {dag.py:2928} INFO - Setting next_dagrun for example_branch_labels to 2021-12-15 00:00:00+00:00
[2021-12-16 11:21:31,682] {processor.py:171} INFO - Processing /home/airflow/.local/lib/python3.7/site-packages/airflow/example_dags/example_branch_labels.py took 0.065 seconds
[2021-12-16 11:22:02,139] {processor.py:163} INFO - Started process (PID=860) to work on /home/airflow/.local/lib/python3.7/site-packages/airflow/example_dags/example_branch_labels.py
[2021-12-16 11:22:02,141] {processor.py:625} INFO - Processing file /home/airflow/.local/lib/python3.7/site-packages/airflow/example_dags/example_branch_labels.py for tasks to queue
[2021-12-16 11:22:02,142] {logging_mixin.py:109} INFO - [2021-12-16 11:22:02,142] {dagbag.py:500} INFO - Filling up the DagBag from /home/airflow/.local/lib/python3.7/site-packages/airflow/example_dags/example_branch_labels.py
[2021-12-16 11:22:02,172] {processor.py:637} INFO - DAG(s) dict_keys(['example_branch_labels']) retrieved from /home/airflow/.local/lib/python3.7/site-packages/airflow/example_dags/example_branch_labels.py
[2021-12-16 11:22:02,186] {logging_mixin.py:109} INFO - [2021-12-16 11:22:02,186] {dag.py:2396} INFO - Sync 1 DAGs
[2021-12-16 11:22:02,207] {logging_mixin.py:109} INFO - [2021-12-16 11:22:02,206] {dag.py:2928} INFO - Setting next_dagrun for example_branch_labels to 2021-12-15 00:00:00+00:00
[2021-12-16 11:22:02,215] {processor.py:171} INFO - Processing /home/airflow/.local/lib/python3.7/site-packages/airflow/example_dags/example_branch_labels.py took 0.081 seconds
[2021-12-16 11:22:32,506] {processor.py:163} INFO - Started process (PID=931) to work on /home/airflow/.local/lib/python3.7/site-packages/airflow/example_dags/example_branch_labels.py
[2021-12-16 11:22:32,509] {processor.py:625} INFO - Processing file /home/airflow/.local/lib/python3.7/site-packages/airflow/example_dags/example_branch_labels.py for tasks to queue
[2021-12-16 11:22:32,510] {logging_mixin.py:109} INFO - [2021-12-16 11:22:32,510] {dagbag.py:500} INFO - Filling up the DagBag from /home/airflow/.local/lib/python3.7/site-packages/airflow/example_dags/example_branch_labels.py
[2021-12-16 11:22:32,533] {processor.py:637} INFO - DAG(s) dict_keys(['example_branch_labels']) retrieved from /home/airflow/.local/lib/python3.7/site-packages/airflow/example_dags/example_branch_labels.py
[2021-12-16 11:22:32,542] {logging_mixin.py:109} INFO - [2021-12-16 11:22:32,542] {dag.py:2396} INFO - Sync 1 DAGs
[2021-12-16 11:22:32,556] {logging_mixin.py:109} INFO - [2021-12-16 11:22:32,556] {dag.py:2928} INFO - Setting next_dagrun for example_branch_labels to 2021-12-15 00:00:00+00:00
[2021-12-16 11:22:32,565] {processor.py:171} INFO - Processing /home/airflow/.local/lib/python3.7/site-packages/airflow/example_dags/example_branch_labels.py took 0.062 seconds
[2021-12-16 11:23:02,885] {processor.py:163} INFO - Started process (PID=991) to work on /home/airflow/.local/lib/python3.7/site-packages/airflow/example_dags/example_branch_labels.py
[2021-12-16 11:23:02,888] {processor.py:625} INFO - Processing file /home/airflow/.local/lib/python3.7/site-packages/airflow/example_dags/example_branch_labels.py for tasks to queue
[2021-12-16 11:23:02,889] {logging_mixin.py:109} INFO - [2021-12-16 11:23:02,889] {dagbag.py:500} INFO - Filling up the DagBag from /home/airflow/.local/lib/python3.7/site-packages/airflow/example_dags/example_branch_labels.py
[2021-12-16 11:23:02,917] {processor.py:637} INFO - DAG(s) dict_keys(['example_branch_labels']) retrieved from /home/airflow/.local/lib/python3.7/site-packages/airflow/example_dags/example_branch_labels.py
[2021-12-16 11:23:02,926] {logging_mixin.py:109} INFO - [2021-12-16 11:23:02,926] {dag.py:2396} INFO - Sync 1 DAGs
[2021-12-16 11:23:02,940] {logging_mixin.py:109} INFO - [2021-12-16 11:23:02,940] {dag.py:2928} INFO - Setting next_dagrun for example_branch_labels to 2021-12-15 00:00:00+00:00
[2021-12-16 11:23:02,948] {processor.py:171} INFO - Processing /home/airflow/.local/lib/python3.7/site-packages/airflow/example_dags/example_branch_labels.py took 0.066 seconds
[2021-12-16 11:23:33,062] {processor.py:163} INFO - Started process (PID=1060) to work on /home/airflow/.local/lib/python3.7/site-packages/airflow/example_dags/example_branch_labels.py
[2021-12-16 11:23:33,064] {processor.py:625} INFO - Processing file /home/airflow/.local/lib/python3.7/site-packages/airflow/example_dags/example_branch_labels.py for tasks to queue
[2021-12-16 11:23:33,065] {logging_mixin.py:109} INFO - [2021-12-16 11:23:33,065] {dagbag.py:500} INFO - Filling up the DagBag from /home/airflow/.local/lib/python3.7/site-packages/airflow/example_dags/example_branch_labels.py
[2021-12-16 11:23:33,093] {processor.py:637} INFO - DAG(s) dict_keys(['example_branch_labels']) retrieved from /home/airflow/.local/lib/python3.7/site-packages/airflow/example_dags/example_branch_labels.py
[2021-12-16 11:23:33,104] {logging_mixin.py:109} INFO - [2021-12-16 11:23:33,104] {dag.py:2396} INFO - Sync 1 DAGs
[2021-12-16 11:23:33,122] {logging_mixin.py:109} INFO - [2021-12-16 11:23:33,122] {dag.py:2928} INFO - Setting next_dagrun for example_branch_labels to 2021-12-15 00:00:00+00:00
[2021-12-16 11:23:33,131] {processor.py:171} INFO - Processing /home/airflow/.local/lib/python3.7/site-packages/airflow/example_dags/example_branch_labels.py took 0.073 seconds
[2021-12-16 11:24:03,720] {processor.py:163} INFO - Started process (PID=1120) to work on /home/airflow/.local/lib/python3.7/site-packages/airflow/example_dags/example_branch_labels.py
[2021-12-16 11:24:03,723] {processor.py:625} INFO - Processing file /home/airflow/.local/lib/python3.7/site-packages/airflow/example_dags/example_branch_labels.py for tasks to queue
[2021-12-16 11:24:03,725] {logging_mixin.py:109} INFO - [2021-12-16 11:24:03,724] {dagbag.py:500} INFO - Filling up the DagBag from /home/airflow/.local/lib/python3.7/site-packages/airflow/example_dags/example_branch_labels.py
[2021-12-16 11:24:03,755] {processor.py:637} INFO - DAG(s) dict_keys(['example_branch_labels']) retrieved from /home/airflow/.local/lib/python3.7/site-packages/airflow/example_dags/example_branch_labels.py
[2021-12-16 11:24:03,766] {logging_mixin.py:109} INFO - [2021-12-16 11:24:03,766] {dag.py:2396} INFO - Sync 1 DAGs
[2021-12-16 11:24:03,784] {logging_mixin.py:109} INFO - [2021-12-16 11:24:03,784] {dag.py:2928} INFO - Setting next_dagrun for example_branch_labels to 2021-12-15 00:00:00+00:00
[2021-12-16 11:24:03,797] {processor.py:171} INFO - Processing /home/airflow/.local/lib/python3.7/site-packages/airflow/example_dags/example_branch_labels.py took 0.080 seconds
[2021-12-16 11:24:34,646] {processor.py:163} INFO - Started process (PID=1190) to work on /home/airflow/.local/lib/python3.7/site-packages/airflow/example_dags/example_branch_labels.py
[2021-12-16 11:24:34,649] {processor.py:625} INFO - Processing file /home/airflow/.local/lib/python3.7/site-packages/airflow/example_dags/example_branch_labels.py for tasks to queue
[2021-12-16 11:24:34,650] {logging_mixin.py:109} INFO - [2021-12-16 11:24:34,650] {dagbag.py:500} INFO - Filling up the DagBag from /home/airflow/.local/lib/python3.7/site-packages/airflow/example_dags/example_branch_labels.py
[2021-12-16 11:24:34,681] {processor.py:637} INFO - DAG(s) dict_keys(['example_branch_labels']) retrieved from /home/airflow/.local/lib/python3.7/site-packages/airflow/example_dags/example_branch_labels.py
[2021-12-16 11:24:34,694] {logging_mixin.py:109} INFO - [2021-12-16 11:24:34,694] {dag.py:2396} INFO - Sync 1 DAGs
[2021-12-16 11:24:34,719] {logging_mixin.py:109} INFO - [2021-12-16 11:24:34,718] {dag.py:2928} INFO - Setting next_dagrun for example_branch_labels to 2021-12-15 00:00:00+00:00
[2021-12-16 11:24:34,729] {processor.py:171} INFO - Processing /home/airflow/.local/lib/python3.7/site-packages/airflow/example_dags/example_branch_labels.py took 0.086 seconds
[2021-12-16 11:25:05,081] {processor.py:163} INFO - Started process (PID=1250) to work on /home/airflow/.local/lib/python3.7/site-packages/airflow/example_dags/example_branch_labels.py
[2021-12-16 11:25:05,083] {processor.py:625} INFO - Processing file /home/airflow/.local/lib/python3.7/site-packages/airflow/example_dags/example_branch_labels.py for tasks to queue
[2021-12-16 11:25:05,084] {logging_mixin.py:109} INFO - [2021-12-16 11:25:05,084] {dagbag.py:500} INFO - Filling up the DagBag from /home/airflow/.local/lib/python3.7/site-packages/airflow/example_dags/example_branch_labels.py
[2021-12-16 11:25:05,111] {processor.py:637} INFO - DAG(s) dict_keys(['example_branch_labels']) retrieved from /home/airflow/.local/lib/python3.7/site-packages/airflow/example_dags/example_branch_labels.py
[2021-12-16 11:25:05,121] {logging_mixin.py:109} INFO - [2021-12-16 11:25:05,121] {dag.py:2396} INFO - Sync 1 DAGs
[2021-12-16 11:25:05,139] {logging_mixin.py:109} INFO - [2021-12-16 11:25:05,139] {dag.py:2928} INFO - Setting next_dagrun for example_branch_labels to 2021-12-15 00:00:00+00:00
[2021-12-16 11:25:05,149] {processor.py:171} INFO - Processing /home/airflow/.local/lib/python3.7/site-packages/airflow/example_dags/example_branch_labels.py took 0.072 seconds
