[2021-12-16 11:17:49,775] {processor.py:163} INFO - Started process (PID=177) to work on /home/airflow/.local/lib/python3.7/site-packages/airflow/example_dags/example_skip_dag.py
[2021-12-16 11:17:49,777] {processor.py:625} INFO - Processing file /home/airflow/.local/lib/python3.7/site-packages/airflow/example_dags/example_skip_dag.py for tasks to queue
[2021-12-16 11:17:49,778] {logging_mixin.py:109} INFO - [2021-12-16 11:17:49,778] {dagbag.py:500} INFO - Filling up the DagBag from /home/airflow/.local/lib/python3.7/site-packages/airflow/example_dags/example_skip_dag.py
[2021-12-16 11:17:49,807] {processor.py:637} INFO - DAG(s) dict_keys(['example_skip_dag']) retrieved from /home/airflow/.local/lib/python3.7/site-packages/airflow/example_dags/example_skip_dag.py
[2021-12-16 11:17:50,805] {logging_mixin.py:109} INFO - [2021-12-16 11:17:50,805] {providers_manager.py:156} WARNING - Exception when importing 'airflow.providers.google.leveldb.hooks.leveldb.LevelDBHook' from 'apache-airflow-providers-google' package: No module named 'plyvel'
[2021-12-16 11:17:51,187] {logging_mixin.py:109} INFO - [2021-12-16 11:17:51,187] {providers_manager.py:156} WARNING - Exception when importing 'airflow.providers.google.leveldb.hooks.leveldb.LevelDBHook' from 'apache-airflow-providers-google' package: No module named 'plyvel'
[2021-12-16 11:17:51,207] {logging_mixin.py:109} INFO - [2021-12-16 11:17:51,207] {manager.py:496} INFO - Created Permission View: can read on DAG:example_skip_dag
[2021-12-16 11:17:51,215] {logging_mixin.py:109} INFO - [2021-12-16 11:17:51,215] {manager.py:496} INFO - Created Permission View: can edit on DAG:example_skip_dag
[2021-12-16 11:17:51,216] {logging_mixin.py:109} INFO - [2021-12-16 11:17:51,216] {dag.py:2396} INFO - Sync 1 DAGs
[2021-12-16 11:17:51,226] {logging_mixin.py:109} INFO - [2021-12-16 11:17:51,225] {dag.py:2415} INFO - Creating ORM DAG for example_skip_dag
[2021-12-16 11:17:51,234] {logging_mixin.py:109} INFO - [2021-12-16 11:17:51,234] {dag.py:2928} INFO - Setting next_dagrun for example_skip_dag to 2021-12-15T11:17:51.234409+00:00
[2021-12-16 11:17:51,246] {processor.py:171} INFO - Processing /home/airflow/.local/lib/python3.7/site-packages/airflow/example_dags/example_skip_dag.py took 1.475 seconds
[2021-12-16 11:18:21,890] {processor.py:163} INFO - Started process (PID=393) to work on /home/airflow/.local/lib/python3.7/site-packages/airflow/example_dags/example_skip_dag.py
[2021-12-16 11:18:21,892] {processor.py:625} INFO - Processing file /home/airflow/.local/lib/python3.7/site-packages/airflow/example_dags/example_skip_dag.py for tasks to queue
[2021-12-16 11:18:21,893] {logging_mixin.py:109} INFO - [2021-12-16 11:18:21,893] {dagbag.py:500} INFO - Filling up the DagBag from /home/airflow/.local/lib/python3.7/site-packages/airflow/example_dags/example_skip_dag.py
[2021-12-16 11:18:21,920] {processor.py:637} INFO - DAG(s) dict_keys(['example_skip_dag']) retrieved from /home/airflow/.local/lib/python3.7/site-packages/airflow/example_dags/example_skip_dag.py
[2021-12-16 11:18:21,931] {logging_mixin.py:109} INFO - [2021-12-16 11:18:21,931] {dag.py:2396} INFO - Sync 1 DAGs
[2021-12-16 11:18:21,946] {logging_mixin.py:109} INFO - [2021-12-16 11:18:21,946] {dag.py:2928} INFO - Setting next_dagrun for example_skip_dag to 2021-12-15T11:18:21.946071+00:00
[2021-12-16 11:18:21,956] {processor.py:171} INFO - Processing /home/airflow/.local/lib/python3.7/site-packages/airflow/example_dags/example_skip_dag.py took 0.071 seconds
[2021-12-16 11:18:52,113] {processor.py:163} INFO - Started process (PID=454) to work on /home/airflow/.local/lib/python3.7/site-packages/airflow/example_dags/example_skip_dag.py
[2021-12-16 11:18:52,114] {processor.py:625} INFO - Processing file /home/airflow/.local/lib/python3.7/site-packages/airflow/example_dags/example_skip_dag.py for tasks to queue
[2021-12-16 11:18:52,116] {logging_mixin.py:109} INFO - [2021-12-16 11:18:52,115] {dagbag.py:500} INFO - Filling up the DagBag from /home/airflow/.local/lib/python3.7/site-packages/airflow/example_dags/example_skip_dag.py
[2021-12-16 11:18:52,149] {processor.py:637} INFO - DAG(s) dict_keys(['example_skip_dag']) retrieved from /home/airflow/.local/lib/python3.7/site-packages/airflow/example_dags/example_skip_dag.py
[2021-12-16 11:18:52,164] {logging_mixin.py:109} INFO - [2021-12-16 11:18:52,164] {dag.py:2396} INFO - Sync 1 DAGs
[2021-12-16 11:18:52,185] {logging_mixin.py:109} INFO - [2021-12-16 11:18:52,185] {dag.py:2928} INFO - Setting next_dagrun for example_skip_dag to 2021-12-15T11:18:52.185505+00:00
[2021-12-16 11:18:52,195] {processor.py:171} INFO - Processing /home/airflow/.local/lib/python3.7/site-packages/airflow/example_dags/example_skip_dag.py took 0.087 seconds
[2021-12-16 11:19:22,252] {processor.py:163} INFO - Started process (PID=523) to work on /home/airflow/.local/lib/python3.7/site-packages/airflow/example_dags/example_skip_dag.py
[2021-12-16 11:19:22,255] {processor.py:625} INFO - Processing file /home/airflow/.local/lib/python3.7/site-packages/airflow/example_dags/example_skip_dag.py for tasks to queue
[2021-12-16 11:19:22,256] {logging_mixin.py:109} INFO - [2021-12-16 11:19:22,256] {dagbag.py:500} INFO - Filling up the DagBag from /home/airflow/.local/lib/python3.7/site-packages/airflow/example_dags/example_skip_dag.py
[2021-12-16 11:19:22,283] {processor.py:637} INFO - DAG(s) dict_keys(['example_skip_dag']) retrieved from /home/airflow/.local/lib/python3.7/site-packages/airflow/example_dags/example_skip_dag.py
[2021-12-16 11:19:22,294] {logging_mixin.py:109} INFO - [2021-12-16 11:19:22,293] {dag.py:2396} INFO - Sync 1 DAGs
[2021-12-16 11:19:22,308] {logging_mixin.py:109} INFO - [2021-12-16 11:19:22,308] {dag.py:2928} INFO - Setting next_dagrun for example_skip_dag to 2021-12-15T11:19:22.307945+00:00
[2021-12-16 11:19:22,317] {processor.py:171} INFO - Processing /home/airflow/.local/lib/python3.7/site-packages/airflow/example_dags/example_skip_dag.py took 0.070 seconds
[2021-12-16 11:19:52,430] {processor.py:163} INFO - Started process (PID=583) to work on /home/airflow/.local/lib/python3.7/site-packages/airflow/example_dags/example_skip_dag.py
[2021-12-16 11:19:52,432] {processor.py:625} INFO - Processing file /home/airflow/.local/lib/python3.7/site-packages/airflow/example_dags/example_skip_dag.py for tasks to queue
[2021-12-16 11:19:52,433] {logging_mixin.py:109} INFO - [2021-12-16 11:19:52,433] {dagbag.py:500} INFO - Filling up the DagBag from /home/airflow/.local/lib/python3.7/site-packages/airflow/example_dags/example_skip_dag.py
[2021-12-16 11:19:52,464] {processor.py:637} INFO - DAG(s) dict_keys(['example_skip_dag']) retrieved from /home/airflow/.local/lib/python3.7/site-packages/airflow/example_dags/example_skip_dag.py
[2021-12-16 11:19:52,478] {logging_mixin.py:109} INFO - [2021-12-16 11:19:52,478] {dag.py:2396} INFO - Sync 1 DAGs
[2021-12-16 11:19:52,496] {logging_mixin.py:109} INFO - [2021-12-16 11:19:52,496] {dag.py:2928} INFO - Setting next_dagrun for example_skip_dag to 2021-12-15T11:19:52.496246+00:00
[2021-12-16 11:19:52,507] {processor.py:171} INFO - Processing /home/airflow/.local/lib/python3.7/site-packages/airflow/example_dags/example_skip_dag.py took 0.081 seconds
[2021-12-16 11:20:23,012] {processor.py:163} INFO - Started process (PID=652) to work on /home/airflow/.local/lib/python3.7/site-packages/airflow/example_dags/example_skip_dag.py
[2021-12-16 11:20:23,014] {processor.py:625} INFO - Processing file /home/airflow/.local/lib/python3.7/site-packages/airflow/example_dags/example_skip_dag.py for tasks to queue
[2021-12-16 11:20:23,015] {logging_mixin.py:109} INFO - [2021-12-16 11:20:23,015] {dagbag.py:500} INFO - Filling up the DagBag from /home/airflow/.local/lib/python3.7/site-packages/airflow/example_dags/example_skip_dag.py
[2021-12-16 11:20:23,044] {processor.py:637} INFO - DAG(s) dict_keys(['example_skip_dag']) retrieved from /home/airflow/.local/lib/python3.7/site-packages/airflow/example_dags/example_skip_dag.py
[2021-12-16 11:20:23,055] {logging_mixin.py:109} INFO - [2021-12-16 11:20:23,055] {dag.py:2396} INFO - Sync 1 DAGs
[2021-12-16 11:20:23,072] {logging_mixin.py:109} INFO - [2021-12-16 11:20:23,071] {dag.py:2928} INFO - Setting next_dagrun for example_skip_dag to 2021-12-15T11:20:23.071626+00:00
[2021-12-16 11:20:23,081] {processor.py:171} INFO - Processing /home/airflow/.local/lib/python3.7/site-packages/airflow/example_dags/example_skip_dag.py took 0.073 seconds
[2021-12-16 11:20:53,283] {processor.py:163} INFO - Started process (PID=712) to work on /home/airflow/.local/lib/python3.7/site-packages/airflow/example_dags/example_skip_dag.py
[2021-12-16 11:20:53,285] {processor.py:625} INFO - Processing file /home/airflow/.local/lib/python3.7/site-packages/airflow/example_dags/example_skip_dag.py for tasks to queue
[2021-12-16 11:20:53,286] {logging_mixin.py:109} INFO - [2021-12-16 11:20:53,286] {dagbag.py:500} INFO - Filling up the DagBag from /home/airflow/.local/lib/python3.7/site-packages/airflow/example_dags/example_skip_dag.py
[2021-12-16 11:20:53,315] {processor.py:637} INFO - DAG(s) dict_keys(['example_skip_dag']) retrieved from /home/airflow/.local/lib/python3.7/site-packages/airflow/example_dags/example_skip_dag.py
[2021-12-16 11:20:53,327] {logging_mixin.py:109} INFO - [2021-12-16 11:20:53,327] {dag.py:2396} INFO - Sync 1 DAGs
[2021-12-16 11:20:53,345] {logging_mixin.py:109} INFO - [2021-12-16 11:20:53,345] {dag.py:2928} INFO - Setting next_dagrun for example_skip_dag to 2021-12-15T11:20:53.344737+00:00
[2021-12-16 11:20:53,356] {processor.py:171} INFO - Processing /home/airflow/.local/lib/python3.7/site-packages/airflow/example_dags/example_skip_dag.py took 0.077 seconds
[2021-12-16 11:21:23,581] {processor.py:163} INFO - Started process (PID=781) to work on /home/airflow/.local/lib/python3.7/site-packages/airflow/example_dags/example_skip_dag.py
[2021-12-16 11:21:23,583] {processor.py:625} INFO - Processing file /home/airflow/.local/lib/python3.7/site-packages/airflow/example_dags/example_skip_dag.py for tasks to queue
[2021-12-16 11:21:23,584] {logging_mixin.py:109} INFO - [2021-12-16 11:21:23,584] {dagbag.py:500} INFO - Filling up the DagBag from /home/airflow/.local/lib/python3.7/site-packages/airflow/example_dags/example_skip_dag.py
[2021-12-16 11:21:23,613] {processor.py:637} INFO - DAG(s) dict_keys(['example_skip_dag']) retrieved from /home/airflow/.local/lib/python3.7/site-packages/airflow/example_dags/example_skip_dag.py
[2021-12-16 11:21:23,625] {logging_mixin.py:109} INFO - [2021-12-16 11:21:23,625] {dag.py:2396} INFO - Sync 1 DAGs
[2021-12-16 11:21:23,642] {logging_mixin.py:109} INFO - [2021-12-16 11:21:23,642] {dag.py:2928} INFO - Setting next_dagrun for example_skip_dag to 2021-12-15T11:21:23.641849+00:00
[2021-12-16 11:21:23,652] {processor.py:171} INFO - Processing /home/airflow/.local/lib/python3.7/site-packages/airflow/example_dags/example_skip_dag.py took 0.075 seconds
[2021-12-16 11:21:54,118] {processor.py:163} INFO - Started process (PID=841) to work on /home/airflow/.local/lib/python3.7/site-packages/airflow/example_dags/example_skip_dag.py
[2021-12-16 11:21:54,120] {processor.py:625} INFO - Processing file /home/airflow/.local/lib/python3.7/site-packages/airflow/example_dags/example_skip_dag.py for tasks to queue
[2021-12-16 11:21:54,121] {logging_mixin.py:109} INFO - [2021-12-16 11:21:54,121] {dagbag.py:500} INFO - Filling up the DagBag from /home/airflow/.local/lib/python3.7/site-packages/airflow/example_dags/example_skip_dag.py
[2021-12-16 11:21:54,145] {processor.py:637} INFO - DAG(s) dict_keys(['example_skip_dag']) retrieved from /home/airflow/.local/lib/python3.7/site-packages/airflow/example_dags/example_skip_dag.py
[2021-12-16 11:21:54,155] {logging_mixin.py:109} INFO - [2021-12-16 11:21:54,155] {dag.py:2396} INFO - Sync 1 DAGs
[2021-12-16 11:21:54,170] {logging_mixin.py:109} INFO - [2021-12-16 11:21:54,169] {dag.py:2928} INFO - Setting next_dagrun for example_skip_dag to 2021-12-15T11:21:54.169607+00:00
[2021-12-16 11:21:54,178] {processor.py:171} INFO - Processing /home/airflow/.local/lib/python3.7/site-packages/airflow/example_dags/example_skip_dag.py took 0.064 seconds
[2021-12-16 11:22:24,409] {processor.py:163} INFO - Started process (PID=912) to work on /home/airflow/.local/lib/python3.7/site-packages/airflow/example_dags/example_skip_dag.py
[2021-12-16 11:22:24,411] {processor.py:625} INFO - Processing file /home/airflow/.local/lib/python3.7/site-packages/airflow/example_dags/example_skip_dag.py for tasks to queue
[2021-12-16 11:22:24,412] {logging_mixin.py:109} INFO - [2021-12-16 11:22:24,412] {dagbag.py:500} INFO - Filling up the DagBag from /home/airflow/.local/lib/python3.7/site-packages/airflow/example_dags/example_skip_dag.py
[2021-12-16 11:22:24,435] {processor.py:637} INFO - DAG(s) dict_keys(['example_skip_dag']) retrieved from /home/airflow/.local/lib/python3.7/site-packages/airflow/example_dags/example_skip_dag.py
[2021-12-16 11:22:24,445] {logging_mixin.py:109} INFO - [2021-12-16 11:22:24,445] {dag.py:2396} INFO - Sync 1 DAGs
[2021-12-16 11:22:24,459] {logging_mixin.py:109} INFO - [2021-12-16 11:22:24,459] {dag.py:2928} INFO - Setting next_dagrun for example_skip_dag to 2021-12-15T11:22:24.459076+00:00
[2021-12-16 11:22:24,469] {processor.py:171} INFO - Processing /home/airflow/.local/lib/python3.7/site-packages/airflow/example_dags/example_skip_dag.py took 0.063 seconds
[2021-12-16 11:22:54,810] {processor.py:163} INFO - Started process (PID=972) to work on /home/airflow/.local/lib/python3.7/site-packages/airflow/example_dags/example_skip_dag.py
[2021-12-16 11:22:54,812] {processor.py:625} INFO - Processing file /home/airflow/.local/lib/python3.7/site-packages/airflow/example_dags/example_skip_dag.py for tasks to queue
[2021-12-16 11:22:54,813] {logging_mixin.py:109} INFO - [2021-12-16 11:22:54,813] {dagbag.py:500} INFO - Filling up the DagBag from /home/airflow/.local/lib/python3.7/site-packages/airflow/example_dags/example_skip_dag.py
[2021-12-16 11:22:54,850] {processor.py:637} INFO - DAG(s) dict_keys(['example_skip_dag']) retrieved from /home/airflow/.local/lib/python3.7/site-packages/airflow/example_dags/example_skip_dag.py
[2021-12-16 11:22:54,862] {logging_mixin.py:109} INFO - [2021-12-16 11:22:54,862] {dag.py:2396} INFO - Sync 1 DAGs
[2021-12-16 11:22:54,876] {logging_mixin.py:109} INFO - [2021-12-16 11:22:54,876] {dag.py:2928} INFO - Setting next_dagrun for example_skip_dag to 2021-12-15T11:22:54.876292+00:00
[2021-12-16 11:22:54,887] {processor.py:171} INFO - Processing /home/airflow/.local/lib/python3.7/site-packages/airflow/example_dags/example_skip_dag.py took 0.080 seconds
[2021-12-16 11:23:25,123] {processor.py:163} INFO - Started process (PID=1041) to work on /home/airflow/.local/lib/python3.7/site-packages/airflow/example_dags/example_skip_dag.py
[2021-12-16 11:23:25,125] {processor.py:625} INFO - Processing file /home/airflow/.local/lib/python3.7/site-packages/airflow/example_dags/example_skip_dag.py for tasks to queue
[2021-12-16 11:23:25,126] {logging_mixin.py:109} INFO - [2021-12-16 11:23:25,126] {dagbag.py:500} INFO - Filling up the DagBag from /home/airflow/.local/lib/python3.7/site-packages/airflow/example_dags/example_skip_dag.py
[2021-12-16 11:23:25,156] {processor.py:637} INFO - DAG(s) dict_keys(['example_skip_dag']) retrieved from /home/airflow/.local/lib/python3.7/site-packages/airflow/example_dags/example_skip_dag.py
[2021-12-16 11:23:25,167] {logging_mixin.py:109} INFO - [2021-12-16 11:23:25,167] {dag.py:2396} INFO - Sync 1 DAGs
[2021-12-16 11:23:25,183] {logging_mixin.py:109} INFO - [2021-12-16 11:23:25,183] {dag.py:2928} INFO - Setting next_dagrun for example_skip_dag to 2021-12-15T11:23:25.183293+00:00
[2021-12-16 11:23:25,191] {processor.py:171} INFO - Processing /home/airflow/.local/lib/python3.7/site-packages/airflow/example_dags/example_skip_dag.py took 0.072 seconds
[2021-12-16 11:23:55,625] {processor.py:163} INFO - Started process (PID=1110) to work on /home/airflow/.local/lib/python3.7/site-packages/airflow/example_dags/example_skip_dag.py
[2021-12-16 11:23:55,627] {processor.py:625} INFO - Processing file /home/airflow/.local/lib/python3.7/site-packages/airflow/example_dags/example_skip_dag.py for tasks to queue
[2021-12-16 11:23:55,628] {logging_mixin.py:109} INFO - [2021-12-16 11:23:55,628] {dagbag.py:500} INFO - Filling up the DagBag from /home/airflow/.local/lib/python3.7/site-packages/airflow/example_dags/example_skip_dag.py
[2021-12-16 11:23:55,657] {processor.py:637} INFO - DAG(s) dict_keys(['example_skip_dag']) retrieved from /home/airflow/.local/lib/python3.7/site-packages/airflow/example_dags/example_skip_dag.py
[2021-12-16 11:23:55,670] {logging_mixin.py:109} INFO - [2021-12-16 11:23:55,670] {dag.py:2396} INFO - Sync 1 DAGs
[2021-12-16 11:23:55,693] {logging_mixin.py:109} INFO - [2021-12-16 11:23:55,693] {dag.py:2928} INFO - Setting next_dagrun for example_skip_dag to 2021-12-15T11:23:55.693137+00:00
[2021-12-16 11:23:55,707] {processor.py:171} INFO - Processing /home/airflow/.local/lib/python3.7/site-packages/airflow/example_dags/example_skip_dag.py took 0.085 seconds
[2021-12-16 11:24:25,856] {processor.py:163} INFO - Started process (PID=1171) to work on /home/airflow/.local/lib/python3.7/site-packages/airflow/example_dags/example_skip_dag.py
[2021-12-16 11:24:25,859] {processor.py:625} INFO - Processing file /home/airflow/.local/lib/python3.7/site-packages/airflow/example_dags/example_skip_dag.py for tasks to queue
[2021-12-16 11:24:25,860] {logging_mixin.py:109} INFO - [2021-12-16 11:24:25,860] {dagbag.py:500} INFO - Filling up the DagBag from /home/airflow/.local/lib/python3.7/site-packages/airflow/example_dags/example_skip_dag.py
[2021-12-16 11:24:25,889] {processor.py:637} INFO - DAG(s) dict_keys(['example_skip_dag']) retrieved from /home/airflow/.local/lib/python3.7/site-packages/airflow/example_dags/example_skip_dag.py
[2021-12-16 11:24:25,901] {logging_mixin.py:109} INFO - [2021-12-16 11:24:25,901] {dag.py:2396} INFO - Sync 1 DAGs
[2021-12-16 11:24:25,917] {logging_mixin.py:109} INFO - [2021-12-16 11:24:25,917] {dag.py:2928} INFO - Setting next_dagrun for example_skip_dag to 2021-12-15T11:24:25.917357+00:00
[2021-12-16 11:24:25,928] {processor.py:171} INFO - Processing /home/airflow/.local/lib/python3.7/site-packages/airflow/example_dags/example_skip_dag.py took 0.076 seconds
[2021-12-16 11:24:56,291] {processor.py:163} INFO - Started process (PID=1240) to work on /home/airflow/.local/lib/python3.7/site-packages/airflow/example_dags/example_skip_dag.py
[2021-12-16 11:24:56,294] {processor.py:625} INFO - Processing file /home/airflow/.local/lib/python3.7/site-packages/airflow/example_dags/example_skip_dag.py for tasks to queue
[2021-12-16 11:24:56,295] {logging_mixin.py:109} INFO - [2021-12-16 11:24:56,295] {dagbag.py:500} INFO - Filling up the DagBag from /home/airflow/.local/lib/python3.7/site-packages/airflow/example_dags/example_skip_dag.py
[2021-12-16 11:24:56,326] {processor.py:637} INFO - DAG(s) dict_keys(['example_skip_dag']) retrieved from /home/airflow/.local/lib/python3.7/site-packages/airflow/example_dags/example_skip_dag.py
[2021-12-16 11:24:56,338] {logging_mixin.py:109} INFO - [2021-12-16 11:24:56,338] {dag.py:2396} INFO - Sync 1 DAGs
[2021-12-16 11:24:56,358] {logging_mixin.py:109} INFO - [2021-12-16 11:24:56,357] {dag.py:2928} INFO - Setting next_dagrun for example_skip_dag to 2021-12-15T11:24:56.357432+00:00
[2021-12-16 11:24:56,370] {processor.py:171} INFO - Processing /home/airflow/.local/lib/python3.7/site-packages/airflow/example_dags/example_skip_dag.py took 0.083 seconds
