[2021-12-16 11:17:43,269] {processor.py:163} INFO - Started process (PID=102) to work on /home/airflow/.local/lib/python3.7/site-packages/airflow/example_dags/example_kubernetes_executor_config.py
[2021-12-16 11:17:43,272] {processor.py:625} INFO - Processing file /home/airflow/.local/lib/python3.7/site-packages/airflow/example_dags/example_kubernetes_executor_config.py for tasks to queue
[2021-12-16 11:17:43,274] {logging_mixin.py:109} INFO - [2021-12-16 11:17:43,274] {dagbag.py:500} INFO - Filling up the DagBag from /home/airflow/.local/lib/python3.7/site-packages/airflow/example_dags/example_kubernetes_executor_config.py
[2021-12-16 11:17:43,329] {processor.py:637} INFO - DAG(s) dict_keys(['example_kubernetes_executor_config']) retrieved from /home/airflow/.local/lib/python3.7/site-packages/airflow/example_dags/example_kubernetes_executor_config.py
[2021-12-16 11:17:44,725] {logging_mixin.py:109} INFO - [2021-12-16 11:17:44,725] {providers_manager.py:156} WARNING - Exception when importing 'airflow.providers.google.leveldb.hooks.leveldb.LevelDBHook' from 'apache-airflow-providers-google' package: No module named 'plyvel'
[2021-12-16 11:17:45,141] {logging_mixin.py:109} INFO - [2021-12-16 11:17:45,141] {providers_manager.py:156} WARNING - Exception when importing 'airflow.providers.google.leveldb.hooks.leveldb.LevelDBHook' from 'apache-airflow-providers-google' package: No module named 'plyvel'
[2021-12-16 11:17:45,163] {logging_mixin.py:109} INFO - [2021-12-16 11:17:45,163] {manager.py:496} INFO - Created Permission View: can read on DAG:example_kubernetes_executor_config
[2021-12-16 11:17:45,174] {logging_mixin.py:109} INFO - [2021-12-16 11:17:45,174] {manager.py:496} INFO - Created Permission View: can edit on DAG:example_kubernetes_executor_config
[2021-12-16 11:17:45,175] {logging_mixin.py:109} INFO - [2021-12-16 11:17:45,175] {dag.py:2396} INFO - Sync 1 DAGs
[2021-12-16 11:17:45,182] {logging_mixin.py:109} INFO - [2021-12-16 11:17:45,182] {dag.py:2415} INFO - Creating ORM DAG for example_kubernetes_executor_config
[2021-12-16 11:17:45,191] {logging_mixin.py:109} INFO - [2021-12-16 11:17:45,191] {dag.py:2928} INFO - Setting next_dagrun for example_kubernetes_executor_config to None
[2021-12-16 11:17:45,205] {processor.py:171} INFO - Processing /home/airflow/.local/lib/python3.7/site-packages/airflow/example_dags/example_kubernetes_executor_config.py took 1.942 seconds
[2021-12-16 11:18:15,330] {processor.py:163} INFO - Started process (PID=377) to work on /home/airflow/.local/lib/python3.7/site-packages/airflow/example_dags/example_kubernetes_executor_config.py
[2021-12-16 11:18:15,332] {processor.py:625} INFO - Processing file /home/airflow/.local/lib/python3.7/site-packages/airflow/example_dags/example_kubernetes_executor_config.py for tasks to queue
[2021-12-16 11:18:15,333] {logging_mixin.py:109} INFO - [2021-12-16 11:18:15,333] {dagbag.py:500} INFO - Filling up the DagBag from /home/airflow/.local/lib/python3.7/site-packages/airflow/example_dags/example_kubernetes_executor_config.py
[2021-12-16 11:18:15,365] {processor.py:637} INFO - DAG(s) dict_keys(['example_kubernetes_executor_config']) retrieved from /home/airflow/.local/lib/python3.7/site-packages/airflow/example_dags/example_kubernetes_executor_config.py
[2021-12-16 11:18:15,378] {logging_mixin.py:109} INFO - [2021-12-16 11:18:15,378] {dag.py:2396} INFO - Sync 1 DAGs
[2021-12-16 11:18:15,396] {logging_mixin.py:109} INFO - [2021-12-16 11:18:15,396] {dag.py:2928} INFO - Setting next_dagrun for example_kubernetes_executor_config to None
[2021-12-16 11:18:15,405] {processor.py:171} INFO - Processing /home/airflow/.local/lib/python3.7/site-packages/airflow/example_dags/example_kubernetes_executor_config.py took 0.079 seconds
[2021-12-16 11:18:45,811] {processor.py:163} INFO - Started process (PID=447) to work on /home/airflow/.local/lib/python3.7/site-packages/airflow/example_dags/example_kubernetes_executor_config.py
[2021-12-16 11:18:45,813] {processor.py:625} INFO - Processing file /home/airflow/.local/lib/python3.7/site-packages/airflow/example_dags/example_kubernetes_executor_config.py for tasks to queue
[2021-12-16 11:18:45,815] {logging_mixin.py:109} INFO - [2021-12-16 11:18:45,814] {dagbag.py:500} INFO - Filling up the DagBag from /home/airflow/.local/lib/python3.7/site-packages/airflow/example_dags/example_kubernetes_executor_config.py
[2021-12-16 11:18:45,843] {processor.py:637} INFO - DAG(s) dict_keys(['example_kubernetes_executor_config']) retrieved from /home/airflow/.local/lib/python3.7/site-packages/airflow/example_dags/example_kubernetes_executor_config.py
[2021-12-16 11:18:45,857] {logging_mixin.py:109} INFO - [2021-12-16 11:18:45,857] {dag.py:2396} INFO - Sync 1 DAGs
[2021-12-16 11:18:45,871] {logging_mixin.py:109} INFO - [2021-12-16 11:18:45,871] {dag.py:2928} INFO - Setting next_dagrun for example_kubernetes_executor_config to None
[2021-12-16 11:18:45,879] {processor.py:171} INFO - Processing /home/airflow/.local/lib/python3.7/site-packages/airflow/example_dags/example_kubernetes_executor_config.py took 0.073 seconds
[2021-12-16 11:19:15,935] {processor.py:163} INFO - Started process (PID=506) to work on /home/airflow/.local/lib/python3.7/site-packages/airflow/example_dags/example_kubernetes_executor_config.py
[2021-12-16 11:19:15,938] {processor.py:625} INFO - Processing file /home/airflow/.local/lib/python3.7/site-packages/airflow/example_dags/example_kubernetes_executor_config.py for tasks to queue
[2021-12-16 11:19:15,939] {logging_mixin.py:109} INFO - [2021-12-16 11:19:15,939] {dagbag.py:500} INFO - Filling up the DagBag from /home/airflow/.local/lib/python3.7/site-packages/airflow/example_dags/example_kubernetes_executor_config.py
[2021-12-16 11:19:15,973] {processor.py:637} INFO - DAG(s) dict_keys(['example_kubernetes_executor_config']) retrieved from /home/airflow/.local/lib/python3.7/site-packages/airflow/example_dags/example_kubernetes_executor_config.py
[2021-12-16 11:19:15,995] {logging_mixin.py:109} INFO - [2021-12-16 11:19:15,995] {dag.py:2396} INFO - Sync 1 DAGs
[2021-12-16 11:19:16,012] {logging_mixin.py:109} INFO - [2021-12-16 11:19:16,012] {dag.py:2928} INFO - Setting next_dagrun for example_kubernetes_executor_config to None
[2021-12-16 11:19:16,021] {processor.py:171} INFO - Processing /home/airflow/.local/lib/python3.7/site-packages/airflow/example_dags/example_kubernetes_executor_config.py took 0.090 seconds
[2021-12-16 11:19:46,056] {processor.py:163} INFO - Started process (PID=575) to work on /home/airflow/.local/lib/python3.7/site-packages/airflow/example_dags/example_kubernetes_executor_config.py
[2021-12-16 11:19:46,058] {processor.py:625} INFO - Processing file /home/airflow/.local/lib/python3.7/site-packages/airflow/example_dags/example_kubernetes_executor_config.py for tasks to queue
[2021-12-16 11:19:46,059] {logging_mixin.py:109} INFO - [2021-12-16 11:19:46,059] {dagbag.py:500} INFO - Filling up the DagBag from /home/airflow/.local/lib/python3.7/site-packages/airflow/example_dags/example_kubernetes_executor_config.py
[2021-12-16 11:19:46,087] {processor.py:637} INFO - DAG(s) dict_keys(['example_kubernetes_executor_config']) retrieved from /home/airflow/.local/lib/python3.7/site-packages/airflow/example_dags/example_kubernetes_executor_config.py
[2021-12-16 11:19:46,099] {logging_mixin.py:109} INFO - [2021-12-16 11:19:46,099] {dag.py:2396} INFO - Sync 1 DAGs
[2021-12-16 11:19:46,113] {logging_mixin.py:109} INFO - [2021-12-16 11:19:46,113] {dag.py:2928} INFO - Setting next_dagrun for example_kubernetes_executor_config to None
[2021-12-16 11:19:46,121] {processor.py:171} INFO - Processing /home/airflow/.local/lib/python3.7/site-packages/airflow/example_dags/example_kubernetes_executor_config.py took 0.068 seconds
[2021-12-16 11:20:16,562] {processor.py:163} INFO - Started process (PID=635) to work on /home/airflow/.local/lib/python3.7/site-packages/airflow/example_dags/example_kubernetes_executor_config.py
[2021-12-16 11:20:16,564] {processor.py:625} INFO - Processing file /home/airflow/.local/lib/python3.7/site-packages/airflow/example_dags/example_kubernetes_executor_config.py for tasks to queue
[2021-12-16 11:20:16,565] {logging_mixin.py:109} INFO - [2021-12-16 11:20:16,565] {dagbag.py:500} INFO - Filling up the DagBag from /home/airflow/.local/lib/python3.7/site-packages/airflow/example_dags/example_kubernetes_executor_config.py
[2021-12-16 11:20:16,598] {processor.py:637} INFO - DAG(s) dict_keys(['example_kubernetes_executor_config']) retrieved from /home/airflow/.local/lib/python3.7/site-packages/airflow/example_dags/example_kubernetes_executor_config.py
[2021-12-16 11:20:16,613] {logging_mixin.py:109} INFO - [2021-12-16 11:20:16,612] {dag.py:2396} INFO - Sync 1 DAGs
[2021-12-16 11:20:16,630] {logging_mixin.py:109} INFO - [2021-12-16 11:20:16,630] {dag.py:2928} INFO - Setting next_dagrun for example_kubernetes_executor_config to None
[2021-12-16 11:20:16,640] {processor.py:171} INFO - Processing /home/airflow/.local/lib/python3.7/site-packages/airflow/example_dags/example_kubernetes_executor_config.py took 0.081 seconds
[2021-12-16 11:20:46,974] {processor.py:163} INFO - Started process (PID=704) to work on /home/airflow/.local/lib/python3.7/site-packages/airflow/example_dags/example_kubernetes_executor_config.py
[2021-12-16 11:20:46,975] {processor.py:625} INFO - Processing file /home/airflow/.local/lib/python3.7/site-packages/airflow/example_dags/example_kubernetes_executor_config.py for tasks to queue
[2021-12-16 11:20:46,977] {logging_mixin.py:109} INFO - [2021-12-16 11:20:46,976] {dagbag.py:500} INFO - Filling up the DagBag from /home/airflow/.local/lib/python3.7/site-packages/airflow/example_dags/example_kubernetes_executor_config.py
[2021-12-16 11:20:47,004] {processor.py:637} INFO - DAG(s) dict_keys(['example_kubernetes_executor_config']) retrieved from /home/airflow/.local/lib/python3.7/site-packages/airflow/example_dags/example_kubernetes_executor_config.py
[2021-12-16 11:20:47,015] {logging_mixin.py:109} INFO - [2021-12-16 11:20:47,015] {dag.py:2396} INFO - Sync 1 DAGs
[2021-12-16 11:20:47,029] {logging_mixin.py:109} INFO - [2021-12-16 11:20:47,029] {dag.py:2928} INFO - Setting next_dagrun for example_kubernetes_executor_config to None
[2021-12-16 11:20:47,038] {processor.py:171} INFO - Processing /home/airflow/.local/lib/python3.7/site-packages/airflow/example_dags/example_kubernetes_executor_config.py took 0.068 seconds
[2021-12-16 11:21:17,392] {processor.py:163} INFO - Started process (PID=764) to work on /home/airflow/.local/lib/python3.7/site-packages/airflow/example_dags/example_kubernetes_executor_config.py
[2021-12-16 11:21:17,393] {processor.py:625} INFO - Processing file /home/airflow/.local/lib/python3.7/site-packages/airflow/example_dags/example_kubernetes_executor_config.py for tasks to queue
[2021-12-16 11:21:17,394] {logging_mixin.py:109} INFO - [2021-12-16 11:21:17,394] {dagbag.py:500} INFO - Filling up the DagBag from /home/airflow/.local/lib/python3.7/site-packages/airflow/example_dags/example_kubernetes_executor_config.py
[2021-12-16 11:21:17,421] {processor.py:637} INFO - DAG(s) dict_keys(['example_kubernetes_executor_config']) retrieved from /home/airflow/.local/lib/python3.7/site-packages/airflow/example_dags/example_kubernetes_executor_config.py
[2021-12-16 11:21:17,434] {logging_mixin.py:109} INFO - [2021-12-16 11:21:17,434] {dag.py:2396} INFO - Sync 1 DAGs
[2021-12-16 11:21:17,449] {logging_mixin.py:109} INFO - [2021-12-16 11:21:17,449] {dag.py:2928} INFO - Setting next_dagrun for example_kubernetes_executor_config to None
[2021-12-16 11:21:17,458] {processor.py:171} INFO - Processing /home/airflow/.local/lib/python3.7/site-packages/airflow/example_dags/example_kubernetes_executor_config.py took 0.070 seconds
[2021-12-16 11:21:47,800] {processor.py:163} INFO - Started process (PID=833) to work on /home/airflow/.local/lib/python3.7/site-packages/airflow/example_dags/example_kubernetes_executor_config.py
[2021-12-16 11:21:47,802] {processor.py:625} INFO - Processing file /home/airflow/.local/lib/python3.7/site-packages/airflow/example_dags/example_kubernetes_executor_config.py for tasks to queue
[2021-12-16 11:21:47,803] {logging_mixin.py:109} INFO - [2021-12-16 11:21:47,803] {dagbag.py:500} INFO - Filling up the DagBag from /home/airflow/.local/lib/python3.7/site-packages/airflow/example_dags/example_kubernetes_executor_config.py
[2021-12-16 11:21:47,834] {processor.py:637} INFO - DAG(s) dict_keys(['example_kubernetes_executor_config']) retrieved from /home/airflow/.local/lib/python3.7/site-packages/airflow/example_dags/example_kubernetes_executor_config.py
[2021-12-16 11:21:47,847] {logging_mixin.py:109} INFO - [2021-12-16 11:21:47,847] {dag.py:2396} INFO - Sync 1 DAGs
[2021-12-16 11:21:47,867] {logging_mixin.py:109} INFO - [2021-12-16 11:21:47,867] {dag.py:2928} INFO - Setting next_dagrun for example_kubernetes_executor_config to None
[2021-12-16 11:21:47,875] {processor.py:171} INFO - Processing /home/airflow/.local/lib/python3.7/site-packages/airflow/example_dags/example_kubernetes_executor_config.py took 0.079 seconds
[2021-12-16 11:22:18,129] {processor.py:163} INFO - Started process (PID=893) to work on /home/airflow/.local/lib/python3.7/site-packages/airflow/example_dags/example_kubernetes_executor_config.py
[2021-12-16 11:22:18,131] {processor.py:625} INFO - Processing file /home/airflow/.local/lib/python3.7/site-packages/airflow/example_dags/example_kubernetes_executor_config.py for tasks to queue
[2021-12-16 11:22:18,132] {logging_mixin.py:109} INFO - [2021-12-16 11:22:18,132] {dagbag.py:500} INFO - Filling up the DagBag from /home/airflow/.local/lib/python3.7/site-packages/airflow/example_dags/example_kubernetes_executor_config.py
[2021-12-16 11:22:18,160] {processor.py:637} INFO - DAG(s) dict_keys(['example_kubernetes_executor_config']) retrieved from /home/airflow/.local/lib/python3.7/site-packages/airflow/example_dags/example_kubernetes_executor_config.py
[2021-12-16 11:22:18,174] {logging_mixin.py:109} INFO - [2021-12-16 11:22:18,174] {dag.py:2396} INFO - Sync 1 DAGs
[2021-12-16 11:22:18,190] {logging_mixin.py:109} INFO - [2021-12-16 11:22:18,190] {dag.py:2928} INFO - Setting next_dagrun for example_kubernetes_executor_config to None
[2021-12-16 11:22:18,199] {processor.py:171} INFO - Processing /home/airflow/.local/lib/python3.7/site-packages/airflow/example_dags/example_kubernetes_executor_config.py took 0.073 seconds
[2021-12-16 11:22:48,535] {processor.py:163} INFO - Started process (PID=964) to work on /home/airflow/.local/lib/python3.7/site-packages/airflow/example_dags/example_kubernetes_executor_config.py
[2021-12-16 11:22:48,537] {processor.py:625} INFO - Processing file /home/airflow/.local/lib/python3.7/site-packages/airflow/example_dags/example_kubernetes_executor_config.py for tasks to queue
[2021-12-16 11:22:48,538] {logging_mixin.py:109} INFO - [2021-12-16 11:22:48,538] {dagbag.py:500} INFO - Filling up the DagBag from /home/airflow/.local/lib/python3.7/site-packages/airflow/example_dags/example_kubernetes_executor_config.py
[2021-12-16 11:22:48,573] {processor.py:637} INFO - DAG(s) dict_keys(['example_kubernetes_executor_config']) retrieved from /home/airflow/.local/lib/python3.7/site-packages/airflow/example_dags/example_kubernetes_executor_config.py
[2021-12-16 11:22:48,589] {logging_mixin.py:109} INFO - [2021-12-16 11:22:48,589] {dag.py:2396} INFO - Sync 1 DAGs
[2021-12-16 11:22:48,605] {logging_mixin.py:109} INFO - [2021-12-16 11:22:48,604] {dag.py:2928} INFO - Setting next_dagrun for example_kubernetes_executor_config to None
[2021-12-16 11:22:48,613] {processor.py:171} INFO - Processing /home/airflow/.local/lib/python3.7/site-packages/airflow/example_dags/example_kubernetes_executor_config.py took 0.082 seconds
[2021-12-16 11:23:18,823] {processor.py:163} INFO - Started process (PID=1024) to work on /home/airflow/.local/lib/python3.7/site-packages/airflow/example_dags/example_kubernetes_executor_config.py
[2021-12-16 11:23:18,825] {processor.py:625} INFO - Processing file /home/airflow/.local/lib/python3.7/site-packages/airflow/example_dags/example_kubernetes_executor_config.py for tasks to queue
[2021-12-16 11:23:18,827] {logging_mixin.py:109} INFO - [2021-12-16 11:23:18,826] {dagbag.py:500} INFO - Filling up the DagBag from /home/airflow/.local/lib/python3.7/site-packages/airflow/example_dags/example_kubernetes_executor_config.py
[2021-12-16 11:23:18,857] {processor.py:637} INFO - DAG(s) dict_keys(['example_kubernetes_executor_config']) retrieved from /home/airflow/.local/lib/python3.7/site-packages/airflow/example_dags/example_kubernetes_executor_config.py
[2021-12-16 11:23:18,871] {logging_mixin.py:109} INFO - [2021-12-16 11:23:18,871] {dag.py:2396} INFO - Sync 1 DAGs
[2021-12-16 11:23:18,888] {logging_mixin.py:109} INFO - [2021-12-16 11:23:18,888] {dag.py:2928} INFO - Setting next_dagrun for example_kubernetes_executor_config to None
[2021-12-16 11:23:18,898] {processor.py:171} INFO - Processing /home/airflow/.local/lib/python3.7/site-packages/airflow/example_dags/example_kubernetes_executor_config.py took 0.078 seconds
[2021-12-16 11:23:49,279] {processor.py:163} INFO - Started process (PID=1093) to work on /home/airflow/.local/lib/python3.7/site-packages/airflow/example_dags/example_kubernetes_executor_config.py
[2021-12-16 11:23:49,281] {processor.py:625} INFO - Processing file /home/airflow/.local/lib/python3.7/site-packages/airflow/example_dags/example_kubernetes_executor_config.py for tasks to queue
[2021-12-16 11:23:49,282] {logging_mixin.py:109} INFO - [2021-12-16 11:23:49,282] {dagbag.py:500} INFO - Filling up the DagBag from /home/airflow/.local/lib/python3.7/site-packages/airflow/example_dags/example_kubernetes_executor_config.py
[2021-12-16 11:23:49,314] {processor.py:637} INFO - DAG(s) dict_keys(['example_kubernetes_executor_config']) retrieved from /home/airflow/.local/lib/python3.7/site-packages/airflow/example_dags/example_kubernetes_executor_config.py
[2021-12-16 11:23:49,328] {logging_mixin.py:109} INFO - [2021-12-16 11:23:49,328] {dag.py:2396} INFO - Sync 1 DAGs
[2021-12-16 11:23:49,345] {logging_mixin.py:109} INFO - [2021-12-16 11:23:49,344] {dag.py:2928} INFO - Setting next_dagrun for example_kubernetes_executor_config to None
[2021-12-16 11:23:49,354] {processor.py:171} INFO - Processing /home/airflow/.local/lib/python3.7/site-packages/airflow/example_dags/example_kubernetes_executor_config.py took 0.079 seconds
[2021-12-16 11:24:19,591] {processor.py:163} INFO - Started process (PID=1163) to work on /home/airflow/.local/lib/python3.7/site-packages/airflow/example_dags/example_kubernetes_executor_config.py
[2021-12-16 11:24:19,593] {processor.py:625} INFO - Processing file /home/airflow/.local/lib/python3.7/site-packages/airflow/example_dags/example_kubernetes_executor_config.py for tasks to queue
[2021-12-16 11:24:19,594] {logging_mixin.py:109} INFO - [2021-12-16 11:24:19,594] {dagbag.py:500} INFO - Filling up the DagBag from /home/airflow/.local/lib/python3.7/site-packages/airflow/example_dags/example_kubernetes_executor_config.py
[2021-12-16 11:24:19,621] {processor.py:637} INFO - DAG(s) dict_keys(['example_kubernetes_executor_config']) retrieved from /home/airflow/.local/lib/python3.7/site-packages/airflow/example_dags/example_kubernetes_executor_config.py
[2021-12-16 11:24:19,636] {logging_mixin.py:109} INFO - [2021-12-16 11:24:19,636] {dag.py:2396} INFO - Sync 1 DAGs
[2021-12-16 11:24:19,655] {logging_mixin.py:109} INFO - [2021-12-16 11:24:19,655] {dag.py:2928} INFO - Setting next_dagrun for example_kubernetes_executor_config to None
[2021-12-16 11:24:19,666] {processor.py:171} INFO - Processing /home/airflow/.local/lib/python3.7/site-packages/airflow/example_dags/example_kubernetes_executor_config.py took 0.077 seconds
[2021-12-16 11:24:50,015] {processor.py:163} INFO - Started process (PID=1223) to work on /home/airflow/.local/lib/python3.7/site-packages/airflow/example_dags/example_kubernetes_executor_config.py
[2021-12-16 11:24:50,017] {processor.py:625} INFO - Processing file /home/airflow/.local/lib/python3.7/site-packages/airflow/example_dags/example_kubernetes_executor_config.py for tasks to queue
[2021-12-16 11:24:50,018] {logging_mixin.py:109} INFO - [2021-12-16 11:24:50,018] {dagbag.py:500} INFO - Filling up the DagBag from /home/airflow/.local/lib/python3.7/site-packages/airflow/example_dags/example_kubernetes_executor_config.py
[2021-12-16 11:24:50,049] {processor.py:637} INFO - DAG(s) dict_keys(['example_kubernetes_executor_config']) retrieved from /home/airflow/.local/lib/python3.7/site-packages/airflow/example_dags/example_kubernetes_executor_config.py
[2021-12-16 11:24:50,062] {logging_mixin.py:109} INFO - [2021-12-16 11:24:50,062] {dag.py:2396} INFO - Sync 1 DAGs
[2021-12-16 11:24:50,078] {logging_mixin.py:109} INFO - [2021-12-16 11:24:50,078] {dag.py:2928} INFO - Setting next_dagrun for example_kubernetes_executor_config to None
[2021-12-16 11:24:50,086] {processor.py:171} INFO - Processing /home/airflow/.local/lib/python3.7/site-packages/airflow/example_dags/example_kubernetes_executor_config.py took 0.076 seconds
