[2021-12-16 11:18:02,643] {processor.py:163} INFO - Started process (PID=332) to work on /home/airflow/.local/lib/python3.7/site-packages/airflow/example_dags/example_complex.py
[2021-12-16 11:18:02,644] {processor.py:625} INFO - Processing file /home/airflow/.local/lib/python3.7/site-packages/airflow/example_dags/example_complex.py for tasks to queue
[2021-12-16 11:18:02,645] {logging_mixin.py:109} INFO - [2021-12-16 11:18:02,645] {dagbag.py:500} INFO - Filling up the DagBag from /home/airflow/.local/lib/python3.7/site-packages/airflow/example_dags/example_complex.py
[2021-12-16 11:18:02,677] {processor.py:637} INFO - DAG(s) dict_keys(['example_complex']) retrieved from /home/airflow/.local/lib/python3.7/site-packages/airflow/example_dags/example_complex.py
[2021-12-16 11:18:03,723] {logging_mixin.py:109} INFO - [2021-12-16 11:18:03,723] {providers_manager.py:156} WARNING - Exception when importing 'airflow.providers.google.leveldb.hooks.leveldb.LevelDBHook' from 'apache-airflow-providers-google' package: No module named 'plyvel'
[2021-12-16 11:18:04,066] {logging_mixin.py:109} INFO - [2021-12-16 11:18:04,066] {providers_manager.py:156} WARNING - Exception when importing 'airflow.providers.google.leveldb.hooks.leveldb.LevelDBHook' from 'apache-airflow-providers-google' package: No module named 'plyvel'
[2021-12-16 11:18:04,085] {logging_mixin.py:109} INFO - [2021-12-16 11:18:04,085] {manager.py:496} INFO - Created Permission View: can read on DAG:example_complex
[2021-12-16 11:18:04,096] {logging_mixin.py:109} INFO - [2021-12-16 11:18:04,096] {manager.py:496} INFO - Created Permission View: can edit on DAG:example_complex
[2021-12-16 11:18:04,097] {logging_mixin.py:109} INFO - [2021-12-16 11:18:04,096] {dag.py:2396} INFO - Sync 1 DAGs
[2021-12-16 11:18:04,103] {logging_mixin.py:109} INFO - [2021-12-16 11:18:04,102] {dag.py:2415} INFO - Creating ORM DAG for example_complex
[2021-12-16 11:18:04,109] {logging_mixin.py:109} INFO - [2021-12-16 11:18:04,109] {dag.py:2928} INFO - Setting next_dagrun for example_complex to None
[2021-12-16 11:18:04,120] {processor.py:171} INFO - Processing /home/airflow/.local/lib/python3.7/site-packages/airflow/example_dags/example_complex.py took 1.480 seconds
[2021-12-16 11:18:34,881] {processor.py:163} INFO - Started process (PID=418) to work on /home/airflow/.local/lib/python3.7/site-packages/airflow/example_dags/example_complex.py
[2021-12-16 11:18:34,882] {processor.py:625} INFO - Processing file /home/airflow/.local/lib/python3.7/site-packages/airflow/example_dags/example_complex.py for tasks to queue
[2021-12-16 11:18:34,884] {logging_mixin.py:109} INFO - [2021-12-16 11:18:34,884] {dagbag.py:500} INFO - Filling up the DagBag from /home/airflow/.local/lib/python3.7/site-packages/airflow/example_dags/example_complex.py
[2021-12-16 11:18:34,922] {processor.py:637} INFO - DAG(s) dict_keys(['example_complex']) retrieved from /home/airflow/.local/lib/python3.7/site-packages/airflow/example_dags/example_complex.py
[2021-12-16 11:18:34,938] {logging_mixin.py:109} INFO - [2021-12-16 11:18:34,937] {dag.py:2396} INFO - Sync 1 DAGs
[2021-12-16 11:18:34,952] {logging_mixin.py:109} INFO - [2021-12-16 11:18:34,952] {dag.py:2928} INFO - Setting next_dagrun for example_complex to None
[2021-12-16 11:18:34,961] {processor.py:171} INFO - Processing /home/airflow/.local/lib/python3.7/site-packages/airflow/example_dags/example_complex.py took 0.084 seconds
[2021-12-16 11:19:05,570] {processor.py:163} INFO - Started process (PID=479) to work on /home/airflow/.local/lib/python3.7/site-packages/airflow/example_dags/example_complex.py
[2021-12-16 11:19:05,572] {processor.py:625} INFO - Processing file /home/airflow/.local/lib/python3.7/site-packages/airflow/example_dags/example_complex.py for tasks to queue
[2021-12-16 11:19:05,574] {logging_mixin.py:109} INFO - [2021-12-16 11:19:05,573] {dagbag.py:500} INFO - Filling up the DagBag from /home/airflow/.local/lib/python3.7/site-packages/airflow/example_dags/example_complex.py
[2021-12-16 11:19:05,617] {processor.py:637} INFO - DAG(s) dict_keys(['example_complex']) retrieved from /home/airflow/.local/lib/python3.7/site-packages/airflow/example_dags/example_complex.py
[2021-12-16 11:19:05,636] {logging_mixin.py:109} INFO - [2021-12-16 11:19:05,636] {dag.py:2396} INFO - Sync 1 DAGs
[2021-12-16 11:19:05,655] {logging_mixin.py:109} INFO - [2021-12-16 11:19:05,655] {dag.py:2928} INFO - Setting next_dagrun for example_complex to None
[2021-12-16 11:19:05,666] {processor.py:171} INFO - Processing /home/airflow/.local/lib/python3.7/site-packages/airflow/example_dags/example_complex.py took 0.101 seconds
[2021-12-16 11:19:35,747] {processor.py:163} INFO - Started process (PID=549) to work on /home/airflow/.local/lib/python3.7/site-packages/airflow/example_dags/example_complex.py
[2021-12-16 11:19:35,749] {processor.py:625} INFO - Processing file /home/airflow/.local/lib/python3.7/site-packages/airflow/example_dags/example_complex.py for tasks to queue
[2021-12-16 11:19:35,751] {logging_mixin.py:109} INFO - [2021-12-16 11:19:35,750] {dagbag.py:500} INFO - Filling up the DagBag from /home/airflow/.local/lib/python3.7/site-packages/airflow/example_dags/example_complex.py
[2021-12-16 11:19:35,791] {processor.py:637} INFO - DAG(s) dict_keys(['example_complex']) retrieved from /home/airflow/.local/lib/python3.7/site-packages/airflow/example_dags/example_complex.py
[2021-12-16 11:19:35,808] {logging_mixin.py:109} INFO - [2021-12-16 11:19:35,808] {dag.py:2396} INFO - Sync 1 DAGs
[2021-12-16 11:19:35,827] {logging_mixin.py:109} INFO - [2021-12-16 11:19:35,827] {dag.py:2928} INFO - Setting next_dagrun for example_complex to None
[2021-12-16 11:19:35,838] {processor.py:171} INFO - Processing /home/airflow/.local/lib/python3.7/site-packages/airflow/example_dags/example_complex.py took 0.094 seconds
[2021-12-16 11:20:05,976] {processor.py:163} INFO - Started process (PID=608) to work on /home/airflow/.local/lib/python3.7/site-packages/airflow/example_dags/example_complex.py
[2021-12-16 11:20:05,978] {processor.py:625} INFO - Processing file /home/airflow/.local/lib/python3.7/site-packages/airflow/example_dags/example_complex.py for tasks to queue
[2021-12-16 11:20:05,979] {logging_mixin.py:109} INFO - [2021-12-16 11:20:05,979] {dagbag.py:500} INFO - Filling up the DagBag from /home/airflow/.local/lib/python3.7/site-packages/airflow/example_dags/example_complex.py
[2021-12-16 11:20:06,017] {processor.py:637} INFO - DAG(s) dict_keys(['example_complex']) retrieved from /home/airflow/.local/lib/python3.7/site-packages/airflow/example_dags/example_complex.py
[2021-12-16 11:20:06,034] {logging_mixin.py:109} INFO - [2021-12-16 11:20:06,034] {dag.py:2396} INFO - Sync 1 DAGs
[2021-12-16 11:20:06,051] {logging_mixin.py:109} INFO - [2021-12-16 11:20:06,051] {dag.py:2928} INFO - Setting next_dagrun for example_complex to None
[2021-12-16 11:20:06,062] {processor.py:171} INFO - Processing /home/airflow/.local/lib/python3.7/site-packages/airflow/example_dags/example_complex.py took 0.090 seconds
[2021-12-16 11:20:36,533] {processor.py:163} INFO - Started process (PID=677) to work on /home/airflow/.local/lib/python3.7/site-packages/airflow/example_dags/example_complex.py
[2021-12-16 11:20:36,535] {processor.py:625} INFO - Processing file /home/airflow/.local/lib/python3.7/site-packages/airflow/example_dags/example_complex.py for tasks to queue
[2021-12-16 11:20:36,536] {logging_mixin.py:109} INFO - [2021-12-16 11:20:36,536] {dagbag.py:500} INFO - Filling up the DagBag from /home/airflow/.local/lib/python3.7/site-packages/airflow/example_dags/example_complex.py
[2021-12-16 11:20:36,573] {processor.py:637} INFO - DAG(s) dict_keys(['example_complex']) retrieved from /home/airflow/.local/lib/python3.7/site-packages/airflow/example_dags/example_complex.py
[2021-12-16 11:20:36,588] {logging_mixin.py:109} INFO - [2021-12-16 11:20:36,588] {dag.py:2396} INFO - Sync 1 DAGs
[2021-12-16 11:20:36,601] {logging_mixin.py:109} INFO - [2021-12-16 11:20:36,601] {dag.py:2928} INFO - Setting next_dagrun for example_complex to None
[2021-12-16 11:20:36,610] {processor.py:171} INFO - Processing /home/airflow/.local/lib/python3.7/site-packages/airflow/example_dags/example_complex.py took 0.080 seconds
[2021-12-16 11:21:06,950] {processor.py:163} INFO - Started process (PID=737) to work on /home/airflow/.local/lib/python3.7/site-packages/airflow/example_dags/example_complex.py
[2021-12-16 11:21:06,952] {processor.py:625} INFO - Processing file /home/airflow/.local/lib/python3.7/site-packages/airflow/example_dags/example_complex.py for tasks to queue
[2021-12-16 11:21:06,953] {logging_mixin.py:109} INFO - [2021-12-16 11:21:06,953] {dagbag.py:500} INFO - Filling up the DagBag from /home/airflow/.local/lib/python3.7/site-packages/airflow/example_dags/example_complex.py
[2021-12-16 11:21:06,988] {processor.py:637} INFO - DAG(s) dict_keys(['example_complex']) retrieved from /home/airflow/.local/lib/python3.7/site-packages/airflow/example_dags/example_complex.py
[2021-12-16 11:21:07,006] {logging_mixin.py:109} INFO - [2021-12-16 11:21:07,006] {dag.py:2396} INFO - Sync 1 DAGs
[2021-12-16 11:21:07,025] {logging_mixin.py:109} INFO - [2021-12-16 11:21:07,025] {dag.py:2928} INFO - Setting next_dagrun for example_complex to None
[2021-12-16 11:21:07,037] {processor.py:171} INFO - Processing /home/airflow/.local/lib/python3.7/site-packages/airflow/example_dags/example_complex.py took 0.089 seconds
[2021-12-16 11:21:38,255] {processor.py:163} INFO - Started process (PID=806) to work on /home/airflow/.local/lib/python3.7/site-packages/airflow/example_dags/example_complex.py
[2021-12-16 11:21:38,257] {processor.py:625} INFO - Processing file /home/airflow/.local/lib/python3.7/site-packages/airflow/example_dags/example_complex.py for tasks to queue
[2021-12-16 11:21:38,258] {logging_mixin.py:109} INFO - [2021-12-16 11:21:38,257] {dagbag.py:500} INFO - Filling up the DagBag from /home/airflow/.local/lib/python3.7/site-packages/airflow/example_dags/example_complex.py
[2021-12-16 11:21:38,289] {processor.py:637} INFO - DAG(s) dict_keys(['example_complex']) retrieved from /home/airflow/.local/lib/python3.7/site-packages/airflow/example_dags/example_complex.py
[2021-12-16 11:21:38,302] {logging_mixin.py:109} INFO - [2021-12-16 11:21:38,302] {dag.py:2396} INFO - Sync 1 DAGs
[2021-12-16 11:21:38,316] {logging_mixin.py:109} INFO - [2021-12-16 11:21:38,316] {dag.py:2928} INFO - Setting next_dagrun for example_complex to None
[2021-12-16 11:21:38,326] {processor.py:171} INFO - Processing /home/airflow/.local/lib/python3.7/site-packages/airflow/example_dags/example_complex.py took 0.073 seconds
[2021-12-16 11:22:08,730] {processor.py:163} INFO - Started process (PID=875) to work on /home/airflow/.local/lib/python3.7/site-packages/airflow/example_dags/example_complex.py
[2021-12-16 11:22:08,731] {processor.py:625} INFO - Processing file /home/airflow/.local/lib/python3.7/site-packages/airflow/example_dags/example_complex.py for tasks to queue
[2021-12-16 11:22:08,732] {logging_mixin.py:109} INFO - [2021-12-16 11:22:08,732] {dagbag.py:500} INFO - Filling up the DagBag from /home/airflow/.local/lib/python3.7/site-packages/airflow/example_dags/example_complex.py
[2021-12-16 11:22:08,764] {processor.py:637} INFO - DAG(s) dict_keys(['example_complex']) retrieved from /home/airflow/.local/lib/python3.7/site-packages/airflow/example_dags/example_complex.py
[2021-12-16 11:22:08,777] {logging_mixin.py:109} INFO - [2021-12-16 11:22:08,777] {dag.py:2396} INFO - Sync 1 DAGs
[2021-12-16 11:22:08,792] {logging_mixin.py:109} INFO - [2021-12-16 11:22:08,792] {dag.py:2928} INFO - Setting next_dagrun for example_complex to None
[2021-12-16 11:22:08,802] {processor.py:171} INFO - Processing /home/airflow/.local/lib/python3.7/site-packages/airflow/example_dags/example_complex.py took 0.075 seconds
[2021-12-16 11:22:39,115] {processor.py:163} INFO - Started process (PID=937) to work on /home/airflow/.local/lib/python3.7/site-packages/airflow/example_dags/example_complex.py
[2021-12-16 11:22:39,117] {processor.py:625} INFO - Processing file /home/airflow/.local/lib/python3.7/site-packages/airflow/example_dags/example_complex.py for tasks to queue
[2021-12-16 11:22:39,119] {logging_mixin.py:109} INFO - [2021-12-16 11:22:39,118] {dagbag.py:500} INFO - Filling up the DagBag from /home/airflow/.local/lib/python3.7/site-packages/airflow/example_dags/example_complex.py
[2021-12-16 11:22:39,164] {processor.py:637} INFO - DAG(s) dict_keys(['example_complex']) retrieved from /home/airflow/.local/lib/python3.7/site-packages/airflow/example_dags/example_complex.py
[2021-12-16 11:22:39,186] {logging_mixin.py:109} INFO - [2021-12-16 11:22:39,186] {dag.py:2396} INFO - Sync 1 DAGs
[2021-12-16 11:22:39,205] {logging_mixin.py:109} INFO - [2021-12-16 11:22:39,205] {dag.py:2928} INFO - Setting next_dagrun for example_complex to None
[2021-12-16 11:22:39,215] {processor.py:171} INFO - Processing /home/airflow/.local/lib/python3.7/site-packages/airflow/example_dags/example_complex.py took 0.104 seconds
[2021-12-16 11:23:10,436] {processor.py:163} INFO - Started process (PID=1006) to work on /home/airflow/.local/lib/python3.7/site-packages/airflow/example_dags/example_complex.py
[2021-12-16 11:23:10,438] {processor.py:625} INFO - Processing file /home/airflow/.local/lib/python3.7/site-packages/airflow/example_dags/example_complex.py for tasks to queue
[2021-12-16 11:23:10,439] {logging_mixin.py:109} INFO - [2021-12-16 11:23:10,439] {dagbag.py:500} INFO - Filling up the DagBag from /home/airflow/.local/lib/python3.7/site-packages/airflow/example_dags/example_complex.py
[2021-12-16 11:23:10,471] {processor.py:637} INFO - DAG(s) dict_keys(['example_complex']) retrieved from /home/airflow/.local/lib/python3.7/site-packages/airflow/example_dags/example_complex.py
[2021-12-16 11:23:10,490] {logging_mixin.py:109} INFO - [2021-12-16 11:23:10,490] {dag.py:2396} INFO - Sync 1 DAGs
[2021-12-16 11:23:10,505] {logging_mixin.py:109} INFO - [2021-12-16 11:23:10,505] {dag.py:2928} INFO - Setting next_dagrun for example_complex to None
[2021-12-16 11:23:10,512] {processor.py:171} INFO - Processing /home/airflow/.local/lib/python3.7/site-packages/airflow/example_dags/example_complex.py took 0.079 seconds
[2021-12-16 11:23:41,765] {processor.py:163} INFO - Started process (PID=1066) to work on /home/airflow/.local/lib/python3.7/site-packages/airflow/example_dags/example_complex.py
[2021-12-16 11:23:41,767] {processor.py:625} INFO - Processing file /home/airflow/.local/lib/python3.7/site-packages/airflow/example_dags/example_complex.py for tasks to queue
[2021-12-16 11:23:41,769] {logging_mixin.py:109} INFO - [2021-12-16 11:23:41,768] {dagbag.py:500} INFO - Filling up the DagBag from /home/airflow/.local/lib/python3.7/site-packages/airflow/example_dags/example_complex.py
[2021-12-16 11:23:41,806] {processor.py:637} INFO - DAG(s) dict_keys(['example_complex']) retrieved from /home/airflow/.local/lib/python3.7/site-packages/airflow/example_dags/example_complex.py
[2021-12-16 11:23:41,820] {logging_mixin.py:109} INFO - [2021-12-16 11:23:41,820] {dag.py:2396} INFO - Sync 1 DAGs
[2021-12-16 11:23:41,834] {logging_mixin.py:109} INFO - [2021-12-16 11:23:41,834] {dag.py:2928} INFO - Setting next_dagrun for example_complex to None
[2021-12-16 11:23:41,842] {processor.py:171} INFO - Processing /home/airflow/.local/lib/python3.7/site-packages/airflow/example_dags/example_complex.py took 0.081 seconds
[2021-12-16 11:24:12,428] {processor.py:163} INFO - Started process (PID=1135) to work on /home/airflow/.local/lib/python3.7/site-packages/airflow/example_dags/example_complex.py
[2021-12-16 11:24:12,430] {processor.py:625} INFO - Processing file /home/airflow/.local/lib/python3.7/site-packages/airflow/example_dags/example_complex.py for tasks to queue
[2021-12-16 11:24:12,431] {logging_mixin.py:109} INFO - [2021-12-16 11:24:12,431] {dagbag.py:500} INFO - Filling up the DagBag from /home/airflow/.local/lib/python3.7/site-packages/airflow/example_dags/example_complex.py
[2021-12-16 11:24:12,466] {processor.py:637} INFO - DAG(s) dict_keys(['example_complex']) retrieved from /home/airflow/.local/lib/python3.7/site-packages/airflow/example_dags/example_complex.py
[2021-12-16 11:24:12,480] {logging_mixin.py:109} INFO - [2021-12-16 11:24:12,480] {dag.py:2396} INFO - Sync 1 DAGs
[2021-12-16 11:24:12,493] {logging_mixin.py:109} INFO - [2021-12-16 11:24:12,493] {dag.py:2928} INFO - Setting next_dagrun for example_complex to None
[2021-12-16 11:24:12,502] {processor.py:171} INFO - Processing /home/airflow/.local/lib/python3.7/site-packages/airflow/example_dags/example_complex.py took 0.078 seconds
[2021-12-16 11:24:43,240] {processor.py:163} INFO - Started process (PID=1205) to work on /home/airflow/.local/lib/python3.7/site-packages/airflow/example_dags/example_complex.py
[2021-12-16 11:24:43,242] {processor.py:625} INFO - Processing file /home/airflow/.local/lib/python3.7/site-packages/airflow/example_dags/example_complex.py for tasks to queue
[2021-12-16 11:24:43,243] {logging_mixin.py:109} INFO - [2021-12-16 11:24:43,243] {dagbag.py:500} INFO - Filling up the DagBag from /home/airflow/.local/lib/python3.7/site-packages/airflow/example_dags/example_complex.py
[2021-12-16 11:24:43,276] {processor.py:637} INFO - DAG(s) dict_keys(['example_complex']) retrieved from /home/airflow/.local/lib/python3.7/site-packages/airflow/example_dags/example_complex.py
[2021-12-16 11:24:43,290] {logging_mixin.py:109} INFO - [2021-12-16 11:24:43,290] {dag.py:2396} INFO - Sync 1 DAGs
[2021-12-16 11:24:43,303] {logging_mixin.py:109} INFO - [2021-12-16 11:24:43,303] {dag.py:2928} INFO - Setting next_dagrun for example_complex to None
[2021-12-16 11:24:43,312] {processor.py:171} INFO - Processing /home/airflow/.local/lib/python3.7/site-packages/airflow/example_dags/example_complex.py took 0.075 seconds
[2021-12-16 11:25:13,722] {processor.py:163} INFO - Started process (PID=1266) to work on /home/airflow/.local/lib/python3.7/site-packages/airflow/example_dags/example_complex.py
[2021-12-16 11:25:13,724] {processor.py:625} INFO - Processing file /home/airflow/.local/lib/python3.7/site-packages/airflow/example_dags/example_complex.py for tasks to queue
[2021-12-16 11:25:13,725] {logging_mixin.py:109} INFO - [2021-12-16 11:25:13,725] {dagbag.py:500} INFO - Filling up the DagBag from /home/airflow/.local/lib/python3.7/site-packages/airflow/example_dags/example_complex.py
[2021-12-16 11:25:13,757] {processor.py:637} INFO - DAG(s) dict_keys(['example_complex']) retrieved from /home/airflow/.local/lib/python3.7/site-packages/airflow/example_dags/example_complex.py
[2021-12-16 11:25:13,773] {logging_mixin.py:109} INFO - [2021-12-16 11:25:13,772] {dag.py:2396} INFO - Sync 1 DAGs
[2021-12-16 11:25:13,788] {logging_mixin.py:109} INFO - [2021-12-16 11:25:13,787] {dag.py:2928} INFO - Setting next_dagrun for example_complex to None
[2021-12-16 11:25:13,797] {processor.py:171} INFO - Processing /home/airflow/.local/lib/python3.7/site-packages/airflow/example_dags/example_complex.py took 0.078 seconds
