[2021-12-16 11:18:03,165] {processor.py:163} INFO - Started process (PID=340) to work on /home/airflow/.local/lib/python3.7/site-packages/airflow/example_dags/example_task_group.py
[2021-12-16 11:18:03,167] {processor.py:625} INFO - Processing file /home/airflow/.local/lib/python3.7/site-packages/airflow/example_dags/example_task_group.py for tasks to queue
[2021-12-16 11:18:03,168] {logging_mixin.py:109} INFO - [2021-12-16 11:18:03,168] {dagbag.py:500} INFO - Filling up the DagBag from /home/airflow/.local/lib/python3.7/site-packages/airflow/example_dags/example_task_group.py
[2021-12-16 11:18:03,194] {processor.py:637} INFO - DAG(s) dict_keys(['example_task_group']) retrieved from /home/airflow/.local/lib/python3.7/site-packages/airflow/example_dags/example_task_group.py
[2021-12-16 11:18:04,217] {logging_mixin.py:109} INFO - [2021-12-16 11:18:04,217] {providers_manager.py:156} WARNING - Exception when importing 'airflow.providers.google.leveldb.hooks.leveldb.LevelDBHook' from 'apache-airflow-providers-google' package: No module named 'plyvel'
[2021-12-16 11:18:04,535] {logging_mixin.py:109} INFO - [2021-12-16 11:18:04,535] {providers_manager.py:156} WARNING - Exception when importing 'airflow.providers.google.leveldb.hooks.leveldb.LevelDBHook' from 'apache-airflow-providers-google' package: No module named 'plyvel'
[2021-12-16 11:18:04,550] {logging_mixin.py:109} INFO - [2021-12-16 11:18:04,550] {manager.py:496} INFO - Created Permission View: can read on DAG:example_task_group
[2021-12-16 11:18:04,557] {logging_mixin.py:109} INFO - [2021-12-16 11:18:04,557] {manager.py:496} INFO - Created Permission View: can edit on DAG:example_task_group
[2021-12-16 11:18:04,558] {logging_mixin.py:109} INFO - [2021-12-16 11:18:04,558] {dag.py:2396} INFO - Sync 1 DAGs
[2021-12-16 11:18:04,565] {logging_mixin.py:109} INFO - [2021-12-16 11:18:04,565] {dag.py:2415} INFO - Creating ORM DAG for example_task_group
[2021-12-16 11:18:04,572] {logging_mixin.py:109} INFO - [2021-12-16 11:18:04,572] {dag.py:2928} INFO - Setting next_dagrun for example_task_group to 2021-12-15T11:18:04.571978+00:00
[2021-12-16 11:18:04,581] {processor.py:171} INFO - Processing /home/airflow/.local/lib/python3.7/site-packages/airflow/example_dags/example_task_group.py took 1.420 seconds
[2021-12-16 11:18:34,886] {processor.py:163} INFO - Started process (PID=419) to work on /home/airflow/.local/lib/python3.7/site-packages/airflow/example_dags/example_task_group.py
[2021-12-16 11:18:34,888] {processor.py:625} INFO - Processing file /home/airflow/.local/lib/python3.7/site-packages/airflow/example_dags/example_task_group.py for tasks to queue
[2021-12-16 11:18:34,889] {logging_mixin.py:109} INFO - [2021-12-16 11:18:34,889] {dagbag.py:500} INFO - Filling up the DagBag from /home/airflow/.local/lib/python3.7/site-packages/airflow/example_dags/example_task_group.py
[2021-12-16 11:18:34,920] {processor.py:637} INFO - DAG(s) dict_keys(['example_task_group']) retrieved from /home/airflow/.local/lib/python3.7/site-packages/airflow/example_dags/example_task_group.py
[2021-12-16 11:18:34,932] {logging_mixin.py:109} INFO - [2021-12-16 11:18:34,932] {dag.py:2396} INFO - Sync 1 DAGs
[2021-12-16 11:18:34,947] {logging_mixin.py:109} INFO - [2021-12-16 11:18:34,947] {dag.py:2928} INFO - Setting next_dagrun for example_task_group to 2021-12-15T11:18:34.947336+00:00
[2021-12-16 11:18:34,956] {processor.py:171} INFO - Processing /home/airflow/.local/lib/python3.7/site-packages/airflow/example_dags/example_task_group.py took 0.074 seconds
[2021-12-16 11:19:05,573] {processor.py:163} INFO - Started process (PID=480) to work on /home/airflow/.local/lib/python3.7/site-packages/airflow/example_dags/example_task_group.py
[2021-12-16 11:19:05,574] {processor.py:625} INFO - Processing file /home/airflow/.local/lib/python3.7/site-packages/airflow/example_dags/example_task_group.py for tasks to queue
[2021-12-16 11:19:05,576] {logging_mixin.py:109} INFO - [2021-12-16 11:19:05,576] {dagbag.py:500} INFO - Filling up the DagBag from /home/airflow/.local/lib/python3.7/site-packages/airflow/example_dags/example_task_group.py
[2021-12-16 11:19:05,608] {processor.py:637} INFO - DAG(s) dict_keys(['example_task_group']) retrieved from /home/airflow/.local/lib/python3.7/site-packages/airflow/example_dags/example_task_group.py
[2021-12-16 11:19:05,620] {logging_mixin.py:109} INFO - [2021-12-16 11:19:05,620] {dag.py:2396} INFO - Sync 1 DAGs
[2021-12-16 11:19:05,636] {logging_mixin.py:109} INFO - [2021-12-16 11:19:05,636] {dag.py:2928} INFO - Setting next_dagrun for example_task_group to 2021-12-15T11:19:05.635911+00:00
[2021-12-16 11:19:05,644] {processor.py:171} INFO - Processing /home/airflow/.local/lib/python3.7/site-packages/airflow/example_dags/example_task_group.py took 0.075 seconds
[2021-12-16 11:19:35,671] {processor.py:163} INFO - Started process (PID=548) to work on /home/airflow/.local/lib/python3.7/site-packages/airflow/example_dags/example_task_group.py
[2021-12-16 11:19:35,673] {processor.py:625} INFO - Processing file /home/airflow/.local/lib/python3.7/site-packages/airflow/example_dags/example_task_group.py for tasks to queue
[2021-12-16 11:19:35,674] {logging_mixin.py:109} INFO - [2021-12-16 11:19:35,674] {dagbag.py:500} INFO - Filling up the DagBag from /home/airflow/.local/lib/python3.7/site-packages/airflow/example_dags/example_task_group.py
[2021-12-16 11:19:35,708] {processor.py:637} INFO - DAG(s) dict_keys(['example_task_group']) retrieved from /home/airflow/.local/lib/python3.7/site-packages/airflow/example_dags/example_task_group.py
[2021-12-16 11:19:35,721] {logging_mixin.py:109} INFO - [2021-12-16 11:19:35,721] {dag.py:2396} INFO - Sync 1 DAGs
[2021-12-16 11:19:35,739] {logging_mixin.py:109} INFO - [2021-12-16 11:19:35,739] {dag.py:2928} INFO - Setting next_dagrun for example_task_group to 2021-12-15T11:19:35.739338+00:00
[2021-12-16 11:19:35,750] {processor.py:171} INFO - Processing /home/airflow/.local/lib/python3.7/site-packages/airflow/example_dags/example_task_group.py took 0.084 seconds
[2021-12-16 11:20:05,988] {processor.py:163} INFO - Started process (PID=609) to work on /home/airflow/.local/lib/python3.7/site-packages/airflow/example_dags/example_task_group.py
[2021-12-16 11:20:05,990] {processor.py:625} INFO - Processing file /home/airflow/.local/lib/python3.7/site-packages/airflow/example_dags/example_task_group.py for tasks to queue
[2021-12-16 11:20:05,991] {logging_mixin.py:109} INFO - [2021-12-16 11:20:05,991] {dagbag.py:500} INFO - Filling up the DagBag from /home/airflow/.local/lib/python3.7/site-packages/airflow/example_dags/example_task_group.py
[2021-12-16 11:20:06,022] {processor.py:637} INFO - DAG(s) dict_keys(['example_task_group']) retrieved from /home/airflow/.local/lib/python3.7/site-packages/airflow/example_dags/example_task_group.py
[2021-12-16 11:20:06,035] {logging_mixin.py:109} INFO - [2021-12-16 11:20:06,034] {dag.py:2396} INFO - Sync 1 DAGs
[2021-12-16 11:20:06,052] {logging_mixin.py:109} INFO - [2021-12-16 11:20:06,052] {dag.py:2928} INFO - Setting next_dagrun for example_task_group to 2021-12-15T11:20:06.051714+00:00
[2021-12-16 11:20:06,062] {processor.py:171} INFO - Processing /home/airflow/.local/lib/python3.7/site-packages/airflow/example_dags/example_task_group.py took 0.078 seconds
[2021-12-16 11:20:36,542] {processor.py:163} INFO - Started process (PID=678) to work on /home/airflow/.local/lib/python3.7/site-packages/airflow/example_dags/example_task_group.py
[2021-12-16 11:20:36,544] {processor.py:625} INFO - Processing file /home/airflow/.local/lib/python3.7/site-packages/airflow/example_dags/example_task_group.py for tasks to queue
[2021-12-16 11:20:36,545] {logging_mixin.py:109} INFO - [2021-12-16 11:20:36,545] {dagbag.py:500} INFO - Filling up the DagBag from /home/airflow/.local/lib/python3.7/site-packages/airflow/example_dags/example_task_group.py
[2021-12-16 11:20:36,575] {processor.py:637} INFO - DAG(s) dict_keys(['example_task_group']) retrieved from /home/airflow/.local/lib/python3.7/site-packages/airflow/example_dags/example_task_group.py
[2021-12-16 11:20:36,586] {logging_mixin.py:109} INFO - [2021-12-16 11:20:36,586] {dag.py:2396} INFO - Sync 1 DAGs
[2021-12-16 11:20:36,601] {logging_mixin.py:109} INFO - [2021-12-16 11:20:36,601] {dag.py:2928} INFO - Setting next_dagrun for example_task_group to 2021-12-15T11:20:36.601303+00:00
[2021-12-16 11:20:36,610] {processor.py:171} INFO - Processing /home/airflow/.local/lib/python3.7/site-packages/airflow/example_dags/example_task_group.py took 0.071 seconds
[2021-12-16 11:21:07,046] {processor.py:163} INFO - Started process (PID=738) to work on /home/airflow/.local/lib/python3.7/site-packages/airflow/example_dags/example_task_group.py
[2021-12-16 11:21:07,048] {processor.py:625} INFO - Processing file /home/airflow/.local/lib/python3.7/site-packages/airflow/example_dags/example_task_group.py for tasks to queue
[2021-12-16 11:21:07,050] {logging_mixin.py:109} INFO - [2021-12-16 11:21:07,050] {dagbag.py:500} INFO - Filling up the DagBag from /home/airflow/.local/lib/python3.7/site-packages/airflow/example_dags/example_task_group.py
[2021-12-16 11:21:07,084] {processor.py:637} INFO - DAG(s) dict_keys(['example_task_group']) retrieved from /home/airflow/.local/lib/python3.7/site-packages/airflow/example_dags/example_task_group.py
[2021-12-16 11:21:07,098] {logging_mixin.py:109} INFO - [2021-12-16 11:21:07,098] {dag.py:2396} INFO - Sync 1 DAGs
[2021-12-16 11:21:07,118] {logging_mixin.py:109} INFO - [2021-12-16 11:21:07,118] {dag.py:2928} INFO - Setting next_dagrun for example_task_group to 2021-12-15T11:21:07.118097+00:00
[2021-12-16 11:21:07,130] {processor.py:171} INFO - Processing /home/airflow/.local/lib/python3.7/site-packages/airflow/example_dags/example_task_group.py took 0.088 seconds
[2021-12-16 11:21:38,333] {processor.py:163} INFO - Started process (PID=807) to work on /home/airflow/.local/lib/python3.7/site-packages/airflow/example_dags/example_task_group.py
[2021-12-16 11:21:38,335] {processor.py:625} INFO - Processing file /home/airflow/.local/lib/python3.7/site-packages/airflow/example_dags/example_task_group.py for tasks to queue
[2021-12-16 11:21:38,336] {logging_mixin.py:109} INFO - [2021-12-16 11:21:38,336] {dagbag.py:500} INFO - Filling up the DagBag from /home/airflow/.local/lib/python3.7/site-packages/airflow/example_dags/example_task_group.py
[2021-12-16 11:21:38,363] {processor.py:637} INFO - DAG(s) dict_keys(['example_task_group']) retrieved from /home/airflow/.local/lib/python3.7/site-packages/airflow/example_dags/example_task_group.py
[2021-12-16 11:21:38,375] {logging_mixin.py:109} INFO - [2021-12-16 11:21:38,375] {dag.py:2396} INFO - Sync 1 DAGs
[2021-12-16 11:21:38,394] {logging_mixin.py:109} INFO - [2021-12-16 11:21:38,394] {dag.py:2928} INFO - Setting next_dagrun for example_task_group to 2021-12-15T11:21:38.394149+00:00
[2021-12-16 11:21:38,448] {processor.py:171} INFO - Processing /home/airflow/.local/lib/python3.7/site-packages/airflow/example_dags/example_task_group.py took 0.118 seconds
[2021-12-16 11:22:08,806] {processor.py:163} INFO - Started process (PID=876) to work on /home/airflow/.local/lib/python3.7/site-packages/airflow/example_dags/example_task_group.py
[2021-12-16 11:22:08,808] {processor.py:625} INFO - Processing file /home/airflow/.local/lib/python3.7/site-packages/airflow/example_dags/example_task_group.py for tasks to queue
[2021-12-16 11:22:08,810] {logging_mixin.py:109} INFO - [2021-12-16 11:22:08,809] {dagbag.py:500} INFO - Filling up the DagBag from /home/airflow/.local/lib/python3.7/site-packages/airflow/example_dags/example_task_group.py
[2021-12-16 11:22:08,842] {processor.py:637} INFO - DAG(s) dict_keys(['example_task_group']) retrieved from /home/airflow/.local/lib/python3.7/site-packages/airflow/example_dags/example_task_group.py
[2021-12-16 11:22:08,854] {logging_mixin.py:109} INFO - [2021-12-16 11:22:08,854] {dag.py:2396} INFO - Sync 1 DAGs
[2021-12-16 11:22:08,872] {logging_mixin.py:109} INFO - [2021-12-16 11:22:08,872] {dag.py:2928} INFO - Setting next_dagrun for example_task_group to 2021-12-15T11:22:08.872260+00:00
[2021-12-16 11:22:08,882] {processor.py:171} INFO - Processing /home/airflow/.local/lib/python3.7/site-packages/airflow/example_dags/example_task_group.py took 0.080 seconds
[2021-12-16 11:22:39,127] {processor.py:163} INFO - Started process (PID=938) to work on /home/airflow/.local/lib/python3.7/site-packages/airflow/example_dags/example_task_group.py
[2021-12-16 11:22:39,129] {processor.py:625} INFO - Processing file /home/airflow/.local/lib/python3.7/site-packages/airflow/example_dags/example_task_group.py for tasks to queue
[2021-12-16 11:22:39,130] {logging_mixin.py:109} INFO - [2021-12-16 11:22:39,130] {dagbag.py:500} INFO - Filling up the DagBag from /home/airflow/.local/lib/python3.7/site-packages/airflow/example_dags/example_task_group.py
[2021-12-16 11:22:39,169] {processor.py:637} INFO - DAG(s) dict_keys(['example_task_group']) retrieved from /home/airflow/.local/lib/python3.7/site-packages/airflow/example_dags/example_task_group.py
[2021-12-16 11:22:39,183] {logging_mixin.py:109} INFO - [2021-12-16 11:22:39,183] {dag.py:2396} INFO - Sync 1 DAGs
[2021-12-16 11:22:39,204] {logging_mixin.py:109} INFO - [2021-12-16 11:22:39,204] {dag.py:2928} INFO - Setting next_dagrun for example_task_group to 2021-12-15T11:22:39.204163+00:00
[2021-12-16 11:22:39,215] {processor.py:171} INFO - Processing /home/airflow/.local/lib/python3.7/site-packages/airflow/example_dags/example_task_group.py took 0.092 seconds
[2021-12-16 11:23:10,512] {processor.py:163} INFO - Started process (PID=1007) to work on /home/airflow/.local/lib/python3.7/site-packages/airflow/example_dags/example_task_group.py
[2021-12-16 11:23:10,514] {processor.py:625} INFO - Processing file /home/airflow/.local/lib/python3.7/site-packages/airflow/example_dags/example_task_group.py for tasks to queue
[2021-12-16 11:23:10,515] {logging_mixin.py:109} INFO - [2021-12-16 11:23:10,515] {dagbag.py:500} INFO - Filling up the DagBag from /home/airflow/.local/lib/python3.7/site-packages/airflow/example_dags/example_task_group.py
[2021-12-16 11:23:10,542] {processor.py:637} INFO - DAG(s) dict_keys(['example_task_group']) retrieved from /home/airflow/.local/lib/python3.7/site-packages/airflow/example_dags/example_task_group.py
[2021-12-16 11:23:10,552] {logging_mixin.py:109} INFO - [2021-12-16 11:23:10,552] {dag.py:2396} INFO - Sync 1 DAGs
[2021-12-16 11:23:10,567] {logging_mixin.py:109} INFO - [2021-12-16 11:23:10,566] {dag.py:2928} INFO - Setting next_dagrun for example_task_group to 2021-12-15T11:23:10.566644+00:00
[2021-12-16 11:23:10,574] {processor.py:171} INFO - Processing /home/airflow/.local/lib/python3.7/site-packages/airflow/example_dags/example_task_group.py took 0.065 seconds
[2021-12-16 11:23:41,773] {processor.py:163} INFO - Started process (PID=1067) to work on /home/airflow/.local/lib/python3.7/site-packages/airflow/example_dags/example_task_group.py
[2021-12-16 11:23:41,774] {processor.py:625} INFO - Processing file /home/airflow/.local/lib/python3.7/site-packages/airflow/example_dags/example_task_group.py for tasks to queue
[2021-12-16 11:23:41,776] {logging_mixin.py:109} INFO - [2021-12-16 11:23:41,775] {dagbag.py:500} INFO - Filling up the DagBag from /home/airflow/.local/lib/python3.7/site-packages/airflow/example_dags/example_task_group.py
[2021-12-16 11:23:41,806] {processor.py:637} INFO - DAG(s) dict_keys(['example_task_group']) retrieved from /home/airflow/.local/lib/python3.7/site-packages/airflow/example_dags/example_task_group.py
[2021-12-16 11:23:41,816] {logging_mixin.py:109} INFO - [2021-12-16 11:23:41,816] {dag.py:2396} INFO - Sync 1 DAGs
[2021-12-16 11:23:41,830] {logging_mixin.py:109} INFO - [2021-12-16 11:23:41,830] {dag.py:2928} INFO - Setting next_dagrun for example_task_group to 2021-12-15T11:23:41.830400+00:00
[2021-12-16 11:23:41,839] {processor.py:171} INFO - Processing /home/airflow/.local/lib/python3.7/site-packages/airflow/example_dags/example_task_group.py took 0.070 seconds
[2021-12-16 11:24:12,519] {processor.py:163} INFO - Started process (PID=1136) to work on /home/airflow/.local/lib/python3.7/site-packages/airflow/example_dags/example_task_group.py
[2021-12-16 11:24:12,521] {processor.py:625} INFO - Processing file /home/airflow/.local/lib/python3.7/site-packages/airflow/example_dags/example_task_group.py for tasks to queue
[2021-12-16 11:24:12,523] {logging_mixin.py:109} INFO - [2021-12-16 11:24:12,522] {dagbag.py:500} INFO - Filling up the DagBag from /home/airflow/.local/lib/python3.7/site-packages/airflow/example_dags/example_task_group.py
[2021-12-16 11:24:12,548] {processor.py:637} INFO - DAG(s) dict_keys(['example_task_group']) retrieved from /home/airflow/.local/lib/python3.7/site-packages/airflow/example_dags/example_task_group.py
[2021-12-16 11:24:12,558] {logging_mixin.py:109} INFO - [2021-12-16 11:24:12,558] {dag.py:2396} INFO - Sync 1 DAGs
[2021-12-16 11:24:12,573] {logging_mixin.py:109} INFO - [2021-12-16 11:24:12,573] {dag.py:2928} INFO - Setting next_dagrun for example_task_group to 2021-12-15T11:24:12.573304+00:00
[2021-12-16 11:24:12,581] {processor.py:171} INFO - Processing /home/airflow/.local/lib/python3.7/site-packages/airflow/example_dags/example_task_group.py took 0.065 seconds
[2021-12-16 11:24:43,253] {processor.py:163} INFO - Started process (PID=1206) to work on /home/airflow/.local/lib/python3.7/site-packages/airflow/example_dags/example_task_group.py
[2021-12-16 11:24:43,255] {processor.py:625} INFO - Processing file /home/airflow/.local/lib/python3.7/site-packages/airflow/example_dags/example_task_group.py for tasks to queue
[2021-12-16 11:24:43,256] {logging_mixin.py:109} INFO - [2021-12-16 11:24:43,255] {dagbag.py:500} INFO - Filling up the DagBag from /home/airflow/.local/lib/python3.7/site-packages/airflow/example_dags/example_task_group.py
[2021-12-16 11:24:43,281] {processor.py:637} INFO - DAG(s) dict_keys(['example_task_group']) retrieved from /home/airflow/.local/lib/python3.7/site-packages/airflow/example_dags/example_task_group.py
[2021-12-16 11:24:43,291] {logging_mixin.py:109} INFO - [2021-12-16 11:24:43,290] {dag.py:2396} INFO - Sync 1 DAGs
[2021-12-16 11:24:43,305] {logging_mixin.py:109} INFO - [2021-12-16 11:24:43,305] {dag.py:2928} INFO - Setting next_dagrun for example_task_group to 2021-12-15T11:24:43.304810+00:00
[2021-12-16 11:24:43,313] {processor.py:171} INFO - Processing /home/airflow/.local/lib/python3.7/site-packages/airflow/example_dags/example_task_group.py took 0.063 seconds
[2021-12-16 11:25:13,788] {processor.py:163} INFO - Started process (PID=1267) to work on /home/airflow/.local/lib/python3.7/site-packages/airflow/example_dags/example_task_group.py
[2021-12-16 11:25:13,789] {processor.py:625} INFO - Processing file /home/airflow/.local/lib/python3.7/site-packages/airflow/example_dags/example_task_group.py for tasks to queue
[2021-12-16 11:25:13,790] {logging_mixin.py:109} INFO - [2021-12-16 11:25:13,790] {dagbag.py:500} INFO - Filling up the DagBag from /home/airflow/.local/lib/python3.7/site-packages/airflow/example_dags/example_task_group.py
[2021-12-16 11:25:13,820] {processor.py:637} INFO - DAG(s) dict_keys(['example_task_group']) retrieved from /home/airflow/.local/lib/python3.7/site-packages/airflow/example_dags/example_task_group.py
[2021-12-16 11:25:13,830] {logging_mixin.py:109} INFO - [2021-12-16 11:25:13,830] {dag.py:2396} INFO - Sync 1 DAGs
[2021-12-16 11:25:13,846] {logging_mixin.py:109} INFO - [2021-12-16 11:25:13,846] {dag.py:2928} INFO - Setting next_dagrun for example_task_group to 2021-12-15T11:25:13.846286+00:00
[2021-12-16 11:25:13,857] {processor.py:171} INFO - Processing /home/airflow/.local/lib/python3.7/site-packages/airflow/example_dags/example_task_group.py took 0.072 seconds
