[2021-12-16 11:17:59,552] {processor.py:163} INFO - Started process (PID=296) to work on /home/airflow/.local/lib/python3.7/site-packages/airflow/example_dags/example_task_group_decorator.py
[2021-12-16 11:17:59,554] {processor.py:625} INFO - Processing file /home/airflow/.local/lib/python3.7/site-packages/airflow/example_dags/example_task_group_decorator.py for tasks to queue
[2021-12-16 11:17:59,555] {logging_mixin.py:109} INFO - [2021-12-16 11:17:59,555] {dagbag.py:500} INFO - Filling up the DagBag from /home/airflow/.local/lib/python3.7/site-packages/airflow/example_dags/example_task_group_decorator.py
[2021-12-16 11:17:59,600] {processor.py:637} INFO - DAG(s) dict_keys(['example_task_group_decorator']) retrieved from /home/airflow/.local/lib/python3.7/site-packages/airflow/example_dags/example_task_group_decorator.py
[2021-12-16 11:18:00,665] {logging_mixin.py:109} INFO - [2021-12-16 11:18:00,665] {providers_manager.py:156} WARNING - Exception when importing 'airflow.providers.google.leveldb.hooks.leveldb.LevelDBHook' from 'apache-airflow-providers-google' package: No module named 'plyvel'
[2021-12-16 11:18:01,005] {logging_mixin.py:109} INFO - [2021-12-16 11:18:01,005] {providers_manager.py:156} WARNING - Exception when importing 'airflow.providers.google.leveldb.hooks.leveldb.LevelDBHook' from 'apache-airflow-providers-google' package: No module named 'plyvel'
[2021-12-16 11:18:01,022] {logging_mixin.py:109} INFO - [2021-12-16 11:18:01,022] {manager.py:496} INFO - Created Permission View: can read on DAG:example_task_group_decorator
[2021-12-16 11:18:01,030] {logging_mixin.py:109} INFO - [2021-12-16 11:18:01,030] {manager.py:496} INFO - Created Permission View: can edit on DAG:example_task_group_decorator
[2021-12-16 11:18:01,031] {logging_mixin.py:109} INFO - [2021-12-16 11:18:01,031] {dag.py:2396} INFO - Sync 1 DAGs
[2021-12-16 11:18:01,037] {logging_mixin.py:109} INFO - [2021-12-16 11:18:01,037] {dag.py:2415} INFO - Creating ORM DAG for example_task_group_decorator
[2021-12-16 11:18:01,043] {logging_mixin.py:109} INFO - [2021-12-16 11:18:01,043] {dag.py:2928} INFO - Setting next_dagrun for example_task_group_decorator to 2021-12-15T11:18:01.043655+00:00
[2021-12-16 11:18:01,052] {processor.py:171} INFO - Processing /home/airflow/.local/lib/python3.7/site-packages/airflow/example_dags/example_task_group_decorator.py took 1.504 seconds
[2021-12-16 11:18:31,804] {processor.py:163} INFO - Started process (PID=405) to work on /home/airflow/.local/lib/python3.7/site-packages/airflow/example_dags/example_task_group_decorator.py
[2021-12-16 11:18:31,806] {processor.py:625} INFO - Processing file /home/airflow/.local/lib/python3.7/site-packages/airflow/example_dags/example_task_group_decorator.py for tasks to queue
[2021-12-16 11:18:31,808] {logging_mixin.py:109} INFO - [2021-12-16 11:18:31,808] {dagbag.py:500} INFO - Filling up the DagBag from /home/airflow/.local/lib/python3.7/site-packages/airflow/example_dags/example_task_group_decorator.py
[2021-12-16 11:18:31,852] {processor.py:637} INFO - DAG(s) dict_keys(['example_task_group_decorator']) retrieved from /home/airflow/.local/lib/python3.7/site-packages/airflow/example_dags/example_task_group_decorator.py
[2021-12-16 11:18:32,124] {logging_mixin.py:109} INFO - [2021-12-16 11:18:32,123] {dag.py:2396} INFO - Sync 1 DAGs
[2021-12-16 11:18:32,136] {logging_mixin.py:109} INFO - [2021-12-16 11:18:32,136] {dag.py:2928} INFO - Setting next_dagrun for example_task_group_decorator to 2021-12-15T11:18:32.135945+00:00
[2021-12-16 11:18:32,145] {processor.py:171} INFO - Processing /home/airflow/.local/lib/python3.7/site-packages/airflow/example_dags/example_task_group_decorator.py took 0.344 seconds
[2021-12-16 11:19:03,019] {processor.py:163} INFO - Started process (PID=475) to work on /home/airflow/.local/lib/python3.7/site-packages/airflow/example_dags/example_task_group_decorator.py
[2021-12-16 11:19:03,021] {processor.py:625} INFO - Processing file /home/airflow/.local/lib/python3.7/site-packages/airflow/example_dags/example_task_group_decorator.py for tasks to queue
[2021-12-16 11:19:03,022] {logging_mixin.py:109} INFO - [2021-12-16 11:19:03,022] {dagbag.py:500} INFO - Filling up the DagBag from /home/airflow/.local/lib/python3.7/site-packages/airflow/example_dags/example_task_group_decorator.py
[2021-12-16 11:19:03,079] {processor.py:637} INFO - DAG(s) dict_keys(['example_task_group_decorator']) retrieved from /home/airflow/.local/lib/python3.7/site-packages/airflow/example_dags/example_task_group_decorator.py
[2021-12-16 11:19:03,356] {logging_mixin.py:109} INFO - [2021-12-16 11:19:03,356] {dag.py:2396} INFO - Sync 1 DAGs
[2021-12-16 11:19:03,375] {logging_mixin.py:109} INFO - [2021-12-16 11:19:03,375] {dag.py:2928} INFO - Setting next_dagrun for example_task_group_decorator to 2021-12-15T11:19:03.374767+00:00
[2021-12-16 11:19:03,392] {processor.py:171} INFO - Processing /home/airflow/.local/lib/python3.7/site-packages/airflow/example_dags/example_task_group_decorator.py took 0.377 seconds
[2021-12-16 11:19:34,207] {processor.py:163} INFO - Started process (PID=544) to work on /home/airflow/.local/lib/python3.7/site-packages/airflow/example_dags/example_task_group_decorator.py
[2021-12-16 11:19:34,210] {processor.py:625} INFO - Processing file /home/airflow/.local/lib/python3.7/site-packages/airflow/example_dags/example_task_group_decorator.py for tasks to queue
[2021-12-16 11:19:34,211] {logging_mixin.py:109} INFO - [2021-12-16 11:19:34,211] {dagbag.py:500} INFO - Filling up the DagBag from /home/airflow/.local/lib/python3.7/site-packages/airflow/example_dags/example_task_group_decorator.py
[2021-12-16 11:19:34,252] {processor.py:637} INFO - DAG(s) dict_keys(['example_task_group_decorator']) retrieved from /home/airflow/.local/lib/python3.7/site-packages/airflow/example_dags/example_task_group_decorator.py
[2021-12-16 11:19:34,499] {logging_mixin.py:109} INFO - [2021-12-16 11:19:34,499] {dag.py:2396} INFO - Sync 1 DAGs
[2021-12-16 11:19:34,513] {logging_mixin.py:109} INFO - [2021-12-16 11:19:34,513] {dag.py:2928} INFO - Setting next_dagrun for example_task_group_decorator to 2021-12-15T11:19:34.513477+00:00
[2021-12-16 11:19:34,525] {processor.py:171} INFO - Processing /home/airflow/.local/lib/python3.7/site-packages/airflow/example_dags/example_task_group_decorator.py took 0.321 seconds
[2021-12-16 11:20:05,504] {processor.py:163} INFO - Started process (PID=604) to work on /home/airflow/.local/lib/python3.7/site-packages/airflow/example_dags/example_task_group_decorator.py
[2021-12-16 11:20:05,506] {processor.py:625} INFO - Processing file /home/airflow/.local/lib/python3.7/site-packages/airflow/example_dags/example_task_group_decorator.py for tasks to queue
[2021-12-16 11:20:05,507] {logging_mixin.py:109} INFO - [2021-12-16 11:20:05,507] {dagbag.py:500} INFO - Filling up the DagBag from /home/airflow/.local/lib/python3.7/site-packages/airflow/example_dags/example_task_group_decorator.py
[2021-12-16 11:20:05,551] {processor.py:637} INFO - DAG(s) dict_keys(['example_task_group_decorator']) retrieved from /home/airflow/.local/lib/python3.7/site-packages/airflow/example_dags/example_task_group_decorator.py
[2021-12-16 11:20:05,836] {logging_mixin.py:109} INFO - [2021-12-16 11:20:05,836] {dag.py:2396} INFO - Sync 1 DAGs
[2021-12-16 11:20:05,847] {logging_mixin.py:109} INFO - [2021-12-16 11:20:05,847] {dag.py:2928} INFO - Setting next_dagrun for example_task_group_decorator to 2021-12-15T11:20:05.847605+00:00
[2021-12-16 11:20:05,858] {processor.py:171} INFO - Processing /home/airflow/.local/lib/python3.7/site-packages/airflow/example_dags/example_task_group_decorator.py took 0.358 seconds
[2021-12-16 11:20:36,066] {processor.py:163} INFO - Started process (PID=673) to work on /home/airflow/.local/lib/python3.7/site-packages/airflow/example_dags/example_task_group_decorator.py
[2021-12-16 11:20:36,068] {processor.py:625} INFO - Processing file /home/airflow/.local/lib/python3.7/site-packages/airflow/example_dags/example_task_group_decorator.py for tasks to queue
[2021-12-16 11:20:36,069] {logging_mixin.py:109} INFO - [2021-12-16 11:20:36,069] {dagbag.py:500} INFO - Filling up the DagBag from /home/airflow/.local/lib/python3.7/site-packages/airflow/example_dags/example_task_group_decorator.py
[2021-12-16 11:20:36,114] {processor.py:637} INFO - DAG(s) dict_keys(['example_task_group_decorator']) retrieved from /home/airflow/.local/lib/python3.7/site-packages/airflow/example_dags/example_task_group_decorator.py
[2021-12-16 11:20:36,403] {logging_mixin.py:109} INFO - [2021-12-16 11:20:36,402] {dag.py:2396} INFO - Sync 1 DAGs
[2021-12-16 11:20:36,414] {logging_mixin.py:109} INFO - [2021-12-16 11:20:36,414] {dag.py:2928} INFO - Setting next_dagrun for example_task_group_decorator to 2021-12-15T11:20:36.413857+00:00
[2021-12-16 11:20:36,423] {processor.py:171} INFO - Processing /home/airflow/.local/lib/python3.7/site-packages/airflow/example_dags/example_task_group_decorator.py took 0.362 seconds
[2021-12-16 11:21:06,455] {processor.py:163} INFO - Started process (PID=733) to work on /home/airflow/.local/lib/python3.7/site-packages/airflow/example_dags/example_task_group_decorator.py
[2021-12-16 11:21:06,457] {processor.py:625} INFO - Processing file /home/airflow/.local/lib/python3.7/site-packages/airflow/example_dags/example_task_group_decorator.py for tasks to queue
[2021-12-16 11:21:06,459] {logging_mixin.py:109} INFO - [2021-12-16 11:21:06,458] {dagbag.py:500} INFO - Filling up the DagBag from /home/airflow/.local/lib/python3.7/site-packages/airflow/example_dags/example_task_group_decorator.py
[2021-12-16 11:21:06,511] {processor.py:637} INFO - DAG(s) dict_keys(['example_task_group_decorator']) retrieved from /home/airflow/.local/lib/python3.7/site-packages/airflow/example_dags/example_task_group_decorator.py
[2021-12-16 11:21:06,821] {logging_mixin.py:109} INFO - [2021-12-16 11:21:06,820] {dag.py:2396} INFO - Sync 1 DAGs
[2021-12-16 11:21:06,832] {logging_mixin.py:109} INFO - [2021-12-16 11:21:06,832] {dag.py:2928} INFO - Setting next_dagrun for example_task_group_decorator to 2021-12-15T11:21:06.831961+00:00
[2021-12-16 11:21:06,841] {processor.py:171} INFO - Processing /home/airflow/.local/lib/python3.7/site-packages/airflow/example_dags/example_task_group_decorator.py took 0.391 seconds
[2021-12-16 11:21:37,770] {processor.py:163} INFO - Started process (PID=802) to work on /home/airflow/.local/lib/python3.7/site-packages/airflow/example_dags/example_task_group_decorator.py
[2021-12-16 11:21:37,772] {processor.py:625} INFO - Processing file /home/airflow/.local/lib/python3.7/site-packages/airflow/example_dags/example_task_group_decorator.py for tasks to queue
[2021-12-16 11:21:37,774] {logging_mixin.py:109} INFO - [2021-12-16 11:21:37,774] {dagbag.py:500} INFO - Filling up the DagBag from /home/airflow/.local/lib/python3.7/site-packages/airflow/example_dags/example_task_group_decorator.py
[2021-12-16 11:21:37,823] {processor.py:637} INFO - DAG(s) dict_keys(['example_task_group_decorator']) retrieved from /home/airflow/.local/lib/python3.7/site-packages/airflow/example_dags/example_task_group_decorator.py
[2021-12-16 11:21:38,115] {logging_mixin.py:109} INFO - [2021-12-16 11:21:38,115] {dag.py:2396} INFO - Sync 1 DAGs
[2021-12-16 11:21:38,127] {logging_mixin.py:109} INFO - [2021-12-16 11:21:38,126] {dag.py:2928} INFO - Setting next_dagrun for example_task_group_decorator to 2021-12-15T11:21:38.126764+00:00
[2021-12-16 11:21:38,136] {processor.py:171} INFO - Processing /home/airflow/.local/lib/python3.7/site-packages/airflow/example_dags/example_task_group_decorator.py took 0.371 seconds
[2021-12-16 11:22:08,273] {processor.py:163} INFO - Started process (PID=871) to work on /home/airflow/.local/lib/python3.7/site-packages/airflow/example_dags/example_task_group_decorator.py
[2021-12-16 11:22:08,275] {processor.py:625} INFO - Processing file /home/airflow/.local/lib/python3.7/site-packages/airflow/example_dags/example_task_group_decorator.py for tasks to queue
[2021-12-16 11:22:08,276] {logging_mixin.py:109} INFO - [2021-12-16 11:22:08,276] {dagbag.py:500} INFO - Filling up the DagBag from /home/airflow/.local/lib/python3.7/site-packages/airflow/example_dags/example_task_group_decorator.py
[2021-12-16 11:22:08,321] {processor.py:637} INFO - DAG(s) dict_keys(['example_task_group_decorator']) retrieved from /home/airflow/.local/lib/python3.7/site-packages/airflow/example_dags/example_task_group_decorator.py
[2021-12-16 11:22:08,602] {logging_mixin.py:109} INFO - [2021-12-16 11:22:08,602] {dag.py:2396} INFO - Sync 1 DAGs
[2021-12-16 11:22:08,614] {logging_mixin.py:109} INFO - [2021-12-16 11:22:08,614] {dag.py:2928} INFO - Setting next_dagrun for example_task_group_decorator to 2021-12-15T11:22:08.614105+00:00
[2021-12-16 11:22:08,624] {processor.py:171} INFO - Processing /home/airflow/.local/lib/python3.7/site-packages/airflow/example_dags/example_task_group_decorator.py took 0.355 seconds
[2021-12-16 11:22:38,673] {processor.py:163} INFO - Started process (PID=933) to work on /home/airflow/.local/lib/python3.7/site-packages/airflow/example_dags/example_task_group_decorator.py
[2021-12-16 11:22:38,676] {processor.py:625} INFO - Processing file /home/airflow/.local/lib/python3.7/site-packages/airflow/example_dags/example_task_group_decorator.py for tasks to queue
[2021-12-16 11:22:38,677] {logging_mixin.py:109} INFO - [2021-12-16 11:22:38,677] {dagbag.py:500} INFO - Filling up the DagBag from /home/airflow/.local/lib/python3.7/site-packages/airflow/example_dags/example_task_group_decorator.py
[2021-12-16 11:22:38,723] {processor.py:637} INFO - DAG(s) dict_keys(['example_task_group_decorator']) retrieved from /home/airflow/.local/lib/python3.7/site-packages/airflow/example_dags/example_task_group_decorator.py
[2021-12-16 11:22:38,980] {logging_mixin.py:109} INFO - [2021-12-16 11:22:38,980] {dag.py:2396} INFO - Sync 1 DAGs
[2021-12-16 11:22:38,993] {logging_mixin.py:109} INFO - [2021-12-16 11:22:38,993] {dag.py:2928} INFO - Setting next_dagrun for example_task_group_decorator to 2021-12-15T11:22:38.992834+00:00
[2021-12-16 11:22:39,003] {processor.py:171} INFO - Processing /home/airflow/.local/lib/python3.7/site-packages/airflow/example_dags/example_task_group_decorator.py took 0.334 seconds
[2021-12-16 11:23:10,017] {processor.py:163} INFO - Started process (PID=1002) to work on /home/airflow/.local/lib/python3.7/site-packages/airflow/example_dags/example_task_group_decorator.py
[2021-12-16 11:23:10,019] {processor.py:625} INFO - Processing file /home/airflow/.local/lib/python3.7/site-packages/airflow/example_dags/example_task_group_decorator.py for tasks to queue
[2021-12-16 11:23:10,021] {logging_mixin.py:109} INFO - [2021-12-16 11:23:10,021] {dagbag.py:500} INFO - Filling up the DagBag from /home/airflow/.local/lib/python3.7/site-packages/airflow/example_dags/example_task_group_decorator.py
[2021-12-16 11:23:10,071] {processor.py:637} INFO - DAG(s) dict_keys(['example_task_group_decorator']) retrieved from /home/airflow/.local/lib/python3.7/site-packages/airflow/example_dags/example_task_group_decorator.py
[2021-12-16 11:23:10,310] {logging_mixin.py:109} INFO - [2021-12-16 11:23:10,310] {dag.py:2396} INFO - Sync 1 DAGs
[2021-12-16 11:23:10,322] {logging_mixin.py:109} INFO - [2021-12-16 11:23:10,322] {dag.py:2928} INFO - Setting next_dagrun for example_task_group_decorator to 2021-12-15T11:23:10.321883+00:00
[2021-12-16 11:23:10,332] {processor.py:171} INFO - Processing /home/airflow/.local/lib/python3.7/site-packages/airflow/example_dags/example_task_group_decorator.py took 0.322 seconds
[2021-12-16 11:23:41,277] {processor.py:163} INFO - Started process (PID=1062) to work on /home/airflow/.local/lib/python3.7/site-packages/airflow/example_dags/example_task_group_decorator.py
[2021-12-16 11:23:41,280] {processor.py:625} INFO - Processing file /home/airflow/.local/lib/python3.7/site-packages/airflow/example_dags/example_task_group_decorator.py for tasks to queue
[2021-12-16 11:23:41,281] {logging_mixin.py:109} INFO - [2021-12-16 11:23:41,281] {dagbag.py:500} INFO - Filling up the DagBag from /home/airflow/.local/lib/python3.7/site-packages/airflow/example_dags/example_task_group_decorator.py
[2021-12-16 11:23:41,320] {processor.py:637} INFO - DAG(s) dict_keys(['example_task_group_decorator']) retrieved from /home/airflow/.local/lib/python3.7/site-packages/airflow/example_dags/example_task_group_decorator.py
[2021-12-16 11:23:41,622] {logging_mixin.py:109} INFO - [2021-12-16 11:23:41,622] {dag.py:2396} INFO - Sync 1 DAGs
[2021-12-16 11:23:41,634] {logging_mixin.py:109} INFO - [2021-12-16 11:23:41,634] {dag.py:2928} INFO - Setting next_dagrun for example_task_group_decorator to 2021-12-15T11:23:41.634026+00:00
[2021-12-16 11:23:41,643] {processor.py:171} INFO - Processing /home/airflow/.local/lib/python3.7/site-packages/airflow/example_dags/example_task_group_decorator.py took 0.370 seconds
[2021-12-16 11:24:11,894] {processor.py:163} INFO - Started process (PID=1131) to work on /home/airflow/.local/lib/python3.7/site-packages/airflow/example_dags/example_task_group_decorator.py
[2021-12-16 11:24:11,897] {processor.py:625} INFO - Processing file /home/airflow/.local/lib/python3.7/site-packages/airflow/example_dags/example_task_group_decorator.py for tasks to queue
[2021-12-16 11:24:11,898] {logging_mixin.py:109} INFO - [2021-12-16 11:24:11,898] {dagbag.py:500} INFO - Filling up the DagBag from /home/airflow/.local/lib/python3.7/site-packages/airflow/example_dags/example_task_group_decorator.py
[2021-12-16 11:24:11,946] {processor.py:637} INFO - DAG(s) dict_keys(['example_task_group_decorator']) retrieved from /home/airflow/.local/lib/python3.7/site-packages/airflow/example_dags/example_task_group_decorator.py
[2021-12-16 11:24:12,247] {logging_mixin.py:109} INFO - [2021-12-16 11:24:12,247] {dag.py:2396} INFO - Sync 1 DAGs
[2021-12-16 11:24:12,261] {logging_mixin.py:109} INFO - [2021-12-16 11:24:12,261] {dag.py:2928} INFO - Setting next_dagrun for example_task_group_decorator to 2021-12-15T11:24:12.261495+00:00
[2021-12-16 11:24:12,274] {processor.py:171} INFO - Processing /home/airflow/.local/lib/python3.7/site-packages/airflow/example_dags/example_task_group_decorator.py took 0.384 seconds
[2021-12-16 11:24:42,837] {processor.py:163} INFO - Started process (PID=1201) to work on /home/airflow/.local/lib/python3.7/site-packages/airflow/example_dags/example_task_group_decorator.py
[2021-12-16 11:24:42,838] {processor.py:625} INFO - Processing file /home/airflow/.local/lib/python3.7/site-packages/airflow/example_dags/example_task_group_decorator.py for tasks to queue
[2021-12-16 11:24:42,839] {logging_mixin.py:109} INFO - [2021-12-16 11:24:42,839] {dagbag.py:500} INFO - Filling up the DagBag from /home/airflow/.local/lib/python3.7/site-packages/airflow/example_dags/example_task_group_decorator.py
[2021-12-16 11:24:42,879] {processor.py:637} INFO - DAG(s) dict_keys(['example_task_group_decorator']) retrieved from /home/airflow/.local/lib/python3.7/site-packages/airflow/example_dags/example_task_group_decorator.py
[2021-12-16 11:24:43,111] {logging_mixin.py:109} INFO - [2021-12-16 11:24:43,111] {dag.py:2396} INFO - Sync 1 DAGs
[2021-12-16 11:24:43,127] {logging_mixin.py:109} INFO - [2021-12-16 11:24:43,127] {dag.py:2928} INFO - Setting next_dagrun for example_task_group_decorator to 2021-12-15T11:24:43.126478+00:00
[2021-12-16 11:24:43,139] {processor.py:171} INFO - Processing /home/airflow/.local/lib/python3.7/site-packages/airflow/example_dags/example_task_group_decorator.py took 0.307 seconds
[2021-12-16 11:25:13,220] {processor.py:163} INFO - Started process (PID=1262) to work on /home/airflow/.local/lib/python3.7/site-packages/airflow/example_dags/example_task_group_decorator.py
[2021-12-16 11:25:13,223] {processor.py:625} INFO - Processing file /home/airflow/.local/lib/python3.7/site-packages/airflow/example_dags/example_task_group_decorator.py for tasks to queue
[2021-12-16 11:25:13,224] {logging_mixin.py:109} INFO - [2021-12-16 11:25:13,224] {dagbag.py:500} INFO - Filling up the DagBag from /home/airflow/.local/lib/python3.7/site-packages/airflow/example_dags/example_task_group_decorator.py
[2021-12-16 11:25:13,265] {processor.py:637} INFO - DAG(s) dict_keys(['example_task_group_decorator']) retrieved from /home/airflow/.local/lib/python3.7/site-packages/airflow/example_dags/example_task_group_decorator.py
[2021-12-16 11:25:13,529] {logging_mixin.py:109} INFO - [2021-12-16 11:25:13,529] {dag.py:2396} INFO - Sync 1 DAGs
[2021-12-16 11:25:13,542] {logging_mixin.py:109} INFO - [2021-12-16 11:25:13,541] {dag.py:2928} INFO - Setting next_dagrun for example_task_group_decorator to 2021-12-15T11:25:13.541751+00:00
[2021-12-16 11:25:13,551] {processor.py:171} INFO - Processing /home/airflow/.local/lib/python3.7/site-packages/airflow/example_dags/example_task_group_decorator.py took 0.336 seconds
