[2021-12-16 11:17:48,331] {processor.py:163} INFO - Started process (PID=159) to work on /home/airflow/.local/lib/python3.7/site-packages/airflow/example_dags/example_kubernetes_executor.py
[2021-12-16 11:17:48,333] {processor.py:625} INFO - Processing file /home/airflow/.local/lib/python3.7/site-packages/airflow/example_dags/example_kubernetes_executor.py for tasks to queue
[2021-12-16 11:17:48,335] {logging_mixin.py:109} INFO - [2021-12-16 11:17:48,335] {dagbag.py:500} INFO - Filling up the DagBag from /home/airflow/.local/lib/python3.7/site-packages/airflow/example_dags/example_kubernetes_executor.py
[2021-12-16 11:17:48,369] {processor.py:637} INFO - DAG(s) dict_keys(['example_kubernetes_executor']) retrieved from /home/airflow/.local/lib/python3.7/site-packages/airflow/example_dags/example_kubernetes_executor.py
[2021-12-16 11:17:49,349] {logging_mixin.py:109} INFO - [2021-12-16 11:17:49,349] {providers_manager.py:156} WARNING - Exception when importing 'airflow.providers.google.leveldb.hooks.leveldb.LevelDBHook' from 'apache-airflow-providers-google' package: No module named 'plyvel'
[2021-12-16 11:17:49,678] {logging_mixin.py:109} INFO - [2021-12-16 11:17:49,678] {providers_manager.py:156} WARNING - Exception when importing 'airflow.providers.google.leveldb.hooks.leveldb.LevelDBHook' from 'apache-airflow-providers-google' package: No module named 'plyvel'
[2021-12-16 11:17:49,694] {logging_mixin.py:109} INFO - [2021-12-16 11:17:49,694] {manager.py:496} INFO - Created Permission View: can read on DAG:example_kubernetes_executor
[2021-12-16 11:17:49,701] {logging_mixin.py:109} INFO - [2021-12-16 11:17:49,701] {manager.py:496} INFO - Created Permission View: can edit on DAG:example_kubernetes_executor
[2021-12-16 11:17:49,702] {logging_mixin.py:109} INFO - [2021-12-16 11:17:49,702] {dag.py:2396} INFO - Sync 1 DAGs
[2021-12-16 11:17:49,710] {logging_mixin.py:109} INFO - [2021-12-16 11:17:49,710] {dag.py:2415} INFO - Creating ORM DAG for example_kubernetes_executor
[2021-12-16 11:17:49,718] {logging_mixin.py:109} INFO - [2021-12-16 11:17:49,718] {dag.py:2928} INFO - Setting next_dagrun for example_kubernetes_executor to None
[2021-12-16 11:17:49,730] {processor.py:171} INFO - Processing /home/airflow/.local/lib/python3.7/site-packages/airflow/example_dags/example_kubernetes_executor.py took 1.404 seconds
[2021-12-16 11:18:19,786] {processor.py:163} INFO - Started process (PID=382) to work on /home/airflow/.local/lib/python3.7/site-packages/airflow/example_dags/example_kubernetes_executor.py
[2021-12-16 11:18:19,788] {processor.py:625} INFO - Processing file /home/airflow/.local/lib/python3.7/site-packages/airflow/example_dags/example_kubernetes_executor.py for tasks to queue
[2021-12-16 11:18:19,790] {logging_mixin.py:109} INFO - [2021-12-16 11:18:19,789] {dagbag.py:500} INFO - Filling up the DagBag from /home/airflow/.local/lib/python3.7/site-packages/airflow/example_dags/example_kubernetes_executor.py
[2021-12-16 11:18:19,820] {processor.py:637} INFO - DAG(s) dict_keys(['example_kubernetes_executor']) retrieved from /home/airflow/.local/lib/python3.7/site-packages/airflow/example_dags/example_kubernetes_executor.py
[2021-12-16 11:18:19,830] {logging_mixin.py:109} INFO - [2021-12-16 11:18:19,830] {dag.py:2396} INFO - Sync 1 DAGs
[2021-12-16 11:18:19,849] {logging_mixin.py:109} INFO - [2021-12-16 11:18:19,849] {dag.py:2928} INFO - Setting next_dagrun for example_kubernetes_executor to None
[2021-12-16 11:18:19,860] {processor.py:171} INFO - Processing /home/airflow/.local/lib/python3.7/site-packages/airflow/example_dags/example_kubernetes_executor.py took 0.078 seconds
[2021-12-16 11:18:50,013] {processor.py:163} INFO - Started process (PID=452) to work on /home/airflow/.local/lib/python3.7/site-packages/airflow/example_dags/example_kubernetes_executor.py
[2021-12-16 11:18:50,015] {processor.py:625} INFO - Processing file /home/airflow/.local/lib/python3.7/site-packages/airflow/example_dags/example_kubernetes_executor.py for tasks to queue
[2021-12-16 11:18:50,016] {logging_mixin.py:109} INFO - [2021-12-16 11:18:50,015] {dagbag.py:500} INFO - Filling up the DagBag from /home/airflow/.local/lib/python3.7/site-packages/airflow/example_dags/example_kubernetes_executor.py
[2021-12-16 11:18:50,041] {processor.py:637} INFO - DAG(s) dict_keys(['example_kubernetes_executor']) retrieved from /home/airflow/.local/lib/python3.7/site-packages/airflow/example_dags/example_kubernetes_executor.py
[2021-12-16 11:18:50,050] {logging_mixin.py:109} INFO - [2021-12-16 11:18:50,050] {dag.py:2396} INFO - Sync 1 DAGs
[2021-12-16 11:18:50,066] {logging_mixin.py:109} INFO - [2021-12-16 11:18:50,066] {dag.py:2928} INFO - Setting next_dagrun for example_kubernetes_executor to None
[2021-12-16 11:18:50,076] {processor.py:171} INFO - Processing /home/airflow/.local/lib/python3.7/site-packages/airflow/example_dags/example_kubernetes_executor.py took 0.066 seconds
[2021-12-16 11:19:20,154] {processor.py:163} INFO - Started process (PID=512) to work on /home/airflow/.local/lib/python3.7/site-packages/airflow/example_dags/example_kubernetes_executor.py
[2021-12-16 11:19:20,156] {processor.py:625} INFO - Processing file /home/airflow/.local/lib/python3.7/site-packages/airflow/example_dags/example_kubernetes_executor.py for tasks to queue
[2021-12-16 11:19:20,157] {logging_mixin.py:109} INFO - [2021-12-16 11:19:20,157] {dagbag.py:500} INFO - Filling up the DagBag from /home/airflow/.local/lib/python3.7/site-packages/airflow/example_dags/example_kubernetes_executor.py
[2021-12-16 11:19:20,187] {processor.py:637} INFO - DAG(s) dict_keys(['example_kubernetes_executor']) retrieved from /home/airflow/.local/lib/python3.7/site-packages/airflow/example_dags/example_kubernetes_executor.py
[2021-12-16 11:19:20,198] {logging_mixin.py:109} INFO - [2021-12-16 11:19:20,198] {dag.py:2396} INFO - Sync 1 DAGs
[2021-12-16 11:19:20,214] {logging_mixin.py:109} INFO - [2021-12-16 11:19:20,214] {dag.py:2928} INFO - Setting next_dagrun for example_kubernetes_executor to None
[2021-12-16 11:19:20,223] {processor.py:171} INFO - Processing /home/airflow/.local/lib/python3.7/site-packages/airflow/example_dags/example_kubernetes_executor.py took 0.074 seconds
[2021-12-16 11:19:50,336] {processor.py:163} INFO - Started process (PID=581) to work on /home/airflow/.local/lib/python3.7/site-packages/airflow/example_dags/example_kubernetes_executor.py
[2021-12-16 11:19:50,338] {processor.py:625} INFO - Processing file /home/airflow/.local/lib/python3.7/site-packages/airflow/example_dags/example_kubernetes_executor.py for tasks to queue
[2021-12-16 11:19:50,339] {logging_mixin.py:109} INFO - [2021-12-16 11:19:50,339] {dagbag.py:500} INFO - Filling up the DagBag from /home/airflow/.local/lib/python3.7/site-packages/airflow/example_dags/example_kubernetes_executor.py
[2021-12-16 11:19:50,369] {processor.py:637} INFO - DAG(s) dict_keys(['example_kubernetes_executor']) retrieved from /home/airflow/.local/lib/python3.7/site-packages/airflow/example_dags/example_kubernetes_executor.py
[2021-12-16 11:19:50,381] {logging_mixin.py:109} INFO - [2021-12-16 11:19:50,380] {dag.py:2396} INFO - Sync 1 DAGs
[2021-12-16 11:19:50,396] {logging_mixin.py:109} INFO - [2021-12-16 11:19:50,396] {dag.py:2928} INFO - Setting next_dagrun for example_kubernetes_executor to None
[2021-12-16 11:19:50,404] {processor.py:171} INFO - Processing /home/airflow/.local/lib/python3.7/site-packages/airflow/example_dags/example_kubernetes_executor.py took 0.072 seconds
[2021-12-16 11:20:20,816] {processor.py:163} INFO - Started process (PID=650) to work on /home/airflow/.local/lib/python3.7/site-packages/airflow/example_dags/example_kubernetes_executor.py
[2021-12-16 11:20:20,820] {processor.py:625} INFO - Processing file /home/airflow/.local/lib/python3.7/site-packages/airflow/example_dags/example_kubernetes_executor.py for tasks to queue
[2021-12-16 11:20:20,824] {logging_mixin.py:109} INFO - [2021-12-16 11:20:20,823] {dagbag.py:500} INFO - Filling up the DagBag from /home/airflow/.local/lib/python3.7/site-packages/airflow/example_dags/example_kubernetes_executor.py
[2021-12-16 11:20:20,882] {processor.py:637} INFO - DAG(s) dict_keys(['example_kubernetes_executor']) retrieved from /home/airflow/.local/lib/python3.7/site-packages/airflow/example_dags/example_kubernetes_executor.py
[2021-12-16 11:20:20,908] {logging_mixin.py:109} INFO - [2021-12-16 11:20:20,908] {dag.py:2396} INFO - Sync 1 DAGs
[2021-12-16 11:20:20,942] {logging_mixin.py:109} INFO - [2021-12-16 11:20:20,942] {dag.py:2928} INFO - Setting next_dagrun for example_kubernetes_executor to None
[2021-12-16 11:20:20,969] {processor.py:171} INFO - Processing /home/airflow/.local/lib/python3.7/site-packages/airflow/example_dags/example_kubernetes_executor.py took 0.159 seconds
[2021-12-16 11:20:51,187] {processor.py:163} INFO - Started process (PID=710) to work on /home/airflow/.local/lib/python3.7/site-packages/airflow/example_dags/example_kubernetes_executor.py
[2021-12-16 11:20:51,188] {processor.py:625} INFO - Processing file /home/airflow/.local/lib/python3.7/site-packages/airflow/example_dags/example_kubernetes_executor.py for tasks to queue
[2021-12-16 11:20:51,189] {logging_mixin.py:109} INFO - [2021-12-16 11:20:51,189] {dagbag.py:500} INFO - Filling up the DagBag from /home/airflow/.local/lib/python3.7/site-packages/airflow/example_dags/example_kubernetes_executor.py
[2021-12-16 11:20:51,219] {processor.py:637} INFO - DAG(s) dict_keys(['example_kubernetes_executor']) retrieved from /home/airflow/.local/lib/python3.7/site-packages/airflow/example_dags/example_kubernetes_executor.py
[2021-12-16 11:20:51,230] {logging_mixin.py:109} INFO - [2021-12-16 11:20:51,230] {dag.py:2396} INFO - Sync 1 DAGs
[2021-12-16 11:20:51,244] {logging_mixin.py:109} INFO - [2021-12-16 11:20:51,244] {dag.py:2928} INFO - Setting next_dagrun for example_kubernetes_executor to None
[2021-12-16 11:20:51,252] {processor.py:171} INFO - Processing /home/airflow/.local/lib/python3.7/site-packages/airflow/example_dags/example_kubernetes_executor.py took 0.069 seconds
[2021-12-16 11:21:21,507] {processor.py:163} INFO - Started process (PID=779) to work on /home/airflow/.local/lib/python3.7/site-packages/airflow/example_dags/example_kubernetes_executor.py
[2021-12-16 11:21:21,509] {processor.py:625} INFO - Processing file /home/airflow/.local/lib/python3.7/site-packages/airflow/example_dags/example_kubernetes_executor.py for tasks to queue
[2021-12-16 11:21:21,509] {logging_mixin.py:109} INFO - [2021-12-16 11:21:21,509] {dagbag.py:500} INFO - Filling up the DagBag from /home/airflow/.local/lib/python3.7/site-packages/airflow/example_dags/example_kubernetes_executor.py
[2021-12-16 11:21:21,536] {processor.py:637} INFO - DAG(s) dict_keys(['example_kubernetes_executor']) retrieved from /home/airflow/.local/lib/python3.7/site-packages/airflow/example_dags/example_kubernetes_executor.py
[2021-12-16 11:21:21,547] {logging_mixin.py:109} INFO - [2021-12-16 11:21:21,547] {dag.py:2396} INFO - Sync 1 DAGs
[2021-12-16 11:21:21,562] {logging_mixin.py:109} INFO - [2021-12-16 11:21:21,562] {dag.py:2928} INFO - Setting next_dagrun for example_kubernetes_executor to None
[2021-12-16 11:21:21,572] {processor.py:171} INFO - Processing /home/airflow/.local/lib/python3.7/site-packages/airflow/example_dags/example_kubernetes_executor.py took 0.069 seconds
[2021-12-16 11:21:52,030] {processor.py:163} INFO - Started process (PID=839) to work on /home/airflow/.local/lib/python3.7/site-packages/airflow/example_dags/example_kubernetes_executor.py
[2021-12-16 11:21:52,032] {processor.py:625} INFO - Processing file /home/airflow/.local/lib/python3.7/site-packages/airflow/example_dags/example_kubernetes_executor.py for tasks to queue
[2021-12-16 11:21:52,033] {logging_mixin.py:109} INFO - [2021-12-16 11:21:52,033] {dagbag.py:500} INFO - Filling up the DagBag from /home/airflow/.local/lib/python3.7/site-packages/airflow/example_dags/example_kubernetes_executor.py
[2021-12-16 11:21:52,062] {processor.py:637} INFO - DAG(s) dict_keys(['example_kubernetes_executor']) retrieved from /home/airflow/.local/lib/python3.7/site-packages/airflow/example_dags/example_kubernetes_executor.py
[2021-12-16 11:21:52,072] {logging_mixin.py:109} INFO - [2021-12-16 11:21:52,072] {dag.py:2396} INFO - Sync 1 DAGs
[2021-12-16 11:21:52,088] {logging_mixin.py:109} INFO - [2021-12-16 11:21:52,088] {dag.py:2928} INFO - Setting next_dagrun for example_kubernetes_executor to None
[2021-12-16 11:21:52,096] {processor.py:171} INFO - Processing /home/airflow/.local/lib/python3.7/site-packages/airflow/example_dags/example_kubernetes_executor.py took 0.070 seconds
[2021-12-16 11:22:22,333] {processor.py:163} INFO - Started process (PID=910) to work on /home/airflow/.local/lib/python3.7/site-packages/airflow/example_dags/example_kubernetes_executor.py
[2021-12-16 11:22:22,335] {processor.py:625} INFO - Processing file /home/airflow/.local/lib/python3.7/site-packages/airflow/example_dags/example_kubernetes_executor.py for tasks to queue
[2021-12-16 11:22:22,336] {logging_mixin.py:109} INFO - [2021-12-16 11:22:22,336] {dagbag.py:500} INFO - Filling up the DagBag from /home/airflow/.local/lib/python3.7/site-packages/airflow/example_dags/example_kubernetes_executor.py
[2021-12-16 11:22:22,368] {processor.py:637} INFO - DAG(s) dict_keys(['example_kubernetes_executor']) retrieved from /home/airflow/.local/lib/python3.7/site-packages/airflow/example_dags/example_kubernetes_executor.py
[2021-12-16 11:22:22,379] {logging_mixin.py:109} INFO - [2021-12-16 11:22:22,379] {dag.py:2396} INFO - Sync 1 DAGs
[2021-12-16 11:22:22,395] {logging_mixin.py:109} INFO - [2021-12-16 11:22:22,395] {dag.py:2928} INFO - Setting next_dagrun for example_kubernetes_executor to None
[2021-12-16 11:22:22,405] {processor.py:171} INFO - Processing /home/airflow/.local/lib/python3.7/site-packages/airflow/example_dags/example_kubernetes_executor.py took 0.076 seconds
[2021-12-16 11:22:52,744] {processor.py:163} INFO - Started process (PID=970) to work on /home/airflow/.local/lib/python3.7/site-packages/airflow/example_dags/example_kubernetes_executor.py
[2021-12-16 11:22:52,746] {processor.py:625} INFO - Processing file /home/airflow/.local/lib/python3.7/site-packages/airflow/example_dags/example_kubernetes_executor.py for tasks to queue
[2021-12-16 11:22:52,747] {logging_mixin.py:109} INFO - [2021-12-16 11:22:52,747] {dagbag.py:500} INFO - Filling up the DagBag from /home/airflow/.local/lib/python3.7/site-packages/airflow/example_dags/example_kubernetes_executor.py
[2021-12-16 11:22:52,771] {processor.py:637} INFO - DAG(s) dict_keys(['example_kubernetes_executor']) retrieved from /home/airflow/.local/lib/python3.7/site-packages/airflow/example_dags/example_kubernetes_executor.py
[2021-12-16 11:22:52,782] {logging_mixin.py:109} INFO - [2021-12-16 11:22:52,782] {dag.py:2396} INFO - Sync 1 DAGs
[2021-12-16 11:22:52,797] {logging_mixin.py:109} INFO - [2021-12-16 11:22:52,797] {dag.py:2928} INFO - Setting next_dagrun for example_kubernetes_executor to None
[2021-12-16 11:22:52,804] {processor.py:171} INFO - Processing /home/airflow/.local/lib/python3.7/site-packages/airflow/example_dags/example_kubernetes_executor.py took 0.064 seconds
[2021-12-16 11:23:23,039] {processor.py:163} INFO - Started process (PID=1039) to work on /home/airflow/.local/lib/python3.7/site-packages/airflow/example_dags/example_kubernetes_executor.py
[2021-12-16 11:23:23,041] {processor.py:625} INFO - Processing file /home/airflow/.local/lib/python3.7/site-packages/airflow/example_dags/example_kubernetes_executor.py for tasks to queue
[2021-12-16 11:23:23,042] {logging_mixin.py:109} INFO - [2021-12-16 11:23:23,042] {dagbag.py:500} INFO - Filling up the DagBag from /home/airflow/.local/lib/python3.7/site-packages/airflow/example_dags/example_kubernetes_executor.py
[2021-12-16 11:23:23,073] {processor.py:637} INFO - DAG(s) dict_keys(['example_kubernetes_executor']) retrieved from /home/airflow/.local/lib/python3.7/site-packages/airflow/example_dags/example_kubernetes_executor.py
[2021-12-16 11:23:23,083] {logging_mixin.py:109} INFO - [2021-12-16 11:23:23,083] {dag.py:2396} INFO - Sync 1 DAGs
[2021-12-16 11:23:23,099] {logging_mixin.py:109} INFO - [2021-12-16 11:23:23,099] {dag.py:2928} INFO - Setting next_dagrun for example_kubernetes_executor to None
[2021-12-16 11:23:23,109] {processor.py:171} INFO - Processing /home/airflow/.local/lib/python3.7/site-packages/airflow/example_dags/example_kubernetes_executor.py took 0.074 seconds
[2021-12-16 11:23:53,507] {processor.py:163} INFO - Started process (PID=1099) to work on /home/airflow/.local/lib/python3.7/site-packages/airflow/example_dags/example_kubernetes_executor.py
[2021-12-16 11:23:53,510] {processor.py:625} INFO - Processing file /home/airflow/.local/lib/python3.7/site-packages/airflow/example_dags/example_kubernetes_executor.py for tasks to queue
[2021-12-16 11:23:53,512] {logging_mixin.py:109} INFO - [2021-12-16 11:23:53,512] {dagbag.py:500} INFO - Filling up the DagBag from /home/airflow/.local/lib/python3.7/site-packages/airflow/example_dags/example_kubernetes_executor.py
[2021-12-16 11:23:53,550] {processor.py:637} INFO - DAG(s) dict_keys(['example_kubernetes_executor']) retrieved from /home/airflow/.local/lib/python3.7/site-packages/airflow/example_dags/example_kubernetes_executor.py
[2021-12-16 11:23:53,564] {logging_mixin.py:109} INFO - [2021-12-16 11:23:53,564] {dag.py:2396} INFO - Sync 1 DAGs
[2021-12-16 11:23:53,583] {logging_mixin.py:109} INFO - [2021-12-16 11:23:53,583] {dag.py:2928} INFO - Setting next_dagrun for example_kubernetes_executor to None
[2021-12-16 11:23:53,593] {processor.py:171} INFO - Processing /home/airflow/.local/lib/python3.7/site-packages/airflow/example_dags/example_kubernetes_executor.py took 0.090 seconds
[2021-12-16 11:24:23,751] {processor.py:163} INFO - Started process (PID=1169) to work on /home/airflow/.local/lib/python3.7/site-packages/airflow/example_dags/example_kubernetes_executor.py
[2021-12-16 11:24:23,752] {processor.py:625} INFO - Processing file /home/airflow/.local/lib/python3.7/site-packages/airflow/example_dags/example_kubernetes_executor.py for tasks to queue
[2021-12-16 11:24:23,753] {logging_mixin.py:109} INFO - [2021-12-16 11:24:23,753] {dagbag.py:500} INFO - Filling up the DagBag from /home/airflow/.local/lib/python3.7/site-packages/airflow/example_dags/example_kubernetes_executor.py
[2021-12-16 11:24:23,785] {processor.py:637} INFO - DAG(s) dict_keys(['example_kubernetes_executor']) retrieved from /home/airflow/.local/lib/python3.7/site-packages/airflow/example_dags/example_kubernetes_executor.py
[2021-12-16 11:24:23,796] {logging_mixin.py:109} INFO - [2021-12-16 11:24:23,796] {dag.py:2396} INFO - Sync 1 DAGs
[2021-12-16 11:24:23,814] {logging_mixin.py:109} INFO - [2021-12-16 11:24:23,814] {dag.py:2928} INFO - Setting next_dagrun for example_kubernetes_executor to None
[2021-12-16 11:24:23,825] {processor.py:171} INFO - Processing /home/airflow/.local/lib/python3.7/site-packages/airflow/example_dags/example_kubernetes_executor.py took 0.078 seconds
[2021-12-16 11:24:54,199] {processor.py:163} INFO - Started process (PID=1238) to work on /home/airflow/.local/lib/python3.7/site-packages/airflow/example_dags/example_kubernetes_executor.py
[2021-12-16 11:24:54,201] {processor.py:625} INFO - Processing file /home/airflow/.local/lib/python3.7/site-packages/airflow/example_dags/example_kubernetes_executor.py for tasks to queue
[2021-12-16 11:24:54,202] {logging_mixin.py:109} INFO - [2021-12-16 11:24:54,201] {dagbag.py:500} INFO - Filling up the DagBag from /home/airflow/.local/lib/python3.7/site-packages/airflow/example_dags/example_kubernetes_executor.py
[2021-12-16 11:24:54,229] {processor.py:637} INFO - DAG(s) dict_keys(['example_kubernetes_executor']) retrieved from /home/airflow/.local/lib/python3.7/site-packages/airflow/example_dags/example_kubernetes_executor.py
[2021-12-16 11:24:54,238] {logging_mixin.py:109} INFO - [2021-12-16 11:24:54,238] {dag.py:2396} INFO - Sync 1 DAGs
[2021-12-16 11:24:54,252] {logging_mixin.py:109} INFO - [2021-12-16 11:24:54,252] {dag.py:2928} INFO - Setting next_dagrun for example_kubernetes_executor to None
[2021-12-16 11:24:54,261] {processor.py:171} INFO - Processing /home/airflow/.local/lib/python3.7/site-packages/airflow/example_dags/example_kubernetes_executor.py took 0.066 seconds
