[2021-12-16 11:18:01,632] {processor.py:163} INFO - Started process (PID=322) to work on /home/airflow/.local/lib/python3.7/site-packages/airflow/example_dags/example_python_operator.py
[2021-12-16 11:18:01,634] {processor.py:625} INFO - Processing file /home/airflow/.local/lib/python3.7/site-packages/airflow/example_dags/example_python_operator.py for tasks to queue
[2021-12-16 11:18:01,635] {logging_mixin.py:109} INFO - [2021-12-16 11:18:01,635] {dagbag.py:500} INFO - Filling up the DagBag from /home/airflow/.local/lib/python3.7/site-packages/airflow/example_dags/example_python_operator.py
[2021-12-16 11:18:01,664] {processor.py:637} INFO - DAG(s) dict_keys(['example_python_operator']) retrieved from /home/airflow/.local/lib/python3.7/site-packages/airflow/example_dags/example_python_operator.py
[2021-12-16 11:18:02,686] {logging_mixin.py:109} INFO - [2021-12-16 11:18:02,686] {providers_manager.py:156} WARNING - Exception when importing 'airflow.providers.google.leveldb.hooks.leveldb.LevelDBHook' from 'apache-airflow-providers-google' package: No module named 'plyvel'
[2021-12-16 11:18:03,054] {logging_mixin.py:109} INFO - [2021-12-16 11:18:03,054] {providers_manager.py:156} WARNING - Exception when importing 'airflow.providers.google.leveldb.hooks.leveldb.LevelDBHook' from 'apache-airflow-providers-google' package: No module named 'plyvel'
[2021-12-16 11:18:03,073] {logging_mixin.py:109} INFO - [2021-12-16 11:18:03,073] {manager.py:496} INFO - Created Permission View: can read on DAG:example_python_operator
[2021-12-16 11:18:03,084] {logging_mixin.py:109} INFO - [2021-12-16 11:18:03,083] {manager.py:496} INFO - Created Permission View: can edit on DAG:example_python_operator
[2021-12-16 11:18:03,085] {logging_mixin.py:109} INFO - [2021-12-16 11:18:03,085] {dag.py:2396} INFO - Sync 1 DAGs
[2021-12-16 11:18:03,096] {logging_mixin.py:109} INFO - [2021-12-16 11:18:03,096] {dag.py:2415} INFO - Creating ORM DAG for example_python_operator
[2021-12-16 11:18:03,113] {logging_mixin.py:109} INFO - [2021-12-16 11:18:03,113] {dag.py:2928} INFO - Setting next_dagrun for example_python_operator to None
[2021-12-16 11:18:03,122] {processor.py:171} INFO - Processing /home/airflow/.local/lib/python3.7/site-packages/airflow/example_dags/example_python_operator.py took 1.494 seconds
[2021-12-16 11:18:33,866] {processor.py:163} INFO - Started process (PID=417) to work on /home/airflow/.local/lib/python3.7/site-packages/airflow/example_dags/example_python_operator.py
[2021-12-16 11:18:33,868] {processor.py:625} INFO - Processing file /home/airflow/.local/lib/python3.7/site-packages/airflow/example_dags/example_python_operator.py for tasks to queue
[2021-12-16 11:18:33,869] {logging_mixin.py:109} INFO - [2021-12-16 11:18:33,869] {dagbag.py:500} INFO - Filling up the DagBag from /home/airflow/.local/lib/python3.7/site-packages/airflow/example_dags/example_python_operator.py
[2021-12-16 11:18:33,900] {processor.py:637} INFO - DAG(s) dict_keys(['example_python_operator']) retrieved from /home/airflow/.local/lib/python3.7/site-packages/airflow/example_dags/example_python_operator.py
[2021-12-16 11:18:33,912] {logging_mixin.py:109} INFO - [2021-12-16 11:18:33,912] {dag.py:2396} INFO - Sync 1 DAGs
[2021-12-16 11:18:33,929] {logging_mixin.py:109} INFO - [2021-12-16 11:18:33,929] {dag.py:2928} INFO - Setting next_dagrun for example_python_operator to None
[2021-12-16 11:18:33,940] {processor.py:171} INFO - Processing /home/airflow/.local/lib/python3.7/site-packages/airflow/example_dags/example_python_operator.py took 0.079 seconds
[2021-12-16 11:19:04,490] {processor.py:163} INFO - Started process (PID=478) to work on /home/airflow/.local/lib/python3.7/site-packages/airflow/example_dags/example_python_operator.py
[2021-12-16 11:19:04,493] {processor.py:625} INFO - Processing file /home/airflow/.local/lib/python3.7/site-packages/airflow/example_dags/example_python_operator.py for tasks to queue
[2021-12-16 11:19:04,494] {logging_mixin.py:109} INFO - [2021-12-16 11:19:04,494] {dagbag.py:500} INFO - Filling up the DagBag from /home/airflow/.local/lib/python3.7/site-packages/airflow/example_dags/example_python_operator.py
[2021-12-16 11:19:04,534] {processor.py:637} INFO - DAG(s) dict_keys(['example_python_operator']) retrieved from /home/airflow/.local/lib/python3.7/site-packages/airflow/example_dags/example_python_operator.py
[2021-12-16 11:19:04,552] {logging_mixin.py:109} INFO - [2021-12-16 11:19:04,552] {dag.py:2396} INFO - Sync 1 DAGs
[2021-12-16 11:19:04,578] {logging_mixin.py:109} INFO - [2021-12-16 11:19:04,578] {dag.py:2928} INFO - Setting next_dagrun for example_python_operator to None
[2021-12-16 11:19:04,596] {processor.py:171} INFO - Processing /home/airflow/.local/lib/python3.7/site-packages/airflow/example_dags/example_python_operator.py took 0.111 seconds
[2021-12-16 11:19:34,659] {processor.py:163} INFO - Started process (PID=547) to work on /home/airflow/.local/lib/python3.7/site-packages/airflow/example_dags/example_python_operator.py
[2021-12-16 11:19:34,661] {processor.py:625} INFO - Processing file /home/airflow/.local/lib/python3.7/site-packages/airflow/example_dags/example_python_operator.py for tasks to queue
[2021-12-16 11:19:34,662] {logging_mixin.py:109} INFO - [2021-12-16 11:19:34,662] {dagbag.py:500} INFO - Filling up the DagBag from /home/airflow/.local/lib/python3.7/site-packages/airflow/example_dags/example_python_operator.py
[2021-12-16 11:19:34,691] {processor.py:637} INFO - DAG(s) dict_keys(['example_python_operator']) retrieved from /home/airflow/.local/lib/python3.7/site-packages/airflow/example_dags/example_python_operator.py
[2021-12-16 11:19:34,700] {logging_mixin.py:109} INFO - [2021-12-16 11:19:34,700] {dag.py:2396} INFO - Sync 1 DAGs
[2021-12-16 11:19:34,714] {logging_mixin.py:109} INFO - [2021-12-16 11:19:34,714] {dag.py:2928} INFO - Setting next_dagrun for example_python_operator to None
[2021-12-16 11:19:34,722] {processor.py:171} INFO - Processing /home/airflow/.local/lib/python3.7/site-packages/airflow/example_dags/example_python_operator.py took 0.066 seconds
[2021-12-16 11:20:05,891] {processor.py:163} INFO - Started process (PID=607) to work on /home/airflow/.local/lib/python3.7/site-packages/airflow/example_dags/example_python_operator.py
[2021-12-16 11:20:05,893] {processor.py:625} INFO - Processing file /home/airflow/.local/lib/python3.7/site-packages/airflow/example_dags/example_python_operator.py for tasks to queue
[2021-12-16 11:20:05,895] {logging_mixin.py:109} INFO - [2021-12-16 11:20:05,894] {dagbag.py:500} INFO - Filling up the DagBag from /home/airflow/.local/lib/python3.7/site-packages/airflow/example_dags/example_python_operator.py
[2021-12-16 11:20:05,926] {processor.py:637} INFO - DAG(s) dict_keys(['example_python_operator']) retrieved from /home/airflow/.local/lib/python3.7/site-packages/airflow/example_dags/example_python_operator.py
[2021-12-16 11:20:05,936] {logging_mixin.py:109} INFO - [2021-12-16 11:20:05,936] {dag.py:2396} INFO - Sync 1 DAGs
[2021-12-16 11:20:05,954] {logging_mixin.py:109} INFO - [2021-12-16 11:20:05,954] {dag.py:2928} INFO - Setting next_dagrun for example_python_operator to None
[2021-12-16 11:20:05,966] {processor.py:171} INFO - Processing /home/airflow/.local/lib/python3.7/site-packages/airflow/example_dags/example_python_operator.py took 0.078 seconds
[2021-12-16 11:20:36,451] {processor.py:163} INFO - Started process (PID=676) to work on /home/airflow/.local/lib/python3.7/site-packages/airflow/example_dags/example_python_operator.py
[2021-12-16 11:20:36,453] {processor.py:625} INFO - Processing file /home/airflow/.local/lib/python3.7/site-packages/airflow/example_dags/example_python_operator.py for tasks to queue
[2021-12-16 11:20:36,454] {logging_mixin.py:109} INFO - [2021-12-16 11:20:36,454] {dagbag.py:500} INFO - Filling up the DagBag from /home/airflow/.local/lib/python3.7/site-packages/airflow/example_dags/example_python_operator.py
[2021-12-16 11:20:36,483] {processor.py:637} INFO - DAG(s) dict_keys(['example_python_operator']) retrieved from /home/airflow/.local/lib/python3.7/site-packages/airflow/example_dags/example_python_operator.py
[2021-12-16 11:20:36,493] {logging_mixin.py:109} INFO - [2021-12-16 11:20:36,493] {dag.py:2396} INFO - Sync 1 DAGs
[2021-12-16 11:20:36,510] {logging_mixin.py:109} INFO - [2021-12-16 11:20:36,510] {dag.py:2928} INFO - Setting next_dagrun for example_python_operator to None
[2021-12-16 11:20:36,520] {processor.py:171} INFO - Processing /home/airflow/.local/lib/python3.7/site-packages/airflow/example_dags/example_python_operator.py took 0.073 seconds
[2021-12-16 11:21:06,947] {processor.py:163} INFO - Started process (PID=736) to work on /home/airflow/.local/lib/python3.7/site-packages/airflow/example_dags/example_python_operator.py
[2021-12-16 11:21:06,949] {processor.py:625} INFO - Processing file /home/airflow/.local/lib/python3.7/site-packages/airflow/example_dags/example_python_operator.py for tasks to queue
[2021-12-16 11:21:06,950] {logging_mixin.py:109} INFO - [2021-12-16 11:21:06,950] {dagbag.py:500} INFO - Filling up the DagBag from /home/airflow/.local/lib/python3.7/site-packages/airflow/example_dags/example_python_operator.py
[2021-12-16 11:21:06,977] {processor.py:637} INFO - DAG(s) dict_keys(['example_python_operator']) retrieved from /home/airflow/.local/lib/python3.7/site-packages/airflow/example_dags/example_python_operator.py
[2021-12-16 11:21:06,989] {logging_mixin.py:109} INFO - [2021-12-16 11:21:06,989] {dag.py:2396} INFO - Sync 1 DAGs
[2021-12-16 11:21:07,008] {logging_mixin.py:109} INFO - [2021-12-16 11:21:07,008] {dag.py:2928} INFO - Setting next_dagrun for example_python_operator to None
[2021-12-16 11:21:07,020] {processor.py:171} INFO - Processing /home/airflow/.local/lib/python3.7/site-packages/airflow/example_dags/example_python_operator.py took 0.076 seconds
[2021-12-16 11:21:38,253] {processor.py:163} INFO - Started process (PID=805) to work on /home/airflow/.local/lib/python3.7/site-packages/airflow/example_dags/example_python_operator.py
[2021-12-16 11:21:38,255] {processor.py:625} INFO - Processing file /home/airflow/.local/lib/python3.7/site-packages/airflow/example_dags/example_python_operator.py for tasks to queue
[2021-12-16 11:21:38,256] {logging_mixin.py:109} INFO - [2021-12-16 11:21:38,256] {dagbag.py:500} INFO - Filling up the DagBag from /home/airflow/.local/lib/python3.7/site-packages/airflow/example_dags/example_python_operator.py
[2021-12-16 11:21:38,283] {processor.py:637} INFO - DAG(s) dict_keys(['example_python_operator']) retrieved from /home/airflow/.local/lib/python3.7/site-packages/airflow/example_dags/example_python_operator.py
[2021-12-16 11:21:38,292] {logging_mixin.py:109} INFO - [2021-12-16 11:21:38,292] {dag.py:2396} INFO - Sync 1 DAGs
[2021-12-16 11:21:38,306] {logging_mixin.py:109} INFO - [2021-12-16 11:21:38,306] {dag.py:2928} INFO - Setting next_dagrun for example_python_operator to None
[2021-12-16 11:21:38,314] {processor.py:171} INFO - Processing /home/airflow/.local/lib/python3.7/site-packages/airflow/example_dags/example_python_operator.py took 0.064 seconds
[2021-12-16 11:22:08,727] {processor.py:163} INFO - Started process (PID=874) to work on /home/airflow/.local/lib/python3.7/site-packages/airflow/example_dags/example_python_operator.py
[2021-12-16 11:22:08,729] {processor.py:625} INFO - Processing file /home/airflow/.local/lib/python3.7/site-packages/airflow/example_dags/example_python_operator.py for tasks to queue
[2021-12-16 11:22:08,730] {logging_mixin.py:109} INFO - [2021-12-16 11:22:08,730] {dagbag.py:500} INFO - Filling up the DagBag from /home/airflow/.local/lib/python3.7/site-packages/airflow/example_dags/example_python_operator.py
[2021-12-16 11:22:08,756] {processor.py:637} INFO - DAG(s) dict_keys(['example_python_operator']) retrieved from /home/airflow/.local/lib/python3.7/site-packages/airflow/example_dags/example_python_operator.py
[2021-12-16 11:22:08,765] {logging_mixin.py:109} INFO - [2021-12-16 11:22:08,765] {dag.py:2396} INFO - Sync 1 DAGs
[2021-12-16 11:22:08,779] {logging_mixin.py:109} INFO - [2021-12-16 11:22:08,779] {dag.py:2928} INFO - Setting next_dagrun for example_python_operator to None
[2021-12-16 11:22:08,787] {processor.py:171} INFO - Processing /home/airflow/.local/lib/python3.7/site-packages/airflow/example_dags/example_python_operator.py took 0.063 seconds
[2021-12-16 11:22:39,032] {processor.py:163} INFO - Started process (PID=936) to work on /home/airflow/.local/lib/python3.7/site-packages/airflow/example_dags/example_python_operator.py
[2021-12-16 11:22:39,034] {processor.py:625} INFO - Processing file /home/airflow/.local/lib/python3.7/site-packages/airflow/example_dags/example_python_operator.py for tasks to queue
[2021-12-16 11:22:39,035] {logging_mixin.py:109} INFO - [2021-12-16 11:22:39,035] {dagbag.py:500} INFO - Filling up the DagBag from /home/airflow/.local/lib/python3.7/site-packages/airflow/example_dags/example_python_operator.py
[2021-12-16 11:22:39,064] {processor.py:637} INFO - DAG(s) dict_keys(['example_python_operator']) retrieved from /home/airflow/.local/lib/python3.7/site-packages/airflow/example_dags/example_python_operator.py
[2021-12-16 11:22:39,074] {logging_mixin.py:109} INFO - [2021-12-16 11:22:39,074] {dag.py:2396} INFO - Sync 1 DAGs
[2021-12-16 11:22:39,090] {logging_mixin.py:109} INFO - [2021-12-16 11:22:39,090] {dag.py:2928} INFO - Setting next_dagrun for example_python_operator to None
[2021-12-16 11:22:39,101] {processor.py:171} INFO - Processing /home/airflow/.local/lib/python3.7/site-packages/airflow/example_dags/example_python_operator.py took 0.073 seconds
[2021-12-16 11:23:10,434] {processor.py:163} INFO - Started process (PID=1005) to work on /home/airflow/.local/lib/python3.7/site-packages/airflow/example_dags/example_python_operator.py
[2021-12-16 11:23:10,435] {processor.py:625} INFO - Processing file /home/airflow/.local/lib/python3.7/site-packages/airflow/example_dags/example_python_operator.py for tasks to queue
[2021-12-16 11:23:10,436] {logging_mixin.py:109} INFO - [2021-12-16 11:23:10,436] {dagbag.py:500} INFO - Filling up the DagBag from /home/airflow/.local/lib/python3.7/site-packages/airflow/example_dags/example_python_operator.py
[2021-12-16 11:23:10,462] {processor.py:637} INFO - DAG(s) dict_keys(['example_python_operator']) retrieved from /home/airflow/.local/lib/python3.7/site-packages/airflow/example_dags/example_python_operator.py
[2021-12-16 11:23:10,471] {logging_mixin.py:109} INFO - [2021-12-16 11:23:10,471] {dag.py:2396} INFO - Sync 1 DAGs
[2021-12-16 11:23:10,485] {logging_mixin.py:109} INFO - [2021-12-16 11:23:10,485] {dag.py:2928} INFO - Setting next_dagrun for example_python_operator to None
[2021-12-16 11:23:10,494] {processor.py:171} INFO - Processing /home/airflow/.local/lib/python3.7/site-packages/airflow/example_dags/example_python_operator.py took 0.064 seconds
[2021-12-16 11:23:41,677] {processor.py:163} INFO - Started process (PID=1065) to work on /home/airflow/.local/lib/python3.7/site-packages/airflow/example_dags/example_python_operator.py
[2021-12-16 11:23:41,679] {processor.py:625} INFO - Processing file /home/airflow/.local/lib/python3.7/site-packages/airflow/example_dags/example_python_operator.py for tasks to queue
[2021-12-16 11:23:41,680] {logging_mixin.py:109} INFO - [2021-12-16 11:23:41,680] {dagbag.py:500} INFO - Filling up the DagBag from /home/airflow/.local/lib/python3.7/site-packages/airflow/example_dags/example_python_operator.py
[2021-12-16 11:23:41,710] {processor.py:637} INFO - DAG(s) dict_keys(['example_python_operator']) retrieved from /home/airflow/.local/lib/python3.7/site-packages/airflow/example_dags/example_python_operator.py
[2021-12-16 11:23:41,722] {logging_mixin.py:109} INFO - [2021-12-16 11:23:41,722] {dag.py:2396} INFO - Sync 1 DAGs
[2021-12-16 11:23:41,739] {logging_mixin.py:109} INFO - [2021-12-16 11:23:41,738] {dag.py:2928} INFO - Setting next_dagrun for example_python_operator to None
[2021-12-16 11:23:41,749] {processor.py:171} INFO - Processing /home/airflow/.local/lib/python3.7/site-packages/airflow/example_dags/example_python_operator.py took 0.075 seconds
[2021-12-16 11:24:12,324] {processor.py:163} INFO - Started process (PID=1134) to work on /home/airflow/.local/lib/python3.7/site-packages/airflow/example_dags/example_python_operator.py
[2021-12-16 11:24:12,326] {processor.py:625} INFO - Processing file /home/airflow/.local/lib/python3.7/site-packages/airflow/example_dags/example_python_operator.py for tasks to queue
[2021-12-16 11:24:12,328] {logging_mixin.py:109} INFO - [2021-12-16 11:24:12,327] {dagbag.py:500} INFO - Filling up the DagBag from /home/airflow/.local/lib/python3.7/site-packages/airflow/example_dags/example_python_operator.py
[2021-12-16 11:24:12,357] {processor.py:637} INFO - DAG(s) dict_keys(['example_python_operator']) retrieved from /home/airflow/.local/lib/python3.7/site-packages/airflow/example_dags/example_python_operator.py
[2021-12-16 11:24:12,368] {logging_mixin.py:109} INFO - [2021-12-16 11:24:12,368] {dag.py:2396} INFO - Sync 1 DAGs
[2021-12-16 11:24:12,397] {logging_mixin.py:109} INFO - [2021-12-16 11:24:12,397] {dag.py:2928} INFO - Setting next_dagrun for example_python_operator to None
[2021-12-16 11:24:12,408] {processor.py:171} INFO - Processing /home/airflow/.local/lib/python3.7/site-packages/airflow/example_dags/example_python_operator.py took 0.088 seconds
[2021-12-16 11:24:43,165] {processor.py:163} INFO - Started process (PID=1204) to work on /home/airflow/.local/lib/python3.7/site-packages/airflow/example_dags/example_python_operator.py
[2021-12-16 11:24:43,168] {processor.py:625} INFO - Processing file /home/airflow/.local/lib/python3.7/site-packages/airflow/example_dags/example_python_operator.py for tasks to queue
[2021-12-16 11:24:43,169] {logging_mixin.py:109} INFO - [2021-12-16 11:24:43,169] {dagbag.py:500} INFO - Filling up the DagBag from /home/airflow/.local/lib/python3.7/site-packages/airflow/example_dags/example_python_operator.py
[2021-12-16 11:24:43,198] {processor.py:637} INFO - DAG(s) dict_keys(['example_python_operator']) retrieved from /home/airflow/.local/lib/python3.7/site-packages/airflow/example_dags/example_python_operator.py
[2021-12-16 11:24:43,209] {logging_mixin.py:109} INFO - [2021-12-16 11:24:43,209] {dag.py:2396} INFO - Sync 1 DAGs
[2021-12-16 11:24:43,225] {logging_mixin.py:109} INFO - [2021-12-16 11:24:43,225] {dag.py:2928} INFO - Setting next_dagrun for example_python_operator to None
[2021-12-16 11:24:43,234] {processor.py:171} INFO - Processing /home/airflow/.local/lib/python3.7/site-packages/airflow/example_dags/example_python_operator.py took 0.073 seconds
[2021-12-16 11:25:13,707] {processor.py:163} INFO - Started process (PID=1265) to work on /home/airflow/.local/lib/python3.7/site-packages/airflow/example_dags/example_python_operator.py
[2021-12-16 11:25:13,709] {processor.py:625} INFO - Processing file /home/airflow/.local/lib/python3.7/site-packages/airflow/example_dags/example_python_operator.py for tasks to queue
[2021-12-16 11:25:13,710] {logging_mixin.py:109} INFO - [2021-12-16 11:25:13,710] {dagbag.py:500} INFO - Filling up the DagBag from /home/airflow/.local/lib/python3.7/site-packages/airflow/example_dags/example_python_operator.py
[2021-12-16 11:25:13,736] {processor.py:637} INFO - DAG(s) dict_keys(['example_python_operator']) retrieved from /home/airflow/.local/lib/python3.7/site-packages/airflow/example_dags/example_python_operator.py
[2021-12-16 11:25:13,746] {logging_mixin.py:109} INFO - [2021-12-16 11:25:13,746] {dag.py:2396} INFO - Sync 1 DAGs
[2021-12-16 11:25:13,761] {logging_mixin.py:109} INFO - [2021-12-16 11:25:13,761] {dag.py:2928} INFO - Setting next_dagrun for example_python_operator to None
[2021-12-16 11:25:13,769] {processor.py:171} INFO - Processing /home/airflow/.local/lib/python3.7/site-packages/airflow/example_dags/example_python_operator.py took 0.065 seconds
