[2021-12-16 11:17:48,906] {processor.py:163} INFO - Started process (PID=167) to work on /home/airflow/.local/lib/python3.7/site-packages/airflow/example_dags/example_branch_python_dop_operator_3.py
[2021-12-16 11:17:48,908] {processor.py:625} INFO - Processing file /home/airflow/.local/lib/python3.7/site-packages/airflow/example_dags/example_branch_python_dop_operator_3.py for tasks to queue
[2021-12-16 11:17:48,909] {logging_mixin.py:109} INFO - [2021-12-16 11:17:48,909] {dagbag.py:500} INFO - Filling up the DagBag from /home/airflow/.local/lib/python3.7/site-packages/airflow/example_dags/example_branch_python_dop_operator_3.py
[2021-12-16 11:17:48,940] {processor.py:637} INFO - DAG(s) dict_keys(['example_branch_dop_operator_v3']) retrieved from /home/airflow/.local/lib/python3.7/site-packages/airflow/example_dags/example_branch_python_dop_operator_3.py
[2021-12-16 11:17:49,919] {logging_mixin.py:109} INFO - [2021-12-16 11:17:49,919] {providers_manager.py:156} WARNING - Exception when importing 'airflow.providers.google.leveldb.hooks.leveldb.LevelDBHook' from 'apache-airflow-providers-google' package: No module named 'plyvel'
[2021-12-16 11:17:50,252] {logging_mixin.py:109} INFO - [2021-12-16 11:17:50,251] {providers_manager.py:156} WARNING - Exception when importing 'airflow.providers.google.leveldb.hooks.leveldb.LevelDBHook' from 'apache-airflow-providers-google' package: No module named 'plyvel'
[2021-12-16 11:17:50,266] {logging_mixin.py:109} INFO - [2021-12-16 11:17:50,266] {manager.py:496} INFO - Created Permission View: can read on DAG:example_branch_dop_operator_v3
[2021-12-16 11:17:50,273] {logging_mixin.py:109} INFO - [2021-12-16 11:17:50,273] {manager.py:496} INFO - Created Permission View: can edit on DAG:example_branch_dop_operator_v3
[2021-12-16 11:17:50,274] {logging_mixin.py:109} INFO - [2021-12-16 11:17:50,273] {dag.py:2396} INFO - Sync 1 DAGs
[2021-12-16 11:17:50,280] {logging_mixin.py:109} INFO - [2021-12-16 11:17:50,279] {dag.py:2415} INFO - Creating ORM DAG for example_branch_dop_operator_v3
[2021-12-16 11:17:50,289] {logging_mixin.py:109} INFO - [2021-12-16 11:17:50,288] {dag.py:2928} INFO - Setting next_dagrun for example_branch_dop_operator_v3 to 2021-12-16T11:16:00+00:00
[2021-12-16 11:17:50,297] {processor.py:171} INFO - Processing /home/airflow/.local/lib/python3.7/site-packages/airflow/example_dags/example_branch_python_dop_operator_3.py took 1.394 seconds
[2021-12-16 11:18:20,891] {processor.py:163} INFO - Started process (PID=383) to work on /home/airflow/.local/lib/python3.7/site-packages/airflow/example_dags/example_branch_python_dop_operator_3.py
[2021-12-16 11:18:20,895] {processor.py:625} INFO - Processing file /home/airflow/.local/lib/python3.7/site-packages/airflow/example_dags/example_branch_python_dop_operator_3.py for tasks to queue
[2021-12-16 11:18:20,896] {logging_mixin.py:109} INFO - [2021-12-16 11:18:20,896] {dagbag.py:500} INFO - Filling up the DagBag from /home/airflow/.local/lib/python3.7/site-packages/airflow/example_dags/example_branch_python_dop_operator_3.py
[2021-12-16 11:18:20,934] {processor.py:637} INFO - DAG(s) dict_keys(['example_branch_dop_operator_v3']) retrieved from /home/airflow/.local/lib/python3.7/site-packages/airflow/example_dags/example_branch_python_dop_operator_3.py
[2021-12-16 11:18:20,948] {logging_mixin.py:109} INFO - [2021-12-16 11:18:20,948] {dag.py:2396} INFO - Sync 1 DAGs
[2021-12-16 11:18:20,978] {logging_mixin.py:109} INFO - [2021-12-16 11:18:20,977] {dag.py:2928} INFO - Setting next_dagrun for example_branch_dop_operator_v3 to 2021-12-16T11:17:00+00:00
[2021-12-16 11:18:20,995] {processor.py:171} INFO - Processing /home/airflow/.local/lib/python3.7/site-packages/airflow/example_dags/example_branch_python_dop_operator_3.py took 0.108 seconds
[2021-12-16 11:18:51,101] {processor.py:163} INFO - Started process (PID=453) to work on /home/airflow/.local/lib/python3.7/site-packages/airflow/example_dags/example_branch_python_dop_operator_3.py
[2021-12-16 11:18:51,102] {processor.py:625} INFO - Processing file /home/airflow/.local/lib/python3.7/site-packages/airflow/example_dags/example_branch_python_dop_operator_3.py for tasks to queue
[2021-12-16 11:18:51,104] {logging_mixin.py:109} INFO - [2021-12-16 11:18:51,104] {dagbag.py:500} INFO - Filling up the DagBag from /home/airflow/.local/lib/python3.7/site-packages/airflow/example_dags/example_branch_python_dop_operator_3.py
[2021-12-16 11:18:51,140] {processor.py:637} INFO - DAG(s) dict_keys(['example_branch_dop_operator_v3']) retrieved from /home/airflow/.local/lib/python3.7/site-packages/airflow/example_dags/example_branch_python_dop_operator_3.py
[2021-12-16 11:18:51,152] {logging_mixin.py:109} INFO - [2021-12-16 11:18:51,151] {dag.py:2396} INFO - Sync 1 DAGs
[2021-12-16 11:18:51,173] {logging_mixin.py:109} INFO - [2021-12-16 11:18:51,173] {dag.py:2928} INFO - Setting next_dagrun for example_branch_dop_operator_v3 to 2021-12-16T11:17:00+00:00
[2021-12-16 11:18:51,184] {processor.py:171} INFO - Processing /home/airflow/.local/lib/python3.7/site-packages/airflow/example_dags/example_branch_python_dop_operator_3.py took 0.086 seconds
[2021-12-16 11:19:21,234] {processor.py:163} INFO - Started process (PID=522) to work on /home/airflow/.local/lib/python3.7/site-packages/airflow/example_dags/example_branch_python_dop_operator_3.py
[2021-12-16 11:19:21,236] {processor.py:625} INFO - Processing file /home/airflow/.local/lib/python3.7/site-packages/airflow/example_dags/example_branch_python_dop_operator_3.py for tasks to queue
[2021-12-16 11:19:21,237] {logging_mixin.py:109} INFO - [2021-12-16 11:19:21,237] {dagbag.py:500} INFO - Filling up the DagBag from /home/airflow/.local/lib/python3.7/site-packages/airflow/example_dags/example_branch_python_dop_operator_3.py
[2021-12-16 11:19:21,265] {processor.py:637} INFO - DAG(s) dict_keys(['example_branch_dop_operator_v3']) retrieved from /home/airflow/.local/lib/python3.7/site-packages/airflow/example_dags/example_branch_python_dop_operator_3.py
[2021-12-16 11:19:21,276] {logging_mixin.py:109} INFO - [2021-12-16 11:19:21,276] {dag.py:2396} INFO - Sync 1 DAGs
[2021-12-16 11:19:21,296] {logging_mixin.py:109} INFO - [2021-12-16 11:19:21,296] {dag.py:2928} INFO - Setting next_dagrun for example_branch_dop_operator_v3 to 2021-12-16T11:18:00+00:00
[2021-12-16 11:19:21,307] {processor.py:171} INFO - Processing /home/airflow/.local/lib/python3.7/site-packages/airflow/example_dags/example_branch_python_dop_operator_3.py took 0.076 seconds
[2021-12-16 11:19:51,359] {processor.py:163} INFO - Started process (PID=582) to work on /home/airflow/.local/lib/python3.7/site-packages/airflow/example_dags/example_branch_python_dop_operator_3.py
[2021-12-16 11:19:51,361] {processor.py:625} INFO - Processing file /home/airflow/.local/lib/python3.7/site-packages/airflow/example_dags/example_branch_python_dop_operator_3.py for tasks to queue
[2021-12-16 11:19:51,362] {logging_mixin.py:109} INFO - [2021-12-16 11:19:51,362] {dagbag.py:500} INFO - Filling up the DagBag from /home/airflow/.local/lib/python3.7/site-packages/airflow/example_dags/example_branch_python_dop_operator_3.py
[2021-12-16 11:19:51,387] {processor.py:637} INFO - DAG(s) dict_keys(['example_branch_dop_operator_v3']) retrieved from /home/airflow/.local/lib/python3.7/site-packages/airflow/example_dags/example_branch_python_dop_operator_3.py
[2021-12-16 11:19:51,395] {logging_mixin.py:109} INFO - [2021-12-16 11:19:51,395] {dag.py:2396} INFO - Sync 1 DAGs
[2021-12-16 11:19:51,412] {logging_mixin.py:109} INFO - [2021-12-16 11:19:51,412] {dag.py:2928} INFO - Setting next_dagrun for example_branch_dop_operator_v3 to 2021-12-16T11:18:00+00:00
[2021-12-16 11:19:51,420] {processor.py:171} INFO - Processing /home/airflow/.local/lib/python3.7/site-packages/airflow/example_dags/example_branch_python_dop_operator_3.py took 0.064 seconds
[2021-12-16 11:20:21,982] {processor.py:163} INFO - Started process (PID=651) to work on /home/airflow/.local/lib/python3.7/site-packages/airflow/example_dags/example_branch_python_dop_operator_3.py
[2021-12-16 11:20:21,997] {processor.py:625} INFO - Processing file /home/airflow/.local/lib/python3.7/site-packages/airflow/example_dags/example_branch_python_dop_operator_3.py for tasks to queue
[2021-12-16 11:20:21,998] {logging_mixin.py:109} INFO - [2021-12-16 11:20:21,998] {dagbag.py:500} INFO - Filling up the DagBag from /home/airflow/.local/lib/python3.7/site-packages/airflow/example_dags/example_branch_python_dop_operator_3.py
[2021-12-16 11:20:22,035] {processor.py:637} INFO - DAG(s) dict_keys(['example_branch_dop_operator_v3']) retrieved from /home/airflow/.local/lib/python3.7/site-packages/airflow/example_dags/example_branch_python_dop_operator_3.py
[2021-12-16 11:20:22,045] {logging_mixin.py:109} INFO - [2021-12-16 11:20:22,045] {dag.py:2396} INFO - Sync 1 DAGs
[2021-12-16 11:20:22,065] {logging_mixin.py:109} INFO - [2021-12-16 11:20:22,065] {dag.py:2928} INFO - Setting next_dagrun for example_branch_dop_operator_v3 to 2021-12-16T11:19:00+00:00
[2021-12-16 11:20:22,074] {processor.py:171} INFO - Processing /home/airflow/.local/lib/python3.7/site-packages/airflow/example_dags/example_branch_python_dop_operator_3.py took 0.096 seconds
[2021-12-16 11:20:52,274] {processor.py:163} INFO - Started process (PID=711) to work on /home/airflow/.local/lib/python3.7/site-packages/airflow/example_dags/example_branch_python_dop_operator_3.py
[2021-12-16 11:20:52,275] {processor.py:625} INFO - Processing file /home/airflow/.local/lib/python3.7/site-packages/airflow/example_dags/example_branch_python_dop_operator_3.py for tasks to queue
[2021-12-16 11:20:52,276] {logging_mixin.py:109} INFO - [2021-12-16 11:20:52,276] {dagbag.py:500} INFO - Filling up the DagBag from /home/airflow/.local/lib/python3.7/site-packages/airflow/example_dags/example_branch_python_dop_operator_3.py
[2021-12-16 11:20:52,306] {processor.py:637} INFO - DAG(s) dict_keys(['example_branch_dop_operator_v3']) retrieved from /home/airflow/.local/lib/python3.7/site-packages/airflow/example_dags/example_branch_python_dop_operator_3.py
[2021-12-16 11:20:52,315] {logging_mixin.py:109} INFO - [2021-12-16 11:20:52,315] {dag.py:2396} INFO - Sync 1 DAGs
[2021-12-16 11:20:52,332] {logging_mixin.py:109} INFO - [2021-12-16 11:20:52,332] {dag.py:2928} INFO - Setting next_dagrun for example_branch_dop_operator_v3 to 2021-12-16T11:19:00+00:00
[2021-12-16 11:20:52,340] {processor.py:171} INFO - Processing /home/airflow/.local/lib/python3.7/site-packages/airflow/example_dags/example_branch_python_dop_operator_3.py took 0.069 seconds
[2021-12-16 11:21:22,590] {processor.py:163} INFO - Started process (PID=780) to work on /home/airflow/.local/lib/python3.7/site-packages/airflow/example_dags/example_branch_python_dop_operator_3.py
[2021-12-16 11:21:22,592] {processor.py:625} INFO - Processing file /home/airflow/.local/lib/python3.7/site-packages/airflow/example_dags/example_branch_python_dop_operator_3.py for tasks to queue
[2021-12-16 11:21:22,593] {logging_mixin.py:109} INFO - [2021-12-16 11:21:22,593] {dagbag.py:500} INFO - Filling up the DagBag from /home/airflow/.local/lib/python3.7/site-packages/airflow/example_dags/example_branch_python_dop_operator_3.py
[2021-12-16 11:21:22,616] {processor.py:637} INFO - DAG(s) dict_keys(['example_branch_dop_operator_v3']) retrieved from /home/airflow/.local/lib/python3.7/site-packages/airflow/example_dags/example_branch_python_dop_operator_3.py
[2021-12-16 11:21:22,625] {logging_mixin.py:109} INFO - [2021-12-16 11:21:22,624] {dag.py:2396} INFO - Sync 1 DAGs
[2021-12-16 11:21:22,642] {logging_mixin.py:109} INFO - [2021-12-16 11:21:22,642] {dag.py:2928} INFO - Setting next_dagrun for example_branch_dop_operator_v3 to 2021-12-16T11:20:00+00:00
[2021-12-16 11:21:22,649] {processor.py:171} INFO - Processing /home/airflow/.local/lib/python3.7/site-packages/airflow/example_dags/example_branch_python_dop_operator_3.py took 0.062 seconds
[2021-12-16 11:21:53,121] {processor.py:163} INFO - Started process (PID=840) to work on /home/airflow/.local/lib/python3.7/site-packages/airflow/example_dags/example_branch_python_dop_operator_3.py
[2021-12-16 11:21:53,123] {processor.py:625} INFO - Processing file /home/airflow/.local/lib/python3.7/site-packages/airflow/example_dags/example_branch_python_dop_operator_3.py for tasks to queue
[2021-12-16 11:21:53,125] {logging_mixin.py:109} INFO - [2021-12-16 11:21:53,125] {dagbag.py:500} INFO - Filling up the DagBag from /home/airflow/.local/lib/python3.7/site-packages/airflow/example_dags/example_branch_python_dop_operator_3.py
[2021-12-16 11:21:53,157] {processor.py:637} INFO - DAG(s) dict_keys(['example_branch_dop_operator_v3']) retrieved from /home/airflow/.local/lib/python3.7/site-packages/airflow/example_dags/example_branch_python_dop_operator_3.py
[2021-12-16 11:21:53,169] {logging_mixin.py:109} INFO - [2021-12-16 11:21:53,169] {dag.py:2396} INFO - Sync 1 DAGs
[2021-12-16 11:21:53,188] {logging_mixin.py:109} INFO - [2021-12-16 11:21:53,188] {dag.py:2928} INFO - Setting next_dagrun for example_branch_dop_operator_v3 to 2021-12-16T11:20:00+00:00
[2021-12-16 11:21:53,196] {processor.py:171} INFO - Processing /home/airflow/.local/lib/python3.7/site-packages/airflow/example_dags/example_branch_python_dop_operator_3.py took 0.078 seconds
[2021-12-16 11:22:23,341] {processor.py:163} INFO - Started process (PID=911) to work on /home/airflow/.local/lib/python3.7/site-packages/airflow/example_dags/example_branch_python_dop_operator_3.py
[2021-12-16 11:22:23,343] {processor.py:625} INFO - Processing file /home/airflow/.local/lib/python3.7/site-packages/airflow/example_dags/example_branch_python_dop_operator_3.py for tasks to queue
[2021-12-16 11:22:23,344] {logging_mixin.py:109} INFO - [2021-12-16 11:22:23,344] {dagbag.py:500} INFO - Filling up the DagBag from /home/airflow/.local/lib/python3.7/site-packages/airflow/example_dags/example_branch_python_dop_operator_3.py
[2021-12-16 11:22:23,386] {processor.py:637} INFO - DAG(s) dict_keys(['example_branch_dop_operator_v3']) retrieved from /home/airflow/.local/lib/python3.7/site-packages/airflow/example_dags/example_branch_python_dop_operator_3.py
[2021-12-16 11:22:23,397] {logging_mixin.py:109} INFO - [2021-12-16 11:22:23,397] {dag.py:2396} INFO - Sync 1 DAGs
[2021-12-16 11:22:23,418] {logging_mixin.py:109} INFO - [2021-12-16 11:22:23,418] {dag.py:2928} INFO - Setting next_dagrun for example_branch_dop_operator_v3 to 2021-12-16T11:21:00+00:00
[2021-12-16 11:22:23,427] {processor.py:171} INFO - Processing /home/airflow/.local/lib/python3.7/site-packages/airflow/example_dags/example_branch_python_dop_operator_3.py took 0.090 seconds
[2021-12-16 11:22:53,728] {processor.py:163} INFO - Started process (PID=971) to work on /home/airflow/.local/lib/python3.7/site-packages/airflow/example_dags/example_branch_python_dop_operator_3.py
[2021-12-16 11:22:53,731] {processor.py:625} INFO - Processing file /home/airflow/.local/lib/python3.7/site-packages/airflow/example_dags/example_branch_python_dop_operator_3.py for tasks to queue
[2021-12-16 11:22:53,734] {logging_mixin.py:109} INFO - [2021-12-16 11:22:53,734] {dagbag.py:500} INFO - Filling up the DagBag from /home/airflow/.local/lib/python3.7/site-packages/airflow/example_dags/example_branch_python_dop_operator_3.py
[2021-12-16 11:22:53,781] {processor.py:637} INFO - DAG(s) dict_keys(['example_branch_dop_operator_v3']) retrieved from /home/airflow/.local/lib/python3.7/site-packages/airflow/example_dags/example_branch_python_dop_operator_3.py
[2021-12-16 11:22:53,793] {logging_mixin.py:109} INFO - [2021-12-16 11:22:53,793] {dag.py:2396} INFO - Sync 1 DAGs
[2021-12-16 11:22:53,816] {logging_mixin.py:109} INFO - [2021-12-16 11:22:53,816] {dag.py:2928} INFO - Setting next_dagrun for example_branch_dop_operator_v3 to 2021-12-16T11:21:00+00:00
[2021-12-16 11:22:53,827] {processor.py:171} INFO - Processing /home/airflow/.local/lib/python3.7/site-packages/airflow/example_dags/example_branch_python_dop_operator_3.py took 0.102 seconds
[2021-12-16 11:23:24,112] {processor.py:163} INFO - Started process (PID=1040) to work on /home/airflow/.local/lib/python3.7/site-packages/airflow/example_dags/example_branch_python_dop_operator_3.py
[2021-12-16 11:23:24,114] {processor.py:625} INFO - Processing file /home/airflow/.local/lib/python3.7/site-packages/airflow/example_dags/example_branch_python_dop_operator_3.py for tasks to queue
[2021-12-16 11:23:24,116] {logging_mixin.py:109} INFO - [2021-12-16 11:23:24,115] {dagbag.py:500} INFO - Filling up the DagBag from /home/airflow/.local/lib/python3.7/site-packages/airflow/example_dags/example_branch_python_dop_operator_3.py
[2021-12-16 11:23:24,151] {processor.py:637} INFO - DAG(s) dict_keys(['example_branch_dop_operator_v3']) retrieved from /home/airflow/.local/lib/python3.7/site-packages/airflow/example_dags/example_branch_python_dop_operator_3.py
[2021-12-16 11:23:24,165] {logging_mixin.py:109} INFO - [2021-12-16 11:23:24,165] {dag.py:2396} INFO - Sync 1 DAGs
[2021-12-16 11:23:24,185] {logging_mixin.py:109} INFO - [2021-12-16 11:23:24,185] {dag.py:2928} INFO - Setting next_dagrun for example_branch_dop_operator_v3 to 2021-12-16T11:22:00+00:00
[2021-12-16 11:23:24,194] {processor.py:171} INFO - Processing /home/airflow/.local/lib/python3.7/site-packages/airflow/example_dags/example_branch_python_dop_operator_3.py took 0.086 seconds
[2021-12-16 11:23:54,615] {processor.py:163} INFO - Started process (PID=1109) to work on /home/airflow/.local/lib/python3.7/site-packages/airflow/example_dags/example_branch_python_dop_operator_3.py
[2021-12-16 11:23:54,617] {processor.py:625} INFO - Processing file /home/airflow/.local/lib/python3.7/site-packages/airflow/example_dags/example_branch_python_dop_operator_3.py for tasks to queue
[2021-12-16 11:23:54,619] {logging_mixin.py:109} INFO - [2021-12-16 11:23:54,618] {dagbag.py:500} INFO - Filling up the DagBag from /home/airflow/.local/lib/python3.7/site-packages/airflow/example_dags/example_branch_python_dop_operator_3.py
[2021-12-16 11:23:54,660] {processor.py:637} INFO - DAG(s) dict_keys(['example_branch_dop_operator_v3']) retrieved from /home/airflow/.local/lib/python3.7/site-packages/airflow/example_dags/example_branch_python_dop_operator_3.py
[2021-12-16 11:23:54,678] {logging_mixin.py:109} INFO - [2021-12-16 11:23:54,678] {dag.py:2396} INFO - Sync 1 DAGs
[2021-12-16 11:23:54,708] {logging_mixin.py:109} INFO - [2021-12-16 11:23:54,708] {dag.py:2928} INFO - Setting next_dagrun for example_branch_dop_operator_v3 to 2021-12-16T11:22:00+00:00
[2021-12-16 11:23:54,721] {processor.py:171} INFO - Processing /home/airflow/.local/lib/python3.7/site-packages/airflow/example_dags/example_branch_python_dop_operator_3.py took 0.109 seconds
[2021-12-16 11:24:24,760] {processor.py:163} INFO - Started process (PID=1170) to work on /home/airflow/.local/lib/python3.7/site-packages/airflow/example_dags/example_branch_python_dop_operator_3.py
[2021-12-16 11:24:24,763] {processor.py:625} INFO - Processing file /home/airflow/.local/lib/python3.7/site-packages/airflow/example_dags/example_branch_python_dop_operator_3.py for tasks to queue
[2021-12-16 11:24:24,764] {logging_mixin.py:109} INFO - [2021-12-16 11:24:24,764] {dagbag.py:500} INFO - Filling up the DagBag from /home/airflow/.local/lib/python3.7/site-packages/airflow/example_dags/example_branch_python_dop_operator_3.py
[2021-12-16 11:24:24,797] {processor.py:637} INFO - DAG(s) dict_keys(['example_branch_dop_operator_v3']) retrieved from /home/airflow/.local/lib/python3.7/site-packages/airflow/example_dags/example_branch_python_dop_operator_3.py
[2021-12-16 11:24:24,808] {logging_mixin.py:109} INFO - [2021-12-16 11:24:24,807] {dag.py:2396} INFO - Sync 1 DAGs
[2021-12-16 11:24:24,830] {logging_mixin.py:109} INFO - [2021-12-16 11:24:24,830] {dag.py:2928} INFO - Setting next_dagrun for example_branch_dop_operator_v3 to 2021-12-16T11:23:00+00:00
[2021-12-16 11:24:24,840] {processor.py:171} INFO - Processing /home/airflow/.local/lib/python3.7/site-packages/airflow/example_dags/example_branch_python_dop_operator_3.py took 0.084 seconds
[2021-12-16 11:24:55,204] {processor.py:163} INFO - Started process (PID=1239) to work on /home/airflow/.local/lib/python3.7/site-packages/airflow/example_dags/example_branch_python_dop_operator_3.py
[2021-12-16 11:24:55,206] {processor.py:625} INFO - Processing file /home/airflow/.local/lib/python3.7/site-packages/airflow/example_dags/example_branch_python_dop_operator_3.py for tasks to queue
[2021-12-16 11:24:55,208] {logging_mixin.py:109} INFO - [2021-12-16 11:24:55,208] {dagbag.py:500} INFO - Filling up the DagBag from /home/airflow/.local/lib/python3.7/site-packages/airflow/example_dags/example_branch_python_dop_operator_3.py
[2021-12-16 11:24:55,238] {processor.py:637} INFO - DAG(s) dict_keys(['example_branch_dop_operator_v3']) retrieved from /home/airflow/.local/lib/python3.7/site-packages/airflow/example_dags/example_branch_python_dop_operator_3.py
[2021-12-16 11:24:55,249] {logging_mixin.py:109} INFO - [2021-12-16 11:24:55,249] {dag.py:2396} INFO - Sync 1 DAGs
[2021-12-16 11:24:55,270] {logging_mixin.py:109} INFO - [2021-12-16 11:24:55,270] {dag.py:2928} INFO - Setting next_dagrun for example_branch_dop_operator_v3 to 2021-12-16T11:23:00+00:00
[2021-12-16 11:24:55,279] {processor.py:171} INFO - Processing /home/airflow/.local/lib/python3.7/site-packages/airflow/example_dags/example_branch_python_dop_operator_3.py took 0.079 seconds
