[2021-12-16 11:17:56,812] {processor.py:163} INFO - Started process (PID=257) to work on /home/airflow/.local/lib/python3.7/site-packages/airflow/example_dags/example_external_task_marker_dag.py
[2021-12-16 11:17:56,814] {processor.py:625} INFO - Processing file /home/airflow/.local/lib/python3.7/site-packages/airflow/example_dags/example_external_task_marker_dag.py for tasks to queue
[2021-12-16 11:17:56,815] {logging_mixin.py:109} INFO - [2021-12-16 11:17:56,815] {dagbag.py:500} INFO - Filling up the DagBag from /home/airflow/.local/lib/python3.7/site-packages/airflow/example_dags/example_external_task_marker_dag.py
[2021-12-16 11:17:56,849] {processor.py:637} INFO - DAG(s) dict_keys(['example_external_task_marker_parent', 'example_external_task_marker_child']) retrieved from /home/airflow/.local/lib/python3.7/site-packages/airflow/example_dags/example_external_task_marker_dag.py
[2021-12-16 11:17:58,032] {logging_mixin.py:109} INFO - [2021-12-16 11:17:58,032] {providers_manager.py:156} WARNING - Exception when importing 'airflow.providers.google.leveldb.hooks.leveldb.LevelDBHook' from 'apache-airflow-providers-google' package: No module named 'plyvel'
[2021-12-16 11:17:58,380] {logging_mixin.py:109} INFO - [2021-12-16 11:17:58,380] {providers_manager.py:156} WARNING - Exception when importing 'airflow.providers.google.leveldb.hooks.leveldb.LevelDBHook' from 'apache-airflow-providers-google' package: No module named 'plyvel'
[2021-12-16 11:17:58,397] {logging_mixin.py:109} INFO - [2021-12-16 11:17:58,397] {manager.py:496} INFO - Created Permission View: can read on DAG:example_external_task_marker_parent
[2021-12-16 11:17:58,405] {logging_mixin.py:109} INFO - [2021-12-16 11:17:58,404] {manager.py:496} INFO - Created Permission View: can edit on DAG:example_external_task_marker_parent
[2021-12-16 11:17:58,420] {logging_mixin.py:109} INFO - [2021-12-16 11:17:58,420] {manager.py:496} INFO - Created Permission View: can read on DAG:example_external_task_marker_child
[2021-12-16 11:17:58,426] {logging_mixin.py:109} INFO - [2021-12-16 11:17:58,426] {manager.py:496} INFO - Created Permission View: can edit on DAG:example_external_task_marker_child
[2021-12-16 11:17:58,427] {logging_mixin.py:109} INFO - [2021-12-16 11:17:58,427] {dag.py:2396} INFO - Sync 2 DAGs
[2021-12-16 11:17:58,433] {logging_mixin.py:109} INFO - [2021-12-16 11:17:58,433] {dag.py:2415} INFO - Creating ORM DAG for example_external_task_marker_child
[2021-12-16 11:17:58,435] {logging_mixin.py:109} INFO - [2021-12-16 11:17:58,435] {dag.py:2415} INFO - Creating ORM DAG for example_external_task_marker_parent
[2021-12-16 11:17:58,443] {logging_mixin.py:109} INFO - [2021-12-16 11:17:58,443] {dag.py:2928} INFO - Setting next_dagrun for example_external_task_marker_child to None
[2021-12-16 11:17:58,445] {logging_mixin.py:109} INFO - [2021-12-16 11:17:58,445] {dag.py:2928} INFO - Setting next_dagrun for example_external_task_marker_parent to None
[2021-12-16 11:17:58,454] {processor.py:171} INFO - Processing /home/airflow/.local/lib/python3.7/site-packages/airflow/example_dags/example_external_task_marker_dag.py took 1.647 seconds
[2021-12-16 11:18:28,570] {processor.py:163} INFO - Started process (PID=402) to work on /home/airflow/.local/lib/python3.7/site-packages/airflow/example_dags/example_external_task_marker_dag.py
[2021-12-16 11:18:28,572] {processor.py:625} INFO - Processing file /home/airflow/.local/lib/python3.7/site-packages/airflow/example_dags/example_external_task_marker_dag.py for tasks to queue
[2021-12-16 11:18:28,573] {logging_mixin.py:109} INFO - [2021-12-16 11:18:28,573] {dagbag.py:500} INFO - Filling up the DagBag from /home/airflow/.local/lib/python3.7/site-packages/airflow/example_dags/example_external_task_marker_dag.py
[2021-12-16 11:18:28,602] {processor.py:637} INFO - DAG(s) dict_keys(['example_external_task_marker_parent', 'example_external_task_marker_child']) retrieved from /home/airflow/.local/lib/python3.7/site-packages/airflow/example_dags/example_external_task_marker_dag.py
[2021-12-16 11:18:28,617] {logging_mixin.py:109} INFO - [2021-12-16 11:18:28,617] {dag.py:2396} INFO - Sync 2 DAGs
[2021-12-16 11:18:28,634] {logging_mixin.py:109} INFO - [2021-12-16 11:18:28,634] {dag.py:2928} INFO - Setting next_dagrun for example_external_task_marker_child to None
[2021-12-16 11:18:28,635] {logging_mixin.py:109} INFO - [2021-12-16 11:18:28,635] {dag.py:2928} INFO - Setting next_dagrun for example_external_task_marker_parent to None
[2021-12-16 11:18:28,645] {processor.py:171} INFO - Processing /home/airflow/.local/lib/python3.7/site-packages/airflow/example_dags/example_external_task_marker_dag.py took 0.079 seconds
[2021-12-16 11:18:58,698] {processor.py:163} INFO - Started process (PID=471) to work on /home/airflow/.local/lib/python3.7/site-packages/airflow/example_dags/example_external_task_marker_dag.py
[2021-12-16 11:18:58,700] {processor.py:625} INFO - Processing file /home/airflow/.local/lib/python3.7/site-packages/airflow/example_dags/example_external_task_marker_dag.py for tasks to queue
[2021-12-16 11:18:58,702] {logging_mixin.py:109} INFO - [2021-12-16 11:18:58,701] {dagbag.py:500} INFO - Filling up the DagBag from /home/airflow/.local/lib/python3.7/site-packages/airflow/example_dags/example_external_task_marker_dag.py
[2021-12-16 11:18:58,725] {processor.py:637} INFO - DAG(s) dict_keys(['example_external_task_marker_parent', 'example_external_task_marker_child']) retrieved from /home/airflow/.local/lib/python3.7/site-packages/airflow/example_dags/example_external_task_marker_dag.py
[2021-12-16 11:18:58,738] {logging_mixin.py:109} INFO - [2021-12-16 11:18:58,738] {dag.py:2396} INFO - Sync 2 DAGs
[2021-12-16 11:18:58,755] {logging_mixin.py:109} INFO - [2021-12-16 11:18:58,755] {dag.py:2928} INFO - Setting next_dagrun for example_external_task_marker_child to None
[2021-12-16 11:18:58,756] {logging_mixin.py:109} INFO - [2021-12-16 11:18:58,756] {dag.py:2928} INFO - Setting next_dagrun for example_external_task_marker_parent to None
[2021-12-16 11:18:58,767] {processor.py:171} INFO - Processing /home/airflow/.local/lib/python3.7/site-packages/airflow/example_dags/example_external_task_marker_dag.py took 0.072 seconds
[2021-12-16 11:19:28,863] {processor.py:163} INFO - Started process (PID=531) to work on /home/airflow/.local/lib/python3.7/site-packages/airflow/example_dags/example_external_task_marker_dag.py
[2021-12-16 11:19:28,864] {processor.py:625} INFO - Processing file /home/airflow/.local/lib/python3.7/site-packages/airflow/example_dags/example_external_task_marker_dag.py for tasks to queue
[2021-12-16 11:19:28,865] {logging_mixin.py:109} INFO - [2021-12-16 11:19:28,865] {dagbag.py:500} INFO - Filling up the DagBag from /home/airflow/.local/lib/python3.7/site-packages/airflow/example_dags/example_external_task_marker_dag.py
[2021-12-16 11:19:28,894] {processor.py:637} INFO - DAG(s) dict_keys(['example_external_task_marker_parent', 'example_external_task_marker_child']) retrieved from /home/airflow/.local/lib/python3.7/site-packages/airflow/example_dags/example_external_task_marker_dag.py
[2021-12-16 11:19:28,908] {logging_mixin.py:109} INFO - [2021-12-16 11:19:28,908] {dag.py:2396} INFO - Sync 2 DAGs
[2021-12-16 11:19:28,927] {logging_mixin.py:109} INFO - [2021-12-16 11:19:28,927] {dag.py:2928} INFO - Setting next_dagrun for example_external_task_marker_child to None
[2021-12-16 11:19:28,928] {logging_mixin.py:109} INFO - [2021-12-16 11:19:28,928] {dag.py:2928} INFO - Setting next_dagrun for example_external_task_marker_parent to None
[2021-12-16 11:19:28,937] {processor.py:171} INFO - Processing /home/airflow/.local/lib/python3.7/site-packages/airflow/example_dags/example_external_task_marker_dag.py took 0.078 seconds
[2021-12-16 11:19:59,274] {processor.py:163} INFO - Started process (PID=601) to work on /home/airflow/.local/lib/python3.7/site-packages/airflow/example_dags/example_external_task_marker_dag.py
[2021-12-16 11:19:59,275] {processor.py:625} INFO - Processing file /home/airflow/.local/lib/python3.7/site-packages/airflow/example_dags/example_external_task_marker_dag.py for tasks to queue
[2021-12-16 11:19:59,277] {logging_mixin.py:109} INFO - [2021-12-16 11:19:59,277] {dagbag.py:500} INFO - Filling up the DagBag from /home/airflow/.local/lib/python3.7/site-packages/airflow/example_dags/example_external_task_marker_dag.py
[2021-12-16 11:19:59,306] {processor.py:637} INFO - DAG(s) dict_keys(['example_external_task_marker_parent', 'example_external_task_marker_child']) retrieved from /home/airflow/.local/lib/python3.7/site-packages/airflow/example_dags/example_external_task_marker_dag.py
[2021-12-16 11:19:59,320] {logging_mixin.py:109} INFO - [2021-12-16 11:19:59,320] {dag.py:2396} INFO - Sync 2 DAGs
[2021-12-16 11:19:59,336] {logging_mixin.py:109} INFO - [2021-12-16 11:19:59,336] {dag.py:2928} INFO - Setting next_dagrun for example_external_task_marker_child to None
[2021-12-16 11:19:59,337] {logging_mixin.py:109} INFO - [2021-12-16 11:19:59,337] {dag.py:2928} INFO - Setting next_dagrun for example_external_task_marker_parent to None
[2021-12-16 11:19:59,345] {processor.py:171} INFO - Processing /home/airflow/.local/lib/python3.7/site-packages/airflow/example_dags/example_external_task_marker_dag.py took 0.076 seconds
[2021-12-16 11:20:29,854] {processor.py:163} INFO - Started process (PID=661) to work on /home/airflow/.local/lib/python3.7/site-packages/airflow/example_dags/example_external_task_marker_dag.py
[2021-12-16 11:20:29,856] {processor.py:625} INFO - Processing file /home/airflow/.local/lib/python3.7/site-packages/airflow/example_dags/example_external_task_marker_dag.py for tasks to queue
[2021-12-16 11:20:29,857] {logging_mixin.py:109} INFO - [2021-12-16 11:20:29,857] {dagbag.py:500} INFO - Filling up the DagBag from /home/airflow/.local/lib/python3.7/site-packages/airflow/example_dags/example_external_task_marker_dag.py
[2021-12-16 11:20:29,885] {processor.py:637} INFO - DAG(s) dict_keys(['example_external_task_marker_parent', 'example_external_task_marker_child']) retrieved from /home/airflow/.local/lib/python3.7/site-packages/airflow/example_dags/example_external_task_marker_dag.py
[2021-12-16 11:20:29,898] {logging_mixin.py:109} INFO - [2021-12-16 11:20:29,898] {dag.py:2396} INFO - Sync 2 DAGs
[2021-12-16 11:20:29,912] {logging_mixin.py:109} INFO - [2021-12-16 11:20:29,911] {dag.py:2928} INFO - Setting next_dagrun for example_external_task_marker_child to None
[2021-12-16 11:20:29,912] {logging_mixin.py:109} INFO - [2021-12-16 11:20:29,912] {dag.py:2928} INFO - Setting next_dagrun for example_external_task_marker_parent to None
[2021-12-16 11:20:29,921] {processor.py:171} INFO - Processing /home/airflow/.local/lib/python3.7/site-packages/airflow/example_dags/example_external_task_marker_dag.py took 0.070 seconds
[2021-12-16 11:21:00,216] {processor.py:163} INFO - Started process (PID=730) to work on /home/airflow/.local/lib/python3.7/site-packages/airflow/example_dags/example_external_task_marker_dag.py
[2021-12-16 11:21:00,218] {processor.py:625} INFO - Processing file /home/airflow/.local/lib/python3.7/site-packages/airflow/example_dags/example_external_task_marker_dag.py for tasks to queue
[2021-12-16 11:21:00,219] {logging_mixin.py:109} INFO - [2021-12-16 11:21:00,219] {dagbag.py:500} INFO - Filling up the DagBag from /home/airflow/.local/lib/python3.7/site-packages/airflow/example_dags/example_external_task_marker_dag.py
[2021-12-16 11:21:00,246] {processor.py:637} INFO - DAG(s) dict_keys(['example_external_task_marker_parent', 'example_external_task_marker_child']) retrieved from /home/airflow/.local/lib/python3.7/site-packages/airflow/example_dags/example_external_task_marker_dag.py
[2021-12-16 11:21:00,260] {logging_mixin.py:109} INFO - [2021-12-16 11:21:00,260] {dag.py:2396} INFO - Sync 2 DAGs
[2021-12-16 11:21:00,279] {logging_mixin.py:109} INFO - [2021-12-16 11:21:00,279] {dag.py:2928} INFO - Setting next_dagrun for example_external_task_marker_child to None
[2021-12-16 11:21:00,280] {logging_mixin.py:109} INFO - [2021-12-16 11:21:00,280] {dag.py:2928} INFO - Setting next_dagrun for example_external_task_marker_parent to None
[2021-12-16 11:21:00,292] {processor.py:171} INFO - Processing /home/airflow/.local/lib/python3.7/site-packages/airflow/example_dags/example_external_task_marker_dag.py took 0.080 seconds
[2021-12-16 11:21:30,528] {processor.py:163} INFO - Started process (PID=790) to work on /home/airflow/.local/lib/python3.7/site-packages/airflow/example_dags/example_external_task_marker_dag.py
[2021-12-16 11:21:30,529] {processor.py:625} INFO - Processing file /home/airflow/.local/lib/python3.7/site-packages/airflow/example_dags/example_external_task_marker_dag.py for tasks to queue
[2021-12-16 11:21:30,530] {logging_mixin.py:109} INFO - [2021-12-16 11:21:30,530] {dagbag.py:500} INFO - Filling up the DagBag from /home/airflow/.local/lib/python3.7/site-packages/airflow/example_dags/example_external_task_marker_dag.py
[2021-12-16 11:21:30,555] {processor.py:637} INFO - DAG(s) dict_keys(['example_external_task_marker_parent', 'example_external_task_marker_child']) retrieved from /home/airflow/.local/lib/python3.7/site-packages/airflow/example_dags/example_external_task_marker_dag.py
[2021-12-16 11:21:30,569] {logging_mixin.py:109} INFO - [2021-12-16 11:21:30,568] {dag.py:2396} INFO - Sync 2 DAGs
[2021-12-16 11:21:30,586] {logging_mixin.py:109} INFO - [2021-12-16 11:21:30,586] {dag.py:2928} INFO - Setting next_dagrun for example_external_task_marker_child to None
[2021-12-16 11:21:30,587] {logging_mixin.py:109} INFO - [2021-12-16 11:21:30,587] {dag.py:2928} INFO - Setting next_dagrun for example_external_task_marker_parent to None
[2021-12-16 11:21:30,597] {processor.py:171} INFO - Processing /home/airflow/.local/lib/python3.7/site-packages/airflow/example_dags/example_external_task_marker_dag.py took 0.073 seconds
[2021-12-16 11:22:01,037] {processor.py:163} INFO - Started process (PID=859) to work on /home/airflow/.local/lib/python3.7/site-packages/airflow/example_dags/example_external_task_marker_dag.py
[2021-12-16 11:22:01,038] {processor.py:625} INFO - Processing file /home/airflow/.local/lib/python3.7/site-packages/airflow/example_dags/example_external_task_marker_dag.py for tasks to queue
[2021-12-16 11:22:01,040] {logging_mixin.py:109} INFO - [2021-12-16 11:22:01,039] {dagbag.py:500} INFO - Filling up the DagBag from /home/airflow/.local/lib/python3.7/site-packages/airflow/example_dags/example_external_task_marker_dag.py
[2021-12-16 11:22:01,067] {processor.py:637} INFO - DAG(s) dict_keys(['example_external_task_marker_parent', 'example_external_task_marker_child']) retrieved from /home/airflow/.local/lib/python3.7/site-packages/airflow/example_dags/example_external_task_marker_dag.py
[2021-12-16 11:22:01,081] {logging_mixin.py:109} INFO - [2021-12-16 11:22:01,081] {dag.py:2396} INFO - Sync 2 DAGs
[2021-12-16 11:22:01,098] {logging_mixin.py:109} INFO - [2021-12-16 11:22:01,098] {dag.py:2928} INFO - Setting next_dagrun for example_external_task_marker_child to None
[2021-12-16 11:22:01,099] {logging_mixin.py:109} INFO - [2021-12-16 11:22:01,099] {dag.py:2928} INFO - Setting next_dagrun for example_external_task_marker_parent to None
[2021-12-16 11:22:01,109] {processor.py:171} INFO - Processing /home/airflow/.local/lib/python3.7/site-packages/airflow/example_dags/example_external_task_marker_dag.py took 0.077 seconds
[2021-12-16 11:22:31,399] {processor.py:163} INFO - Started process (PID=928) to work on /home/airflow/.local/lib/python3.7/site-packages/airflow/example_dags/example_external_task_marker_dag.py
[2021-12-16 11:22:31,401] {processor.py:625} INFO - Processing file /home/airflow/.local/lib/python3.7/site-packages/airflow/example_dags/example_external_task_marker_dag.py for tasks to queue
[2021-12-16 11:22:31,402] {logging_mixin.py:109} INFO - [2021-12-16 11:22:31,402] {dagbag.py:500} INFO - Filling up the DagBag from /home/airflow/.local/lib/python3.7/site-packages/airflow/example_dags/example_external_task_marker_dag.py
[2021-12-16 11:22:31,438] {processor.py:637} INFO - DAG(s) dict_keys(['example_external_task_marker_parent', 'example_external_task_marker_child']) retrieved from /home/airflow/.local/lib/python3.7/site-packages/airflow/example_dags/example_external_task_marker_dag.py
[2021-12-16 11:22:31,453] {logging_mixin.py:109} INFO - [2021-12-16 11:22:31,453] {dag.py:2396} INFO - Sync 2 DAGs
[2021-12-16 11:22:31,471] {logging_mixin.py:109} INFO - [2021-12-16 11:22:31,470] {dag.py:2928} INFO - Setting next_dagrun for example_external_task_marker_child to None
[2021-12-16 11:22:31,472] {logging_mixin.py:109} INFO - [2021-12-16 11:22:31,472] {dag.py:2928} INFO - Setting next_dagrun for example_external_task_marker_parent to None
[2021-12-16 11:22:31,482] {processor.py:171} INFO - Processing /home/airflow/.local/lib/python3.7/site-packages/airflow/example_dags/example_external_task_marker_dag.py took 0.087 seconds
[2021-12-16 11:23:01,786] {processor.py:163} INFO - Started process (PID=990) to work on /home/airflow/.local/lib/python3.7/site-packages/airflow/example_dags/example_external_task_marker_dag.py
[2021-12-16 11:23:01,788] {processor.py:625} INFO - Processing file /home/airflow/.local/lib/python3.7/site-packages/airflow/example_dags/example_external_task_marker_dag.py for tasks to queue
[2021-12-16 11:23:01,789] {logging_mixin.py:109} INFO - [2021-12-16 11:23:01,789] {dagbag.py:500} INFO - Filling up the DagBag from /home/airflow/.local/lib/python3.7/site-packages/airflow/example_dags/example_external_task_marker_dag.py
[2021-12-16 11:23:01,817] {processor.py:637} INFO - DAG(s) dict_keys(['example_external_task_marker_parent', 'example_external_task_marker_child']) retrieved from /home/airflow/.local/lib/python3.7/site-packages/airflow/example_dags/example_external_task_marker_dag.py
[2021-12-16 11:23:01,831] {logging_mixin.py:109} INFO - [2021-12-16 11:23:01,831] {dag.py:2396} INFO - Sync 2 DAGs
[2021-12-16 11:23:01,852] {logging_mixin.py:109} INFO - [2021-12-16 11:23:01,851] {dag.py:2928} INFO - Setting next_dagrun for example_external_task_marker_child to None
[2021-12-16 11:23:01,852] {logging_mixin.py:109} INFO - [2021-12-16 11:23:01,852] {dag.py:2928} INFO - Setting next_dagrun for example_external_task_marker_parent to None
[2021-12-16 11:23:01,862] {processor.py:171} INFO - Processing /home/airflow/.local/lib/python3.7/site-packages/airflow/example_dags/example_external_task_marker_dag.py took 0.079 seconds
[2021-12-16 11:23:31,963] {processor.py:163} INFO - Started process (PID=1059) to work on /home/airflow/.local/lib/python3.7/site-packages/airflow/example_dags/example_external_task_marker_dag.py
[2021-12-16 11:23:31,964] {processor.py:625} INFO - Processing file /home/airflow/.local/lib/python3.7/site-packages/airflow/example_dags/example_external_task_marker_dag.py for tasks to queue
[2021-12-16 11:23:31,965] {logging_mixin.py:109} INFO - [2021-12-16 11:23:31,965] {dagbag.py:500} INFO - Filling up the DagBag from /home/airflow/.local/lib/python3.7/site-packages/airflow/example_dags/example_external_task_marker_dag.py
[2021-12-16 11:23:31,993] {processor.py:637} INFO - DAG(s) dict_keys(['example_external_task_marker_parent', 'example_external_task_marker_child']) retrieved from /home/airflow/.local/lib/python3.7/site-packages/airflow/example_dags/example_external_task_marker_dag.py
[2021-12-16 11:23:32,006] {logging_mixin.py:109} INFO - [2021-12-16 11:23:32,006] {dag.py:2396} INFO - Sync 2 DAGs
[2021-12-16 11:23:32,023] {logging_mixin.py:109} INFO - [2021-12-16 11:23:32,022] {dag.py:2928} INFO - Setting next_dagrun for example_external_task_marker_child to None
[2021-12-16 11:23:32,024] {logging_mixin.py:109} INFO - [2021-12-16 11:23:32,023] {dag.py:2928} INFO - Setting next_dagrun for example_external_task_marker_parent to None
[2021-12-16 11:23:32,034] {processor.py:171} INFO - Processing /home/airflow/.local/lib/python3.7/site-packages/airflow/example_dags/example_external_task_marker_dag.py took 0.075 seconds
[2021-12-16 11:24:02,627] {processor.py:163} INFO - Started process (PID=1119) to work on /home/airflow/.local/lib/python3.7/site-packages/airflow/example_dags/example_external_task_marker_dag.py
[2021-12-16 11:24:02,629] {processor.py:625} INFO - Processing file /home/airflow/.local/lib/python3.7/site-packages/airflow/example_dags/example_external_task_marker_dag.py for tasks to queue
[2021-12-16 11:24:02,631] {logging_mixin.py:109} INFO - [2021-12-16 11:24:02,630] {dagbag.py:500} INFO - Filling up the DagBag from /home/airflow/.local/lib/python3.7/site-packages/airflow/example_dags/example_external_task_marker_dag.py
[2021-12-16 11:24:02,658] {processor.py:637} INFO - DAG(s) dict_keys(['example_external_task_marker_parent', 'example_external_task_marker_child']) retrieved from /home/airflow/.local/lib/python3.7/site-packages/airflow/example_dags/example_external_task_marker_dag.py
[2021-12-16 11:24:02,669] {logging_mixin.py:109} INFO - [2021-12-16 11:24:02,669] {dag.py:2396} INFO - Sync 2 DAGs
[2021-12-16 11:24:02,683] {logging_mixin.py:109} INFO - [2021-12-16 11:24:02,683] {dag.py:2928} INFO - Setting next_dagrun for example_external_task_marker_child to None
[2021-12-16 11:24:02,684] {logging_mixin.py:109} INFO - [2021-12-16 11:24:02,684] {dag.py:2928} INFO - Setting next_dagrun for example_external_task_marker_parent to None
[2021-12-16 11:24:02,693] {processor.py:171} INFO - Processing /home/airflow/.local/lib/python3.7/site-packages/airflow/example_dags/example_external_task_marker_dag.py took 0.069 seconds
[2021-12-16 11:24:33,536] {processor.py:163} INFO - Started process (PID=1189) to work on /home/airflow/.local/lib/python3.7/site-packages/airflow/example_dags/example_external_task_marker_dag.py
[2021-12-16 11:24:33,538] {processor.py:625} INFO - Processing file /home/airflow/.local/lib/python3.7/site-packages/airflow/example_dags/example_external_task_marker_dag.py for tasks to queue
[2021-12-16 11:24:33,539] {logging_mixin.py:109} INFO - [2021-12-16 11:24:33,538] {dagbag.py:500} INFO - Filling up the DagBag from /home/airflow/.local/lib/python3.7/site-packages/airflow/example_dags/example_external_task_marker_dag.py
[2021-12-16 11:24:33,567] {processor.py:637} INFO - DAG(s) dict_keys(['example_external_task_marker_parent', 'example_external_task_marker_child']) retrieved from /home/airflow/.local/lib/python3.7/site-packages/airflow/example_dags/example_external_task_marker_dag.py
[2021-12-16 11:24:33,584] {logging_mixin.py:109} INFO - [2021-12-16 11:24:33,583] {dag.py:2396} INFO - Sync 2 DAGs
[2021-12-16 11:24:33,604] {logging_mixin.py:109} INFO - [2021-12-16 11:24:33,604] {dag.py:2928} INFO - Setting next_dagrun for example_external_task_marker_child to None
[2021-12-16 11:24:33,605] {logging_mixin.py:109} INFO - [2021-12-16 11:24:33,605] {dag.py:2928} INFO - Setting next_dagrun for example_external_task_marker_parent to None
[2021-12-16 11:24:33,618] {processor.py:171} INFO - Processing /home/airflow/.local/lib/python3.7/site-packages/airflow/example_dags/example_external_task_marker_dag.py took 0.086 seconds
[2021-12-16 11:25:03,988] {processor.py:163} INFO - Started process (PID=1249) to work on /home/airflow/.local/lib/python3.7/site-packages/airflow/example_dags/example_external_task_marker_dag.py
[2021-12-16 11:25:03,989] {processor.py:625} INFO - Processing file /home/airflow/.local/lib/python3.7/site-packages/airflow/example_dags/example_external_task_marker_dag.py for tasks to queue
[2021-12-16 11:25:03,991] {logging_mixin.py:109} INFO - [2021-12-16 11:25:03,991] {dagbag.py:500} INFO - Filling up the DagBag from /home/airflow/.local/lib/python3.7/site-packages/airflow/example_dags/example_external_task_marker_dag.py
[2021-12-16 11:25:04,019] {processor.py:637} INFO - DAG(s) dict_keys(['example_external_task_marker_parent', 'example_external_task_marker_child']) retrieved from /home/airflow/.local/lib/python3.7/site-packages/airflow/example_dags/example_external_task_marker_dag.py
[2021-12-16 11:25:04,033] {logging_mixin.py:109} INFO - [2021-12-16 11:25:04,033] {dag.py:2396} INFO - Sync 2 DAGs
[2021-12-16 11:25:04,047] {logging_mixin.py:109} INFO - [2021-12-16 11:25:04,047] {dag.py:2928} INFO - Setting next_dagrun for example_external_task_marker_child to None
[2021-12-16 11:25:04,048] {logging_mixin.py:109} INFO - [2021-12-16 11:25:04,048] {dag.py:2928} INFO - Setting next_dagrun for example_external_task_marker_parent to None
[2021-12-16 11:25:04,057] {processor.py:171} INFO - Processing /home/airflow/.local/lib/python3.7/site-packages/airflow/example_dags/example_external_task_marker_dag.py took 0.073 seconds
