[2021-12-16 11:17:56,136] {processor.py:163} INFO - Started process (PID=249) to work on /home/airflow/.local/lib/python3.7/site-packages/airflow/example_dags/example_subdag_operator.py
[2021-12-16 11:17:56,138] {processor.py:625} INFO - Processing file /home/airflow/.local/lib/python3.7/site-packages/airflow/example_dags/example_subdag_operator.py for tasks to queue
[2021-12-16 11:17:56,139] {logging_mixin.py:109} INFO - [2021-12-16 11:17:56,139] {dagbag.py:500} INFO - Filling up the DagBag from /home/airflow/.local/lib/python3.7/site-packages/airflow/example_dags/example_subdag_operator.py
[2021-12-16 11:17:56,182] {processor.py:637} INFO - DAG(s) dict_keys(['example_subdag_operator.section-1', 'example_subdag_operator.section-2', 'example_subdag_operator']) retrieved from /home/airflow/.local/lib/python3.7/site-packages/airflow/example_dags/example_subdag_operator.py
[2021-12-16 11:17:57,361] {logging_mixin.py:109} INFO - [2021-12-16 11:17:57,361] {providers_manager.py:156} WARNING - Exception when importing 'airflow.providers.google.leveldb.hooks.leveldb.LevelDBHook' from 'apache-airflow-providers-google' package: No module named 'plyvel'
[2021-12-16 11:17:57,762] {logging_mixin.py:109} INFO - [2021-12-16 11:17:57,762] {providers_manager.py:156} WARNING - Exception when importing 'airflow.providers.google.leveldb.hooks.leveldb.LevelDBHook' from 'apache-airflow-providers-google' package: No module named 'plyvel'
[2021-12-16 11:17:57,825] {logging_mixin.py:109} INFO - [2021-12-16 11:17:57,825] {manager.py:496} INFO - Created Permission View: can read on DAG:example_subdag_operator
[2021-12-16 11:17:57,848] {logging_mixin.py:109} INFO - [2021-12-16 11:17:57,848] {manager.py:496} INFO - Created Permission View: can edit on DAG:example_subdag_operator
[2021-12-16 11:17:57,849] {logging_mixin.py:109} INFO - [2021-12-16 11:17:57,849] {dag.py:2396} INFO - Sync 3 DAGs
[2021-12-16 11:17:57,857] {logging_mixin.py:109} INFO - [2021-12-16 11:17:57,857] {dag.py:2415} INFO - Creating ORM DAG for example_subdag_operator.section-1
[2021-12-16 11:17:57,858] {logging_mixin.py:109} INFO - [2021-12-16 11:17:57,858] {dag.py:2415} INFO - Creating ORM DAG for example_subdag_operator.section-2
[2021-12-16 11:17:57,859] {logging_mixin.py:109} INFO - [2021-12-16 11:17:57,859] {dag.py:2415} INFO - Creating ORM DAG for example_subdag_operator
[2021-12-16 11:17:57,868] {logging_mixin.py:109} INFO - [2021-12-16 11:17:57,867] {dag.py:2928} INFO - Setting next_dagrun for example_subdag_operator to 2021-12-14T00:00:00+00:00
[2021-12-16 11:17:57,869] {logging_mixin.py:109} INFO - [2021-12-16 11:17:57,869] {dag.py:2928} INFO - Setting next_dagrun for example_subdag_operator.section-1 to None
[2021-12-16 11:17:57,869] {logging_mixin.py:109} INFO - [2021-12-16 11:17:57,869] {dag.py:2928} INFO - Setting next_dagrun for example_subdag_operator.section-2 to None
[2021-12-16 11:17:57,880] {logging_mixin.py:109} INFO - [2021-12-16 11:17:57,879] {dag.py:2396} INFO - Sync 2 DAGs
[2021-12-16 11:17:57,889] {logging_mixin.py:109} INFO - [2021-12-16 11:17:57,889] {dag.py:2928} INFO - Setting next_dagrun for example_subdag_operator.section-1 to None
[2021-12-16 11:17:57,890] {logging_mixin.py:109} INFO - [2021-12-16 11:17:57,890] {dag.py:2928} INFO - Setting next_dagrun for example_subdag_operator.section-2 to None
[2021-12-16 11:17:57,899] {processor.py:171} INFO - Processing /home/airflow/.local/lib/python3.7/site-packages/airflow/example_dags/example_subdag_operator.py took 1.766 seconds
[2021-12-16 11:18:28,568] {processor.py:163} INFO - Started process (PID=401) to work on /home/airflow/.local/lib/python3.7/site-packages/airflow/example_dags/example_subdag_operator.py
[2021-12-16 11:18:28,570] {processor.py:625} INFO - Processing file /home/airflow/.local/lib/python3.7/site-packages/airflow/example_dags/example_subdag_operator.py for tasks to queue
[2021-12-16 11:18:28,572] {logging_mixin.py:109} INFO - [2021-12-16 11:18:28,572] {dagbag.py:500} INFO - Filling up the DagBag from /home/airflow/.local/lib/python3.7/site-packages/airflow/example_dags/example_subdag_operator.py
[2021-12-16 11:18:28,610] {processor.py:637} INFO - DAG(s) dict_keys(['example_subdag_operator.section-1', 'example_subdag_operator.section-2', 'example_subdag_operator']) retrieved from /home/airflow/.local/lib/python3.7/site-packages/airflow/example_dags/example_subdag_operator.py
[2021-12-16 11:18:28,623] {logging_mixin.py:109} INFO - [2021-12-16 11:18:28,623] {dag.py:2396} INFO - Sync 3 DAGs
[2021-12-16 11:18:28,639] {logging_mixin.py:109} INFO - [2021-12-16 11:18:28,639] {dag.py:2928} INFO - Setting next_dagrun for example_subdag_operator to 2021-12-14T00:00:00+00:00
[2021-12-16 11:18:28,640] {logging_mixin.py:109} INFO - [2021-12-16 11:18:28,640] {dag.py:2928} INFO - Setting next_dagrun for example_subdag_operator.section-1 to None
[2021-12-16 11:18:28,641] {logging_mixin.py:109} INFO - [2021-12-16 11:18:28,641] {dag.py:2928} INFO - Setting next_dagrun for example_subdag_operator.section-2 to None
[2021-12-16 11:18:28,647] {logging_mixin.py:109} INFO - [2021-12-16 11:18:28,647] {dag.py:2396} INFO - Sync 2 DAGs
[2021-12-16 11:18:28,658] {logging_mixin.py:109} INFO - [2021-12-16 11:18:28,658] {dag.py:2928} INFO - Setting next_dagrun for example_subdag_operator.section-1 to None
[2021-12-16 11:18:28,659] {logging_mixin.py:109} INFO - [2021-12-16 11:18:28,659] {dag.py:2928} INFO - Setting next_dagrun for example_subdag_operator.section-2 to None
[2021-12-16 11:18:28,685] {processor.py:171} INFO - Processing /home/airflow/.local/lib/python3.7/site-packages/airflow/example_dags/example_subdag_operator.py took 0.121 seconds
[2021-12-16 11:18:58,788] {processor.py:163} INFO - Started process (PID=472) to work on /home/airflow/.local/lib/python3.7/site-packages/airflow/example_dags/example_subdag_operator.py
[2021-12-16 11:18:58,789] {processor.py:625} INFO - Processing file /home/airflow/.local/lib/python3.7/site-packages/airflow/example_dags/example_subdag_operator.py for tasks to queue
[2021-12-16 11:18:58,791] {logging_mixin.py:109} INFO - [2021-12-16 11:18:58,791] {dagbag.py:500} INFO - Filling up the DagBag from /home/airflow/.local/lib/python3.7/site-packages/airflow/example_dags/example_subdag_operator.py
[2021-12-16 11:18:58,830] {processor.py:637} INFO - DAG(s) dict_keys(['example_subdag_operator.section-1', 'example_subdag_operator.section-2', 'example_subdag_operator']) retrieved from /home/airflow/.local/lib/python3.7/site-packages/airflow/example_dags/example_subdag_operator.py
[2021-12-16 11:18:58,844] {logging_mixin.py:109} INFO - [2021-12-16 11:18:58,844] {dag.py:2396} INFO - Sync 3 DAGs
[2021-12-16 11:18:58,863] {logging_mixin.py:109} INFO - [2021-12-16 11:18:58,863] {dag.py:2928} INFO - Setting next_dagrun for example_subdag_operator to 2021-12-14T00:00:00+00:00
[2021-12-16 11:18:58,864] {logging_mixin.py:109} INFO - [2021-12-16 11:18:58,864] {dag.py:2928} INFO - Setting next_dagrun for example_subdag_operator.section-1 to None
[2021-12-16 11:18:58,865] {logging_mixin.py:109} INFO - [2021-12-16 11:18:58,865] {dag.py:2928} INFO - Setting next_dagrun for example_subdag_operator.section-2 to None
[2021-12-16 11:18:58,872] {logging_mixin.py:109} INFO - [2021-12-16 11:18:58,872] {dag.py:2396} INFO - Sync 2 DAGs
[2021-12-16 11:18:58,881] {logging_mixin.py:109} INFO - [2021-12-16 11:18:58,881] {dag.py:2928} INFO - Setting next_dagrun for example_subdag_operator.section-1 to None
[2021-12-16 11:18:58,882] {logging_mixin.py:109} INFO - [2021-12-16 11:18:58,882] {dag.py:2928} INFO - Setting next_dagrun for example_subdag_operator.section-2 to None
[2021-12-16 11:18:58,890] {processor.py:171} INFO - Processing /home/airflow/.local/lib/python3.7/site-packages/airflow/example_dags/example_subdag_operator.py took 0.107 seconds
[2021-12-16 11:19:28,960] {processor.py:163} INFO - Started process (PID=532) to work on /home/airflow/.local/lib/python3.7/site-packages/airflow/example_dags/example_subdag_operator.py
[2021-12-16 11:19:28,962] {processor.py:625} INFO - Processing file /home/airflow/.local/lib/python3.7/site-packages/airflow/example_dags/example_subdag_operator.py for tasks to queue
[2021-12-16 11:19:28,964] {logging_mixin.py:109} INFO - [2021-12-16 11:19:28,964] {dagbag.py:500} INFO - Filling up the DagBag from /home/airflow/.local/lib/python3.7/site-packages/airflow/example_dags/example_subdag_operator.py
[2021-12-16 11:19:29,004] {processor.py:637} INFO - DAG(s) dict_keys(['example_subdag_operator.section-1', 'example_subdag_operator.section-2', 'example_subdag_operator']) retrieved from /home/airflow/.local/lib/python3.7/site-packages/airflow/example_dags/example_subdag_operator.py
[2021-12-16 11:19:29,016] {logging_mixin.py:109} INFO - [2021-12-16 11:19:29,016] {dag.py:2396} INFO - Sync 3 DAGs
[2021-12-16 11:19:29,033] {logging_mixin.py:109} INFO - [2021-12-16 11:19:29,033] {dag.py:2928} INFO - Setting next_dagrun for example_subdag_operator to 2021-12-14T00:00:00+00:00
[2021-12-16 11:19:29,034] {logging_mixin.py:109} INFO - [2021-12-16 11:19:29,034] {dag.py:2928} INFO - Setting next_dagrun for example_subdag_operator.section-1 to None
[2021-12-16 11:19:29,035] {logging_mixin.py:109} INFO - [2021-12-16 11:19:29,035] {dag.py:2928} INFO - Setting next_dagrun for example_subdag_operator.section-2 to None
[2021-12-16 11:19:29,041] {logging_mixin.py:109} INFO - [2021-12-16 11:19:29,041] {dag.py:2396} INFO - Sync 2 DAGs
[2021-12-16 11:19:29,048] {logging_mixin.py:109} INFO - [2021-12-16 11:19:29,048] {dag.py:2928} INFO - Setting next_dagrun for example_subdag_operator.section-1 to None
[2021-12-16 11:19:29,048] {logging_mixin.py:109} INFO - [2021-12-16 11:19:29,048] {dag.py:2928} INFO - Setting next_dagrun for example_subdag_operator.section-2 to None
[2021-12-16 11:19:29,054] {processor.py:171} INFO - Processing /home/airflow/.local/lib/python3.7/site-packages/airflow/example_dags/example_subdag_operator.py took 0.097 seconds
[2021-12-16 11:19:59,271] {processor.py:163} INFO - Started process (PID=600) to work on /home/airflow/.local/lib/python3.7/site-packages/airflow/example_dags/example_subdag_operator.py
[2021-12-16 11:19:59,273] {processor.py:625} INFO - Processing file /home/airflow/.local/lib/python3.7/site-packages/airflow/example_dags/example_subdag_operator.py for tasks to queue
[2021-12-16 11:19:59,274] {logging_mixin.py:109} INFO - [2021-12-16 11:19:59,274] {dagbag.py:500} INFO - Filling up the DagBag from /home/airflow/.local/lib/python3.7/site-packages/airflow/example_dags/example_subdag_operator.py
[2021-12-16 11:19:59,312] {processor.py:637} INFO - DAG(s) dict_keys(['example_subdag_operator.section-1', 'example_subdag_operator.section-2', 'example_subdag_operator']) retrieved from /home/airflow/.local/lib/python3.7/site-packages/airflow/example_dags/example_subdag_operator.py
[2021-12-16 11:19:59,323] {logging_mixin.py:109} INFO - [2021-12-16 11:19:59,323] {dag.py:2396} INFO - Sync 3 DAGs
[2021-12-16 11:19:59,338] {logging_mixin.py:109} INFO - [2021-12-16 11:19:59,338] {dag.py:2928} INFO - Setting next_dagrun for example_subdag_operator to 2021-12-14T00:00:00+00:00
[2021-12-16 11:19:59,339] {logging_mixin.py:109} INFO - [2021-12-16 11:19:59,339] {dag.py:2928} INFO - Setting next_dagrun for example_subdag_operator.section-1 to None
[2021-12-16 11:19:59,340] {logging_mixin.py:109} INFO - [2021-12-16 11:19:59,340] {dag.py:2928} INFO - Setting next_dagrun for example_subdag_operator.section-2 to None
[2021-12-16 11:19:59,345] {logging_mixin.py:109} INFO - [2021-12-16 11:19:59,345] {dag.py:2396} INFO - Sync 2 DAGs
[2021-12-16 11:19:59,352] {logging_mixin.py:109} INFO - [2021-12-16 11:19:59,352] {dag.py:2928} INFO - Setting next_dagrun for example_subdag_operator.section-1 to None
[2021-12-16 11:19:59,353] {logging_mixin.py:109} INFO - [2021-12-16 11:19:59,352] {dag.py:2928} INFO - Setting next_dagrun for example_subdag_operator.section-2 to None
[2021-12-16 11:19:59,358] {processor.py:171} INFO - Processing /home/airflow/.local/lib/python3.7/site-packages/airflow/example_dags/example_subdag_operator.py took 0.091 seconds
[2021-12-16 11:20:29,852] {processor.py:163} INFO - Started process (PID=660) to work on /home/airflow/.local/lib/python3.7/site-packages/airflow/example_dags/example_subdag_operator.py
[2021-12-16 11:20:29,853] {processor.py:625} INFO - Processing file /home/airflow/.local/lib/python3.7/site-packages/airflow/example_dags/example_subdag_operator.py for tasks to queue
[2021-12-16 11:20:29,855] {logging_mixin.py:109} INFO - [2021-12-16 11:20:29,855] {dagbag.py:500} INFO - Filling up the DagBag from /home/airflow/.local/lib/python3.7/site-packages/airflow/example_dags/example_subdag_operator.py
[2021-12-16 11:20:29,892] {processor.py:637} INFO - DAG(s) dict_keys(['example_subdag_operator.section-1', 'example_subdag_operator.section-2', 'example_subdag_operator']) retrieved from /home/airflow/.local/lib/python3.7/site-packages/airflow/example_dags/example_subdag_operator.py
[2021-12-16 11:20:29,902] {logging_mixin.py:109} INFO - [2021-12-16 11:20:29,902] {dag.py:2396} INFO - Sync 3 DAGs
[2021-12-16 11:20:29,916] {logging_mixin.py:109} INFO - [2021-12-16 11:20:29,916] {dag.py:2928} INFO - Setting next_dagrun for example_subdag_operator to 2021-12-14T00:00:00+00:00
[2021-12-16 11:20:29,917] {logging_mixin.py:109} INFO - [2021-12-16 11:20:29,917] {dag.py:2928} INFO - Setting next_dagrun for example_subdag_operator.section-1 to None
[2021-12-16 11:20:29,917] {logging_mixin.py:109} INFO - [2021-12-16 11:20:29,917] {dag.py:2928} INFO - Setting next_dagrun for example_subdag_operator.section-2 to None
[2021-12-16 11:20:29,923] {logging_mixin.py:109} INFO - [2021-12-16 11:20:29,923] {dag.py:2396} INFO - Sync 2 DAGs
[2021-12-16 11:20:29,930] {logging_mixin.py:109} INFO - [2021-12-16 11:20:29,930] {dag.py:2928} INFO - Setting next_dagrun for example_subdag_operator.section-1 to None
[2021-12-16 11:20:29,931] {logging_mixin.py:109} INFO - [2021-12-16 11:20:29,931] {dag.py:2928} INFO - Setting next_dagrun for example_subdag_operator.section-2 to None
[2021-12-16 11:20:29,936] {processor.py:171} INFO - Processing /home/airflow/.local/lib/python3.7/site-packages/airflow/example_dags/example_subdag_operator.py took 0.088 seconds
[2021-12-16 11:21:00,212] {processor.py:163} INFO - Started process (PID=729) to work on /home/airflow/.local/lib/python3.7/site-packages/airflow/example_dags/example_subdag_operator.py
[2021-12-16 11:21:00,213] {processor.py:625} INFO - Processing file /home/airflow/.local/lib/python3.7/site-packages/airflow/example_dags/example_subdag_operator.py for tasks to queue
[2021-12-16 11:21:00,215] {logging_mixin.py:109} INFO - [2021-12-16 11:21:00,214] {dagbag.py:500} INFO - Filling up the DagBag from /home/airflow/.local/lib/python3.7/site-packages/airflow/example_dags/example_subdag_operator.py
[2021-12-16 11:21:00,253] {processor.py:637} INFO - DAG(s) dict_keys(['example_subdag_operator.section-1', 'example_subdag_operator.section-2', 'example_subdag_operator']) retrieved from /home/airflow/.local/lib/python3.7/site-packages/airflow/example_dags/example_subdag_operator.py
[2021-12-16 11:21:00,265] {logging_mixin.py:109} INFO - [2021-12-16 11:21:00,265] {dag.py:2396} INFO - Sync 3 DAGs
[2021-12-16 11:21:00,285] {logging_mixin.py:109} INFO - [2021-12-16 11:21:00,285] {dag.py:2928} INFO - Setting next_dagrun for example_subdag_operator to 2021-12-14T00:00:00+00:00
[2021-12-16 11:21:00,286] {logging_mixin.py:109} INFO - [2021-12-16 11:21:00,286] {dag.py:2928} INFO - Setting next_dagrun for example_subdag_operator.section-1 to None
[2021-12-16 11:21:00,287] {logging_mixin.py:109} INFO - [2021-12-16 11:21:00,287] {dag.py:2928} INFO - Setting next_dagrun for example_subdag_operator.section-2 to None
[2021-12-16 11:21:00,294] {logging_mixin.py:109} INFO - [2021-12-16 11:21:00,294] {dag.py:2396} INFO - Sync 2 DAGs
[2021-12-16 11:21:00,305] {logging_mixin.py:109} INFO - [2021-12-16 11:21:00,305] {dag.py:2928} INFO - Setting next_dagrun for example_subdag_operator.section-1 to None
[2021-12-16 11:21:00,306] {logging_mixin.py:109} INFO - [2021-12-16 11:21:00,306] {dag.py:2928} INFO - Setting next_dagrun for example_subdag_operator.section-2 to None
[2021-12-16 11:21:00,313] {processor.py:171} INFO - Processing /home/airflow/.local/lib/python3.7/site-packages/airflow/example_dags/example_subdag_operator.py took 0.106 seconds
[2021-12-16 11:21:30,525] {processor.py:163} INFO - Started process (PID=789) to work on /home/airflow/.local/lib/python3.7/site-packages/airflow/example_dags/example_subdag_operator.py
[2021-12-16 11:21:30,527] {processor.py:625} INFO - Processing file /home/airflow/.local/lib/python3.7/site-packages/airflow/example_dags/example_subdag_operator.py for tasks to queue
[2021-12-16 11:21:30,528] {logging_mixin.py:109} INFO - [2021-12-16 11:21:30,528] {dagbag.py:500} INFO - Filling up the DagBag from /home/airflow/.local/lib/python3.7/site-packages/airflow/example_dags/example_subdag_operator.py
[2021-12-16 11:21:30,562] {processor.py:637} INFO - DAG(s) dict_keys(['example_subdag_operator.section-1', 'example_subdag_operator.section-2', 'example_subdag_operator']) retrieved from /home/airflow/.local/lib/python3.7/site-packages/airflow/example_dags/example_subdag_operator.py
[2021-12-16 11:21:30,574] {logging_mixin.py:109} INFO - [2021-12-16 11:21:30,574] {dag.py:2396} INFO - Sync 3 DAGs
[2021-12-16 11:21:30,593] {logging_mixin.py:109} INFO - [2021-12-16 11:21:30,593] {dag.py:2928} INFO - Setting next_dagrun for example_subdag_operator to 2021-12-14T00:00:00+00:00
[2021-12-16 11:21:30,594] {logging_mixin.py:109} INFO - [2021-12-16 11:21:30,594] {dag.py:2928} INFO - Setting next_dagrun for example_subdag_operator.section-1 to None
[2021-12-16 11:21:30,595] {logging_mixin.py:109} INFO - [2021-12-16 11:21:30,595] {dag.py:2928} INFO - Setting next_dagrun for example_subdag_operator.section-2 to None
[2021-12-16 11:21:30,601] {logging_mixin.py:109} INFO - [2021-12-16 11:21:30,601] {dag.py:2396} INFO - Sync 2 DAGs
[2021-12-16 11:21:30,610] {logging_mixin.py:109} INFO - [2021-12-16 11:21:30,610] {dag.py:2928} INFO - Setting next_dagrun for example_subdag_operator.section-1 to None
[2021-12-16 11:21:30,611] {logging_mixin.py:109} INFO - [2021-12-16 11:21:30,611] {dag.py:2928} INFO - Setting next_dagrun for example_subdag_operator.section-2 to None
[2021-12-16 11:21:30,617] {processor.py:171} INFO - Processing /home/airflow/.local/lib/python3.7/site-packages/airflow/example_dags/example_subdag_operator.py took 0.095 seconds
[2021-12-16 11:22:01,033] {processor.py:163} INFO - Started process (PID=858) to work on /home/airflow/.local/lib/python3.7/site-packages/airflow/example_dags/example_subdag_operator.py
[2021-12-16 11:22:01,035] {processor.py:625} INFO - Processing file /home/airflow/.local/lib/python3.7/site-packages/airflow/example_dags/example_subdag_operator.py for tasks to queue
[2021-12-16 11:22:01,036] {logging_mixin.py:109} INFO - [2021-12-16 11:22:01,036] {dagbag.py:500} INFO - Filling up the DagBag from /home/airflow/.local/lib/python3.7/site-packages/airflow/example_dags/example_subdag_operator.py
[2021-12-16 11:22:01,072] {processor.py:637} INFO - DAG(s) dict_keys(['example_subdag_operator.section-1', 'example_subdag_operator.section-2', 'example_subdag_operator']) retrieved from /home/airflow/.local/lib/python3.7/site-packages/airflow/example_dags/example_subdag_operator.py
[2021-12-16 11:22:01,084] {logging_mixin.py:109} INFO - [2021-12-16 11:22:01,083] {dag.py:2396} INFO - Sync 3 DAGs
[2021-12-16 11:22:01,100] {logging_mixin.py:109} INFO - [2021-12-16 11:22:01,100] {dag.py:2928} INFO - Setting next_dagrun for example_subdag_operator to 2021-12-14T00:00:00+00:00
[2021-12-16 11:22:01,101] {logging_mixin.py:109} INFO - [2021-12-16 11:22:01,101] {dag.py:2928} INFO - Setting next_dagrun for example_subdag_operator.section-1 to None
[2021-12-16 11:22:01,101] {logging_mixin.py:109} INFO - [2021-12-16 11:22:01,101] {dag.py:2928} INFO - Setting next_dagrun for example_subdag_operator.section-2 to None
[2021-12-16 11:22:01,108] {logging_mixin.py:109} INFO - [2021-12-16 11:22:01,107] {dag.py:2396} INFO - Sync 2 DAGs
[2021-12-16 11:22:01,116] {logging_mixin.py:109} INFO - [2021-12-16 11:22:01,116] {dag.py:2928} INFO - Setting next_dagrun for example_subdag_operator.section-1 to None
[2021-12-16 11:22:01,117] {logging_mixin.py:109} INFO - [2021-12-16 11:22:01,117] {dag.py:2928} INFO - Setting next_dagrun for example_subdag_operator.section-2 to None
[2021-12-16 11:22:01,125] {processor.py:171} INFO - Processing /home/airflow/.local/lib/python3.7/site-packages/airflow/example_dags/example_subdag_operator.py took 0.096 seconds
[2021-12-16 11:22:31,395] {processor.py:163} INFO - Started process (PID=927) to work on /home/airflow/.local/lib/python3.7/site-packages/airflow/example_dags/example_subdag_operator.py
[2021-12-16 11:22:31,397] {processor.py:625} INFO - Processing file /home/airflow/.local/lib/python3.7/site-packages/airflow/example_dags/example_subdag_operator.py for tasks to queue
[2021-12-16 11:22:31,399] {logging_mixin.py:109} INFO - [2021-12-16 11:22:31,399] {dagbag.py:500} INFO - Filling up the DagBag from /home/airflow/.local/lib/python3.7/site-packages/airflow/example_dags/example_subdag_operator.py
[2021-12-16 11:22:31,442] {processor.py:637} INFO - DAG(s) dict_keys(['example_subdag_operator.section-1', 'example_subdag_operator.section-2', 'example_subdag_operator']) retrieved from /home/airflow/.local/lib/python3.7/site-packages/airflow/example_dags/example_subdag_operator.py
[2021-12-16 11:22:31,455] {logging_mixin.py:109} INFO - [2021-12-16 11:22:31,455] {dag.py:2396} INFO - Sync 3 DAGs
[2021-12-16 11:22:31,474] {logging_mixin.py:109} INFO - [2021-12-16 11:22:31,473] {dag.py:2928} INFO - Setting next_dagrun for example_subdag_operator to 2021-12-14T00:00:00+00:00
[2021-12-16 11:22:31,474] {logging_mixin.py:109} INFO - [2021-12-16 11:22:31,474] {dag.py:2928} INFO - Setting next_dagrun for example_subdag_operator.section-1 to None
[2021-12-16 11:22:31,475] {logging_mixin.py:109} INFO - [2021-12-16 11:22:31,475] {dag.py:2928} INFO - Setting next_dagrun for example_subdag_operator.section-2 to None
[2021-12-16 11:22:31,482] {logging_mixin.py:109} INFO - [2021-12-16 11:22:31,482] {dag.py:2396} INFO - Sync 2 DAGs
[2021-12-16 11:22:31,493] {logging_mixin.py:109} INFO - [2021-12-16 11:22:31,493] {dag.py:2928} INFO - Setting next_dagrun for example_subdag_operator.section-1 to None
[2021-12-16 11:22:31,494] {logging_mixin.py:109} INFO - [2021-12-16 11:22:31,494] {dag.py:2928} INFO - Setting next_dagrun for example_subdag_operator.section-2 to None
[2021-12-16 11:22:31,502] {processor.py:171} INFO - Processing /home/airflow/.local/lib/python3.7/site-packages/airflow/example_dags/example_subdag_operator.py took 0.111 seconds
[2021-12-16 11:23:01,782] {processor.py:163} INFO - Started process (PID=989) to work on /home/airflow/.local/lib/python3.7/site-packages/airflow/example_dags/example_subdag_operator.py
[2021-12-16 11:23:01,785] {processor.py:625} INFO - Processing file /home/airflow/.local/lib/python3.7/site-packages/airflow/example_dags/example_subdag_operator.py for tasks to queue
[2021-12-16 11:23:01,786] {logging_mixin.py:109} INFO - [2021-12-16 11:23:01,786] {dagbag.py:500} INFO - Filling up the DagBag from /home/airflow/.local/lib/python3.7/site-packages/airflow/example_dags/example_subdag_operator.py
[2021-12-16 11:23:01,823] {processor.py:637} INFO - DAG(s) dict_keys(['example_subdag_operator.section-1', 'example_subdag_operator.section-2', 'example_subdag_operator']) retrieved from /home/airflow/.local/lib/python3.7/site-packages/airflow/example_dags/example_subdag_operator.py
[2021-12-16 11:23:01,834] {logging_mixin.py:109} INFO - [2021-12-16 11:23:01,834] {dag.py:2396} INFO - Sync 3 DAGs
[2021-12-16 11:23:01,851] {logging_mixin.py:109} INFO - [2021-12-16 11:23:01,851] {dag.py:2928} INFO - Setting next_dagrun for example_subdag_operator to 2021-12-14T00:00:00+00:00
[2021-12-16 11:23:01,852] {logging_mixin.py:109} INFO - [2021-12-16 11:23:01,852] {dag.py:2928} INFO - Setting next_dagrun for example_subdag_operator.section-1 to None
[2021-12-16 11:23:01,853] {logging_mixin.py:109} INFO - [2021-12-16 11:23:01,853] {dag.py:2928} INFO - Setting next_dagrun for example_subdag_operator.section-2 to None
[2021-12-16 11:23:01,859] {logging_mixin.py:109} INFO - [2021-12-16 11:23:01,858] {dag.py:2396} INFO - Sync 2 DAGs
[2021-12-16 11:23:01,866] {logging_mixin.py:109} INFO - [2021-12-16 11:23:01,865] {dag.py:2928} INFO - Setting next_dagrun for example_subdag_operator.section-1 to None
[2021-12-16 11:23:01,867] {logging_mixin.py:109} INFO - [2021-12-16 11:23:01,867] {dag.py:2928} INFO - Setting next_dagrun for example_subdag_operator.section-2 to None
[2021-12-16 11:23:01,874] {processor.py:171} INFO - Processing /home/airflow/.local/lib/python3.7/site-packages/airflow/example_dags/example_subdag_operator.py took 0.096 seconds
[2021-12-16 11:23:31,958] {processor.py:163} INFO - Started process (PID=1058) to work on /home/airflow/.local/lib/python3.7/site-packages/airflow/example_dags/example_subdag_operator.py
[2021-12-16 11:23:31,960] {processor.py:625} INFO - Processing file /home/airflow/.local/lib/python3.7/site-packages/airflow/example_dags/example_subdag_operator.py for tasks to queue
[2021-12-16 11:23:31,962] {logging_mixin.py:109} INFO - [2021-12-16 11:23:31,961] {dagbag.py:500} INFO - Filling up the DagBag from /home/airflow/.local/lib/python3.7/site-packages/airflow/example_dags/example_subdag_operator.py
[2021-12-16 11:23:31,997] {processor.py:637} INFO - DAG(s) dict_keys(['example_subdag_operator.section-1', 'example_subdag_operator.section-2', 'example_subdag_operator']) retrieved from /home/airflow/.local/lib/python3.7/site-packages/airflow/example_dags/example_subdag_operator.py
[2021-12-16 11:23:32,007] {logging_mixin.py:109} INFO - [2021-12-16 11:23:32,007] {dag.py:2396} INFO - Sync 3 DAGs
[2021-12-16 11:23:32,022] {logging_mixin.py:109} INFO - [2021-12-16 11:23:32,022] {dag.py:2928} INFO - Setting next_dagrun for example_subdag_operator to 2021-12-14T00:00:00+00:00
[2021-12-16 11:23:32,023] {logging_mixin.py:109} INFO - [2021-12-16 11:23:32,023] {dag.py:2928} INFO - Setting next_dagrun for example_subdag_operator.section-1 to None
[2021-12-16 11:23:32,024] {logging_mixin.py:109} INFO - [2021-12-16 11:23:32,024] {dag.py:2928} INFO - Setting next_dagrun for example_subdag_operator.section-2 to None
[2021-12-16 11:23:32,030] {logging_mixin.py:109} INFO - [2021-12-16 11:23:32,030] {dag.py:2396} INFO - Sync 2 DAGs
[2021-12-16 11:23:32,039] {logging_mixin.py:109} INFO - [2021-12-16 11:23:32,039] {dag.py:2928} INFO - Setting next_dagrun for example_subdag_operator.section-1 to None
[2021-12-16 11:23:32,040] {logging_mixin.py:109} INFO - [2021-12-16 11:23:32,040] {dag.py:2928} INFO - Setting next_dagrun for example_subdag_operator.section-2 to None
[2021-12-16 11:23:32,047] {processor.py:171} INFO - Processing /home/airflow/.local/lib/python3.7/site-packages/airflow/example_dags/example_subdag_operator.py took 0.094 seconds
[2021-12-16 11:24:02,610] {processor.py:163} INFO - Started process (PID=1118) to work on /home/airflow/.local/lib/python3.7/site-packages/airflow/example_dags/example_subdag_operator.py
[2021-12-16 11:24:02,612] {processor.py:625} INFO - Processing file /home/airflow/.local/lib/python3.7/site-packages/airflow/example_dags/example_subdag_operator.py for tasks to queue
[2021-12-16 11:24:02,613] {logging_mixin.py:109} INFO - [2021-12-16 11:24:02,613] {dagbag.py:500} INFO - Filling up the DagBag from /home/airflow/.local/lib/python3.7/site-packages/airflow/example_dags/example_subdag_operator.py
[2021-12-16 11:24:02,650] {processor.py:637} INFO - DAG(s) dict_keys(['example_subdag_operator.section-1', 'example_subdag_operator.section-2', 'example_subdag_operator']) retrieved from /home/airflow/.local/lib/python3.7/site-packages/airflow/example_dags/example_subdag_operator.py
[2021-12-16 11:24:02,661] {logging_mixin.py:109} INFO - [2021-12-16 11:24:02,661] {dag.py:2396} INFO - Sync 3 DAGs
[2021-12-16 11:24:02,675] {logging_mixin.py:109} INFO - [2021-12-16 11:24:02,675] {dag.py:2928} INFO - Setting next_dagrun for example_subdag_operator to 2021-12-14T00:00:00+00:00
[2021-12-16 11:24:02,676] {logging_mixin.py:109} INFO - [2021-12-16 11:24:02,676] {dag.py:2928} INFO - Setting next_dagrun for example_subdag_operator.section-1 to None
[2021-12-16 11:24:02,677] {logging_mixin.py:109} INFO - [2021-12-16 11:24:02,677] {dag.py:2928} INFO - Setting next_dagrun for example_subdag_operator.section-2 to None
[2021-12-16 11:24:02,682] {logging_mixin.py:109} INFO - [2021-12-16 11:24:02,682] {dag.py:2396} INFO - Sync 2 DAGs
[2021-12-16 11:24:02,689] {logging_mixin.py:109} INFO - [2021-12-16 11:24:02,689] {dag.py:2928} INFO - Setting next_dagrun for example_subdag_operator.section-1 to None
[2021-12-16 11:24:02,690] {logging_mixin.py:109} INFO - [2021-12-16 11:24:02,690] {dag.py:2928} INFO - Setting next_dagrun for example_subdag_operator.section-2 to None
[2021-12-16 11:24:02,695] {processor.py:171} INFO - Processing /home/airflow/.local/lib/python3.7/site-packages/airflow/example_dags/example_subdag_operator.py took 0.089 seconds
[2021-12-16 11:24:33,533] {processor.py:163} INFO - Started process (PID=1188) to work on /home/airflow/.local/lib/python3.7/site-packages/airflow/example_dags/example_subdag_operator.py
[2021-12-16 11:24:33,534] {processor.py:625} INFO - Processing file /home/airflow/.local/lib/python3.7/site-packages/airflow/example_dags/example_subdag_operator.py for tasks to queue
[2021-12-16 11:24:33,535] {logging_mixin.py:109} INFO - [2021-12-16 11:24:33,535] {dagbag.py:500} INFO - Filling up the DagBag from /home/airflow/.local/lib/python3.7/site-packages/airflow/example_dags/example_subdag_operator.py
[2021-12-16 11:24:33,572] {processor.py:637} INFO - DAG(s) dict_keys(['example_subdag_operator.section-1', 'example_subdag_operator.section-2', 'example_subdag_operator']) retrieved from /home/airflow/.local/lib/python3.7/site-packages/airflow/example_dags/example_subdag_operator.py
[2021-12-16 11:24:33,586] {logging_mixin.py:109} INFO - [2021-12-16 11:24:33,586] {dag.py:2396} INFO - Sync 3 DAGs
[2021-12-16 11:24:33,608] {logging_mixin.py:109} INFO - [2021-12-16 11:24:33,608] {dag.py:2928} INFO - Setting next_dagrun for example_subdag_operator to 2021-12-14T00:00:00+00:00
[2021-12-16 11:24:33,610] {logging_mixin.py:109} INFO - [2021-12-16 11:24:33,609] {dag.py:2928} INFO - Setting next_dagrun for example_subdag_operator.section-1 to None
[2021-12-16 11:24:33,610] {logging_mixin.py:109} INFO - [2021-12-16 11:24:33,610] {dag.py:2928} INFO - Setting next_dagrun for example_subdag_operator.section-2 to None
[2021-12-16 11:24:33,617] {logging_mixin.py:109} INFO - [2021-12-16 11:24:33,617] {dag.py:2396} INFO - Sync 2 DAGs
[2021-12-16 11:24:33,629] {logging_mixin.py:109} INFO - [2021-12-16 11:24:33,629] {dag.py:2928} INFO - Setting next_dagrun for example_subdag_operator.section-1 to None
[2021-12-16 11:24:33,630] {logging_mixin.py:109} INFO - [2021-12-16 11:24:33,630] {dag.py:2928} INFO - Setting next_dagrun for example_subdag_operator.section-2 to None
[2021-12-16 11:24:33,639] {processor.py:171} INFO - Processing /home/airflow/.local/lib/python3.7/site-packages/airflow/example_dags/example_subdag_operator.py took 0.110 seconds
[2021-12-16 11:25:03,985] {processor.py:163} INFO - Started process (PID=1248) to work on /home/airflow/.local/lib/python3.7/site-packages/airflow/example_dags/example_subdag_operator.py
[2021-12-16 11:25:03,987] {processor.py:625} INFO - Processing file /home/airflow/.local/lib/python3.7/site-packages/airflow/example_dags/example_subdag_operator.py for tasks to queue
[2021-12-16 11:25:03,988] {logging_mixin.py:109} INFO - [2021-12-16 11:25:03,988] {dagbag.py:500} INFO - Filling up the DagBag from /home/airflow/.local/lib/python3.7/site-packages/airflow/example_dags/example_subdag_operator.py
[2021-12-16 11:25:04,025] {processor.py:637} INFO - DAG(s) dict_keys(['example_subdag_operator.section-1', 'example_subdag_operator.section-2', 'example_subdag_operator']) retrieved from /home/airflow/.local/lib/python3.7/site-packages/airflow/example_dags/example_subdag_operator.py
[2021-12-16 11:25:04,036] {logging_mixin.py:109} INFO - [2021-12-16 11:25:04,036] {dag.py:2396} INFO - Sync 3 DAGs
[2021-12-16 11:25:04,051] {logging_mixin.py:109} INFO - [2021-12-16 11:25:04,051] {dag.py:2928} INFO - Setting next_dagrun for example_subdag_operator to 2021-12-14T00:00:00+00:00
[2021-12-16 11:25:04,051] {logging_mixin.py:109} INFO - [2021-12-16 11:25:04,051] {dag.py:2928} INFO - Setting next_dagrun for example_subdag_operator.section-1 to None
[2021-12-16 11:25:04,052] {logging_mixin.py:109} INFO - [2021-12-16 11:25:04,052] {dag.py:2928} INFO - Setting next_dagrun for example_subdag_operator.section-2 to None
[2021-12-16 11:25:04,058] {logging_mixin.py:109} INFO - [2021-12-16 11:25:04,058] {dag.py:2396} INFO - Sync 2 DAGs
[2021-12-16 11:25:04,065] {logging_mixin.py:109} INFO - [2021-12-16 11:25:04,065] {dag.py:2928} INFO - Setting next_dagrun for example_subdag_operator.section-1 to None
[2021-12-16 11:25:04,066] {logging_mixin.py:109} INFO - [2021-12-16 11:25:04,066] {dag.py:2928} INFO - Setting next_dagrun for example_subdag_operator.section-2 to None
[2021-12-16 11:25:04,071] {processor.py:171} INFO - Processing /home/airflow/.local/lib/python3.7/site-packages/airflow/example_dags/example_subdag_operator.py took 0.090 seconds
