[2021-12-16 11:17:44,572] {processor.py:163} INFO - Started process (PID=112) to work on /home/airflow/.local/lib/python3.7/site-packages/airflow/example_dags/example_latest_only.py
[2021-12-16 11:17:44,575] {processor.py:625} INFO - Processing file /home/airflow/.local/lib/python3.7/site-packages/airflow/example_dags/example_latest_only.py for tasks to queue
[2021-12-16 11:17:44,576] {logging_mixin.py:109} INFO - [2021-12-16 11:17:44,576] {dagbag.py:500} INFO - Filling up the DagBag from /home/airflow/.local/lib/python3.7/site-packages/airflow/example_dags/example_latest_only.py
[2021-12-16 11:17:44,609] {processor.py:637} INFO - DAG(s) dict_keys(['latest_only']) retrieved from /home/airflow/.local/lib/python3.7/site-packages/airflow/example_dags/example_latest_only.py
[2021-12-16 11:17:46,040] {logging_mixin.py:109} INFO - [2021-12-16 11:17:46,040] {providers_manager.py:156} WARNING - Exception when importing 'airflow.providers.google.leveldb.hooks.leveldb.LevelDBHook' from 'apache-airflow-providers-google' package: No module named 'plyvel'
[2021-12-16 11:17:46,484] {logging_mixin.py:109} INFO - [2021-12-16 11:17:46,484] {providers_manager.py:156} WARNING - Exception when importing 'airflow.providers.google.leveldb.hooks.leveldb.LevelDBHook' from 'apache-airflow-providers-google' package: No module named 'plyvel'
[2021-12-16 11:17:46,506] {logging_mixin.py:109} INFO - [2021-12-16 11:17:46,506] {manager.py:496} INFO - Created Permission View: can read on DAG:latest_only
[2021-12-16 11:17:46,517] {logging_mixin.py:109} INFO - [2021-12-16 11:17:46,517] {manager.py:496} INFO - Created Permission View: can edit on DAG:latest_only
[2021-12-16 11:17:46,520] {logging_mixin.py:109} INFO - [2021-12-16 11:17:46,518] {dag.py:2396} INFO - Sync 1 DAGs
[2021-12-16 11:17:46,529] {logging_mixin.py:109} INFO - [2021-12-16 11:17:46,529] {dag.py:2415} INFO - Creating ORM DAG for latest_only
[2021-12-16 11:17:46,539] {logging_mixin.py:109} INFO - [2021-12-16 11:17:46,539] {dag.py:2928} INFO - Setting next_dagrun for latest_only to 2021-12-16T07:17:46.538893+00:00
[2021-12-16 11:17:46,550] {processor.py:171} INFO - Processing /home/airflow/.local/lib/python3.7/site-packages/airflow/example_dags/example_latest_only.py took 1.982 seconds
[2021-12-16 11:18:16,666] {processor.py:163} INFO - Started process (PID=378) to work on /home/airflow/.local/lib/python3.7/site-packages/airflow/example_dags/example_latest_only.py
[2021-12-16 11:18:16,668] {processor.py:625} INFO - Processing file /home/airflow/.local/lib/python3.7/site-packages/airflow/example_dags/example_latest_only.py for tasks to queue
[2021-12-16 11:18:16,669] {logging_mixin.py:109} INFO - [2021-12-16 11:18:16,669] {dagbag.py:500} INFO - Filling up the DagBag from /home/airflow/.local/lib/python3.7/site-packages/airflow/example_dags/example_latest_only.py
[2021-12-16 11:18:16,695] {processor.py:637} INFO - DAG(s) dict_keys(['latest_only']) retrieved from /home/airflow/.local/lib/python3.7/site-packages/airflow/example_dags/example_latest_only.py
[2021-12-16 11:18:16,704] {logging_mixin.py:109} INFO - [2021-12-16 11:18:16,704] {dag.py:2396} INFO - Sync 1 DAGs
[2021-12-16 11:18:16,718] {logging_mixin.py:109} INFO - [2021-12-16 11:18:16,718] {dag.py:2928} INFO - Setting next_dagrun for latest_only to 2021-12-16T07:18:16.718486+00:00
[2021-12-16 11:18:16,726] {processor.py:171} INFO - Processing /home/airflow/.local/lib/python3.7/site-packages/airflow/example_dags/example_latest_only.py took 0.063 seconds
[2021-12-16 11:18:46,902] {processor.py:163} INFO - Started process (PID=448) to work on /home/airflow/.local/lib/python3.7/site-packages/airflow/example_dags/example_latest_only.py
[2021-12-16 11:18:46,904] {processor.py:625} INFO - Processing file /home/airflow/.local/lib/python3.7/site-packages/airflow/example_dags/example_latest_only.py for tasks to queue
[2021-12-16 11:18:46,906] {logging_mixin.py:109} INFO - [2021-12-16 11:18:46,906] {dagbag.py:500} INFO - Filling up the DagBag from /home/airflow/.local/lib/python3.7/site-packages/airflow/example_dags/example_latest_only.py
[2021-12-16 11:18:46,933] {processor.py:637} INFO - DAG(s) dict_keys(['latest_only']) retrieved from /home/airflow/.local/lib/python3.7/site-packages/airflow/example_dags/example_latest_only.py
[2021-12-16 11:18:46,944] {logging_mixin.py:109} INFO - [2021-12-16 11:18:46,943] {dag.py:2396} INFO - Sync 1 DAGs
[2021-12-16 11:18:46,958] {logging_mixin.py:109} INFO - [2021-12-16 11:18:46,957] {dag.py:2928} INFO - Setting next_dagrun for latest_only to 2021-12-16T07:18:46.957698+00:00
[2021-12-16 11:18:46,965] {processor.py:171} INFO - Processing /home/airflow/.local/lib/python3.7/site-packages/airflow/example_dags/example_latest_only.py took 0.067 seconds
[2021-12-16 11:19:17,046] {processor.py:163} INFO - Started process (PID=508) to work on /home/airflow/.local/lib/python3.7/site-packages/airflow/example_dags/example_latest_only.py
[2021-12-16 11:19:17,048] {processor.py:625} INFO - Processing file /home/airflow/.local/lib/python3.7/site-packages/airflow/example_dags/example_latest_only.py for tasks to queue
[2021-12-16 11:19:17,049] {logging_mixin.py:109} INFO - [2021-12-16 11:19:17,049] {dagbag.py:500} INFO - Filling up the DagBag from /home/airflow/.local/lib/python3.7/site-packages/airflow/example_dags/example_latest_only.py
[2021-12-16 11:19:17,077] {processor.py:637} INFO - DAG(s) dict_keys(['latest_only']) retrieved from /home/airflow/.local/lib/python3.7/site-packages/airflow/example_dags/example_latest_only.py
[2021-12-16 11:19:17,086] {logging_mixin.py:109} INFO - [2021-12-16 11:19:17,086] {dag.py:2396} INFO - Sync 1 DAGs
[2021-12-16 11:19:17,101] {logging_mixin.py:109} INFO - [2021-12-16 11:19:17,101] {dag.py:2928} INFO - Setting next_dagrun for latest_only to 2021-12-16T07:19:17.101359+00:00
[2021-12-16 11:19:17,110] {processor.py:171} INFO - Processing /home/airflow/.local/lib/python3.7/site-packages/airflow/example_dags/example_latest_only.py took 0.068 seconds
[2021-12-16 11:19:47,144] {processor.py:163} INFO - Started process (PID=576) to work on /home/airflow/.local/lib/python3.7/site-packages/airflow/example_dags/example_latest_only.py
[2021-12-16 11:19:47,146] {processor.py:625} INFO - Processing file /home/airflow/.local/lib/python3.7/site-packages/airflow/example_dags/example_latest_only.py for tasks to queue
[2021-12-16 11:19:47,148] {logging_mixin.py:109} INFO - [2021-12-16 11:19:47,147] {dagbag.py:500} INFO - Filling up the DagBag from /home/airflow/.local/lib/python3.7/site-packages/airflow/example_dags/example_latest_only.py
[2021-12-16 11:19:47,172] {processor.py:637} INFO - DAG(s) dict_keys(['latest_only']) retrieved from /home/airflow/.local/lib/python3.7/site-packages/airflow/example_dags/example_latest_only.py
[2021-12-16 11:19:47,181] {logging_mixin.py:109} INFO - [2021-12-16 11:19:47,181] {dag.py:2396} INFO - Sync 1 DAGs
[2021-12-16 11:19:47,196] {logging_mixin.py:109} INFO - [2021-12-16 11:19:47,196] {dag.py:2928} INFO - Setting next_dagrun for latest_only to 2021-12-16T07:19:47.195753+00:00
[2021-12-16 11:19:47,205] {processor.py:171} INFO - Processing /home/airflow/.local/lib/python3.7/site-packages/airflow/example_dags/example_latest_only.py took 0.065 seconds
[2021-12-16 11:20:17,632] {processor.py:163} INFO - Started process (PID=636) to work on /home/airflow/.local/lib/python3.7/site-packages/airflow/example_dags/example_latest_only.py
[2021-12-16 11:20:17,635] {processor.py:625} INFO - Processing file /home/airflow/.local/lib/python3.7/site-packages/airflow/example_dags/example_latest_only.py for tasks to queue
[2021-12-16 11:20:17,637] {logging_mixin.py:109} INFO - [2021-12-16 11:20:17,637] {dagbag.py:500} INFO - Filling up the DagBag from /home/airflow/.local/lib/python3.7/site-packages/airflow/example_dags/example_latest_only.py
[2021-12-16 11:20:17,667] {processor.py:637} INFO - DAG(s) dict_keys(['latest_only']) retrieved from /home/airflow/.local/lib/python3.7/site-packages/airflow/example_dags/example_latest_only.py
[2021-12-16 11:20:17,679] {logging_mixin.py:109} INFO - [2021-12-16 11:20:17,679] {dag.py:2396} INFO - Sync 1 DAGs
[2021-12-16 11:20:17,698] {logging_mixin.py:109} INFO - [2021-12-16 11:20:17,698] {dag.py:2928} INFO - Setting next_dagrun for latest_only to 2021-12-16T07:20:17.698110+00:00
[2021-12-16 11:20:17,708] {processor.py:171} INFO - Processing /home/airflow/.local/lib/python3.7/site-packages/airflow/example_dags/example_latest_only.py took 0.080 seconds
[2021-12-16 11:20:48,028] {processor.py:163} INFO - Started process (PID=705) to work on /home/airflow/.local/lib/python3.7/site-packages/airflow/example_dags/example_latest_only.py
[2021-12-16 11:20:48,030] {processor.py:625} INFO - Processing file /home/airflow/.local/lib/python3.7/site-packages/airflow/example_dags/example_latest_only.py for tasks to queue
[2021-12-16 11:20:48,031] {logging_mixin.py:109} INFO - [2021-12-16 11:20:48,031] {dagbag.py:500} INFO - Filling up the DagBag from /home/airflow/.local/lib/python3.7/site-packages/airflow/example_dags/example_latest_only.py
[2021-12-16 11:20:48,061] {processor.py:637} INFO - DAG(s) dict_keys(['latest_only']) retrieved from /home/airflow/.local/lib/python3.7/site-packages/airflow/example_dags/example_latest_only.py
[2021-12-16 11:20:48,070] {logging_mixin.py:109} INFO - [2021-12-16 11:20:48,070] {dag.py:2396} INFO - Sync 1 DAGs
[2021-12-16 11:20:48,084] {logging_mixin.py:109} INFO - [2021-12-16 11:20:48,084] {dag.py:2928} INFO - Setting next_dagrun for latest_only to 2021-12-16T07:20:48.083985+00:00
[2021-12-16 11:20:48,092] {processor.py:171} INFO - Processing /home/airflow/.local/lib/python3.7/site-packages/airflow/example_dags/example_latest_only.py took 0.068 seconds
[2021-12-16 11:21:18,401] {processor.py:163} INFO - Started process (PID=765) to work on /home/airflow/.local/lib/python3.7/site-packages/airflow/example_dags/example_latest_only.py
[2021-12-16 11:21:18,403] {processor.py:625} INFO - Processing file /home/airflow/.local/lib/python3.7/site-packages/airflow/example_dags/example_latest_only.py for tasks to queue
[2021-12-16 11:21:18,404] {logging_mixin.py:109} INFO - [2021-12-16 11:21:18,404] {dagbag.py:500} INFO - Filling up the DagBag from /home/airflow/.local/lib/python3.7/site-packages/airflow/example_dags/example_latest_only.py
[2021-12-16 11:21:18,433] {processor.py:637} INFO - DAG(s) dict_keys(['latest_only']) retrieved from /home/airflow/.local/lib/python3.7/site-packages/airflow/example_dags/example_latest_only.py
[2021-12-16 11:21:18,442] {logging_mixin.py:109} INFO - [2021-12-16 11:21:18,442] {dag.py:2396} INFO - Sync 1 DAGs
[2021-12-16 11:21:18,461] {logging_mixin.py:109} INFO - [2021-12-16 11:21:18,461] {dag.py:2928} INFO - Setting next_dagrun for latest_only to 2021-12-16T07:21:18.460895+00:00
[2021-12-16 11:21:18,469] {processor.py:171} INFO - Processing /home/airflow/.local/lib/python3.7/site-packages/airflow/example_dags/example_latest_only.py took 0.072 seconds
[2021-12-16 11:21:48,849] {processor.py:163} INFO - Started process (PID=834) to work on /home/airflow/.local/lib/python3.7/site-packages/airflow/example_dags/example_latest_only.py
[2021-12-16 11:21:48,851] {processor.py:625} INFO - Processing file /home/airflow/.local/lib/python3.7/site-packages/airflow/example_dags/example_latest_only.py for tasks to queue
[2021-12-16 11:21:48,852] {logging_mixin.py:109} INFO - [2021-12-16 11:21:48,852] {dagbag.py:500} INFO - Filling up the DagBag from /home/airflow/.local/lib/python3.7/site-packages/airflow/example_dags/example_latest_only.py
[2021-12-16 11:21:48,892] {processor.py:637} INFO - DAG(s) dict_keys(['latest_only']) retrieved from /home/airflow/.local/lib/python3.7/site-packages/airflow/example_dags/example_latest_only.py
[2021-12-16 11:21:48,903] {logging_mixin.py:109} INFO - [2021-12-16 11:21:48,903] {dag.py:2396} INFO - Sync 1 DAGs
[2021-12-16 11:21:48,922] {logging_mixin.py:109} INFO - [2021-12-16 11:21:48,922] {dag.py:2928} INFO - Setting next_dagrun for latest_only to 2021-12-16T07:21:48.922345+00:00
[2021-12-16 11:21:48,931] {processor.py:171} INFO - Processing /home/airflow/.local/lib/python3.7/site-packages/airflow/example_dags/example_latest_only.py took 0.086 seconds
[2021-12-16 11:22:19,217] {processor.py:163} INFO - Started process (PID=894) to work on /home/airflow/.local/lib/python3.7/site-packages/airflow/example_dags/example_latest_only.py
[2021-12-16 11:22:19,219] {processor.py:625} INFO - Processing file /home/airflow/.local/lib/python3.7/site-packages/airflow/example_dags/example_latest_only.py for tasks to queue
[2021-12-16 11:22:19,220] {logging_mixin.py:109} INFO - [2021-12-16 11:22:19,220] {dagbag.py:500} INFO - Filling up the DagBag from /home/airflow/.local/lib/python3.7/site-packages/airflow/example_dags/example_latest_only.py
[2021-12-16 11:22:19,249] {processor.py:637} INFO - DAG(s) dict_keys(['latest_only']) retrieved from /home/airflow/.local/lib/python3.7/site-packages/airflow/example_dags/example_latest_only.py
[2021-12-16 11:22:19,265] {logging_mixin.py:109} INFO - [2021-12-16 11:22:19,265] {dag.py:2396} INFO - Sync 1 DAGs
[2021-12-16 11:22:19,285] {logging_mixin.py:109} INFO - [2021-12-16 11:22:19,285] {dag.py:2928} INFO - Setting next_dagrun for latest_only to 2021-12-16T07:22:19.285270+00:00
[2021-12-16 11:22:19,297] {processor.py:171} INFO - Processing /home/airflow/.local/lib/python3.7/site-packages/airflow/example_dags/example_latest_only.py took 0.083 seconds
[2021-12-16 11:22:49,622] {processor.py:163} INFO - Started process (PID=965) to work on /home/airflow/.local/lib/python3.7/site-packages/airflow/example_dags/example_latest_only.py
[2021-12-16 11:22:49,624] {processor.py:625} INFO - Processing file /home/airflow/.local/lib/python3.7/site-packages/airflow/example_dags/example_latest_only.py for tasks to queue
[2021-12-16 11:22:49,626] {logging_mixin.py:109} INFO - [2021-12-16 11:22:49,626] {dagbag.py:500} INFO - Filling up the DagBag from /home/airflow/.local/lib/python3.7/site-packages/airflow/example_dags/example_latest_only.py
[2021-12-16 11:22:49,655] {processor.py:637} INFO - DAG(s) dict_keys(['latest_only']) retrieved from /home/airflow/.local/lib/python3.7/site-packages/airflow/example_dags/example_latest_only.py
[2021-12-16 11:22:49,668] {logging_mixin.py:109} INFO - [2021-12-16 11:22:49,668] {dag.py:2396} INFO - Sync 1 DAGs
[2021-12-16 11:22:49,687] {logging_mixin.py:109} INFO - [2021-12-16 11:22:49,687] {dag.py:2928} INFO - Setting next_dagrun for latest_only to 2021-12-16T07:22:49.687114+00:00
[2021-12-16 11:22:49,699] {processor.py:171} INFO - Processing /home/airflow/.local/lib/python3.7/site-packages/airflow/example_dags/example_latest_only.py took 0.081 seconds
[2021-12-16 11:23:19,829] {processor.py:163} INFO - Started process (PID=1034) to work on /home/airflow/.local/lib/python3.7/site-packages/airflow/example_dags/example_latest_only.py
[2021-12-16 11:23:19,831] {processor.py:625} INFO - Processing file /home/airflow/.local/lib/python3.7/site-packages/airflow/example_dags/example_latest_only.py for tasks to queue
[2021-12-16 11:23:19,832] {logging_mixin.py:109} INFO - [2021-12-16 11:23:19,832] {dagbag.py:500} INFO - Filling up the DagBag from /home/airflow/.local/lib/python3.7/site-packages/airflow/example_dags/example_latest_only.py
[2021-12-16 11:23:19,857] {processor.py:637} INFO - DAG(s) dict_keys(['latest_only']) retrieved from /home/airflow/.local/lib/python3.7/site-packages/airflow/example_dags/example_latest_only.py
[2021-12-16 11:23:19,867] {logging_mixin.py:109} INFO - [2021-12-16 11:23:19,867] {dag.py:2396} INFO - Sync 1 DAGs
[2021-12-16 11:23:19,881] {logging_mixin.py:109} INFO - [2021-12-16 11:23:19,881] {dag.py:2928} INFO - Setting next_dagrun for latest_only to 2021-12-16T07:23:19.881543+00:00
[2021-12-16 11:23:19,891] {processor.py:171} INFO - Processing /home/airflow/.local/lib/python3.7/site-packages/airflow/example_dags/example_latest_only.py took 0.066 seconds
[2021-12-16 11:23:50,323] {processor.py:163} INFO - Started process (PID=1094) to work on /home/airflow/.local/lib/python3.7/site-packages/airflow/example_dags/example_latest_only.py
[2021-12-16 11:23:50,325] {processor.py:625} INFO - Processing file /home/airflow/.local/lib/python3.7/site-packages/airflow/example_dags/example_latest_only.py for tasks to queue
[2021-12-16 11:23:50,326] {logging_mixin.py:109} INFO - [2021-12-16 11:23:50,326] {dagbag.py:500} INFO - Filling up the DagBag from /home/airflow/.local/lib/python3.7/site-packages/airflow/example_dags/example_latest_only.py
[2021-12-16 11:23:50,354] {processor.py:637} INFO - DAG(s) dict_keys(['latest_only']) retrieved from /home/airflow/.local/lib/python3.7/site-packages/airflow/example_dags/example_latest_only.py
[2021-12-16 11:23:50,365] {logging_mixin.py:109} INFO - [2021-12-16 11:23:50,365] {dag.py:2396} INFO - Sync 1 DAGs
[2021-12-16 11:23:50,382] {logging_mixin.py:109} INFO - [2021-12-16 11:23:50,381] {dag.py:2928} INFO - Setting next_dagrun for latest_only to 2021-12-16T07:23:50.381570+00:00
[2021-12-16 11:23:50,391] {processor.py:171} INFO - Processing /home/airflow/.local/lib/python3.7/site-packages/airflow/example_dags/example_latest_only.py took 0.072 seconds
[2021-12-16 11:24:20,598] {processor.py:163} INFO - Started process (PID=1164) to work on /home/airflow/.local/lib/python3.7/site-packages/airflow/example_dags/example_latest_only.py
[2021-12-16 11:24:20,601] {processor.py:625} INFO - Processing file /home/airflow/.local/lib/python3.7/site-packages/airflow/example_dags/example_latest_only.py for tasks to queue
[2021-12-16 11:24:20,602] {logging_mixin.py:109} INFO - [2021-12-16 11:24:20,602] {dagbag.py:500} INFO - Filling up the DagBag from /home/airflow/.local/lib/python3.7/site-packages/airflow/example_dags/example_latest_only.py
[2021-12-16 11:24:20,625] {processor.py:637} INFO - DAG(s) dict_keys(['latest_only']) retrieved from /home/airflow/.local/lib/python3.7/site-packages/airflow/example_dags/example_latest_only.py
[2021-12-16 11:24:20,636] {logging_mixin.py:109} INFO - [2021-12-16 11:24:20,636] {dag.py:2396} INFO - Sync 1 DAGs
[2021-12-16 11:24:20,650] {logging_mixin.py:109} INFO - [2021-12-16 11:24:20,650] {dag.py:2928} INFO - Setting next_dagrun for latest_only to 2021-12-16T07:24:20.649777+00:00
[2021-12-16 11:24:20,658] {processor.py:171} INFO - Processing /home/airflow/.local/lib/python3.7/site-packages/airflow/example_dags/example_latest_only.py took 0.063 seconds
[2021-12-16 11:24:51,036] {processor.py:163} INFO - Started process (PID=1224) to work on /home/airflow/.local/lib/python3.7/site-packages/airflow/example_dags/example_latest_only.py
[2021-12-16 11:24:51,038] {processor.py:625} INFO - Processing file /home/airflow/.local/lib/python3.7/site-packages/airflow/example_dags/example_latest_only.py for tasks to queue
[2021-12-16 11:24:51,039] {logging_mixin.py:109} INFO - [2021-12-16 11:24:51,039] {dagbag.py:500} INFO - Filling up the DagBag from /home/airflow/.local/lib/python3.7/site-packages/airflow/example_dags/example_latest_only.py
[2021-12-16 11:24:51,068] {processor.py:637} INFO - DAG(s) dict_keys(['latest_only']) retrieved from /home/airflow/.local/lib/python3.7/site-packages/airflow/example_dags/example_latest_only.py
[2021-12-16 11:24:51,078] {logging_mixin.py:109} INFO - [2021-12-16 11:24:51,078] {dag.py:2396} INFO - Sync 1 DAGs
[2021-12-16 11:24:51,095] {logging_mixin.py:109} INFO - [2021-12-16 11:24:51,094] {dag.py:2928} INFO - Setting next_dagrun for latest_only to 2021-12-16T07:24:51.094647+00:00
[2021-12-16 11:24:51,104] {processor.py:171} INFO - Processing /home/airflow/.local/lib/python3.7/site-packages/airflow/example_dags/example_latest_only.py took 0.071 seconds
