[2021-12-16 11:17:39,854] {processor.py:163} INFO - Started process (PID=76) to work on /home/airflow/.local/lib/python3.7/site-packages/airflow/example_dags/example_nested_branch_dag.py
[2021-12-16 11:17:39,856] {processor.py:625} INFO - Processing file /home/airflow/.local/lib/python3.7/site-packages/airflow/example_dags/example_nested_branch_dag.py for tasks to queue
[2021-12-16 11:17:39,858] {logging_mixin.py:109} INFO - [2021-12-16 11:17:39,857] {dagbag.py:500} INFO - Filling up the DagBag from /home/airflow/.local/lib/python3.7/site-packages/airflow/example_dags/example_nested_branch_dag.py
[2021-12-16 11:17:39,894] {processor.py:637} INFO - DAG(s) dict_keys(['example_nested_branch_dag']) retrieved from /home/airflow/.local/lib/python3.7/site-packages/airflow/example_dags/example_nested_branch_dag.py
[2021-12-16 11:17:41,200] {logging_mixin.py:109} INFO - [2021-12-16 11:17:41,200] {providers_manager.py:156} WARNING - Exception when importing 'airflow.providers.google.leveldb.hooks.leveldb.LevelDBHook' from 'apache-airflow-providers-google' package: No module named 'plyvel'
[2021-12-16 11:17:41,613] {logging_mixin.py:109} INFO - [2021-12-16 11:17:41,613] {providers_manager.py:156} WARNING - Exception when importing 'airflow.providers.google.leveldb.hooks.leveldb.LevelDBHook' from 'apache-airflow-providers-google' package: No module named 'plyvel'
[2021-12-16 11:17:41,645] {logging_mixin.py:109} INFO - [2021-12-16 11:17:41,645] {manager.py:496} INFO - Created Permission View: can read on DAG:example_nested_branch_dag
[2021-12-16 11:17:41,658] {logging_mixin.py:109} INFO - [2021-12-16 11:17:41,658] {manager.py:496} INFO - Created Permission View: can edit on DAG:example_nested_branch_dag
[2021-12-16 11:17:41,659] {logging_mixin.py:109} INFO - [2021-12-16 11:17:41,659] {dag.py:2396} INFO - Sync 1 DAGs
[2021-12-16 11:17:41,680] {logging_mixin.py:109} INFO - [2021-12-16 11:17:41,679] {dag.py:2415} INFO - Creating ORM DAG for example_nested_branch_dag
[2021-12-16 11:17:41,708] {logging_mixin.py:109} INFO - [2021-12-16 11:17:41,708] {dag.py:2928} INFO - Setting next_dagrun for example_nested_branch_dag to 2021-12-15 00:00:00+00:00
[2021-12-16 11:17:41,737] {processor.py:171} INFO - Processing /home/airflow/.local/lib/python3.7/site-packages/airflow/example_dags/example_nested_branch_dag.py took 1.886 seconds
[2021-12-16 11:18:12,215] {processor.py:163} INFO - Started process (PID=374) to work on /home/airflow/.local/lib/python3.7/site-packages/airflow/example_dags/example_nested_branch_dag.py
[2021-12-16 11:18:12,216] {processor.py:625} INFO - Processing file /home/airflow/.local/lib/python3.7/site-packages/airflow/example_dags/example_nested_branch_dag.py for tasks to queue
[2021-12-16 11:18:12,217] {logging_mixin.py:109} INFO - [2021-12-16 11:18:12,217] {dagbag.py:500} INFO - Filling up the DagBag from /home/airflow/.local/lib/python3.7/site-packages/airflow/example_dags/example_nested_branch_dag.py
[2021-12-16 11:18:12,245] {processor.py:637} INFO - DAG(s) dict_keys(['example_nested_branch_dag']) retrieved from /home/airflow/.local/lib/python3.7/site-packages/airflow/example_dags/example_nested_branch_dag.py
[2021-12-16 11:18:12,255] {logging_mixin.py:109} INFO - [2021-12-16 11:18:12,255] {dag.py:2396} INFO - Sync 1 DAGs
[2021-12-16 11:18:12,271] {logging_mixin.py:109} INFO - [2021-12-16 11:18:12,271] {dag.py:2928} INFO - Setting next_dagrun for example_nested_branch_dag to 2021-12-15 00:00:00+00:00
[2021-12-16 11:18:12,281] {processor.py:171} INFO - Processing /home/airflow/.local/lib/python3.7/site-packages/airflow/example_dags/example_nested_branch_dag.py took 0.070 seconds
[2021-12-16 11:18:42,705] {processor.py:163} INFO - Started process (PID=434) to work on /home/airflow/.local/lib/python3.7/site-packages/airflow/example_dags/example_nested_branch_dag.py
[2021-12-16 11:18:42,708] {processor.py:625} INFO - Processing file /home/airflow/.local/lib/python3.7/site-packages/airflow/example_dags/example_nested_branch_dag.py for tasks to queue
[2021-12-16 11:18:42,709] {logging_mixin.py:109} INFO - [2021-12-16 11:18:42,709] {dagbag.py:500} INFO - Filling up the DagBag from /home/airflow/.local/lib/python3.7/site-packages/airflow/example_dags/example_nested_branch_dag.py
[2021-12-16 11:18:42,741] {processor.py:637} INFO - DAG(s) dict_keys(['example_nested_branch_dag']) retrieved from /home/airflow/.local/lib/python3.7/site-packages/airflow/example_dags/example_nested_branch_dag.py
[2021-12-16 11:18:42,753] {logging_mixin.py:109} INFO - [2021-12-16 11:18:42,753] {dag.py:2396} INFO - Sync 1 DAGs
[2021-12-16 11:18:42,770] {logging_mixin.py:109} INFO - [2021-12-16 11:18:42,770] {dag.py:2928} INFO - Setting next_dagrun for example_nested_branch_dag to 2021-12-15 00:00:00+00:00
[2021-12-16 11:18:42,778] {processor.py:171} INFO - Processing /home/airflow/.local/lib/python3.7/site-packages/airflow/example_dags/example_nested_branch_dag.py took 0.077 seconds
[2021-12-16 11:19:12,841] {processor.py:163} INFO - Started process (PID=504) to work on /home/airflow/.local/lib/python3.7/site-packages/airflow/example_dags/example_nested_branch_dag.py
[2021-12-16 11:19:12,843] {processor.py:625} INFO - Processing file /home/airflow/.local/lib/python3.7/site-packages/airflow/example_dags/example_nested_branch_dag.py for tasks to queue
[2021-12-16 11:19:12,844] {logging_mixin.py:109} INFO - [2021-12-16 11:19:12,844] {dagbag.py:500} INFO - Filling up the DagBag from /home/airflow/.local/lib/python3.7/site-packages/airflow/example_dags/example_nested_branch_dag.py
[2021-12-16 11:19:12,872] {processor.py:637} INFO - DAG(s) dict_keys(['example_nested_branch_dag']) retrieved from /home/airflow/.local/lib/python3.7/site-packages/airflow/example_dags/example_nested_branch_dag.py
[2021-12-16 11:19:12,882] {logging_mixin.py:109} INFO - [2021-12-16 11:19:12,881] {dag.py:2396} INFO - Sync 1 DAGs
[2021-12-16 11:19:12,896] {logging_mixin.py:109} INFO - [2021-12-16 11:19:12,896] {dag.py:2928} INFO - Setting next_dagrun for example_nested_branch_dag to 2021-12-15 00:00:00+00:00
[2021-12-16 11:19:12,904] {processor.py:171} INFO - Processing /home/airflow/.local/lib/python3.7/site-packages/airflow/example_dags/example_nested_branch_dag.py took 0.066 seconds
[2021-12-16 11:19:43,044] {processor.py:163} INFO - Started process (PID=564) to work on /home/airflow/.local/lib/python3.7/site-packages/airflow/example_dags/example_nested_branch_dag.py
[2021-12-16 11:19:43,046] {processor.py:625} INFO - Processing file /home/airflow/.local/lib/python3.7/site-packages/airflow/example_dags/example_nested_branch_dag.py for tasks to queue
[2021-12-16 11:19:43,047] {logging_mixin.py:109} INFO - [2021-12-16 11:19:43,047] {dagbag.py:500} INFO - Filling up the DagBag from /home/airflow/.local/lib/python3.7/site-packages/airflow/example_dags/example_nested_branch_dag.py
[2021-12-16 11:19:43,081] {processor.py:637} INFO - DAG(s) dict_keys(['example_nested_branch_dag']) retrieved from /home/airflow/.local/lib/python3.7/site-packages/airflow/example_dags/example_nested_branch_dag.py
[2021-12-16 11:19:43,092] {logging_mixin.py:109} INFO - [2021-12-16 11:19:43,092] {dag.py:2396} INFO - Sync 1 DAGs
[2021-12-16 11:19:43,108] {logging_mixin.py:109} INFO - [2021-12-16 11:19:43,107] {dag.py:2928} INFO - Setting next_dagrun for example_nested_branch_dag to 2021-12-15 00:00:00+00:00
[2021-12-16 11:19:43,115] {processor.py:171} INFO - Processing /home/airflow/.local/lib/python3.7/site-packages/airflow/example_dags/example_nested_branch_dag.py took 0.075 seconds
[2021-12-16 11:20:13,442] {processor.py:163} INFO - Started process (PID=633) to work on /home/airflow/.local/lib/python3.7/site-packages/airflow/example_dags/example_nested_branch_dag.py
[2021-12-16 11:20:13,445] {processor.py:625} INFO - Processing file /home/airflow/.local/lib/python3.7/site-packages/airflow/example_dags/example_nested_branch_dag.py for tasks to queue
[2021-12-16 11:20:13,447] {logging_mixin.py:109} INFO - [2021-12-16 11:20:13,447] {dagbag.py:500} INFO - Filling up the DagBag from /home/airflow/.local/lib/python3.7/site-packages/airflow/example_dags/example_nested_branch_dag.py
[2021-12-16 11:20:13,482] {processor.py:637} INFO - DAG(s) dict_keys(['example_nested_branch_dag']) retrieved from /home/airflow/.local/lib/python3.7/site-packages/airflow/example_dags/example_nested_branch_dag.py
[2021-12-16 11:20:13,501] {logging_mixin.py:109} INFO - [2021-12-16 11:20:13,500] {dag.py:2396} INFO - Sync 1 DAGs
[2021-12-16 11:20:13,521] {logging_mixin.py:109} INFO - [2021-12-16 11:20:13,521] {dag.py:2928} INFO - Setting next_dagrun for example_nested_branch_dag to 2021-12-15 00:00:00+00:00
[2021-12-16 11:20:13,533] {processor.py:171} INFO - Processing /home/airflow/.local/lib/python3.7/site-packages/airflow/example_dags/example_nested_branch_dag.py took 0.099 seconds
[2021-12-16 11:20:43,826] {processor.py:163} INFO - Started process (PID=693) to work on /home/airflow/.local/lib/python3.7/site-packages/airflow/example_dags/example_nested_branch_dag.py
[2021-12-16 11:20:43,828] {processor.py:625} INFO - Processing file /home/airflow/.local/lib/python3.7/site-packages/airflow/example_dags/example_nested_branch_dag.py for tasks to queue
[2021-12-16 11:20:43,829] {logging_mixin.py:109} INFO - [2021-12-16 11:20:43,829] {dagbag.py:500} INFO - Filling up the DagBag from /home/airflow/.local/lib/python3.7/site-packages/airflow/example_dags/example_nested_branch_dag.py
[2021-12-16 11:20:43,861] {processor.py:637} INFO - DAG(s) dict_keys(['example_nested_branch_dag']) retrieved from /home/airflow/.local/lib/python3.7/site-packages/airflow/example_dags/example_nested_branch_dag.py
[2021-12-16 11:20:43,872] {logging_mixin.py:109} INFO - [2021-12-16 11:20:43,872] {dag.py:2396} INFO - Sync 1 DAGs
[2021-12-16 11:20:43,891] {logging_mixin.py:109} INFO - [2021-12-16 11:20:43,891] {dag.py:2928} INFO - Setting next_dagrun for example_nested_branch_dag to 2021-12-15 00:00:00+00:00
[2021-12-16 11:20:43,904] {processor.py:171} INFO - Processing /home/airflow/.local/lib/python3.7/site-packages/airflow/example_dags/example_nested_branch_dag.py took 0.082 seconds
[2021-12-16 11:21:14,281] {processor.py:163} INFO - Started process (PID=762) to work on /home/airflow/.local/lib/python3.7/site-packages/airflow/example_dags/example_nested_branch_dag.py
[2021-12-16 11:21:14,284] {processor.py:625} INFO - Processing file /home/airflow/.local/lib/python3.7/site-packages/airflow/example_dags/example_nested_branch_dag.py for tasks to queue
[2021-12-16 11:21:14,285] {logging_mixin.py:109} INFO - [2021-12-16 11:21:14,285] {dagbag.py:500} INFO - Filling up the DagBag from /home/airflow/.local/lib/python3.7/site-packages/airflow/example_dags/example_nested_branch_dag.py
[2021-12-16 11:21:14,315] {processor.py:637} INFO - DAG(s) dict_keys(['example_nested_branch_dag']) retrieved from /home/airflow/.local/lib/python3.7/site-packages/airflow/example_dags/example_nested_branch_dag.py
[2021-12-16 11:21:14,328] {logging_mixin.py:109} INFO - [2021-12-16 11:21:14,327] {dag.py:2396} INFO - Sync 1 DAGs
[2021-12-16 11:21:14,347] {logging_mixin.py:109} INFO - [2021-12-16 11:21:14,347] {dag.py:2928} INFO - Setting next_dagrun for example_nested_branch_dag to 2021-12-15 00:00:00+00:00
[2021-12-16 11:21:14,357] {processor.py:171} INFO - Processing /home/airflow/.local/lib/python3.7/site-packages/airflow/example_dags/example_nested_branch_dag.py took 0.080 seconds
[2021-12-16 11:21:44,703] {processor.py:163} INFO - Started process (PID=831) to work on /home/airflow/.local/lib/python3.7/site-packages/airflow/example_dags/example_nested_branch_dag.py
[2021-12-16 11:21:44,705] {processor.py:625} INFO - Processing file /home/airflow/.local/lib/python3.7/site-packages/airflow/example_dags/example_nested_branch_dag.py for tasks to queue
[2021-12-16 11:21:44,706] {logging_mixin.py:109} INFO - [2021-12-16 11:21:44,706] {dagbag.py:500} INFO - Filling up the DagBag from /home/airflow/.local/lib/python3.7/site-packages/airflow/example_dags/example_nested_branch_dag.py
[2021-12-16 11:21:44,733] {processor.py:637} INFO - DAG(s) dict_keys(['example_nested_branch_dag']) retrieved from /home/airflow/.local/lib/python3.7/site-packages/airflow/example_dags/example_nested_branch_dag.py
[2021-12-16 11:21:44,745] {logging_mixin.py:109} INFO - [2021-12-16 11:21:44,745] {dag.py:2396} INFO - Sync 1 DAGs
[2021-12-16 11:21:44,763] {logging_mixin.py:109} INFO - [2021-12-16 11:21:44,763] {dag.py:2928} INFO - Setting next_dagrun for example_nested_branch_dag to 2021-12-15 00:00:00+00:00
[2021-12-16 11:21:44,771] {processor.py:171} INFO - Processing /home/airflow/.local/lib/python3.7/site-packages/airflow/example_dags/example_nested_branch_dag.py took 0.071 seconds
[2021-12-16 11:22:15,021] {processor.py:163} INFO - Started process (PID=883) to work on /home/airflow/.local/lib/python3.7/site-packages/airflow/example_dags/example_nested_branch_dag.py
[2021-12-16 11:22:15,023] {processor.py:625} INFO - Processing file /home/airflow/.local/lib/python3.7/site-packages/airflow/example_dags/example_nested_branch_dag.py for tasks to queue
[2021-12-16 11:22:15,024] {logging_mixin.py:109} INFO - [2021-12-16 11:22:15,024] {dagbag.py:500} INFO - Filling up the DagBag from /home/airflow/.local/lib/python3.7/site-packages/airflow/example_dags/example_nested_branch_dag.py
[2021-12-16 11:22:15,055] {processor.py:637} INFO - DAG(s) dict_keys(['example_nested_branch_dag']) retrieved from /home/airflow/.local/lib/python3.7/site-packages/airflow/example_dags/example_nested_branch_dag.py
[2021-12-16 11:22:15,064] {logging_mixin.py:109} INFO - [2021-12-16 11:22:15,064] {dag.py:2396} INFO - Sync 1 DAGs
[2021-12-16 11:22:15,084] {logging_mixin.py:109} INFO - [2021-12-16 11:22:15,084] {dag.py:2928} INFO - Setting next_dagrun for example_nested_branch_dag to 2021-12-15 00:00:00+00:00
[2021-12-16 11:22:15,097] {processor.py:171} INFO - Processing /home/airflow/.local/lib/python3.7/site-packages/airflow/example_dags/example_nested_branch_dag.py took 0.079 seconds
[2021-12-16 11:22:45,412] {processor.py:163} INFO - Started process (PID=953) to work on /home/airflow/.local/lib/python3.7/site-packages/airflow/example_dags/example_nested_branch_dag.py
[2021-12-16 11:22:45,414] {processor.py:625} INFO - Processing file /home/airflow/.local/lib/python3.7/site-packages/airflow/example_dags/example_nested_branch_dag.py for tasks to queue
[2021-12-16 11:22:45,416] {logging_mixin.py:109} INFO - [2021-12-16 11:22:45,416] {dagbag.py:500} INFO - Filling up the DagBag from /home/airflow/.local/lib/python3.7/site-packages/airflow/example_dags/example_nested_branch_dag.py
[2021-12-16 11:22:45,450] {processor.py:637} INFO - DAG(s) dict_keys(['example_nested_branch_dag']) retrieved from /home/airflow/.local/lib/python3.7/site-packages/airflow/example_dags/example_nested_branch_dag.py
[2021-12-16 11:22:45,462] {logging_mixin.py:109} INFO - [2021-12-16 11:22:45,462] {dag.py:2396} INFO - Sync 1 DAGs
[2021-12-16 11:22:45,481] {logging_mixin.py:109} INFO - [2021-12-16 11:22:45,481] {dag.py:2928} INFO - Setting next_dagrun for example_nested_branch_dag to 2021-12-15 00:00:00+00:00
[2021-12-16 11:22:45,493] {processor.py:171} INFO - Processing /home/airflow/.local/lib/python3.7/site-packages/airflow/example_dags/example_nested_branch_dag.py took 0.085 seconds
[2021-12-16 11:23:15,707] {processor.py:163} INFO - Started process (PID=1013) to work on /home/airflow/.local/lib/python3.7/site-packages/airflow/example_dags/example_nested_branch_dag.py
[2021-12-16 11:23:15,709] {processor.py:625} INFO - Processing file /home/airflow/.local/lib/python3.7/site-packages/airflow/example_dags/example_nested_branch_dag.py for tasks to queue
[2021-12-16 11:23:15,710] {logging_mixin.py:109} INFO - [2021-12-16 11:23:15,710] {dagbag.py:500} INFO - Filling up the DagBag from /home/airflow/.local/lib/python3.7/site-packages/airflow/example_dags/example_nested_branch_dag.py
[2021-12-16 11:23:15,742] {processor.py:637} INFO - DAG(s) dict_keys(['example_nested_branch_dag']) retrieved from /home/airflow/.local/lib/python3.7/site-packages/airflow/example_dags/example_nested_branch_dag.py
[2021-12-16 11:23:15,754] {logging_mixin.py:109} INFO - [2021-12-16 11:23:15,754] {dag.py:2396} INFO - Sync 1 DAGs
[2021-12-16 11:23:15,771] {logging_mixin.py:109} INFO - [2021-12-16 11:23:15,771] {dag.py:2928} INFO - Setting next_dagrun for example_nested_branch_dag to 2021-12-15 00:00:00+00:00
[2021-12-16 11:23:15,781] {processor.py:171} INFO - Processing /home/airflow/.local/lib/python3.7/site-packages/airflow/example_dags/example_nested_branch_dag.py took 0.078 seconds
[2021-12-16 11:23:46,069] {processor.py:163} INFO - Started process (PID=1082) to work on /home/airflow/.local/lib/python3.7/site-packages/airflow/example_dags/example_nested_branch_dag.py
[2021-12-16 11:23:46,071] {processor.py:625} INFO - Processing file /home/airflow/.local/lib/python3.7/site-packages/airflow/example_dags/example_nested_branch_dag.py for tasks to queue
[2021-12-16 11:23:46,072] {logging_mixin.py:109} INFO - [2021-12-16 11:23:46,072] {dagbag.py:500} INFO - Filling up the DagBag from /home/airflow/.local/lib/python3.7/site-packages/airflow/example_dags/example_nested_branch_dag.py
[2021-12-16 11:23:46,103] {processor.py:637} INFO - DAG(s) dict_keys(['example_nested_branch_dag']) retrieved from /home/airflow/.local/lib/python3.7/site-packages/airflow/example_dags/example_nested_branch_dag.py
[2021-12-16 11:23:46,114] {logging_mixin.py:109} INFO - [2021-12-16 11:23:46,114] {dag.py:2396} INFO - Sync 1 DAGs
[2021-12-16 11:23:46,130] {logging_mixin.py:109} INFO - [2021-12-16 11:23:46,130] {dag.py:2928} INFO - Setting next_dagrun for example_nested_branch_dag to 2021-12-15 00:00:00+00:00
[2021-12-16 11:23:46,139] {processor.py:171} INFO - Processing /home/airflow/.local/lib/python3.7/site-packages/airflow/example_dags/example_nested_branch_dag.py took 0.074 seconds
[2021-12-16 11:24:16,679] {processor.py:163} INFO - Started process (PID=1142) to work on /home/airflow/.local/lib/python3.7/site-packages/airflow/example_dags/example_nested_branch_dag.py
[2021-12-16 11:24:16,682] {processor.py:625} INFO - Processing file /home/airflow/.local/lib/python3.7/site-packages/airflow/example_dags/example_nested_branch_dag.py for tasks to queue
[2021-12-16 11:24:16,683] {logging_mixin.py:109} INFO - [2021-12-16 11:24:16,683] {dagbag.py:500} INFO - Filling up the DagBag from /home/airflow/.local/lib/python3.7/site-packages/airflow/example_dags/example_nested_branch_dag.py
[2021-12-16 11:24:16,726] {processor.py:637} INFO - DAG(s) dict_keys(['example_nested_branch_dag']) retrieved from /home/airflow/.local/lib/python3.7/site-packages/airflow/example_dags/example_nested_branch_dag.py
[2021-12-16 11:24:16,736] {logging_mixin.py:109} INFO - [2021-12-16 11:24:16,736] {dag.py:2396} INFO - Sync 1 DAGs
[2021-12-16 11:24:16,753] {logging_mixin.py:109} INFO - [2021-12-16 11:24:16,753] {dag.py:2928} INFO - Setting next_dagrun for example_nested_branch_dag to 2021-12-15 00:00:00+00:00
[2021-12-16 11:24:16,761] {processor.py:171} INFO - Processing /home/airflow/.local/lib/python3.7/site-packages/airflow/example_dags/example_nested_branch_dag.py took 0.086 seconds
[2021-12-16 11:24:47,490] {processor.py:163} INFO - Started process (PID=1212) to work on /home/airflow/.local/lib/python3.7/site-packages/airflow/example_dags/example_nested_branch_dag.py
[2021-12-16 11:24:47,492] {processor.py:625} INFO - Processing file /home/airflow/.local/lib/python3.7/site-packages/airflow/example_dags/example_nested_branch_dag.py for tasks to queue
[2021-12-16 11:24:47,494] {logging_mixin.py:109} INFO - [2021-12-16 11:24:47,493] {dagbag.py:500} INFO - Filling up the DagBag from /home/airflow/.local/lib/python3.7/site-packages/airflow/example_dags/example_nested_branch_dag.py
[2021-12-16 11:24:47,525] {processor.py:637} INFO - DAG(s) dict_keys(['example_nested_branch_dag']) retrieved from /home/airflow/.local/lib/python3.7/site-packages/airflow/example_dags/example_nested_branch_dag.py
[2021-12-16 11:24:47,537] {logging_mixin.py:109} INFO - [2021-12-16 11:24:47,536] {dag.py:2396} INFO - Sync 1 DAGs
[2021-12-16 11:24:47,553] {logging_mixin.py:109} INFO - [2021-12-16 11:24:47,553] {dag.py:2928} INFO - Setting next_dagrun for example_nested_branch_dag to 2021-12-15 00:00:00+00:00
[2021-12-16 11:24:47,561] {processor.py:171} INFO - Processing /home/airflow/.local/lib/python3.7/site-packages/airflow/example_dags/example_nested_branch_dag.py took 0.075 seconds
