[2021-12-16 11:17:58,498] {processor.py:163} INFO - Started process (PID=286) to work on /home/airflow/.local/lib/python3.7/site-packages/airflow/example_dags/example_short_circuit_operator.py
[2021-12-16 11:17:58,499] {processor.py:625} INFO - Processing file /home/airflow/.local/lib/python3.7/site-packages/airflow/example_dags/example_short_circuit_operator.py for tasks to queue
[2021-12-16 11:17:58,500] {logging_mixin.py:109} INFO - [2021-12-16 11:17:58,500] {dagbag.py:500} INFO - Filling up the DagBag from /home/airflow/.local/lib/python3.7/site-packages/airflow/example_dags/example_short_circuit_operator.py
[2021-12-16 11:17:58,526] {processor.py:637} INFO - DAG(s) dict_keys(['example_short_circuit_operator']) retrieved from /home/airflow/.local/lib/python3.7/site-packages/airflow/example_dags/example_short_circuit_operator.py
[2021-12-16 11:17:59,610] {logging_mixin.py:109} INFO - [2021-12-16 11:17:59,610] {providers_manager.py:156} WARNING - Exception when importing 'airflow.providers.google.leveldb.hooks.leveldb.LevelDBHook' from 'apache-airflow-providers-google' package: No module named 'plyvel'
[2021-12-16 11:17:59,959] {logging_mixin.py:109} INFO - [2021-12-16 11:17:59,959] {providers_manager.py:156} WARNING - Exception when importing 'airflow.providers.google.leveldb.hooks.leveldb.LevelDBHook' from 'apache-airflow-providers-google' package: No module named 'plyvel'
[2021-12-16 11:17:59,975] {logging_mixin.py:109} INFO - [2021-12-16 11:17:59,975] {manager.py:496} INFO - Created Permission View: can read on DAG:example_short_circuit_operator
[2021-12-16 11:17:59,985] {logging_mixin.py:109} INFO - [2021-12-16 11:17:59,985] {manager.py:496} INFO - Created Permission View: can edit on DAG:example_short_circuit_operator
[2021-12-16 11:17:59,986] {logging_mixin.py:109} INFO - [2021-12-16 11:17:59,986] {dag.py:2396} INFO - Sync 1 DAGs
[2021-12-16 11:17:59,994] {logging_mixin.py:109} INFO - [2021-12-16 11:17:59,994] {dag.py:2415} INFO - Creating ORM DAG for example_short_circuit_operator
[2021-12-16 11:18:00,001] {logging_mixin.py:109} INFO - [2021-12-16 11:18:00,001] {dag.py:2928} INFO - Setting next_dagrun for example_short_circuit_operator to 2021-12-15T11:18:00.001193+00:00
[2021-12-16 11:18:00,013] {processor.py:171} INFO - Processing /home/airflow/.local/lib/python3.7/site-packages/airflow/example_dags/example_short_circuit_operator.py took 1.518 seconds
[2021-12-16 11:18:30,716] {processor.py:163} INFO - Started process (PID=404) to work on /home/airflow/.local/lib/python3.7/site-packages/airflow/example_dags/example_short_circuit_operator.py
[2021-12-16 11:18:30,719] {processor.py:625} INFO - Processing file /home/airflow/.local/lib/python3.7/site-packages/airflow/example_dags/example_short_circuit_operator.py for tasks to queue
[2021-12-16 11:18:30,737] {logging_mixin.py:109} INFO - [2021-12-16 11:18:30,737] {dagbag.py:500} INFO - Filling up the DagBag from /home/airflow/.local/lib/python3.7/site-packages/airflow/example_dags/example_short_circuit_operator.py
[2021-12-16 11:18:30,788] {processor.py:637} INFO - DAG(s) dict_keys(['example_short_circuit_operator']) retrieved from /home/airflow/.local/lib/python3.7/site-packages/airflow/example_dags/example_short_circuit_operator.py
[2021-12-16 11:18:30,801] {logging_mixin.py:109} INFO - [2021-12-16 11:18:30,801] {dag.py:2396} INFO - Sync 1 DAGs
[2021-12-16 11:18:30,820] {logging_mixin.py:109} INFO - [2021-12-16 11:18:30,820] {dag.py:2928} INFO - Setting next_dagrun for example_short_circuit_operator to 2021-12-15T11:18:30.819860+00:00
[2021-12-16 11:18:30,831] {processor.py:171} INFO - Processing /home/airflow/.local/lib/python3.7/site-packages/airflow/example_dags/example_short_circuit_operator.py took 0.120 seconds
[2021-12-16 11:19:00,932] {processor.py:163} INFO - Started process (PID=474) to work on /home/airflow/.local/lib/python3.7/site-packages/airflow/example_dags/example_short_circuit_operator.py
[2021-12-16 11:19:00,934] {processor.py:625} INFO - Processing file /home/airflow/.local/lib/python3.7/site-packages/airflow/example_dags/example_short_circuit_operator.py for tasks to queue
[2021-12-16 11:19:00,936] {logging_mixin.py:109} INFO - [2021-12-16 11:19:00,936] {dagbag.py:500} INFO - Filling up the DagBag from /home/airflow/.local/lib/python3.7/site-packages/airflow/example_dags/example_short_circuit_operator.py
[2021-12-16 11:19:00,968] {processor.py:637} INFO - DAG(s) dict_keys(['example_short_circuit_operator']) retrieved from /home/airflow/.local/lib/python3.7/site-packages/airflow/example_dags/example_short_circuit_operator.py
[2021-12-16 11:19:00,980] {logging_mixin.py:109} INFO - [2021-12-16 11:19:00,980] {dag.py:2396} INFO - Sync 1 DAGs
[2021-12-16 11:19:00,997] {logging_mixin.py:109} INFO - [2021-12-16 11:19:00,997] {dag.py:2928} INFO - Setting next_dagrun for example_short_circuit_operator to 2021-12-15T11:19:00.997343+00:00
[2021-12-16 11:19:01,007] {processor.py:171} INFO - Processing /home/airflow/.local/lib/python3.7/site-packages/airflow/example_dags/example_short_circuit_operator.py took 0.079 seconds
[2021-12-16 11:19:31,124] {processor.py:163} INFO - Started process (PID=534) to work on /home/airflow/.local/lib/python3.7/site-packages/airflow/example_dags/example_short_circuit_operator.py
[2021-12-16 11:19:31,126] {processor.py:625} INFO - Processing file /home/airflow/.local/lib/python3.7/site-packages/airflow/example_dags/example_short_circuit_operator.py for tasks to queue
[2021-12-16 11:19:31,127] {logging_mixin.py:109} INFO - [2021-12-16 11:19:31,127] {dagbag.py:500} INFO - Filling up the DagBag from /home/airflow/.local/lib/python3.7/site-packages/airflow/example_dags/example_short_circuit_operator.py
[2021-12-16 11:19:31,156] {processor.py:637} INFO - DAG(s) dict_keys(['example_short_circuit_operator']) retrieved from /home/airflow/.local/lib/python3.7/site-packages/airflow/example_dags/example_short_circuit_operator.py
[2021-12-16 11:19:31,167] {logging_mixin.py:109} INFO - [2021-12-16 11:19:31,167] {dag.py:2396} INFO - Sync 1 DAGs
[2021-12-16 11:19:31,184] {logging_mixin.py:109} INFO - [2021-12-16 11:19:31,184] {dag.py:2928} INFO - Setting next_dagrun for example_short_circuit_operator to 2021-12-15T11:19:31.183683+00:00
[2021-12-16 11:19:31,194] {processor.py:171} INFO - Processing /home/airflow/.local/lib/python3.7/site-packages/airflow/example_dags/example_short_circuit_operator.py took 0.074 seconds
[2021-12-16 11:20:01,392] {processor.py:163} INFO - Started process (PID=603) to work on /home/airflow/.local/lib/python3.7/site-packages/airflow/example_dags/example_short_circuit_operator.py
[2021-12-16 11:20:01,395] {processor.py:625} INFO - Processing file /home/airflow/.local/lib/python3.7/site-packages/airflow/example_dags/example_short_circuit_operator.py for tasks to queue
[2021-12-16 11:20:01,397] {logging_mixin.py:109} INFO - [2021-12-16 11:20:01,396] {dagbag.py:500} INFO - Filling up the DagBag from /home/airflow/.local/lib/python3.7/site-packages/airflow/example_dags/example_short_circuit_operator.py
[2021-12-16 11:20:01,444] {processor.py:637} INFO - DAG(s) dict_keys(['example_short_circuit_operator']) retrieved from /home/airflow/.local/lib/python3.7/site-packages/airflow/example_dags/example_short_circuit_operator.py
[2021-12-16 11:20:01,462] {logging_mixin.py:109} INFO - [2021-12-16 11:20:01,462] {dag.py:2396} INFO - Sync 1 DAGs
[2021-12-16 11:20:01,486] {logging_mixin.py:109} INFO - [2021-12-16 11:20:01,486] {dag.py:2928} INFO - Setting next_dagrun for example_short_circuit_operator to 2021-12-15T11:20:01.485864+00:00
[2021-12-16 11:20:01,500] {processor.py:171} INFO - Processing /home/airflow/.local/lib/python3.7/site-packages/airflow/example_dags/example_short_circuit_operator.py took 0.115 seconds
[2021-12-16 11:20:31,968] {processor.py:163} INFO - Started process (PID=663) to work on /home/airflow/.local/lib/python3.7/site-packages/airflow/example_dags/example_short_circuit_operator.py
[2021-12-16 11:20:31,969] {processor.py:625} INFO - Processing file /home/airflow/.local/lib/python3.7/site-packages/airflow/example_dags/example_short_circuit_operator.py for tasks to queue
[2021-12-16 11:20:31,971] {logging_mixin.py:109} INFO - [2021-12-16 11:20:31,971] {dagbag.py:500} INFO - Filling up the DagBag from /home/airflow/.local/lib/python3.7/site-packages/airflow/example_dags/example_short_circuit_operator.py
[2021-12-16 11:20:32,001] {processor.py:637} INFO - DAG(s) dict_keys(['example_short_circuit_operator']) retrieved from /home/airflow/.local/lib/python3.7/site-packages/airflow/example_dags/example_short_circuit_operator.py
[2021-12-16 11:20:32,017] {logging_mixin.py:109} INFO - [2021-12-16 11:20:32,017] {dag.py:2396} INFO - Sync 1 DAGs
[2021-12-16 11:20:32,034] {logging_mixin.py:109} INFO - [2021-12-16 11:20:32,033] {dag.py:2928} INFO - Setting next_dagrun for example_short_circuit_operator to 2021-12-15T11:20:32.033651+00:00
[2021-12-16 11:20:32,042] {processor.py:171} INFO - Processing /home/airflow/.local/lib/python3.7/site-packages/airflow/example_dags/example_short_circuit_operator.py took 0.078 seconds
[2021-12-16 11:21:02,349] {processor.py:163} INFO - Started process (PID=732) to work on /home/airflow/.local/lib/python3.7/site-packages/airflow/example_dags/example_short_circuit_operator.py
[2021-12-16 11:21:02,350] {processor.py:625} INFO - Processing file /home/airflow/.local/lib/python3.7/site-packages/airflow/example_dags/example_short_circuit_operator.py for tasks to queue
[2021-12-16 11:21:02,351] {logging_mixin.py:109} INFO - [2021-12-16 11:21:02,351] {dagbag.py:500} INFO - Filling up the DagBag from /home/airflow/.local/lib/python3.7/site-packages/airflow/example_dags/example_short_circuit_operator.py
[2021-12-16 11:21:02,382] {processor.py:637} INFO - DAG(s) dict_keys(['example_short_circuit_operator']) retrieved from /home/airflow/.local/lib/python3.7/site-packages/airflow/example_dags/example_short_circuit_operator.py
[2021-12-16 11:21:02,394] {logging_mixin.py:109} INFO - [2021-12-16 11:21:02,393] {dag.py:2396} INFO - Sync 1 DAGs
[2021-12-16 11:21:02,412] {logging_mixin.py:109} INFO - [2021-12-16 11:21:02,412] {dag.py:2928} INFO - Setting next_dagrun for example_short_circuit_operator to 2021-12-15T11:21:02.411713+00:00
[2021-12-16 11:21:02,423] {processor.py:171} INFO - Processing /home/airflow/.local/lib/python3.7/site-packages/airflow/example_dags/example_short_circuit_operator.py took 0.078 seconds
[2021-12-16 11:21:32,660] {processor.py:163} INFO - Started process (PID=801) to work on /home/airflow/.local/lib/python3.7/site-packages/airflow/example_dags/example_short_circuit_operator.py
[2021-12-16 11:21:32,666] {processor.py:625} INFO - Processing file /home/airflow/.local/lib/python3.7/site-packages/airflow/example_dags/example_short_circuit_operator.py for tasks to queue
[2021-12-16 11:21:32,672] {logging_mixin.py:109} INFO - [2021-12-16 11:21:32,672] {dagbag.py:500} INFO - Filling up the DagBag from /home/airflow/.local/lib/python3.7/site-packages/airflow/example_dags/example_short_circuit_operator.py
[2021-12-16 11:21:32,707] {processor.py:637} INFO - DAG(s) dict_keys(['example_short_circuit_operator']) retrieved from /home/airflow/.local/lib/python3.7/site-packages/airflow/example_dags/example_short_circuit_operator.py
[2021-12-16 11:21:32,720] {logging_mixin.py:109} INFO - [2021-12-16 11:21:32,720] {dag.py:2396} INFO - Sync 1 DAGs
[2021-12-16 11:21:32,740] {logging_mixin.py:109} INFO - [2021-12-16 11:21:32,740] {dag.py:2928} INFO - Setting next_dagrun for example_short_circuit_operator to 2021-12-15T11:21:32.740078+00:00
[2021-12-16 11:21:32,752] {processor.py:171} INFO - Processing /home/airflow/.local/lib/python3.7/site-packages/airflow/example_dags/example_short_circuit_operator.py took 0.096 seconds
[2021-12-16 11:22:03,152] {processor.py:163} INFO - Started process (PID=861) to work on /home/airflow/.local/lib/python3.7/site-packages/airflow/example_dags/example_short_circuit_operator.py
[2021-12-16 11:22:03,154] {processor.py:625} INFO - Processing file /home/airflow/.local/lib/python3.7/site-packages/airflow/example_dags/example_short_circuit_operator.py for tasks to queue
[2021-12-16 11:22:03,155] {logging_mixin.py:109} INFO - [2021-12-16 11:22:03,155] {dagbag.py:500} INFO - Filling up the DagBag from /home/airflow/.local/lib/python3.7/site-packages/airflow/example_dags/example_short_circuit_operator.py
[2021-12-16 11:22:03,186] {processor.py:637} INFO - DAG(s) dict_keys(['example_short_circuit_operator']) retrieved from /home/airflow/.local/lib/python3.7/site-packages/airflow/example_dags/example_short_circuit_operator.py
[2021-12-16 11:22:03,198] {logging_mixin.py:109} INFO - [2021-12-16 11:22:03,197] {dag.py:2396} INFO - Sync 1 DAGs
[2021-12-16 11:22:03,213] {logging_mixin.py:109} INFO - [2021-12-16 11:22:03,213] {dag.py:2928} INFO - Setting next_dagrun for example_short_circuit_operator to 2021-12-15T11:22:03.213011+00:00
[2021-12-16 11:22:03,221] {processor.py:171} INFO - Processing /home/airflow/.local/lib/python3.7/site-packages/airflow/example_dags/example_short_circuit_operator.py took 0.073 seconds
[2021-12-16 11:22:33,569] {processor.py:163} INFO - Started process (PID=932) to work on /home/airflow/.local/lib/python3.7/site-packages/airflow/example_dags/example_short_circuit_operator.py
[2021-12-16 11:22:33,571] {processor.py:625} INFO - Processing file /home/airflow/.local/lib/python3.7/site-packages/airflow/example_dags/example_short_circuit_operator.py for tasks to queue
[2021-12-16 11:22:33,572] {logging_mixin.py:109} INFO - [2021-12-16 11:22:33,572] {dagbag.py:500} INFO - Filling up the DagBag from /home/airflow/.local/lib/python3.7/site-packages/airflow/example_dags/example_short_circuit_operator.py
[2021-12-16 11:22:33,598] {processor.py:637} INFO - DAG(s) dict_keys(['example_short_circuit_operator']) retrieved from /home/airflow/.local/lib/python3.7/site-packages/airflow/example_dags/example_short_circuit_operator.py
[2021-12-16 11:22:33,607] {logging_mixin.py:109} INFO - [2021-12-16 11:22:33,607] {dag.py:2396} INFO - Sync 1 DAGs
[2021-12-16 11:22:33,621] {logging_mixin.py:109} INFO - [2021-12-16 11:22:33,621] {dag.py:2928} INFO - Setting next_dagrun for example_short_circuit_operator to 2021-12-15T11:22:33.621113+00:00
[2021-12-16 11:22:33,629] {processor.py:171} INFO - Processing /home/airflow/.local/lib/python3.7/site-packages/airflow/example_dags/example_short_circuit_operator.py took 0.064 seconds
[2021-12-16 11:23:03,905] {processor.py:163} INFO - Started process (PID=992) to work on /home/airflow/.local/lib/python3.7/site-packages/airflow/example_dags/example_short_circuit_operator.py
[2021-12-16 11:23:03,908] {processor.py:625} INFO - Processing file /home/airflow/.local/lib/python3.7/site-packages/airflow/example_dags/example_short_circuit_operator.py for tasks to queue
[2021-12-16 11:23:03,909] {logging_mixin.py:109} INFO - [2021-12-16 11:23:03,909] {dagbag.py:500} INFO - Filling up the DagBag from /home/airflow/.local/lib/python3.7/site-packages/airflow/example_dags/example_short_circuit_operator.py
[2021-12-16 11:23:03,939] {processor.py:637} INFO - DAG(s) dict_keys(['example_short_circuit_operator']) retrieved from /home/airflow/.local/lib/python3.7/site-packages/airflow/example_dags/example_short_circuit_operator.py
[2021-12-16 11:23:03,951] {logging_mixin.py:109} INFO - [2021-12-16 11:23:03,951] {dag.py:2396} INFO - Sync 1 DAGs
[2021-12-16 11:23:03,967] {logging_mixin.py:109} INFO - [2021-12-16 11:23:03,967] {dag.py:2928} INFO - Setting next_dagrun for example_short_circuit_operator to 2021-12-15T11:23:03.966865+00:00
[2021-12-16 11:23:03,974] {processor.py:171} INFO - Processing /home/airflow/.local/lib/python3.7/site-packages/airflow/example_dags/example_short_circuit_operator.py took 0.073 seconds
[2021-12-16 11:23:34,078] {processor.py:163} INFO - Started process (PID=1061) to work on /home/airflow/.local/lib/python3.7/site-packages/airflow/example_dags/example_short_circuit_operator.py
[2021-12-16 11:23:34,080] {processor.py:625} INFO - Processing file /home/airflow/.local/lib/python3.7/site-packages/airflow/example_dags/example_short_circuit_operator.py for tasks to queue
[2021-12-16 11:23:34,081] {logging_mixin.py:109} INFO - [2021-12-16 11:23:34,081] {dagbag.py:500} INFO - Filling up the DagBag from /home/airflow/.local/lib/python3.7/site-packages/airflow/example_dags/example_short_circuit_operator.py
[2021-12-16 11:23:34,113] {processor.py:637} INFO - DAG(s) dict_keys(['example_short_circuit_operator']) retrieved from /home/airflow/.local/lib/python3.7/site-packages/airflow/example_dags/example_short_circuit_operator.py
[2021-12-16 11:23:34,125] {logging_mixin.py:109} INFO - [2021-12-16 11:23:34,125] {dag.py:2396} INFO - Sync 1 DAGs
[2021-12-16 11:23:34,142] {logging_mixin.py:109} INFO - [2021-12-16 11:23:34,142] {dag.py:2928} INFO - Setting next_dagrun for example_short_circuit_operator to 2021-12-15T11:23:34.142415+00:00
[2021-12-16 11:23:34,154] {processor.py:171} INFO - Processing /home/airflow/.local/lib/python3.7/site-packages/airflow/example_dags/example_short_circuit_operator.py took 0.079 seconds
[2021-12-16 11:24:04,733] {processor.py:163} INFO - Started process (PID=1121) to work on /home/airflow/.local/lib/python3.7/site-packages/airflow/example_dags/example_short_circuit_operator.py
[2021-12-16 11:24:04,736] {processor.py:625} INFO - Processing file /home/airflow/.local/lib/python3.7/site-packages/airflow/example_dags/example_short_circuit_operator.py for tasks to queue
[2021-12-16 11:24:04,737] {logging_mixin.py:109} INFO - [2021-12-16 11:24:04,737] {dagbag.py:500} INFO - Filling up the DagBag from /home/airflow/.local/lib/python3.7/site-packages/airflow/example_dags/example_short_circuit_operator.py
[2021-12-16 11:24:04,767] {processor.py:637} INFO - DAG(s) dict_keys(['example_short_circuit_operator']) retrieved from /home/airflow/.local/lib/python3.7/site-packages/airflow/example_dags/example_short_circuit_operator.py
[2021-12-16 11:24:04,778] {logging_mixin.py:109} INFO - [2021-12-16 11:24:04,778] {dag.py:2396} INFO - Sync 1 DAGs
[2021-12-16 11:24:04,795] {logging_mixin.py:109} INFO - [2021-12-16 11:24:04,795] {dag.py:2928} INFO - Setting next_dagrun for example_short_circuit_operator to 2021-12-15T11:24:04.794864+00:00
[2021-12-16 11:24:04,803] {processor.py:171} INFO - Processing /home/airflow/.local/lib/python3.7/site-packages/airflow/example_dags/example_short_circuit_operator.py took 0.074 seconds
[2021-12-16 11:24:35,702] {processor.py:163} INFO - Started process (PID=1191) to work on /home/airflow/.local/lib/python3.7/site-packages/airflow/example_dags/example_short_circuit_operator.py
[2021-12-16 11:24:35,704] {processor.py:625} INFO - Processing file /home/airflow/.local/lib/python3.7/site-packages/airflow/example_dags/example_short_circuit_operator.py for tasks to queue
[2021-12-16 11:24:35,705] {logging_mixin.py:109} INFO - [2021-12-16 11:24:35,705] {dagbag.py:500} INFO - Filling up the DagBag from /home/airflow/.local/lib/python3.7/site-packages/airflow/example_dags/example_short_circuit_operator.py
[2021-12-16 11:24:35,731] {processor.py:637} INFO - DAG(s) dict_keys(['example_short_circuit_operator']) retrieved from /home/airflow/.local/lib/python3.7/site-packages/airflow/example_dags/example_short_circuit_operator.py
[2021-12-16 11:24:35,741] {logging_mixin.py:109} INFO - [2021-12-16 11:24:35,741] {dag.py:2396} INFO - Sync 1 DAGs
[2021-12-16 11:24:35,756] {logging_mixin.py:109} INFO - [2021-12-16 11:24:35,756] {dag.py:2928} INFO - Setting next_dagrun for example_short_circuit_operator to 2021-12-15T11:24:35.756491+00:00
[2021-12-16 11:24:35,765] {processor.py:171} INFO - Processing /home/airflow/.local/lib/python3.7/site-packages/airflow/example_dags/example_short_circuit_operator.py took 0.066 seconds
[2021-12-16 11:25:06,096] {processor.py:163} INFO - Started process (PID=1261) to work on /home/airflow/.local/lib/python3.7/site-packages/airflow/example_dags/example_short_circuit_operator.py
[2021-12-16 11:25:06,097] {processor.py:625} INFO - Processing file /home/airflow/.local/lib/python3.7/site-packages/airflow/example_dags/example_short_circuit_operator.py for tasks to queue
[2021-12-16 11:25:06,099] {logging_mixin.py:109} INFO - [2021-12-16 11:25:06,098] {dagbag.py:500} INFO - Filling up the DagBag from /home/airflow/.local/lib/python3.7/site-packages/airflow/example_dags/example_short_circuit_operator.py
[2021-12-16 11:25:06,125] {processor.py:637} INFO - DAG(s) dict_keys(['example_short_circuit_operator']) retrieved from /home/airflow/.local/lib/python3.7/site-packages/airflow/example_dags/example_short_circuit_operator.py
[2021-12-16 11:25:06,135] {logging_mixin.py:109} INFO - [2021-12-16 11:25:06,134] {dag.py:2396} INFO - Sync 1 DAGs
[2021-12-16 11:25:06,149] {logging_mixin.py:109} INFO - [2021-12-16 11:25:06,149] {dag.py:2928} INFO - Setting next_dagrun for example_short_circuit_operator to 2021-12-15T11:25:06.149362+00:00
[2021-12-16 11:25:06,158] {processor.py:171} INFO - Processing /home/airflow/.local/lib/python3.7/site-packages/airflow/example_dags/example_short_circuit_operator.py took 0.065 seconds
