[2021-12-16 11:17:40,504] {processor.py:163} INFO - Started process (PID=84) to work on /home/airflow/.local/lib/python3.7/site-packages/airflow/example_dags/example_time_delta_sensor_async.py
[2021-12-16 11:17:40,506] {processor.py:625} INFO - Processing file /home/airflow/.local/lib/python3.7/site-packages/airflow/example_dags/example_time_delta_sensor_async.py for tasks to queue
[2021-12-16 11:17:40,507] {logging_mixin.py:109} INFO - [2021-12-16 11:17:40,507] {dagbag.py:500} INFO - Filling up the DagBag from /home/airflow/.local/lib/python3.7/site-packages/airflow/example_dags/example_time_delta_sensor_async.py
[2021-12-16 11:17:40,540] {processor.py:637} INFO - DAG(s) dict_keys(['example_time_delta_sensor_async']) retrieved from /home/airflow/.local/lib/python3.7/site-packages/airflow/example_dags/example_time_delta_sensor_async.py
[2021-12-16 11:17:42,115] {logging_mixin.py:109} INFO - [2021-12-16 11:17:42,115] {providers_manager.py:156} WARNING - Exception when importing 'airflow.providers.google.leveldb.hooks.leveldb.LevelDBHook' from 'apache-airflow-providers-google' package: No module named 'plyvel'
[2021-12-16 11:17:43,077] {logging_mixin.py:109} INFO - [2021-12-16 11:17:43,077] {providers_manager.py:156} WARNING - Exception when importing 'airflow.providers.google.leveldb.hooks.leveldb.LevelDBHook' from 'apache-airflow-providers-google' package: No module named 'plyvel'
[2021-12-16 11:17:43,101] {logging_mixin.py:109} INFO - [2021-12-16 11:17:43,101] {manager.py:496} INFO - Created Permission View: can read on DAG:example_time_delta_sensor_async
[2021-12-16 11:17:43,115] {logging_mixin.py:109} INFO - [2021-12-16 11:17:43,115] {manager.py:496} INFO - Created Permission View: can edit on DAG:example_time_delta_sensor_async
[2021-12-16 11:17:43,117] {logging_mixin.py:109} INFO - [2021-12-16 11:17:43,116] {dag.py:2396} INFO - Sync 1 DAGs
[2021-12-16 11:17:43,131] {logging_mixin.py:109} INFO - [2021-12-16 11:17:43,131] {dag.py:2415} INFO - Creating ORM DAG for example_time_delta_sensor_async
[2021-12-16 11:17:43,146] {logging_mixin.py:109} INFO - [2021-12-16 11:17:43,146] {dag.py:2928} INFO - Setting next_dagrun for example_time_delta_sensor_async to None
[2021-12-16 11:17:43,166] {processor.py:171} INFO - Processing /home/airflow/.local/lib/python3.7/site-packages/airflow/example_dags/example_time_delta_sensor_async.py took 2.665 seconds
[2021-12-16 11:18:13,227] {processor.py:163} INFO - Started process (PID=375) to work on /home/airflow/.local/lib/python3.7/site-packages/airflow/example_dags/example_time_delta_sensor_async.py
[2021-12-16 11:18:13,229] {processor.py:625} INFO - Processing file /home/airflow/.local/lib/python3.7/site-packages/airflow/example_dags/example_time_delta_sensor_async.py for tasks to queue
[2021-12-16 11:18:13,230] {logging_mixin.py:109} INFO - [2021-12-16 11:18:13,230] {dagbag.py:500} INFO - Filling up the DagBag from /home/airflow/.local/lib/python3.7/site-packages/airflow/example_dags/example_time_delta_sensor_async.py
[2021-12-16 11:18:13,252] {processor.py:637} INFO - DAG(s) dict_keys(['example_time_delta_sensor_async']) retrieved from /home/airflow/.local/lib/python3.7/site-packages/airflow/example_dags/example_time_delta_sensor_async.py
[2021-12-16 11:18:13,261] {logging_mixin.py:109} INFO - [2021-12-16 11:18:13,261] {dag.py:2396} INFO - Sync 1 DAGs
[2021-12-16 11:18:13,273] {logging_mixin.py:109} INFO - [2021-12-16 11:18:13,273] {dag.py:2928} INFO - Setting next_dagrun for example_time_delta_sensor_async to None
[2021-12-16 11:18:13,285] {processor.py:171} INFO - Processing /home/airflow/.local/lib/python3.7/site-packages/airflow/example_dags/example_time_delta_sensor_async.py took 0.061 seconds
[2021-12-16 11:18:43,791] {processor.py:163} INFO - Started process (PID=435) to work on /home/airflow/.local/lib/python3.7/site-packages/airflow/example_dags/example_time_delta_sensor_async.py
[2021-12-16 11:18:43,793] {processor.py:625} INFO - Processing file /home/airflow/.local/lib/python3.7/site-packages/airflow/example_dags/example_time_delta_sensor_async.py for tasks to queue
[2021-12-16 11:18:43,794] {logging_mixin.py:109} INFO - [2021-12-16 11:18:43,794] {dagbag.py:500} INFO - Filling up the DagBag from /home/airflow/.local/lib/python3.7/site-packages/airflow/example_dags/example_time_delta_sensor_async.py
[2021-12-16 11:18:43,823] {processor.py:637} INFO - DAG(s) dict_keys(['example_time_delta_sensor_async']) retrieved from /home/airflow/.local/lib/python3.7/site-packages/airflow/example_dags/example_time_delta_sensor_async.py
[2021-12-16 11:18:43,833] {logging_mixin.py:109} INFO - [2021-12-16 11:18:43,833] {dag.py:2396} INFO - Sync 1 DAGs
[2021-12-16 11:18:43,849] {logging_mixin.py:109} INFO - [2021-12-16 11:18:43,849] {dag.py:2928} INFO - Setting next_dagrun for example_time_delta_sensor_async to None
[2021-12-16 11:18:43,857] {processor.py:171} INFO - Processing /home/airflow/.local/lib/python3.7/site-packages/airflow/example_dags/example_time_delta_sensor_async.py took 0.070 seconds
[2021-12-16 11:19:13,927] {processor.py:163} INFO - Started process (PID=505) to work on /home/airflow/.local/lib/python3.7/site-packages/airflow/example_dags/example_time_delta_sensor_async.py
[2021-12-16 11:19:13,929] {processor.py:625} INFO - Processing file /home/airflow/.local/lib/python3.7/site-packages/airflow/example_dags/example_time_delta_sensor_async.py for tasks to queue
[2021-12-16 11:19:13,930] {logging_mixin.py:109} INFO - [2021-12-16 11:19:13,930] {dagbag.py:500} INFO - Filling up the DagBag from /home/airflow/.local/lib/python3.7/site-packages/airflow/example_dags/example_time_delta_sensor_async.py
[2021-12-16 11:19:13,960] {processor.py:637} INFO - DAG(s) dict_keys(['example_time_delta_sensor_async']) retrieved from /home/airflow/.local/lib/python3.7/site-packages/airflow/example_dags/example_time_delta_sensor_async.py
[2021-12-16 11:19:13,971] {logging_mixin.py:109} INFO - [2021-12-16 11:19:13,971] {dag.py:2396} INFO - Sync 1 DAGs
[2021-12-16 11:19:13,989] {logging_mixin.py:109} INFO - [2021-12-16 11:19:13,989] {dag.py:2928} INFO - Setting next_dagrun for example_time_delta_sensor_async to None
[2021-12-16 11:19:14,000] {processor.py:171} INFO - Processing /home/airflow/.local/lib/python3.7/site-packages/airflow/example_dags/example_time_delta_sensor_async.py took 0.077 seconds
[2021-12-16 11:19:44,050] {processor.py:163} INFO - Started process (PID=565) to work on /home/airflow/.local/lib/python3.7/site-packages/airflow/example_dags/example_time_delta_sensor_async.py
[2021-12-16 11:19:44,052] {processor.py:625} INFO - Processing file /home/airflow/.local/lib/python3.7/site-packages/airflow/example_dags/example_time_delta_sensor_async.py for tasks to queue
[2021-12-16 11:19:44,054] {logging_mixin.py:109} INFO - [2021-12-16 11:19:44,053] {dagbag.py:500} INFO - Filling up the DagBag from /home/airflow/.local/lib/python3.7/site-packages/airflow/example_dags/example_time_delta_sensor_async.py
[2021-12-16 11:19:44,085] {processor.py:637} INFO - DAG(s) dict_keys(['example_time_delta_sensor_async']) retrieved from /home/airflow/.local/lib/python3.7/site-packages/airflow/example_dags/example_time_delta_sensor_async.py
[2021-12-16 11:19:44,095] {logging_mixin.py:109} INFO - [2021-12-16 11:19:44,095] {dag.py:2396} INFO - Sync 1 DAGs
[2021-12-16 11:19:44,111] {logging_mixin.py:109} INFO - [2021-12-16 11:19:44,111] {dag.py:2928} INFO - Setting next_dagrun for example_time_delta_sensor_async to None
[2021-12-16 11:19:44,119] {processor.py:171} INFO - Processing /home/airflow/.local/lib/python3.7/site-packages/airflow/example_dags/example_time_delta_sensor_async.py took 0.072 seconds
[2021-12-16 11:20:14,527] {processor.py:163} INFO - Started process (PID=634) to work on /home/airflow/.local/lib/python3.7/site-packages/airflow/example_dags/example_time_delta_sensor_async.py
[2021-12-16 11:20:14,530] {processor.py:625} INFO - Processing file /home/airflow/.local/lib/python3.7/site-packages/airflow/example_dags/example_time_delta_sensor_async.py for tasks to queue
[2021-12-16 11:20:14,531] {logging_mixin.py:109} INFO - [2021-12-16 11:20:14,531] {dagbag.py:500} INFO - Filling up the DagBag from /home/airflow/.local/lib/python3.7/site-packages/airflow/example_dags/example_time_delta_sensor_async.py
[2021-12-16 11:20:14,561] {processor.py:637} INFO - DAG(s) dict_keys(['example_time_delta_sensor_async']) retrieved from /home/airflow/.local/lib/python3.7/site-packages/airflow/example_dags/example_time_delta_sensor_async.py
[2021-12-16 11:20:14,572] {logging_mixin.py:109} INFO - [2021-12-16 11:20:14,572] {dag.py:2396} INFO - Sync 1 DAGs
[2021-12-16 11:20:14,588] {logging_mixin.py:109} INFO - [2021-12-16 11:20:14,588] {dag.py:2928} INFO - Setting next_dagrun for example_time_delta_sensor_async to None
[2021-12-16 11:20:14,598] {processor.py:171} INFO - Processing /home/airflow/.local/lib/python3.7/site-packages/airflow/example_dags/example_time_delta_sensor_async.py took 0.075 seconds
[2021-12-16 11:20:44,940] {processor.py:163} INFO - Started process (PID=703) to work on /home/airflow/.local/lib/python3.7/site-packages/airflow/example_dags/example_time_delta_sensor_async.py
[2021-12-16 11:20:44,942] {processor.py:625} INFO - Processing file /home/airflow/.local/lib/python3.7/site-packages/airflow/example_dags/example_time_delta_sensor_async.py for tasks to queue
[2021-12-16 11:20:44,943] {logging_mixin.py:109} INFO - [2021-12-16 11:20:44,943] {dagbag.py:500} INFO - Filling up the DagBag from /home/airflow/.local/lib/python3.7/site-packages/airflow/example_dags/example_time_delta_sensor_async.py
[2021-12-16 11:20:44,967] {processor.py:637} INFO - DAG(s) dict_keys(['example_time_delta_sensor_async']) retrieved from /home/airflow/.local/lib/python3.7/site-packages/airflow/example_dags/example_time_delta_sensor_async.py
[2021-12-16 11:20:44,976] {logging_mixin.py:109} INFO - [2021-12-16 11:20:44,976] {dag.py:2396} INFO - Sync 1 DAGs
[2021-12-16 11:20:44,993] {logging_mixin.py:109} INFO - [2021-12-16 11:20:44,992] {dag.py:2928} INFO - Setting next_dagrun for example_time_delta_sensor_async to None
[2021-12-16 11:20:45,001] {processor.py:171} INFO - Processing /home/airflow/.local/lib/python3.7/site-packages/airflow/example_dags/example_time_delta_sensor_async.py took 0.065 seconds
[2021-12-16 11:21:15,377] {processor.py:163} INFO - Started process (PID=763) to work on /home/airflow/.local/lib/python3.7/site-packages/airflow/example_dags/example_time_delta_sensor_async.py
[2021-12-16 11:21:15,379] {processor.py:625} INFO - Processing file /home/airflow/.local/lib/python3.7/site-packages/airflow/example_dags/example_time_delta_sensor_async.py for tasks to queue
[2021-12-16 11:21:15,381] {logging_mixin.py:109} INFO - [2021-12-16 11:21:15,381] {dagbag.py:500} INFO - Filling up the DagBag from /home/airflow/.local/lib/python3.7/site-packages/airflow/example_dags/example_time_delta_sensor_async.py
[2021-12-16 11:21:15,411] {processor.py:637} INFO - DAG(s) dict_keys(['example_time_delta_sensor_async']) retrieved from /home/airflow/.local/lib/python3.7/site-packages/airflow/example_dags/example_time_delta_sensor_async.py
[2021-12-16 11:21:15,422] {logging_mixin.py:109} INFO - [2021-12-16 11:21:15,422] {dag.py:2396} INFO - Sync 1 DAGs
[2021-12-16 11:21:15,440] {logging_mixin.py:109} INFO - [2021-12-16 11:21:15,440] {dag.py:2928} INFO - Setting next_dagrun for example_time_delta_sensor_async to None
[2021-12-16 11:21:15,452] {processor.py:171} INFO - Processing /home/airflow/.local/lib/python3.7/site-packages/airflow/example_dags/example_time_delta_sensor_async.py took 0.079 seconds
[2021-12-16 11:21:45,715] {processor.py:163} INFO - Started process (PID=832) to work on /home/airflow/.local/lib/python3.7/site-packages/airflow/example_dags/example_time_delta_sensor_async.py
[2021-12-16 11:21:45,718] {processor.py:625} INFO - Processing file /home/airflow/.local/lib/python3.7/site-packages/airflow/example_dags/example_time_delta_sensor_async.py for tasks to queue
[2021-12-16 11:21:45,719] {logging_mixin.py:109} INFO - [2021-12-16 11:21:45,719] {dagbag.py:500} INFO - Filling up the DagBag from /home/airflow/.local/lib/python3.7/site-packages/airflow/example_dags/example_time_delta_sensor_async.py
[2021-12-16 11:21:45,748] {processor.py:637} INFO - DAG(s) dict_keys(['example_time_delta_sensor_async']) retrieved from /home/airflow/.local/lib/python3.7/site-packages/airflow/example_dags/example_time_delta_sensor_async.py
[2021-12-16 11:21:45,759] {logging_mixin.py:109} INFO - [2021-12-16 11:21:45,759] {dag.py:2396} INFO - Sync 1 DAGs
[2021-12-16 11:21:45,773] {logging_mixin.py:109} INFO - [2021-12-16 11:21:45,773] {dag.py:2928} INFO - Setting next_dagrun for example_time_delta_sensor_async to None
[2021-12-16 11:21:45,781] {processor.py:171} INFO - Processing /home/airflow/.local/lib/python3.7/site-packages/airflow/example_dags/example_time_delta_sensor_async.py took 0.069 seconds
[2021-12-16 11:22:16,121] {processor.py:163} INFO - Started process (PID=892) to work on /home/airflow/.local/lib/python3.7/site-packages/airflow/example_dags/example_time_delta_sensor_async.py
[2021-12-16 11:22:16,123] {processor.py:625} INFO - Processing file /home/airflow/.local/lib/python3.7/site-packages/airflow/example_dags/example_time_delta_sensor_async.py for tasks to queue
[2021-12-16 11:22:16,124] {logging_mixin.py:109} INFO - [2021-12-16 11:22:16,124] {dagbag.py:500} INFO - Filling up the DagBag from /home/airflow/.local/lib/python3.7/site-packages/airflow/example_dags/example_time_delta_sensor_async.py
[2021-12-16 11:22:16,148] {processor.py:637} INFO - DAG(s) dict_keys(['example_time_delta_sensor_async']) retrieved from /home/airflow/.local/lib/python3.7/site-packages/airflow/example_dags/example_time_delta_sensor_async.py
[2021-12-16 11:22:16,159] {logging_mixin.py:109} INFO - [2021-12-16 11:22:16,159] {dag.py:2396} INFO - Sync 1 DAGs
[2021-12-16 11:22:16,177] {logging_mixin.py:109} INFO - [2021-12-16 11:22:16,177] {dag.py:2928} INFO - Setting next_dagrun for example_time_delta_sensor_async to None
[2021-12-16 11:22:16,189] {processor.py:171} INFO - Processing /home/airflow/.local/lib/python3.7/site-packages/airflow/example_dags/example_time_delta_sensor_async.py took 0.073 seconds
[2021-12-16 11:22:46,524] {processor.py:163} INFO - Started process (PID=963) to work on /home/airflow/.local/lib/python3.7/site-packages/airflow/example_dags/example_time_delta_sensor_async.py
[2021-12-16 11:22:46,527] {processor.py:625} INFO - Processing file /home/airflow/.local/lib/python3.7/site-packages/airflow/example_dags/example_time_delta_sensor_async.py for tasks to queue
[2021-12-16 11:22:46,528] {logging_mixin.py:109} INFO - [2021-12-16 11:22:46,528] {dagbag.py:500} INFO - Filling up the DagBag from /home/airflow/.local/lib/python3.7/site-packages/airflow/example_dags/example_time_delta_sensor_async.py
[2021-12-16 11:22:46,557] {processor.py:637} INFO - DAG(s) dict_keys(['example_time_delta_sensor_async']) retrieved from /home/airflow/.local/lib/python3.7/site-packages/airflow/example_dags/example_time_delta_sensor_async.py
[2021-12-16 11:22:46,567] {logging_mixin.py:109} INFO - [2021-12-16 11:22:46,567] {dag.py:2396} INFO - Sync 1 DAGs
[2021-12-16 11:22:46,582] {logging_mixin.py:109} INFO - [2021-12-16 11:22:46,582] {dag.py:2928} INFO - Setting next_dagrun for example_time_delta_sensor_async to None
[2021-12-16 11:22:46,590] {processor.py:171} INFO - Processing /home/airflow/.local/lib/python3.7/site-packages/airflow/example_dags/example_time_delta_sensor_async.py took 0.070 seconds
[2021-12-16 11:23:16,735] {processor.py:163} INFO - Started process (PID=1015) to work on /home/airflow/.local/lib/python3.7/site-packages/airflow/example_dags/example_time_delta_sensor_async.py
[2021-12-16 11:23:16,737] {processor.py:625} INFO - Processing file /home/airflow/.local/lib/python3.7/site-packages/airflow/example_dags/example_time_delta_sensor_async.py for tasks to queue
[2021-12-16 11:23:16,739] {logging_mixin.py:109} INFO - [2021-12-16 11:23:16,738] {dagbag.py:500} INFO - Filling up the DagBag from /home/airflow/.local/lib/python3.7/site-packages/airflow/example_dags/example_time_delta_sensor_async.py
[2021-12-16 11:23:16,766] {processor.py:637} INFO - DAG(s) dict_keys(['example_time_delta_sensor_async']) retrieved from /home/airflow/.local/lib/python3.7/site-packages/airflow/example_dags/example_time_delta_sensor_async.py
[2021-12-16 11:23:16,776] {logging_mixin.py:109} INFO - [2021-12-16 11:23:16,776] {dag.py:2396} INFO - Sync 1 DAGs
[2021-12-16 11:23:16,790] {logging_mixin.py:109} INFO - [2021-12-16 11:23:16,790] {dag.py:2928} INFO - Setting next_dagrun for example_time_delta_sensor_async to None
[2021-12-16 11:23:16,799] {processor.py:171} INFO - Processing /home/airflow/.local/lib/python3.7/site-packages/airflow/example_dags/example_time_delta_sensor_async.py took 0.067 seconds
[2021-12-16 11:23:47,129] {processor.py:163} INFO - Started process (PID=1083) to work on /home/airflow/.local/lib/python3.7/site-packages/airflow/example_dags/example_time_delta_sensor_async.py
[2021-12-16 11:23:47,132] {processor.py:625} INFO - Processing file /home/airflow/.local/lib/python3.7/site-packages/airflow/example_dags/example_time_delta_sensor_async.py for tasks to queue
[2021-12-16 11:23:47,133] {logging_mixin.py:109} INFO - [2021-12-16 11:23:47,133] {dagbag.py:500} INFO - Filling up the DagBag from /home/airflow/.local/lib/python3.7/site-packages/airflow/example_dags/example_time_delta_sensor_async.py
[2021-12-16 11:23:47,162] {processor.py:637} INFO - DAG(s) dict_keys(['example_time_delta_sensor_async']) retrieved from /home/airflow/.local/lib/python3.7/site-packages/airflow/example_dags/example_time_delta_sensor_async.py
[2021-12-16 11:23:47,173] {logging_mixin.py:109} INFO - [2021-12-16 11:23:47,173] {dag.py:2396} INFO - Sync 1 DAGs
[2021-12-16 11:23:47,189] {logging_mixin.py:109} INFO - [2021-12-16 11:23:47,189] {dag.py:2928} INFO - Setting next_dagrun for example_time_delta_sensor_async to None
[2021-12-16 11:23:47,198] {processor.py:171} INFO - Processing /home/airflow/.local/lib/python3.7/site-packages/airflow/example_dags/example_time_delta_sensor_async.py took 0.073 seconds
[2021-12-16 11:24:17,716] {processor.py:163} INFO - Started process (PID=1144) to work on /home/airflow/.local/lib/python3.7/site-packages/airflow/example_dags/example_time_delta_sensor_async.py
[2021-12-16 11:24:17,718] {processor.py:625} INFO - Processing file /home/airflow/.local/lib/python3.7/site-packages/airflow/example_dags/example_time_delta_sensor_async.py for tasks to queue
[2021-12-16 11:24:17,720] {logging_mixin.py:109} INFO - [2021-12-16 11:24:17,720] {dagbag.py:500} INFO - Filling up the DagBag from /home/airflow/.local/lib/python3.7/site-packages/airflow/example_dags/example_time_delta_sensor_async.py
[2021-12-16 11:24:17,749] {processor.py:637} INFO - DAG(s) dict_keys(['example_time_delta_sensor_async']) retrieved from /home/airflow/.local/lib/python3.7/site-packages/airflow/example_dags/example_time_delta_sensor_async.py
[2021-12-16 11:24:17,759] {logging_mixin.py:109} INFO - [2021-12-16 11:24:17,759] {dag.py:2396} INFO - Sync 1 DAGs
[2021-12-16 11:24:17,775] {logging_mixin.py:109} INFO - [2021-12-16 11:24:17,775] {dag.py:2928} INFO - Setting next_dagrun for example_time_delta_sensor_async to None
[2021-12-16 11:24:17,785] {processor.py:171} INFO - Processing /home/airflow/.local/lib/python3.7/site-packages/airflow/example_dags/example_time_delta_sensor_async.py took 0.073 seconds
[2021-12-16 11:24:48,514] {processor.py:163} INFO - Started process (PID=1213) to work on /home/airflow/.local/lib/python3.7/site-packages/airflow/example_dags/example_time_delta_sensor_async.py
[2021-12-16 11:24:48,516] {processor.py:625} INFO - Processing file /home/airflow/.local/lib/python3.7/site-packages/airflow/example_dags/example_time_delta_sensor_async.py for tasks to queue
[2021-12-16 11:24:48,518] {logging_mixin.py:109} INFO - [2021-12-16 11:24:48,517] {dagbag.py:500} INFO - Filling up the DagBag from /home/airflow/.local/lib/python3.7/site-packages/airflow/example_dags/example_time_delta_sensor_async.py
[2021-12-16 11:24:48,546] {processor.py:637} INFO - DAG(s) dict_keys(['example_time_delta_sensor_async']) retrieved from /home/airflow/.local/lib/python3.7/site-packages/airflow/example_dags/example_time_delta_sensor_async.py
[2021-12-16 11:24:48,556] {logging_mixin.py:109} INFO - [2021-12-16 11:24:48,556] {dag.py:2396} INFO - Sync 1 DAGs
[2021-12-16 11:24:48,572] {logging_mixin.py:109} INFO - [2021-12-16 11:24:48,572] {dag.py:2928} INFO - Setting next_dagrun for example_time_delta_sensor_async to None
[2021-12-16 11:24:48,582] {processor.py:171} INFO - Processing /home/airflow/.local/lib/python3.7/site-packages/airflow/example_dags/example_time_delta_sensor_async.py took 0.071 seconds
