[2021-12-16 11:17:45,271] {processor.py:163} INFO - Started process (PID=120) to work on /home/airflow/.local/lib/python3.7/site-packages/airflow/example_dags/example_branch_datetime_operator.py
[2021-12-16 11:17:45,276] {processor.py:625} INFO - Processing file /home/airflow/.local/lib/python3.7/site-packages/airflow/example_dags/example_branch_datetime_operator.py for tasks to queue
[2021-12-16 11:17:45,278] {logging_mixin.py:109} INFO - [2021-12-16 11:17:45,278] {dagbag.py:500} INFO - Filling up the DagBag from /home/airflow/.local/lib/python3.7/site-packages/airflow/example_dags/example_branch_datetime_operator.py
[2021-12-16 11:17:45,313] {processor.py:637} INFO - DAG(s) dict_keys(['example_branch_datetime_operator_2']) retrieved from /home/airflow/.local/lib/python3.7/site-packages/airflow/example_dags/example_branch_datetime_operator.py
[2021-12-16 11:17:46,690] {logging_mixin.py:109} INFO - [2021-12-16 11:17:46,690] {providers_manager.py:156} WARNING - Exception when importing 'airflow.providers.google.leveldb.hooks.leveldb.LevelDBHook' from 'apache-airflow-providers-google' package: No module named 'plyvel'
[2021-12-16 11:17:47,108] {logging_mixin.py:109} INFO - [2021-12-16 11:17:47,108] {providers_manager.py:156} WARNING - Exception when importing 'airflow.providers.google.leveldb.hooks.leveldb.LevelDBHook' from 'apache-airflow-providers-google' package: No module named 'plyvel'
[2021-12-16 11:17:47,125] {logging_mixin.py:109} INFO - [2021-12-16 11:17:47,125] {manager.py:496} INFO - Created Permission View: can read on DAG:example_branch_datetime_operator_2
[2021-12-16 11:17:47,133] {logging_mixin.py:109} INFO - [2021-12-16 11:17:47,133] {manager.py:496} INFO - Created Permission View: can edit on DAG:example_branch_datetime_operator_2
[2021-12-16 11:17:47,135] {logging_mixin.py:109} INFO - [2021-12-16 11:17:47,134] {dag.py:2396} INFO - Sync 1 DAGs
[2021-12-16 11:17:47,141] {logging_mixin.py:109} INFO - [2021-12-16 11:17:47,141] {dag.py:2415} INFO - Creating ORM DAG for example_branch_datetime_operator_2
[2021-12-16 11:17:47,149] {logging_mixin.py:109} INFO - [2021-12-16 11:17:47,149] {dag.py:2928} INFO - Setting next_dagrun for example_branch_datetime_operator_2 to 2021-12-15 00:00:00+00:00
[2021-12-16 11:17:47,160] {processor.py:171} INFO - Processing /home/airflow/.local/lib/python3.7/site-packages/airflow/example_dags/example_branch_datetime_operator.py took 1.893 seconds
[2021-12-16 11:18:17,676] {processor.py:163} INFO - Started process (PID=379) to work on /home/airflow/.local/lib/python3.7/site-packages/airflow/example_dags/example_branch_datetime_operator.py
[2021-12-16 11:18:17,678] {processor.py:625} INFO - Processing file /home/airflow/.local/lib/python3.7/site-packages/airflow/example_dags/example_branch_datetime_operator.py for tasks to queue
[2021-12-16 11:18:17,680] {logging_mixin.py:109} INFO - [2021-12-16 11:18:17,680] {dagbag.py:500} INFO - Filling up the DagBag from /home/airflow/.local/lib/python3.7/site-packages/airflow/example_dags/example_branch_datetime_operator.py
[2021-12-16 11:18:17,711] {processor.py:637} INFO - DAG(s) dict_keys(['example_branch_datetime_operator_2']) retrieved from /home/airflow/.local/lib/python3.7/site-packages/airflow/example_dags/example_branch_datetime_operator.py
[2021-12-16 11:18:17,722] {logging_mixin.py:109} INFO - [2021-12-16 11:18:17,722] {dag.py:2396} INFO - Sync 1 DAGs
[2021-12-16 11:18:17,740] {logging_mixin.py:109} INFO - [2021-12-16 11:18:17,740] {dag.py:2928} INFO - Setting next_dagrun for example_branch_datetime_operator_2 to 2021-12-15 00:00:00+00:00
[2021-12-16 11:18:17,750] {processor.py:171} INFO - Processing /home/airflow/.local/lib/python3.7/site-packages/airflow/example_dags/example_branch_datetime_operator.py took 0.078 seconds
[2021-12-16 11:18:47,910] {processor.py:163} INFO - Started process (PID=449) to work on /home/airflow/.local/lib/python3.7/site-packages/airflow/example_dags/example_branch_datetime_operator.py
[2021-12-16 11:18:47,914] {processor.py:625} INFO - Processing file /home/airflow/.local/lib/python3.7/site-packages/airflow/example_dags/example_branch_datetime_operator.py for tasks to queue
[2021-12-16 11:18:47,916] {logging_mixin.py:109} INFO - [2021-12-16 11:18:47,916] {dagbag.py:500} INFO - Filling up the DagBag from /home/airflow/.local/lib/python3.7/site-packages/airflow/example_dags/example_branch_datetime_operator.py
[2021-12-16 11:18:47,945] {processor.py:637} INFO - DAG(s) dict_keys(['example_branch_datetime_operator_2']) retrieved from /home/airflow/.local/lib/python3.7/site-packages/airflow/example_dags/example_branch_datetime_operator.py
[2021-12-16 11:18:47,957] {logging_mixin.py:109} INFO - [2021-12-16 11:18:47,957] {dag.py:2396} INFO - Sync 1 DAGs
[2021-12-16 11:18:47,976] {logging_mixin.py:109} INFO - [2021-12-16 11:18:47,976] {dag.py:2928} INFO - Setting next_dagrun for example_branch_datetime_operator_2 to 2021-12-15 00:00:00+00:00
[2021-12-16 11:18:47,985] {processor.py:171} INFO - Processing /home/airflow/.local/lib/python3.7/site-packages/airflow/example_dags/example_branch_datetime_operator.py took 0.079 seconds
[2021-12-16 11:19:18,134] {processor.py:163} INFO - Started process (PID=509) to work on /home/airflow/.local/lib/python3.7/site-packages/airflow/example_dags/example_branch_datetime_operator.py
[2021-12-16 11:19:18,136] {processor.py:625} INFO - Processing file /home/airflow/.local/lib/python3.7/site-packages/airflow/example_dags/example_branch_datetime_operator.py for tasks to queue
[2021-12-16 11:19:18,138] {logging_mixin.py:109} INFO - [2021-12-16 11:19:18,137] {dagbag.py:500} INFO - Filling up the DagBag from /home/airflow/.local/lib/python3.7/site-packages/airflow/example_dags/example_branch_datetime_operator.py
[2021-12-16 11:19:18,168] {processor.py:637} INFO - DAG(s) dict_keys(['example_branch_datetime_operator_2']) retrieved from /home/airflow/.local/lib/python3.7/site-packages/airflow/example_dags/example_branch_datetime_operator.py
[2021-12-16 11:19:18,179] {logging_mixin.py:109} INFO - [2021-12-16 11:19:18,179] {dag.py:2396} INFO - Sync 1 DAGs
[2021-12-16 11:19:18,196] {logging_mixin.py:109} INFO - [2021-12-16 11:19:18,196] {dag.py:2928} INFO - Setting next_dagrun for example_branch_datetime_operator_2 to 2021-12-15 00:00:00+00:00
[2021-12-16 11:19:18,205] {processor.py:171} INFO - Processing /home/airflow/.local/lib/python3.7/site-packages/airflow/example_dags/example_branch_datetime_operator.py took 0.075 seconds
[2021-12-16 11:19:48,229] {processor.py:163} INFO - Started process (PID=578) to work on /home/airflow/.local/lib/python3.7/site-packages/airflow/example_dags/example_branch_datetime_operator.py
[2021-12-16 11:19:48,231] {processor.py:625} INFO - Processing file /home/airflow/.local/lib/python3.7/site-packages/airflow/example_dags/example_branch_datetime_operator.py for tasks to queue
[2021-12-16 11:19:48,233] {logging_mixin.py:109} INFO - [2021-12-16 11:19:48,233] {dagbag.py:500} INFO - Filling up the DagBag from /home/airflow/.local/lib/python3.7/site-packages/airflow/example_dags/example_branch_datetime_operator.py
[2021-12-16 11:19:48,265] {processor.py:637} INFO - DAG(s) dict_keys(['example_branch_datetime_operator_2']) retrieved from /home/airflow/.local/lib/python3.7/site-packages/airflow/example_dags/example_branch_datetime_operator.py
[2021-12-16 11:19:48,277] {logging_mixin.py:109} INFO - [2021-12-16 11:19:48,276] {dag.py:2396} INFO - Sync 1 DAGs
[2021-12-16 11:19:48,294] {logging_mixin.py:109} INFO - [2021-12-16 11:19:48,294] {dag.py:2928} INFO - Setting next_dagrun for example_branch_datetime_operator_2 to 2021-12-15 00:00:00+00:00
[2021-12-16 11:19:48,304] {processor.py:171} INFO - Processing /home/airflow/.local/lib/python3.7/site-packages/airflow/example_dags/example_branch_datetime_operator.py took 0.078 seconds
[2021-12-16 11:20:18,675] {processor.py:163} INFO - Started process (PID=638) to work on /home/airflow/.local/lib/python3.7/site-packages/airflow/example_dags/example_branch_datetime_operator.py
[2021-12-16 11:20:18,677] {processor.py:625} INFO - Processing file /home/airflow/.local/lib/python3.7/site-packages/airflow/example_dags/example_branch_datetime_operator.py for tasks to queue
[2021-12-16 11:20:18,679] {logging_mixin.py:109} INFO - [2021-12-16 11:20:18,679] {dagbag.py:500} INFO - Filling up the DagBag from /home/airflow/.local/lib/python3.7/site-packages/airflow/example_dags/example_branch_datetime_operator.py
[2021-12-16 11:20:18,710] {processor.py:637} INFO - DAG(s) dict_keys(['example_branch_datetime_operator_2']) retrieved from /home/airflow/.local/lib/python3.7/site-packages/airflow/example_dags/example_branch_datetime_operator.py
[2021-12-16 11:20:18,720] {logging_mixin.py:109} INFO - [2021-12-16 11:20:18,720] {dag.py:2396} INFO - Sync 1 DAGs
[2021-12-16 11:20:18,739] {logging_mixin.py:109} INFO - [2021-12-16 11:20:18,739] {dag.py:2928} INFO - Setting next_dagrun for example_branch_datetime_operator_2 to 2021-12-15 00:00:00+00:00
[2021-12-16 11:20:18,748] {processor.py:171} INFO - Processing /home/airflow/.local/lib/python3.7/site-packages/airflow/example_dags/example_branch_datetime_operator.py took 0.077 seconds
[2021-12-16 11:20:49,070] {processor.py:163} INFO - Started process (PID=707) to work on /home/airflow/.local/lib/python3.7/site-packages/airflow/example_dags/example_branch_datetime_operator.py
[2021-12-16 11:20:49,071] {processor.py:625} INFO - Processing file /home/airflow/.local/lib/python3.7/site-packages/airflow/example_dags/example_branch_datetime_operator.py for tasks to queue
[2021-12-16 11:20:49,073] {logging_mixin.py:109} INFO - [2021-12-16 11:20:49,072] {dagbag.py:500} INFO - Filling up the DagBag from /home/airflow/.local/lib/python3.7/site-packages/airflow/example_dags/example_branch_datetime_operator.py
[2021-12-16 11:20:49,105] {processor.py:637} INFO - DAG(s) dict_keys(['example_branch_datetime_operator_2']) retrieved from /home/airflow/.local/lib/python3.7/site-packages/airflow/example_dags/example_branch_datetime_operator.py
[2021-12-16 11:20:49,115] {logging_mixin.py:109} INFO - [2021-12-16 11:20:49,115] {dag.py:2396} INFO - Sync 1 DAGs
[2021-12-16 11:20:49,133] {logging_mixin.py:109} INFO - [2021-12-16 11:20:49,133] {dag.py:2928} INFO - Setting next_dagrun for example_branch_datetime_operator_2 to 2021-12-15 00:00:00+00:00
[2021-12-16 11:20:49,142] {processor.py:171} INFO - Processing /home/airflow/.local/lib/python3.7/site-packages/airflow/example_dags/example_branch_datetime_operator.py took 0.076 seconds
[2021-12-16 11:21:19,488] {processor.py:163} INFO - Started process (PID=767) to work on /home/airflow/.local/lib/python3.7/site-packages/airflow/example_dags/example_branch_datetime_operator.py
[2021-12-16 11:21:19,490] {processor.py:625} INFO - Processing file /home/airflow/.local/lib/python3.7/site-packages/airflow/example_dags/example_branch_datetime_operator.py for tasks to queue
[2021-12-16 11:21:19,491] {logging_mixin.py:109} INFO - [2021-12-16 11:21:19,491] {dagbag.py:500} INFO - Filling up the DagBag from /home/airflow/.local/lib/python3.7/site-packages/airflow/example_dags/example_branch_datetime_operator.py
[2021-12-16 11:21:19,517] {processor.py:637} INFO - DAG(s) dict_keys(['example_branch_datetime_operator_2']) retrieved from /home/airflow/.local/lib/python3.7/site-packages/airflow/example_dags/example_branch_datetime_operator.py
[2021-12-16 11:21:19,527] {logging_mixin.py:109} INFO - [2021-12-16 11:21:19,527] {dag.py:2396} INFO - Sync 1 DAGs
[2021-12-16 11:21:19,546] {logging_mixin.py:109} INFO - [2021-12-16 11:21:19,546] {dag.py:2928} INFO - Setting next_dagrun for example_branch_datetime_operator_2 to 2021-12-15 00:00:00+00:00
[2021-12-16 11:21:19,554] {processor.py:171} INFO - Processing /home/airflow/.local/lib/python3.7/site-packages/airflow/example_dags/example_branch_datetime_operator.py took 0.069 seconds
[2021-12-16 11:21:49,911] {processor.py:163} INFO - Started process (PID=836) to work on /home/airflow/.local/lib/python3.7/site-packages/airflow/example_dags/example_branch_datetime_operator.py
[2021-12-16 11:21:49,913] {processor.py:625} INFO - Processing file /home/airflow/.local/lib/python3.7/site-packages/airflow/example_dags/example_branch_datetime_operator.py for tasks to queue
[2021-12-16 11:21:49,914] {logging_mixin.py:109} INFO - [2021-12-16 11:21:49,914] {dagbag.py:500} INFO - Filling up the DagBag from /home/airflow/.local/lib/python3.7/site-packages/airflow/example_dags/example_branch_datetime_operator.py
[2021-12-16 11:21:49,948] {processor.py:637} INFO - DAG(s) dict_keys(['example_branch_datetime_operator_2']) retrieved from /home/airflow/.local/lib/python3.7/site-packages/airflow/example_dags/example_branch_datetime_operator.py
[2021-12-16 11:21:49,960] {logging_mixin.py:109} INFO - [2021-12-16 11:21:49,960] {dag.py:2396} INFO - Sync 1 DAGs
[2021-12-16 11:21:49,979] {logging_mixin.py:109} INFO - [2021-12-16 11:21:49,979] {dag.py:2928} INFO - Setting next_dagrun for example_branch_datetime_operator_2 to 2021-12-15 00:00:00+00:00
[2021-12-16 11:21:49,991] {processor.py:171} INFO - Processing /home/airflow/.local/lib/python3.7/site-packages/airflow/example_dags/example_branch_datetime_operator.py took 0.084 seconds
[2021-12-16 11:22:20,226] {processor.py:163} INFO - Started process (PID=906) to work on /home/airflow/.local/lib/python3.7/site-packages/airflow/example_dags/example_branch_datetime_operator.py
[2021-12-16 11:22:20,228] {processor.py:625} INFO - Processing file /home/airflow/.local/lib/python3.7/site-packages/airflow/example_dags/example_branch_datetime_operator.py for tasks to queue
[2021-12-16 11:22:20,229] {logging_mixin.py:109} INFO - [2021-12-16 11:22:20,229] {dagbag.py:500} INFO - Filling up the DagBag from /home/airflow/.local/lib/python3.7/site-packages/airflow/example_dags/example_branch_datetime_operator.py
[2021-12-16 11:22:20,258] {processor.py:637} INFO - DAG(s) dict_keys(['example_branch_datetime_operator_2']) retrieved from /home/airflow/.local/lib/python3.7/site-packages/airflow/example_dags/example_branch_datetime_operator.py
[2021-12-16 11:22:20,267] {logging_mixin.py:109} INFO - [2021-12-16 11:22:20,267] {dag.py:2396} INFO - Sync 1 DAGs
[2021-12-16 11:22:20,282] {logging_mixin.py:109} INFO - [2021-12-16 11:22:20,282] {dag.py:2928} INFO - Setting next_dagrun for example_branch_datetime_operator_2 to 2021-12-15 00:00:00+00:00
[2021-12-16 11:22:20,290] {processor.py:171} INFO - Processing /home/airflow/.local/lib/python3.7/site-packages/airflow/example_dags/example_branch_datetime_operator.py took 0.068 seconds
[2021-12-16 11:22:50,644] {processor.py:163} INFO - Started process (PID=967) to work on /home/airflow/.local/lib/python3.7/site-packages/airflow/example_dags/example_branch_datetime_operator.py
[2021-12-16 11:22:50,646] {processor.py:625} INFO - Processing file /home/airflow/.local/lib/python3.7/site-packages/airflow/example_dags/example_branch_datetime_operator.py for tasks to queue
[2021-12-16 11:22:50,647] {logging_mixin.py:109} INFO - [2021-12-16 11:22:50,647] {dagbag.py:500} INFO - Filling up the DagBag from /home/airflow/.local/lib/python3.7/site-packages/airflow/example_dags/example_branch_datetime_operator.py
[2021-12-16 11:22:50,676] {processor.py:637} INFO - DAG(s) dict_keys(['example_branch_datetime_operator_2']) retrieved from /home/airflow/.local/lib/python3.7/site-packages/airflow/example_dags/example_branch_datetime_operator.py
[2021-12-16 11:22:50,687] {logging_mixin.py:109} INFO - [2021-12-16 11:22:50,687] {dag.py:2396} INFO - Sync 1 DAGs
[2021-12-16 11:22:50,703] {logging_mixin.py:109} INFO - [2021-12-16 11:22:50,703] {dag.py:2928} INFO - Setting next_dagrun for example_branch_datetime_operator_2 to 2021-12-15 00:00:00+00:00
[2021-12-16 11:22:50,711] {processor.py:171} INFO - Processing /home/airflow/.local/lib/python3.7/site-packages/airflow/example_dags/example_branch_datetime_operator.py took 0.071 seconds
[2021-12-16 11:23:20,836] {processor.py:163} INFO - Started process (PID=1035) to work on /home/airflow/.local/lib/python3.7/site-packages/airflow/example_dags/example_branch_datetime_operator.py
[2021-12-16 11:23:20,839] {processor.py:625} INFO - Processing file /home/airflow/.local/lib/python3.7/site-packages/airflow/example_dags/example_branch_datetime_operator.py for tasks to queue
[2021-12-16 11:23:20,840] {logging_mixin.py:109} INFO - [2021-12-16 11:23:20,840] {dagbag.py:500} INFO - Filling up the DagBag from /home/airflow/.local/lib/python3.7/site-packages/airflow/example_dags/example_branch_datetime_operator.py
[2021-12-16 11:23:20,877] {processor.py:637} INFO - DAG(s) dict_keys(['example_branch_datetime_operator_2']) retrieved from /home/airflow/.local/lib/python3.7/site-packages/airflow/example_dags/example_branch_datetime_operator.py
[2021-12-16 11:23:20,889] {logging_mixin.py:109} INFO - [2021-12-16 11:23:20,889] {dag.py:2396} INFO - Sync 1 DAGs
[2021-12-16 11:23:20,909] {logging_mixin.py:109} INFO - [2021-12-16 11:23:20,909] {dag.py:2928} INFO - Setting next_dagrun for example_branch_datetime_operator_2 to 2021-12-15 00:00:00+00:00
[2021-12-16 11:23:20,921] {processor.py:171} INFO - Processing /home/airflow/.local/lib/python3.7/site-packages/airflow/example_dags/example_branch_datetime_operator.py took 0.089 seconds
[2021-12-16 11:23:51,385] {processor.py:163} INFO - Started process (PID=1095) to work on /home/airflow/.local/lib/python3.7/site-packages/airflow/example_dags/example_branch_datetime_operator.py
[2021-12-16 11:23:51,387] {processor.py:625} INFO - Processing file /home/airflow/.local/lib/python3.7/site-packages/airflow/example_dags/example_branch_datetime_operator.py for tasks to queue
[2021-12-16 11:23:51,389] {logging_mixin.py:109} INFO - [2021-12-16 11:23:51,388] {dagbag.py:500} INFO - Filling up the DagBag from /home/airflow/.local/lib/python3.7/site-packages/airflow/example_dags/example_branch_datetime_operator.py
[2021-12-16 11:23:51,419] {processor.py:637} INFO - DAG(s) dict_keys(['example_branch_datetime_operator_2']) retrieved from /home/airflow/.local/lib/python3.7/site-packages/airflow/example_dags/example_branch_datetime_operator.py
[2021-12-16 11:23:51,431] {logging_mixin.py:109} INFO - [2021-12-16 11:23:51,431] {dag.py:2396} INFO - Sync 1 DAGs
[2021-12-16 11:23:51,450] {logging_mixin.py:109} INFO - [2021-12-16 11:23:51,450] {dag.py:2928} INFO - Setting next_dagrun for example_branch_datetime_operator_2 to 2021-12-15 00:00:00+00:00
[2021-12-16 11:23:51,461] {processor.py:171} INFO - Processing /home/airflow/.local/lib/python3.7/site-packages/airflow/example_dags/example_branch_datetime_operator.py took 0.080 seconds
[2021-12-16 11:24:21,605] {processor.py:163} INFO - Started process (PID=1165) to work on /home/airflow/.local/lib/python3.7/site-packages/airflow/example_dags/example_branch_datetime_operator.py
[2021-12-16 11:24:21,607] {processor.py:625} INFO - Processing file /home/airflow/.local/lib/python3.7/site-packages/airflow/example_dags/example_branch_datetime_operator.py for tasks to queue
[2021-12-16 11:24:21,608] {logging_mixin.py:109} INFO - [2021-12-16 11:24:21,608] {dagbag.py:500} INFO - Filling up the DagBag from /home/airflow/.local/lib/python3.7/site-packages/airflow/example_dags/example_branch_datetime_operator.py
[2021-12-16 11:24:21,640] {processor.py:637} INFO - DAG(s) dict_keys(['example_branch_datetime_operator_2']) retrieved from /home/airflow/.local/lib/python3.7/site-packages/airflow/example_dags/example_branch_datetime_operator.py
[2021-12-16 11:24:21,652] {logging_mixin.py:109} INFO - [2021-12-16 11:24:21,651] {dag.py:2396} INFO - Sync 1 DAGs
[2021-12-16 11:24:21,671] {logging_mixin.py:109} INFO - [2021-12-16 11:24:21,671] {dag.py:2928} INFO - Setting next_dagrun for example_branch_datetime_operator_2 to 2021-12-15 00:00:00+00:00
[2021-12-16 11:24:21,683] {processor.py:171} INFO - Processing /home/airflow/.local/lib/python3.7/site-packages/airflow/example_dags/example_branch_datetime_operator.py took 0.082 seconds
[2021-12-16 11:24:52,113] {processor.py:163} INFO - Started process (PID=1225) to work on /home/airflow/.local/lib/python3.7/site-packages/airflow/example_dags/example_branch_datetime_operator.py
[2021-12-16 11:24:52,115] {processor.py:625} INFO - Processing file /home/airflow/.local/lib/python3.7/site-packages/airflow/example_dags/example_branch_datetime_operator.py for tasks to queue
[2021-12-16 11:24:52,117] {logging_mixin.py:109} INFO - [2021-12-16 11:24:52,116] {dagbag.py:500} INFO - Filling up the DagBag from /home/airflow/.local/lib/python3.7/site-packages/airflow/example_dags/example_branch_datetime_operator.py
[2021-12-16 11:24:52,143] {processor.py:637} INFO - DAG(s) dict_keys(['example_branch_datetime_operator_2']) retrieved from /home/airflow/.local/lib/python3.7/site-packages/airflow/example_dags/example_branch_datetime_operator.py
[2021-12-16 11:24:52,154] {logging_mixin.py:109} INFO - [2021-12-16 11:24:52,154] {dag.py:2396} INFO - Sync 1 DAGs
[2021-12-16 11:24:52,172] {logging_mixin.py:109} INFO - [2021-12-16 11:24:52,172] {dag.py:2928} INFO - Setting next_dagrun for example_branch_datetime_operator_2 to 2021-12-15 00:00:00+00:00
[2021-12-16 11:24:52,181] {processor.py:171} INFO - Processing /home/airflow/.local/lib/python3.7/site-packages/airflow/example_dags/example_branch_datetime_operator.py took 0.071 seconds
