[2021-12-16 11:17:54,446] {processor.py:163} INFO - Started process (PID=231) to work on /home/airflow/.local/lib/python3.7/site-packages/airflow/example_dags/tutorial_etl_dag.py
[2021-12-16 11:17:54,448] {processor.py:625} INFO - Processing file /home/airflow/.local/lib/python3.7/site-packages/airflow/example_dags/tutorial_etl_dag.py for tasks to queue
[2021-12-16 11:17:54,450] {logging_mixin.py:109} INFO - [2021-12-16 11:17:54,449] {dagbag.py:500} INFO - Filling up the DagBag from /home/airflow/.local/lib/python3.7/site-packages/airflow/example_dags/tutorial_etl_dag.py
[2021-12-16 11:17:54,479] {processor.py:637} INFO - DAG(s) dict_keys(['tutorial_etl_dag']) retrieved from /home/airflow/.local/lib/python3.7/site-packages/airflow/example_dags/tutorial_etl_dag.py
[2021-12-16 11:17:55,641] {logging_mixin.py:109} INFO - [2021-12-16 11:17:55,641] {providers_manager.py:156} WARNING - Exception when importing 'airflow.providers.google.leveldb.hooks.leveldb.LevelDBHook' from 'apache-airflow-providers-google' package: No module named 'plyvel'
[2021-12-16 11:17:56,004] {logging_mixin.py:109} INFO - [2021-12-16 11:17:56,004] {providers_manager.py:156} WARNING - Exception when importing 'airflow.providers.google.leveldb.hooks.leveldb.LevelDBHook' from 'apache-airflow-providers-google' package: No module named 'plyvel'
[2021-12-16 11:17:56,020] {logging_mixin.py:109} INFO - [2021-12-16 11:17:56,020] {manager.py:496} INFO - Created Permission View: can read on DAG:tutorial_etl_dag
[2021-12-16 11:17:56,026] {logging_mixin.py:109} INFO - [2021-12-16 11:17:56,026] {manager.py:496} INFO - Created Permission View: can edit on DAG:tutorial_etl_dag
[2021-12-16 11:17:56,027] {logging_mixin.py:109} INFO - [2021-12-16 11:17:56,027] {dag.py:2396} INFO - Sync 1 DAGs
[2021-12-16 11:17:56,035] {logging_mixin.py:109} INFO - [2021-12-16 11:17:56,035] {dag.py:2415} INFO - Creating ORM DAG for tutorial_etl_dag
[2021-12-16 11:17:56,041] {logging_mixin.py:109} INFO - [2021-12-16 11:17:56,041] {dag.py:2928} INFO - Setting next_dagrun for tutorial_etl_dag to None
[2021-12-16 11:17:56,052] {processor.py:171} INFO - Processing /home/airflow/.local/lib/python3.7/site-packages/airflow/example_dags/tutorial_etl_dag.py took 1.609 seconds
[2021-12-16 11:18:26,455] {processor.py:163} INFO - Started process (PID=399) to work on /home/airflow/.local/lib/python3.7/site-packages/airflow/example_dags/tutorial_etl_dag.py
[2021-12-16 11:18:26,460] {processor.py:625} INFO - Processing file /home/airflow/.local/lib/python3.7/site-packages/airflow/example_dags/tutorial_etl_dag.py for tasks to queue
[2021-12-16 11:18:26,462] {logging_mixin.py:109} INFO - [2021-12-16 11:18:26,461] {dagbag.py:500} INFO - Filling up the DagBag from /home/airflow/.local/lib/python3.7/site-packages/airflow/example_dags/tutorial_etl_dag.py
[2021-12-16 11:18:26,493] {processor.py:637} INFO - DAG(s) dict_keys(['tutorial_etl_dag']) retrieved from /home/airflow/.local/lib/python3.7/site-packages/airflow/example_dags/tutorial_etl_dag.py
[2021-12-16 11:18:26,504] {logging_mixin.py:109} INFO - [2021-12-16 11:18:26,504] {dag.py:2396} INFO - Sync 1 DAGs
[2021-12-16 11:18:26,523] {logging_mixin.py:109} INFO - [2021-12-16 11:18:26,522] {dag.py:2928} INFO - Setting next_dagrun for tutorial_etl_dag to None
[2021-12-16 11:18:26,533] {processor.py:171} INFO - Processing /home/airflow/.local/lib/python3.7/site-packages/airflow/example_dags/tutorial_etl_dag.py took 0.083 seconds
[2021-12-16 11:18:56,597] {processor.py:163} INFO - Started process (PID=460) to work on /home/airflow/.local/lib/python3.7/site-packages/airflow/example_dags/tutorial_etl_dag.py
[2021-12-16 11:18:56,599] {processor.py:625} INFO - Processing file /home/airflow/.local/lib/python3.7/site-packages/airflow/example_dags/tutorial_etl_dag.py for tasks to queue
[2021-12-16 11:18:56,600] {logging_mixin.py:109} INFO - [2021-12-16 11:18:56,600] {dagbag.py:500} INFO - Filling up the DagBag from /home/airflow/.local/lib/python3.7/site-packages/airflow/example_dags/tutorial_etl_dag.py
[2021-12-16 11:18:56,630] {processor.py:637} INFO - DAG(s) dict_keys(['tutorial_etl_dag']) retrieved from /home/airflow/.local/lib/python3.7/site-packages/airflow/example_dags/tutorial_etl_dag.py
[2021-12-16 11:18:56,642] {logging_mixin.py:109} INFO - [2021-12-16 11:18:56,642] {dag.py:2396} INFO - Sync 1 DAGs
[2021-12-16 11:18:56,658] {logging_mixin.py:109} INFO - [2021-12-16 11:18:56,658] {dag.py:2928} INFO - Setting next_dagrun for tutorial_etl_dag to None
[2021-12-16 11:18:56,667] {processor.py:171} INFO - Processing /home/airflow/.local/lib/python3.7/site-packages/airflow/example_dags/tutorial_etl_dag.py took 0.073 seconds
[2021-12-16 11:19:26,770] {processor.py:163} INFO - Started process (PID=529) to work on /home/airflow/.local/lib/python3.7/site-packages/airflow/example_dags/tutorial_etl_dag.py
[2021-12-16 11:19:26,772] {processor.py:625} INFO - Processing file /home/airflow/.local/lib/python3.7/site-packages/airflow/example_dags/tutorial_etl_dag.py for tasks to queue
[2021-12-16 11:19:26,773] {logging_mixin.py:109} INFO - [2021-12-16 11:19:26,773] {dagbag.py:500} INFO - Filling up the DagBag from /home/airflow/.local/lib/python3.7/site-packages/airflow/example_dags/tutorial_etl_dag.py
[2021-12-16 11:19:26,802] {processor.py:637} INFO - DAG(s) dict_keys(['tutorial_etl_dag']) retrieved from /home/airflow/.local/lib/python3.7/site-packages/airflow/example_dags/tutorial_etl_dag.py
[2021-12-16 11:19:26,812] {logging_mixin.py:109} INFO - [2021-12-16 11:19:26,812] {dag.py:2396} INFO - Sync 1 DAGs
[2021-12-16 11:19:26,826] {logging_mixin.py:109} INFO - [2021-12-16 11:19:26,825] {dag.py:2928} INFO - Setting next_dagrun for tutorial_etl_dag to None
[2021-12-16 11:19:26,834] {processor.py:171} INFO - Processing /home/airflow/.local/lib/python3.7/site-packages/airflow/example_dags/tutorial_etl_dag.py took 0.068 seconds
[2021-12-16 11:19:57,230] {processor.py:163} INFO - Started process (PID=598) to work on /home/airflow/.local/lib/python3.7/site-packages/airflow/example_dags/tutorial_etl_dag.py
[2021-12-16 11:19:57,233] {processor.py:625} INFO - Processing file /home/airflow/.local/lib/python3.7/site-packages/airflow/example_dags/tutorial_etl_dag.py for tasks to queue
[2021-12-16 11:19:57,235] {logging_mixin.py:109} INFO - [2021-12-16 11:19:57,234] {dagbag.py:500} INFO - Filling up the DagBag from /home/airflow/.local/lib/python3.7/site-packages/airflow/example_dags/tutorial_etl_dag.py
[2021-12-16 11:19:57,272] {processor.py:637} INFO - DAG(s) dict_keys(['tutorial_etl_dag']) retrieved from /home/airflow/.local/lib/python3.7/site-packages/airflow/example_dags/tutorial_etl_dag.py
[2021-12-16 11:19:57,283] {logging_mixin.py:109} INFO - [2021-12-16 11:19:57,283] {dag.py:2396} INFO - Sync 1 DAGs
[2021-12-16 11:19:57,311] {logging_mixin.py:109} INFO - [2021-12-16 11:19:57,311] {dag.py:2928} INFO - Setting next_dagrun for tutorial_etl_dag to None
[2021-12-16 11:19:57,322] {processor.py:171} INFO - Processing /home/airflow/.local/lib/python3.7/site-packages/airflow/example_dags/tutorial_etl_dag.py took 0.096 seconds
[2021-12-16 11:20:27,755] {processor.py:163} INFO - Started process (PID=658) to work on /home/airflow/.local/lib/python3.7/site-packages/airflow/example_dags/tutorial_etl_dag.py
[2021-12-16 11:20:27,756] {processor.py:625} INFO - Processing file /home/airflow/.local/lib/python3.7/site-packages/airflow/example_dags/tutorial_etl_dag.py for tasks to queue
[2021-12-16 11:20:27,757] {logging_mixin.py:109} INFO - [2021-12-16 11:20:27,757] {dagbag.py:500} INFO - Filling up the DagBag from /home/airflow/.local/lib/python3.7/site-packages/airflow/example_dags/tutorial_etl_dag.py
[2021-12-16 11:20:27,782] {processor.py:637} INFO - DAG(s) dict_keys(['tutorial_etl_dag']) retrieved from /home/airflow/.local/lib/python3.7/site-packages/airflow/example_dags/tutorial_etl_dag.py
[2021-12-16 11:20:27,790] {logging_mixin.py:109} INFO - [2021-12-16 11:20:27,790] {dag.py:2396} INFO - Sync 1 DAGs
[2021-12-16 11:20:27,803] {logging_mixin.py:109} INFO - [2021-12-16 11:20:27,803] {dag.py:2928} INFO - Setting next_dagrun for tutorial_etl_dag to None
[2021-12-16 11:20:27,814] {processor.py:171} INFO - Processing /home/airflow/.local/lib/python3.7/site-packages/airflow/example_dags/tutorial_etl_dag.py took 0.063 seconds
[2021-12-16 11:20:58,119] {processor.py:163} INFO - Started process (PID=727) to work on /home/airflow/.local/lib/python3.7/site-packages/airflow/example_dags/tutorial_etl_dag.py
[2021-12-16 11:20:58,121] {processor.py:625} INFO - Processing file /home/airflow/.local/lib/python3.7/site-packages/airflow/example_dags/tutorial_etl_dag.py for tasks to queue
[2021-12-16 11:20:58,122] {logging_mixin.py:109} INFO - [2021-12-16 11:20:58,122] {dagbag.py:500} INFO - Filling up the DagBag from /home/airflow/.local/lib/python3.7/site-packages/airflow/example_dags/tutorial_etl_dag.py
[2021-12-16 11:20:58,150] {processor.py:637} INFO - DAG(s) dict_keys(['tutorial_etl_dag']) retrieved from /home/airflow/.local/lib/python3.7/site-packages/airflow/example_dags/tutorial_etl_dag.py
[2021-12-16 11:20:58,159] {logging_mixin.py:109} INFO - [2021-12-16 11:20:58,159] {dag.py:2396} INFO - Sync 1 DAGs
[2021-12-16 11:20:58,177] {logging_mixin.py:109} INFO - [2021-12-16 11:20:58,177] {dag.py:2928} INFO - Setting next_dagrun for tutorial_etl_dag to None
[2021-12-16 11:20:58,184] {processor.py:171} INFO - Processing /home/airflow/.local/lib/python3.7/site-packages/airflow/example_dags/tutorial_etl_dag.py took 0.069 seconds
[2021-12-16 11:21:28,515] {processor.py:163} INFO - Started process (PID=787) to work on /home/airflow/.local/lib/python3.7/site-packages/airflow/example_dags/tutorial_etl_dag.py
[2021-12-16 11:21:28,518] {processor.py:625} INFO - Processing file /home/airflow/.local/lib/python3.7/site-packages/airflow/example_dags/tutorial_etl_dag.py for tasks to queue
[2021-12-16 11:21:28,519] {logging_mixin.py:109} INFO - [2021-12-16 11:21:28,519] {dagbag.py:500} INFO - Filling up the DagBag from /home/airflow/.local/lib/python3.7/site-packages/airflow/example_dags/tutorial_etl_dag.py
[2021-12-16 11:21:28,562] {processor.py:637} INFO - DAG(s) dict_keys(['tutorial_etl_dag']) retrieved from /home/airflow/.local/lib/python3.7/site-packages/airflow/example_dags/tutorial_etl_dag.py
[2021-12-16 11:21:28,573] {logging_mixin.py:109} INFO - [2021-12-16 11:21:28,573] {dag.py:2396} INFO - Sync 1 DAGs
[2021-12-16 11:21:28,651] {logging_mixin.py:109} INFO - [2021-12-16 11:21:28,651] {dag.py:2928} INFO - Setting next_dagrun for tutorial_etl_dag to None
[2021-12-16 11:21:28,663] {processor.py:171} INFO - Processing /home/airflow/.local/lib/python3.7/site-packages/airflow/example_dags/tutorial_etl_dag.py took 0.152 seconds
[2021-12-16 11:21:58,930] {processor.py:163} INFO - Started process (PID=856) to work on /home/airflow/.local/lib/python3.7/site-packages/airflow/example_dags/tutorial_etl_dag.py
[2021-12-16 11:21:58,932] {processor.py:625} INFO - Processing file /home/airflow/.local/lib/python3.7/site-packages/airflow/example_dags/tutorial_etl_dag.py for tasks to queue
[2021-12-16 11:21:58,933] {logging_mixin.py:109} INFO - [2021-12-16 11:21:58,933] {dagbag.py:500} INFO - Filling up the DagBag from /home/airflow/.local/lib/python3.7/site-packages/airflow/example_dags/tutorial_etl_dag.py
[2021-12-16 11:21:58,962] {processor.py:637} INFO - DAG(s) dict_keys(['tutorial_etl_dag']) retrieved from /home/airflow/.local/lib/python3.7/site-packages/airflow/example_dags/tutorial_etl_dag.py
[2021-12-16 11:21:58,976] {logging_mixin.py:109} INFO - [2021-12-16 11:21:58,976] {dag.py:2396} INFO - Sync 1 DAGs
[2021-12-16 11:21:58,992] {logging_mixin.py:109} INFO - [2021-12-16 11:21:58,992] {dag.py:2928} INFO - Setting next_dagrun for tutorial_etl_dag to None
[2021-12-16 11:21:59,002] {processor.py:171} INFO - Processing /home/airflow/.local/lib/python3.7/site-packages/airflow/example_dags/tutorial_etl_dag.py took 0.076 seconds
[2021-12-16 11:22:29,297] {processor.py:163} INFO - Started process (PID=918) to work on /home/airflow/.local/lib/python3.7/site-packages/airflow/example_dags/tutorial_etl_dag.py
[2021-12-16 11:22:29,299] {processor.py:625} INFO - Processing file /home/airflow/.local/lib/python3.7/site-packages/airflow/example_dags/tutorial_etl_dag.py for tasks to queue
[2021-12-16 11:22:29,301] {logging_mixin.py:109} INFO - [2021-12-16 11:22:29,301] {dagbag.py:500} INFO - Filling up the DagBag from /home/airflow/.local/lib/python3.7/site-packages/airflow/example_dags/tutorial_etl_dag.py
[2021-12-16 11:22:29,329] {processor.py:637} INFO - DAG(s) dict_keys(['tutorial_etl_dag']) retrieved from /home/airflow/.local/lib/python3.7/site-packages/airflow/example_dags/tutorial_etl_dag.py
[2021-12-16 11:22:29,340] {logging_mixin.py:109} INFO - [2021-12-16 11:22:29,340] {dag.py:2396} INFO - Sync 1 DAGs
[2021-12-16 11:22:29,357] {logging_mixin.py:109} INFO - [2021-12-16 11:22:29,357] {dag.py:2928} INFO - Setting next_dagrun for tutorial_etl_dag to None
[2021-12-16 11:22:29,367] {processor.py:171} INFO - Processing /home/airflow/.local/lib/python3.7/site-packages/airflow/example_dags/tutorial_etl_dag.py took 0.073 seconds
[2021-12-16 11:22:59,675] {processor.py:163} INFO - Started process (PID=987) to work on /home/airflow/.local/lib/python3.7/site-packages/airflow/example_dags/tutorial_etl_dag.py
[2021-12-16 11:22:59,677] {processor.py:625} INFO - Processing file /home/airflow/.local/lib/python3.7/site-packages/airflow/example_dags/tutorial_etl_dag.py for tasks to queue
[2021-12-16 11:22:59,678] {logging_mixin.py:109} INFO - [2021-12-16 11:22:59,678] {dagbag.py:500} INFO - Filling up the DagBag from /home/airflow/.local/lib/python3.7/site-packages/airflow/example_dags/tutorial_etl_dag.py
[2021-12-16 11:22:59,709] {processor.py:637} INFO - DAG(s) dict_keys(['tutorial_etl_dag']) retrieved from /home/airflow/.local/lib/python3.7/site-packages/airflow/example_dags/tutorial_etl_dag.py
[2021-12-16 11:22:59,721] {logging_mixin.py:109} INFO - [2021-12-16 11:22:59,721] {dag.py:2396} INFO - Sync 1 DAGs
[2021-12-16 11:22:59,741] {logging_mixin.py:109} INFO - [2021-12-16 11:22:59,740] {dag.py:2928} INFO - Setting next_dagrun for tutorial_etl_dag to None
[2021-12-16 11:22:59,752] {processor.py:171} INFO - Processing /home/airflow/.local/lib/python3.7/site-packages/airflow/example_dags/tutorial_etl_dag.py took 0.081 seconds
[2021-12-16 11:23:30,748] {processor.py:163} INFO - Started process (PID=1047) to work on /home/airflow/.local/lib/python3.7/site-packages/airflow/example_dags/tutorial_etl_dag.py
[2021-12-16 11:23:30,750] {processor.py:625} INFO - Processing file /home/airflow/.local/lib/python3.7/site-packages/airflow/example_dags/tutorial_etl_dag.py for tasks to queue
[2021-12-16 11:23:30,751] {logging_mixin.py:109} INFO - [2021-12-16 11:23:30,751] {dagbag.py:500} INFO - Filling up the DagBag from /home/airflow/.local/lib/python3.7/site-packages/airflow/example_dags/tutorial_etl_dag.py
[2021-12-16 11:23:30,783] {processor.py:637} INFO - DAG(s) dict_keys(['tutorial_etl_dag']) retrieved from /home/airflow/.local/lib/python3.7/site-packages/airflow/example_dags/tutorial_etl_dag.py
[2021-12-16 11:23:30,795] {logging_mixin.py:109} INFO - [2021-12-16 11:23:30,795] {dag.py:2396} INFO - Sync 1 DAGs
[2021-12-16 11:23:30,812] {logging_mixin.py:109} INFO - [2021-12-16 11:23:30,812] {dag.py:2928} INFO - Setting next_dagrun for tutorial_etl_dag to None
[2021-12-16 11:23:30,823] {processor.py:171} INFO - Processing /home/airflow/.local/lib/python3.7/site-packages/airflow/example_dags/tutorial_etl_dag.py took 0.079 seconds
[2021-12-16 11:24:01,471] {processor.py:163} INFO - Started process (PID=1116) to work on /home/airflow/.local/lib/python3.7/site-packages/airflow/example_dags/tutorial_etl_dag.py
[2021-12-16 11:24:01,473] {processor.py:625} INFO - Processing file /home/airflow/.local/lib/python3.7/site-packages/airflow/example_dags/tutorial_etl_dag.py for tasks to queue
[2021-12-16 11:24:01,474] {logging_mixin.py:109} INFO - [2021-12-16 11:24:01,474] {dagbag.py:500} INFO - Filling up the DagBag from /home/airflow/.local/lib/python3.7/site-packages/airflow/example_dags/tutorial_etl_dag.py
[2021-12-16 11:24:01,504] {processor.py:637} INFO - DAG(s) dict_keys(['tutorial_etl_dag']) retrieved from /home/airflow/.local/lib/python3.7/site-packages/airflow/example_dags/tutorial_etl_dag.py
[2021-12-16 11:24:01,514] {logging_mixin.py:109} INFO - [2021-12-16 11:24:01,514] {dag.py:2396} INFO - Sync 1 DAGs
[2021-12-16 11:24:01,531] {logging_mixin.py:109} INFO - [2021-12-16 11:24:01,531] {dag.py:2928} INFO - Setting next_dagrun for tutorial_etl_dag to None
[2021-12-16 11:24:01,542] {processor.py:171} INFO - Processing /home/airflow/.local/lib/python3.7/site-packages/airflow/example_dags/tutorial_etl_dag.py took 0.075 seconds
[2021-12-16 11:24:32,362] {processor.py:163} INFO - Started process (PID=1186) to work on /home/airflow/.local/lib/python3.7/site-packages/airflow/example_dags/tutorial_etl_dag.py
[2021-12-16 11:24:32,363] {processor.py:625} INFO - Processing file /home/airflow/.local/lib/python3.7/site-packages/airflow/example_dags/tutorial_etl_dag.py for tasks to queue
[2021-12-16 11:24:32,365] {logging_mixin.py:109} INFO - [2021-12-16 11:24:32,364] {dagbag.py:500} INFO - Filling up the DagBag from /home/airflow/.local/lib/python3.7/site-packages/airflow/example_dags/tutorial_etl_dag.py
[2021-12-16 11:24:32,394] {processor.py:637} INFO - DAG(s) dict_keys(['tutorial_etl_dag']) retrieved from /home/airflow/.local/lib/python3.7/site-packages/airflow/example_dags/tutorial_etl_dag.py
[2021-12-16 11:24:32,404] {logging_mixin.py:109} INFO - [2021-12-16 11:24:32,404] {dag.py:2396} INFO - Sync 1 DAGs
[2021-12-16 11:24:32,420] {logging_mixin.py:109} INFO - [2021-12-16 11:24:32,420] {dag.py:2928} INFO - Setting next_dagrun for tutorial_etl_dag to None
[2021-12-16 11:24:32,429] {processor.py:171} INFO - Processing /home/airflow/.local/lib/python3.7/site-packages/airflow/example_dags/tutorial_etl_dag.py took 0.071 seconds
[2021-12-16 11:25:02,794] {processor.py:163} INFO - Started process (PID=1245) to work on /home/airflow/.local/lib/python3.7/site-packages/airflow/example_dags/tutorial_etl_dag.py
[2021-12-16 11:25:02,796] {processor.py:625} INFO - Processing file /home/airflow/.local/lib/python3.7/site-packages/airflow/example_dags/tutorial_etl_dag.py for tasks to queue
[2021-12-16 11:25:02,797] {logging_mixin.py:109} INFO - [2021-12-16 11:25:02,797] {dagbag.py:500} INFO - Filling up the DagBag from /home/airflow/.local/lib/python3.7/site-packages/airflow/example_dags/tutorial_etl_dag.py
[2021-12-16 11:25:02,827] {processor.py:637} INFO - DAG(s) dict_keys(['tutorial_etl_dag']) retrieved from /home/airflow/.local/lib/python3.7/site-packages/airflow/example_dags/tutorial_etl_dag.py
[2021-12-16 11:25:02,838] {logging_mixin.py:109} INFO - [2021-12-16 11:25:02,837] {dag.py:2396} INFO - Sync 1 DAGs
[2021-12-16 11:25:02,856] {logging_mixin.py:109} INFO - [2021-12-16 11:25:02,856] {dag.py:2928} INFO - Setting next_dagrun for tutorial_etl_dag to None
[2021-12-16 11:25:02,866] {processor.py:171} INFO - Processing /home/airflow/.local/lib/python3.7/site-packages/airflow/example_dags/tutorial_etl_dag.py took 0.076 seconds
