[2021-12-16 11:17:53,565] {processor.py:163} INFO - Started process (PID=221) to work on /home/airflow/.local/lib/python3.7/site-packages/airflow/example_dags/tutorial_taskflow_api_etl.py
[2021-12-16 11:17:53,567] {processor.py:625} INFO - Processing file /home/airflow/.local/lib/python3.7/site-packages/airflow/example_dags/tutorial_taskflow_api_etl.py for tasks to queue
[2021-12-16 11:17:53,569] {logging_mixin.py:109} INFO - [2021-12-16 11:17:53,568] {dagbag.py:500} INFO - Filling up the DagBag from /home/airflow/.local/lib/python3.7/site-packages/airflow/example_dags/tutorial_taskflow_api_etl.py
[2021-12-16 11:17:53,604] {processor.py:637} INFO - DAG(s) dict_keys(['tutorial_taskflow_api_etl']) retrieved from /home/airflow/.local/lib/python3.7/site-packages/airflow/example_dags/tutorial_taskflow_api_etl.py
[2021-12-16 11:17:54,663] {logging_mixin.py:109} INFO - [2021-12-16 11:17:54,663] {providers_manager.py:156} WARNING - Exception when importing 'airflow.providers.google.leveldb.hooks.leveldb.LevelDBHook' from 'apache-airflow-providers-google' package: No module named 'plyvel'
[2021-12-16 11:17:55,050] {logging_mixin.py:109} INFO - [2021-12-16 11:17:55,050] {providers_manager.py:156} WARNING - Exception when importing 'airflow.providers.google.leveldb.hooks.leveldb.LevelDBHook' from 'apache-airflow-providers-google' package: No module named 'plyvel'
[2021-12-16 11:17:55,071] {logging_mixin.py:109} INFO - [2021-12-16 11:17:55,071] {manager.py:496} INFO - Created Permission View: can read on DAG:tutorial_taskflow_api_etl
[2021-12-16 11:17:55,080] {logging_mixin.py:109} INFO - [2021-12-16 11:17:55,080] {manager.py:496} INFO - Created Permission View: can edit on DAG:tutorial_taskflow_api_etl
[2021-12-16 11:17:55,081] {logging_mixin.py:109} INFO - [2021-12-16 11:17:55,081] {dag.py:2396} INFO - Sync 1 DAGs
[2021-12-16 11:17:55,088] {logging_mixin.py:109} INFO - [2021-12-16 11:17:55,088] {dag.py:2415} INFO - Creating ORM DAG for tutorial_taskflow_api_etl
[2021-12-16 11:17:55,097] {logging_mixin.py:109} INFO - [2021-12-16 11:17:55,097] {dag.py:2928} INFO - Setting next_dagrun for tutorial_taskflow_api_etl to None
[2021-12-16 11:17:55,109] {processor.py:171} INFO - Processing /home/airflow/.local/lib/python3.7/site-packages/airflow/example_dags/tutorial_taskflow_api_etl.py took 1.569 seconds
[2021-12-16 11:18:25,162] {processor.py:163} INFO - Started process (PID=398) to work on /home/airflow/.local/lib/python3.7/site-packages/airflow/example_dags/tutorial_taskflow_api_etl.py
[2021-12-16 11:18:25,164] {processor.py:625} INFO - Processing file /home/airflow/.local/lib/python3.7/site-packages/airflow/example_dags/tutorial_taskflow_api_etl.py for tasks to queue
[2021-12-16 11:18:25,165] {logging_mixin.py:109} INFO - [2021-12-16 11:18:25,165] {dagbag.py:500} INFO - Filling up the DagBag from /home/airflow/.local/lib/python3.7/site-packages/airflow/example_dags/tutorial_taskflow_api_etl.py
[2021-12-16 11:18:25,200] {processor.py:637} INFO - DAG(s) dict_keys(['tutorial_taskflow_api_etl']) retrieved from /home/airflow/.local/lib/python3.7/site-packages/airflow/example_dags/tutorial_taskflow_api_etl.py
[2021-12-16 11:18:25,473] {logging_mixin.py:109} INFO - [2021-12-16 11:18:25,473] {dag.py:2396} INFO - Sync 1 DAGs
[2021-12-16 11:18:25,485] {logging_mixin.py:109} INFO - [2021-12-16 11:18:25,485] {dag.py:2928} INFO - Setting next_dagrun for tutorial_taskflow_api_etl to None
[2021-12-16 11:18:25,494] {processor.py:171} INFO - Processing /home/airflow/.local/lib/python3.7/site-packages/airflow/example_dags/tutorial_taskflow_api_etl.py took 0.335 seconds
[2021-12-16 11:18:55,579] {processor.py:163} INFO - Started process (PID=459) to work on /home/airflow/.local/lib/python3.7/site-packages/airflow/example_dags/tutorial_taskflow_api_etl.py
[2021-12-16 11:18:55,580] {processor.py:625} INFO - Processing file /home/airflow/.local/lib/python3.7/site-packages/airflow/example_dags/tutorial_taskflow_api_etl.py for tasks to queue
[2021-12-16 11:18:55,581] {logging_mixin.py:109} INFO - [2021-12-16 11:18:55,581] {dagbag.py:500} INFO - Filling up the DagBag from /home/airflow/.local/lib/python3.7/site-packages/airflow/example_dags/tutorial_taskflow_api_etl.py
[2021-12-16 11:18:55,616] {processor.py:637} INFO - DAG(s) dict_keys(['tutorial_taskflow_api_etl']) retrieved from /home/airflow/.local/lib/python3.7/site-packages/airflow/example_dags/tutorial_taskflow_api_etl.py
[2021-12-16 11:18:55,896] {logging_mixin.py:109} INFO - [2021-12-16 11:18:55,896] {dag.py:2396} INFO - Sync 1 DAGs
[2021-12-16 11:18:55,911] {logging_mixin.py:109} INFO - [2021-12-16 11:18:55,911] {dag.py:2928} INFO - Setting next_dagrun for tutorial_taskflow_api_etl to None
[2021-12-16 11:18:55,923] {processor.py:171} INFO - Processing /home/airflow/.local/lib/python3.7/site-packages/airflow/example_dags/tutorial_taskflow_api_etl.py took 0.349 seconds
[2021-12-16 11:19:26,437] {processor.py:163} INFO - Started process (PID=528) to work on /home/airflow/.local/lib/python3.7/site-packages/airflow/example_dags/tutorial_taskflow_api_etl.py
[2021-12-16 11:19:26,438] {processor.py:625} INFO - Processing file /home/airflow/.local/lib/python3.7/site-packages/airflow/example_dags/tutorial_taskflow_api_etl.py for tasks to queue
[2021-12-16 11:19:26,439] {logging_mixin.py:109} INFO - [2021-12-16 11:19:26,439] {dagbag.py:500} INFO - Filling up the DagBag from /home/airflow/.local/lib/python3.7/site-packages/airflow/example_dags/tutorial_taskflow_api_etl.py
[2021-12-16 11:19:26,471] {processor.py:637} INFO - DAG(s) dict_keys(['tutorial_taskflow_api_etl']) retrieved from /home/airflow/.local/lib/python3.7/site-packages/airflow/example_dags/tutorial_taskflow_api_etl.py
[2021-12-16 11:19:26,728] {logging_mixin.py:109} INFO - [2021-12-16 11:19:26,728] {dag.py:2396} INFO - Sync 1 DAGs
[2021-12-16 11:19:26,740] {logging_mixin.py:109} INFO - [2021-12-16 11:19:26,740] {dag.py:2928} INFO - Setting next_dagrun for tutorial_taskflow_api_etl to None
[2021-12-16 11:19:26,749] {processor.py:171} INFO - Processing /home/airflow/.local/lib/python3.7/site-packages/airflow/example_dags/tutorial_taskflow_api_etl.py took 0.316 seconds
[2021-12-16 11:19:56,870] {processor.py:163} INFO - Started process (PID=597) to work on /home/airflow/.local/lib/python3.7/site-packages/airflow/example_dags/tutorial_taskflow_api_etl.py
[2021-12-16 11:19:56,871] {processor.py:625} INFO - Processing file /home/airflow/.local/lib/python3.7/site-packages/airflow/example_dags/tutorial_taskflow_api_etl.py for tasks to queue
[2021-12-16 11:19:56,872] {logging_mixin.py:109} INFO - [2021-12-16 11:19:56,872] {dagbag.py:500} INFO - Filling up the DagBag from /home/airflow/.local/lib/python3.7/site-packages/airflow/example_dags/tutorial_taskflow_api_etl.py
[2021-12-16 11:19:56,904] {processor.py:637} INFO - DAG(s) dict_keys(['tutorial_taskflow_api_etl']) retrieved from /home/airflow/.local/lib/python3.7/site-packages/airflow/example_dags/tutorial_taskflow_api_etl.py
[2021-12-16 11:19:57,170] {logging_mixin.py:109} INFO - [2021-12-16 11:19:57,170] {dag.py:2396} INFO - Sync 1 DAGs
[2021-12-16 11:19:57,185] {logging_mixin.py:109} INFO - [2021-12-16 11:19:57,185] {dag.py:2928} INFO - Setting next_dagrun for tutorial_taskflow_api_etl to None
[2021-12-16 11:19:57,195] {processor.py:171} INFO - Processing /home/airflow/.local/lib/python3.7/site-packages/airflow/example_dags/tutorial_taskflow_api_etl.py took 0.328 seconds
[2021-12-16 11:20:27,425] {processor.py:163} INFO - Started process (PID=657) to work on /home/airflow/.local/lib/python3.7/site-packages/airflow/example_dags/tutorial_taskflow_api_etl.py
[2021-12-16 11:20:27,427] {processor.py:625} INFO - Processing file /home/airflow/.local/lib/python3.7/site-packages/airflow/example_dags/tutorial_taskflow_api_etl.py for tasks to queue
[2021-12-16 11:20:27,428] {logging_mixin.py:109} INFO - [2021-12-16 11:20:27,428] {dagbag.py:500} INFO - Filling up the DagBag from /home/airflow/.local/lib/python3.7/site-packages/airflow/example_dags/tutorial_taskflow_api_etl.py
[2021-12-16 11:20:27,459] {processor.py:637} INFO - DAG(s) dict_keys(['tutorial_taskflow_api_etl']) retrieved from /home/airflow/.local/lib/python3.7/site-packages/airflow/example_dags/tutorial_taskflow_api_etl.py
[2021-12-16 11:20:27,702] {logging_mixin.py:109} INFO - [2021-12-16 11:20:27,702] {dag.py:2396} INFO - Sync 1 DAGs
[2021-12-16 11:20:27,716] {logging_mixin.py:109} INFO - [2021-12-16 11:20:27,716] {dag.py:2928} INFO - Setting next_dagrun for tutorial_taskflow_api_etl to None
[2021-12-16 11:20:27,727] {processor.py:171} INFO - Processing /home/airflow/.local/lib/python3.7/site-packages/airflow/example_dags/tutorial_taskflow_api_etl.py took 0.304 seconds
[2021-12-16 11:20:57,772] {processor.py:163} INFO - Started process (PID=726) to work on /home/airflow/.local/lib/python3.7/site-packages/airflow/example_dags/tutorial_taskflow_api_etl.py
[2021-12-16 11:20:57,773] {processor.py:625} INFO - Processing file /home/airflow/.local/lib/python3.7/site-packages/airflow/example_dags/tutorial_taskflow_api_etl.py for tasks to queue
[2021-12-16 11:20:57,774] {logging_mixin.py:109} INFO - [2021-12-16 11:20:57,774] {dagbag.py:500} INFO - Filling up the DagBag from /home/airflow/.local/lib/python3.7/site-packages/airflow/example_dags/tutorial_taskflow_api_etl.py
[2021-12-16 11:20:57,802] {processor.py:637} INFO - DAG(s) dict_keys(['tutorial_taskflow_api_etl']) retrieved from /home/airflow/.local/lib/python3.7/site-packages/airflow/example_dags/tutorial_taskflow_api_etl.py
[2021-12-16 11:20:58,061] {logging_mixin.py:109} INFO - [2021-12-16 11:20:58,061] {dag.py:2396} INFO - Sync 1 DAGs
[2021-12-16 11:20:58,075] {logging_mixin.py:109} INFO - [2021-12-16 11:20:58,075] {dag.py:2928} INFO - Setting next_dagrun for tutorial_taskflow_api_etl to None
[2021-12-16 11:20:58,086] {processor.py:171} INFO - Processing /home/airflow/.local/lib/python3.7/site-packages/airflow/example_dags/tutorial_taskflow_api_etl.py took 0.317 seconds
[2021-12-16 11:21:28,164] {processor.py:163} INFO - Started process (PID=786) to work on /home/airflow/.local/lib/python3.7/site-packages/airflow/example_dags/tutorial_taskflow_api_etl.py
[2021-12-16 11:21:28,166] {processor.py:625} INFO - Processing file /home/airflow/.local/lib/python3.7/site-packages/airflow/example_dags/tutorial_taskflow_api_etl.py for tasks to queue
[2021-12-16 11:21:28,167] {logging_mixin.py:109} INFO - [2021-12-16 11:21:28,167] {dagbag.py:500} INFO - Filling up the DagBag from /home/airflow/.local/lib/python3.7/site-packages/airflow/example_dags/tutorial_taskflow_api_etl.py
[2021-12-16 11:21:28,199] {processor.py:637} INFO - DAG(s) dict_keys(['tutorial_taskflow_api_etl']) retrieved from /home/airflow/.local/lib/python3.7/site-packages/airflow/example_dags/tutorial_taskflow_api_etl.py
[2021-12-16 11:21:28,459] {logging_mixin.py:109} INFO - [2021-12-16 11:21:28,459] {dag.py:2396} INFO - Sync 1 DAGs
[2021-12-16 11:21:28,472] {logging_mixin.py:109} INFO - [2021-12-16 11:21:28,472] {dag.py:2928} INFO - Setting next_dagrun for tutorial_taskflow_api_etl to None
[2021-12-16 11:21:28,482] {processor.py:171} INFO - Processing /home/airflow/.local/lib/python3.7/site-packages/airflow/example_dags/tutorial_taskflow_api_etl.py took 0.323 seconds
[2021-12-16 11:21:58,601] {processor.py:163} INFO - Started process (PID=855) to work on /home/airflow/.local/lib/python3.7/site-packages/airflow/example_dags/tutorial_taskflow_api_etl.py
[2021-12-16 11:21:58,603] {processor.py:625} INFO - Processing file /home/airflow/.local/lib/python3.7/site-packages/airflow/example_dags/tutorial_taskflow_api_etl.py for tasks to queue
[2021-12-16 11:21:58,604] {logging_mixin.py:109} INFO - [2021-12-16 11:21:58,604] {dagbag.py:500} INFO - Filling up the DagBag from /home/airflow/.local/lib/python3.7/site-packages/airflow/example_dags/tutorial_taskflow_api_etl.py
[2021-12-16 11:21:58,637] {processor.py:637} INFO - DAG(s) dict_keys(['tutorial_taskflow_api_etl']) retrieved from /home/airflow/.local/lib/python3.7/site-packages/airflow/example_dags/tutorial_taskflow_api_etl.py
[2021-12-16 11:21:58,882] {logging_mixin.py:109} INFO - [2021-12-16 11:21:58,882] {dag.py:2396} INFO - Sync 1 DAGs
[2021-12-16 11:21:58,894] {logging_mixin.py:109} INFO - [2021-12-16 11:21:58,894] {dag.py:2928} INFO - Setting next_dagrun for tutorial_taskflow_api_etl to None
[2021-12-16 11:21:58,903] {processor.py:171} INFO - Processing /home/airflow/.local/lib/python3.7/site-packages/airflow/example_dags/tutorial_taskflow_api_etl.py took 0.305 seconds
[2021-12-16 11:22:28,959] {processor.py:163} INFO - Started process (PID=917) to work on /home/airflow/.local/lib/python3.7/site-packages/airflow/example_dags/tutorial_taskflow_api_etl.py
[2021-12-16 11:22:28,961] {processor.py:625} INFO - Processing file /home/airflow/.local/lib/python3.7/site-packages/airflow/example_dags/tutorial_taskflow_api_etl.py for tasks to queue
[2021-12-16 11:22:28,962] {logging_mixin.py:109} INFO - [2021-12-16 11:22:28,962] {dagbag.py:500} INFO - Filling up the DagBag from /home/airflow/.local/lib/python3.7/site-packages/airflow/example_dags/tutorial_taskflow_api_etl.py
[2021-12-16 11:22:28,996] {processor.py:637} INFO - DAG(s) dict_keys(['tutorial_taskflow_api_etl']) retrieved from /home/airflow/.local/lib/python3.7/site-packages/airflow/example_dags/tutorial_taskflow_api_etl.py
[2021-12-16 11:22:29,249] {logging_mixin.py:109} INFO - [2021-12-16 11:22:29,249] {dag.py:2396} INFO - Sync 1 DAGs
[2021-12-16 11:22:29,260] {logging_mixin.py:109} INFO - [2021-12-16 11:22:29,260] {dag.py:2928} INFO - Setting next_dagrun for tutorial_taskflow_api_etl to None
[2021-12-16 11:22:29,269] {processor.py:171} INFO - Processing /home/airflow/.local/lib/python3.7/site-packages/airflow/example_dags/tutorial_taskflow_api_etl.py took 0.313 seconds
[2021-12-16 11:22:59,343] {processor.py:163} INFO - Started process (PID=986) to work on /home/airflow/.local/lib/python3.7/site-packages/airflow/example_dags/tutorial_taskflow_api_etl.py
[2021-12-16 11:22:59,344] {processor.py:625} INFO - Processing file /home/airflow/.local/lib/python3.7/site-packages/airflow/example_dags/tutorial_taskflow_api_etl.py for tasks to queue
[2021-12-16 11:22:59,345] {logging_mixin.py:109} INFO - [2021-12-16 11:22:59,345] {dagbag.py:500} INFO - Filling up the DagBag from /home/airflow/.local/lib/python3.7/site-packages/airflow/example_dags/tutorial_taskflow_api_etl.py
[2021-12-16 11:22:59,372] {processor.py:637} INFO - DAG(s) dict_keys(['tutorial_taskflow_api_etl']) retrieved from /home/airflow/.local/lib/python3.7/site-packages/airflow/example_dags/tutorial_taskflow_api_etl.py
[2021-12-16 11:22:59,627] {logging_mixin.py:109} INFO - [2021-12-16 11:22:59,627] {dag.py:2396} INFO - Sync 1 DAGs
[2021-12-16 11:22:59,638] {logging_mixin.py:109} INFO - [2021-12-16 11:22:59,638] {dag.py:2928} INFO - Setting next_dagrun for tutorial_taskflow_api_etl to None
[2021-12-16 11:22:59,647] {processor.py:171} INFO - Processing /home/airflow/.local/lib/python3.7/site-packages/airflow/example_dags/tutorial_taskflow_api_etl.py took 0.307 seconds
[2021-12-16 11:23:30,645] {processor.py:163} INFO - Started process (PID=1046) to work on /home/airflow/.local/lib/python3.7/site-packages/airflow/example_dags/tutorial_taskflow_api_etl.py
[2021-12-16 11:23:30,648] {processor.py:625} INFO - Processing file /home/airflow/.local/lib/python3.7/site-packages/airflow/example_dags/tutorial_taskflow_api_etl.py for tasks to queue
[2021-12-16 11:23:30,649] {logging_mixin.py:109} INFO - [2021-12-16 11:23:30,649] {dagbag.py:500} INFO - Filling up the DagBag from /home/airflow/.local/lib/python3.7/site-packages/airflow/example_dags/tutorial_taskflow_api_etl.py
[2021-12-16 11:23:30,684] {processor.py:637} INFO - DAG(s) dict_keys(['tutorial_taskflow_api_etl']) retrieved from /home/airflow/.local/lib/python3.7/site-packages/airflow/example_dags/tutorial_taskflow_api_etl.py
[2021-12-16 11:23:30,697] {logging_mixin.py:109} INFO - [2021-12-16 11:23:30,696] {dag.py:2396} INFO - Sync 1 DAGs
[2021-12-16 11:23:30,714] {logging_mixin.py:109} INFO - [2021-12-16 11:23:30,714] {dag.py:2928} INFO - Setting next_dagrun for tutorial_taskflow_api_etl to None
[2021-12-16 11:23:30,725] {processor.py:171} INFO - Processing /home/airflow/.local/lib/python3.7/site-packages/airflow/example_dags/tutorial_taskflow_api_etl.py took 0.084 seconds
[2021-12-16 11:24:01,147] {processor.py:163} INFO - Started process (PID=1115) to work on /home/airflow/.local/lib/python3.7/site-packages/airflow/example_dags/tutorial_taskflow_api_etl.py
[2021-12-16 11:24:01,149] {processor.py:625} INFO - Processing file /home/airflow/.local/lib/python3.7/site-packages/airflow/example_dags/tutorial_taskflow_api_etl.py for tasks to queue
[2021-12-16 11:24:01,150] {logging_mixin.py:109} INFO - [2021-12-16 11:24:01,150] {dagbag.py:500} INFO - Filling up the DagBag from /home/airflow/.local/lib/python3.7/site-packages/airflow/example_dags/tutorial_taskflow_api_etl.py
[2021-12-16 11:24:01,179] {processor.py:637} INFO - DAG(s) dict_keys(['tutorial_taskflow_api_etl']) retrieved from /home/airflow/.local/lib/python3.7/site-packages/airflow/example_dags/tutorial_taskflow_api_etl.py
[2021-12-16 11:24:01,426] {logging_mixin.py:109} INFO - [2021-12-16 11:24:01,426] {dag.py:2396} INFO - Sync 1 DAGs
[2021-12-16 11:24:01,437] {logging_mixin.py:109} INFO - [2021-12-16 11:24:01,437] {dag.py:2928} INFO - Setting next_dagrun for tutorial_taskflow_api_etl to None
[2021-12-16 11:24:01,446] {processor.py:171} INFO - Processing /home/airflow/.local/lib/python3.7/site-packages/airflow/example_dags/tutorial_taskflow_api_etl.py took 0.302 seconds
[2021-12-16 11:24:32,354] {processor.py:163} INFO - Started process (PID=1185) to work on /home/airflow/.local/lib/python3.7/site-packages/airflow/example_dags/tutorial_taskflow_api_etl.py
[2021-12-16 11:24:32,356] {processor.py:625} INFO - Processing file /home/airflow/.local/lib/python3.7/site-packages/airflow/example_dags/tutorial_taskflow_api_etl.py for tasks to queue
[2021-12-16 11:24:32,357] {logging_mixin.py:109} INFO - [2021-12-16 11:24:32,357] {dagbag.py:500} INFO - Filling up the DagBag from /home/airflow/.local/lib/python3.7/site-packages/airflow/example_dags/tutorial_taskflow_api_etl.py
[2021-12-16 11:24:32,391] {processor.py:637} INFO - DAG(s) dict_keys(['tutorial_taskflow_api_etl']) retrieved from /home/airflow/.local/lib/python3.7/site-packages/airflow/example_dags/tutorial_taskflow_api_etl.py
[2021-12-16 11:24:32,626] {logging_mixin.py:109} INFO - [2021-12-16 11:24:32,626] {dag.py:2396} INFO - Sync 1 DAGs
[2021-12-16 11:24:32,638] {logging_mixin.py:109} INFO - [2021-12-16 11:24:32,638] {dag.py:2928} INFO - Setting next_dagrun for tutorial_taskflow_api_etl to None
[2021-12-16 11:24:32,647] {processor.py:171} INFO - Processing /home/airflow/.local/lib/python3.7/site-packages/airflow/example_dags/tutorial_taskflow_api_etl.py took 0.296 seconds
[2021-12-16 11:25:02,804] {processor.py:163} INFO - Started process (PID=1246) to work on /home/airflow/.local/lib/python3.7/site-packages/airflow/example_dags/tutorial_taskflow_api_etl.py
[2021-12-16 11:25:02,806] {processor.py:625} INFO - Processing file /home/airflow/.local/lib/python3.7/site-packages/airflow/example_dags/tutorial_taskflow_api_etl.py for tasks to queue
[2021-12-16 11:25:02,807] {logging_mixin.py:109} INFO - [2021-12-16 11:25:02,807] {dagbag.py:500} INFO - Filling up the DagBag from /home/airflow/.local/lib/python3.7/site-packages/airflow/example_dags/tutorial_taskflow_api_etl.py
[2021-12-16 11:25:02,841] {processor.py:637} INFO - DAG(s) dict_keys(['tutorial_taskflow_api_etl']) retrieved from /home/airflow/.local/lib/python3.7/site-packages/airflow/example_dags/tutorial_taskflow_api_etl.py
[2021-12-16 11:25:03,109] {logging_mixin.py:109} INFO - [2021-12-16 11:25:03,108] {dag.py:2396} INFO - Sync 1 DAGs
[2021-12-16 11:25:03,120] {logging_mixin.py:109} INFO - [2021-12-16 11:25:03,120] {dag.py:2928} INFO - Setting next_dagrun for tutorial_taskflow_api_etl to None
[2021-12-16 11:25:03,129] {processor.py:171} INFO - Processing /home/airflow/.local/lib/python3.7/site-packages/airflow/example_dags/tutorial_taskflow_api_etl.py took 0.328 seconds
