[2021-12-16 11:17:51,298] {processor.py:163} INFO - Started process (PID=195) to work on /home/airflow/.local/lib/python3.7/site-packages/airflow/example_dags/tutorial_taskflow_api_etl_virtualenv.py
[2021-12-16 11:17:51,300] {processor.py:625} INFO - Processing file /home/airflow/.local/lib/python3.7/site-packages/airflow/example_dags/tutorial_taskflow_api_etl_virtualenv.py for tasks to queue
[2021-12-16 11:17:51,301] {logging_mixin.py:109} INFO - [2021-12-16 11:17:51,301] {dagbag.py:500} INFO - Filling up the DagBag from /home/airflow/.local/lib/python3.7/site-packages/airflow/example_dags/tutorial_taskflow_api_etl_virtualenv.py
[2021-12-16 11:17:51,340] {processor.py:637} INFO - DAG(s) dict_keys(['tutorial_taskflow_api_etl_virtualenv']) retrieved from /home/airflow/.local/lib/python3.7/site-packages/airflow/example_dags/tutorial_taskflow_api_etl_virtualenv.py
[2021-12-16 11:17:52,405] {logging_mixin.py:109} INFO - [2021-12-16 11:17:52,405] {providers_manager.py:156} WARNING - Exception when importing 'airflow.providers.google.leveldb.hooks.leveldb.LevelDBHook' from 'apache-airflow-providers-google' package: No module named 'plyvel'
[2021-12-16 11:17:52,714] {logging_mixin.py:109} INFO - [2021-12-16 11:17:52,714] {providers_manager.py:156} WARNING - Exception when importing 'airflow.providers.google.leveldb.hooks.leveldb.LevelDBHook' from 'apache-airflow-providers-google' package: No module named 'plyvel'
[2021-12-16 11:17:52,734] {logging_mixin.py:109} INFO - [2021-12-16 11:17:52,734] {manager.py:496} INFO - Created Permission View: can read on DAG:tutorial_taskflow_api_etl_virtualenv
[2021-12-16 11:17:52,742] {logging_mixin.py:109} INFO - [2021-12-16 11:17:52,742] {manager.py:496} INFO - Created Permission View: can edit on DAG:tutorial_taskflow_api_etl_virtualenv
[2021-12-16 11:17:52,743] {logging_mixin.py:109} INFO - [2021-12-16 11:17:52,742] {dag.py:2396} INFO - Sync 1 DAGs
[2021-12-16 11:17:52,749] {logging_mixin.py:109} INFO - [2021-12-16 11:17:52,749] {dag.py:2415} INFO - Creating ORM DAG for tutorial_taskflow_api_etl_virtualenv
[2021-12-16 11:17:52,757] {logging_mixin.py:109} INFO - [2021-12-16 11:17:52,757] {dag.py:2928} INFO - Setting next_dagrun for tutorial_taskflow_api_etl_virtualenv to None
[2021-12-16 11:17:52,768] {processor.py:171} INFO - Processing /home/airflow/.local/lib/python3.7/site-packages/airflow/example_dags/tutorial_taskflow_api_etl_virtualenv.py took 1.474 seconds
[2021-12-16 11:18:22,985] {processor.py:163} INFO - Started process (PID=395) to work on /home/airflow/.local/lib/python3.7/site-packages/airflow/example_dags/tutorial_taskflow_api_etl_virtualenv.py
[2021-12-16 11:18:22,987] {processor.py:625} INFO - Processing file /home/airflow/.local/lib/python3.7/site-packages/airflow/example_dags/tutorial_taskflow_api_etl_virtualenv.py for tasks to queue
[2021-12-16 11:18:22,988] {logging_mixin.py:109} INFO - [2021-12-16 11:18:22,988] {dagbag.py:500} INFO - Filling up the DagBag from /home/airflow/.local/lib/python3.7/site-packages/airflow/example_dags/tutorial_taskflow_api_etl_virtualenv.py
[2021-12-16 11:18:23,024] {processor.py:637} INFO - DAG(s) dict_keys(['tutorial_taskflow_api_etl_virtualenv']) retrieved from /home/airflow/.local/lib/python3.7/site-packages/airflow/example_dags/tutorial_taskflow_api_etl_virtualenv.py
[2021-12-16 11:18:23,297] {logging_mixin.py:109} INFO - [2021-12-16 11:18:23,297] {dag.py:2396} INFO - Sync 1 DAGs
[2021-12-16 11:18:23,309] {logging_mixin.py:109} INFO - [2021-12-16 11:18:23,309] {dag.py:2928} INFO - Setting next_dagrun for tutorial_taskflow_api_etl_virtualenv to None
[2021-12-16 11:18:23,322] {processor.py:171} INFO - Processing /home/airflow/.local/lib/python3.7/site-packages/airflow/example_dags/tutorial_taskflow_api_etl_virtualenv.py took 0.341 seconds
[2021-12-16 11:18:54,216] {processor.py:163} INFO - Started process (PID=456) to work on /home/airflow/.local/lib/python3.7/site-packages/airflow/example_dags/tutorial_taskflow_api_etl_virtualenv.py
[2021-12-16 11:18:54,218] {processor.py:625} INFO - Processing file /home/airflow/.local/lib/python3.7/site-packages/airflow/example_dags/tutorial_taskflow_api_etl_virtualenv.py for tasks to queue
[2021-12-16 11:18:54,219] {logging_mixin.py:109} INFO - [2021-12-16 11:18:54,219] {dagbag.py:500} INFO - Filling up the DagBag from /home/airflow/.local/lib/python3.7/site-packages/airflow/example_dags/tutorial_taskflow_api_etl_virtualenv.py
[2021-12-16 11:18:54,254] {processor.py:637} INFO - DAG(s) dict_keys(['tutorial_taskflow_api_etl_virtualenv']) retrieved from /home/airflow/.local/lib/python3.7/site-packages/airflow/example_dags/tutorial_taskflow_api_etl_virtualenv.py
[2021-12-16 11:18:54,520] {logging_mixin.py:109} INFO - [2021-12-16 11:18:54,520] {dag.py:2396} INFO - Sync 1 DAGs
[2021-12-16 11:18:54,530] {logging_mixin.py:109} INFO - [2021-12-16 11:18:54,530] {dag.py:2928} INFO - Setting next_dagrun for tutorial_taskflow_api_etl_virtualenv to None
[2021-12-16 11:18:54,539] {processor.py:171} INFO - Processing /home/airflow/.local/lib/python3.7/site-packages/airflow/example_dags/tutorial_taskflow_api_etl_virtualenv.py took 0.327 seconds
[2021-12-16 11:19:25,336] {processor.py:163} INFO - Started process (PID=526) to work on /home/airflow/.local/lib/python3.7/site-packages/airflow/example_dags/tutorial_taskflow_api_etl_virtualenv.py
[2021-12-16 11:19:25,339] {processor.py:625} INFO - Processing file /home/airflow/.local/lib/python3.7/site-packages/airflow/example_dags/tutorial_taskflow_api_etl_virtualenv.py for tasks to queue
[2021-12-16 11:19:25,340] {logging_mixin.py:109} INFO - [2021-12-16 11:19:25,340] {dagbag.py:500} INFO - Filling up the DagBag from /home/airflow/.local/lib/python3.7/site-packages/airflow/example_dags/tutorial_taskflow_api_etl_virtualenv.py
[2021-12-16 11:19:25,374] {processor.py:637} INFO - DAG(s) dict_keys(['tutorial_taskflow_api_etl_virtualenv']) retrieved from /home/airflow/.local/lib/python3.7/site-packages/airflow/example_dags/tutorial_taskflow_api_etl_virtualenv.py
[2021-12-16 11:19:25,617] {logging_mixin.py:109} INFO - [2021-12-16 11:19:25,617] {dag.py:2396} INFO - Sync 1 DAGs
[2021-12-16 11:19:25,629] {logging_mixin.py:109} INFO - [2021-12-16 11:19:25,629] {dag.py:2928} INFO - Setting next_dagrun for tutorial_taskflow_api_etl_virtualenv to None
[2021-12-16 11:19:25,639] {processor.py:171} INFO - Processing /home/airflow/.local/lib/python3.7/site-packages/airflow/example_dags/tutorial_taskflow_api_etl_virtualenv.py took 0.307 seconds
[2021-12-16 11:19:56,535] {processor.py:163} INFO - Started process (PID=586) to work on /home/airflow/.local/lib/python3.7/site-packages/airflow/example_dags/tutorial_taskflow_api_etl_virtualenv.py
[2021-12-16 11:19:56,537] {processor.py:625} INFO - Processing file /home/airflow/.local/lib/python3.7/site-packages/airflow/example_dags/tutorial_taskflow_api_etl_virtualenv.py for tasks to queue
[2021-12-16 11:19:56,538] {logging_mixin.py:109} INFO - [2021-12-16 11:19:56,538] {dagbag.py:500} INFO - Filling up the DagBag from /home/airflow/.local/lib/python3.7/site-packages/airflow/example_dags/tutorial_taskflow_api_etl_virtualenv.py
[2021-12-16 11:19:56,570] {processor.py:637} INFO - DAG(s) dict_keys(['tutorial_taskflow_api_etl_virtualenv']) retrieved from /home/airflow/.local/lib/python3.7/site-packages/airflow/example_dags/tutorial_taskflow_api_etl_virtualenv.py
[2021-12-16 11:19:56,815] {logging_mixin.py:109} INFO - [2021-12-16 11:19:56,815] {dag.py:2396} INFO - Sync 1 DAGs
[2021-12-16 11:19:56,830] {logging_mixin.py:109} INFO - [2021-12-16 11:19:56,830] {dag.py:2928} INFO - Setting next_dagrun for tutorial_taskflow_api_etl_virtualenv to None
[2021-12-16 11:19:56,841] {processor.py:171} INFO - Processing /home/airflow/.local/lib/python3.7/site-packages/airflow/example_dags/tutorial_taskflow_api_etl_virtualenv.py took 0.309 seconds
[2021-12-16 11:20:27,101] {processor.py:163} INFO - Started process (PID=655) to work on /home/airflow/.local/lib/python3.7/site-packages/airflow/example_dags/tutorial_taskflow_api_etl_virtualenv.py
[2021-12-16 11:20:27,102] {processor.py:625} INFO - Processing file /home/airflow/.local/lib/python3.7/site-packages/airflow/example_dags/tutorial_taskflow_api_etl_virtualenv.py for tasks to queue
[2021-12-16 11:20:27,103] {logging_mixin.py:109} INFO - [2021-12-16 11:20:27,103] {dagbag.py:500} INFO - Filling up the DagBag from /home/airflow/.local/lib/python3.7/site-packages/airflow/example_dags/tutorial_taskflow_api_etl_virtualenv.py
[2021-12-16 11:20:27,134] {processor.py:637} INFO - DAG(s) dict_keys(['tutorial_taskflow_api_etl_virtualenv']) retrieved from /home/airflow/.local/lib/python3.7/site-packages/airflow/example_dags/tutorial_taskflow_api_etl_virtualenv.py
[2021-12-16 11:20:27,377] {logging_mixin.py:109} INFO - [2021-12-16 11:20:27,377] {dag.py:2396} INFO - Sync 1 DAGs
[2021-12-16 11:20:27,389] {logging_mixin.py:109} INFO - [2021-12-16 11:20:27,389] {dag.py:2928} INFO - Setting next_dagrun for tutorial_taskflow_api_etl_virtualenv to None
[2021-12-16 11:20:27,398] {processor.py:171} INFO - Processing /home/airflow/.local/lib/python3.7/site-packages/airflow/example_dags/tutorial_taskflow_api_etl_virtualenv.py took 0.300 seconds
[2021-12-16 11:20:57,462] {processor.py:163} INFO - Started process (PID=724) to work on /home/airflow/.local/lib/python3.7/site-packages/airflow/example_dags/tutorial_taskflow_api_etl_virtualenv.py
[2021-12-16 11:20:57,464] {processor.py:625} INFO - Processing file /home/airflow/.local/lib/python3.7/site-packages/airflow/example_dags/tutorial_taskflow_api_etl_virtualenv.py for tasks to queue
[2021-12-16 11:20:57,465] {logging_mixin.py:109} INFO - [2021-12-16 11:20:57,465] {dagbag.py:500} INFO - Filling up the DagBag from /home/airflow/.local/lib/python3.7/site-packages/airflow/example_dags/tutorial_taskflow_api_etl_virtualenv.py
[2021-12-16 11:20:57,492] {processor.py:637} INFO - DAG(s) dict_keys(['tutorial_taskflow_api_etl_virtualenv']) retrieved from /home/airflow/.local/lib/python3.7/site-packages/airflow/example_dags/tutorial_taskflow_api_etl_virtualenv.py
[2021-12-16 11:20:57,725] {logging_mixin.py:109} INFO - [2021-12-16 11:20:57,725] {dag.py:2396} INFO - Sync 1 DAGs
[2021-12-16 11:20:57,736] {logging_mixin.py:109} INFO - [2021-12-16 11:20:57,736] {dag.py:2928} INFO - Setting next_dagrun for tutorial_taskflow_api_etl_virtualenv to None
[2021-12-16 11:20:57,744] {processor.py:171} INFO - Processing /home/airflow/.local/lib/python3.7/site-packages/airflow/example_dags/tutorial_taskflow_api_etl_virtualenv.py took 0.286 seconds
[2021-12-16 11:21:27,822] {processor.py:163} INFO - Started process (PID=784) to work on /home/airflow/.local/lib/python3.7/site-packages/airflow/example_dags/tutorial_taskflow_api_etl_virtualenv.py
[2021-12-16 11:21:27,825] {processor.py:625} INFO - Processing file /home/airflow/.local/lib/python3.7/site-packages/airflow/example_dags/tutorial_taskflow_api_etl_virtualenv.py for tasks to queue
[2021-12-16 11:21:27,827] {logging_mixin.py:109} INFO - [2021-12-16 11:21:27,826] {dagbag.py:500} INFO - Filling up the DagBag from /home/airflow/.local/lib/python3.7/site-packages/airflow/example_dags/tutorial_taskflow_api_etl_virtualenv.py
[2021-12-16 11:21:27,860] {processor.py:637} INFO - DAG(s) dict_keys(['tutorial_taskflow_api_etl_virtualenv']) retrieved from /home/airflow/.local/lib/python3.7/site-packages/airflow/example_dags/tutorial_taskflow_api_etl_virtualenv.py
[2021-12-16 11:21:28,104] {logging_mixin.py:109} INFO - [2021-12-16 11:21:28,104] {dag.py:2396} INFO - Sync 1 DAGs
[2021-12-16 11:21:28,116] {logging_mixin.py:109} INFO - [2021-12-16 11:21:28,115] {dag.py:2928} INFO - Setting next_dagrun for tutorial_taskflow_api_etl_virtualenv to None
[2021-12-16 11:21:28,124] {processor.py:171} INFO - Processing /home/airflow/.local/lib/python3.7/site-packages/airflow/example_dags/tutorial_taskflow_api_etl_virtualenv.py took 0.306 seconds
[2021-12-16 11:21:58,219] {processor.py:163} INFO - Started process (PID=853) to work on /home/airflow/.local/lib/python3.7/site-packages/airflow/example_dags/tutorial_taskflow_api_etl_virtualenv.py
[2021-12-16 11:21:58,221] {processor.py:625} INFO - Processing file /home/airflow/.local/lib/python3.7/site-packages/airflow/example_dags/tutorial_taskflow_api_etl_virtualenv.py for tasks to queue
[2021-12-16 11:21:58,222] {logging_mixin.py:109} INFO - [2021-12-16 11:21:58,222] {dagbag.py:500} INFO - Filling up the DagBag from /home/airflow/.local/lib/python3.7/site-packages/airflow/example_dags/tutorial_taskflow_api_etl_virtualenv.py
[2021-12-16 11:21:58,256] {processor.py:637} INFO - DAG(s) dict_keys(['tutorial_taskflow_api_etl_virtualenv']) retrieved from /home/airflow/.local/lib/python3.7/site-packages/airflow/example_dags/tutorial_taskflow_api_etl_virtualenv.py
[2021-12-16 11:21:58,540] {logging_mixin.py:109} INFO - [2021-12-16 11:21:58,540] {dag.py:2396} INFO - Sync 1 DAGs
[2021-12-16 11:21:58,555] {logging_mixin.py:109} INFO - [2021-12-16 11:21:58,555] {dag.py:2928} INFO - Setting next_dagrun for tutorial_taskflow_api_etl_virtualenv to None
[2021-12-16 11:21:58,567] {processor.py:171} INFO - Processing /home/airflow/.local/lib/python3.7/site-packages/airflow/example_dags/tutorial_taskflow_api_etl_virtualenv.py took 0.352 seconds
[2021-12-16 11:22:28,610] {processor.py:163} INFO - Started process (PID=915) to work on /home/airflow/.local/lib/python3.7/site-packages/airflow/example_dags/tutorial_taskflow_api_etl_virtualenv.py
[2021-12-16 11:22:28,613] {processor.py:625} INFO - Processing file /home/airflow/.local/lib/python3.7/site-packages/airflow/example_dags/tutorial_taskflow_api_etl_virtualenv.py for tasks to queue
[2021-12-16 11:22:28,614] {logging_mixin.py:109} INFO - [2021-12-16 11:22:28,614] {dagbag.py:500} INFO - Filling up the DagBag from /home/airflow/.local/lib/python3.7/site-packages/airflow/example_dags/tutorial_taskflow_api_etl_virtualenv.py
[2021-12-16 11:22:28,648] {processor.py:637} INFO - DAG(s) dict_keys(['tutorial_taskflow_api_etl_virtualenv']) retrieved from /home/airflow/.local/lib/python3.7/site-packages/airflow/example_dags/tutorial_taskflow_api_etl_virtualenv.py
[2021-12-16 11:22:28,909] {logging_mixin.py:109} INFO - [2021-12-16 11:22:28,909] {dag.py:2396} INFO - Sync 1 DAGs
[2021-12-16 11:22:28,920] {logging_mixin.py:109} INFO - [2021-12-16 11:22:28,920] {dag.py:2928} INFO - Setting next_dagrun for tutorial_taskflow_api_etl_virtualenv to None
[2021-12-16 11:22:28,929] {processor.py:171} INFO - Processing /home/airflow/.local/lib/python3.7/site-packages/airflow/example_dags/tutorial_taskflow_api_etl_virtualenv.py took 0.323 seconds
[2021-12-16 11:22:59,026] {processor.py:163} INFO - Started process (PID=984) to work on /home/airflow/.local/lib/python3.7/site-packages/airflow/example_dags/tutorial_taskflow_api_etl_virtualenv.py
[2021-12-16 11:22:59,029] {processor.py:625} INFO - Processing file /home/airflow/.local/lib/python3.7/site-packages/airflow/example_dags/tutorial_taskflow_api_etl_virtualenv.py for tasks to queue
[2021-12-16 11:22:59,030] {logging_mixin.py:109} INFO - [2021-12-16 11:22:59,030] {dagbag.py:500} INFO - Filling up the DagBag from /home/airflow/.local/lib/python3.7/site-packages/airflow/example_dags/tutorial_taskflow_api_etl_virtualenv.py
[2021-12-16 11:22:59,063] {processor.py:637} INFO - DAG(s) dict_keys(['tutorial_taskflow_api_etl_virtualenv']) retrieved from /home/airflow/.local/lib/python3.7/site-packages/airflow/example_dags/tutorial_taskflow_api_etl_virtualenv.py
[2021-12-16 11:22:59,296] {logging_mixin.py:109} INFO - [2021-12-16 11:22:59,296] {dag.py:2396} INFO - Sync 1 DAGs
[2021-12-16 11:22:59,308] {logging_mixin.py:109} INFO - [2021-12-16 11:22:59,308] {dag.py:2928} INFO - Setting next_dagrun for tutorial_taskflow_api_etl_virtualenv to None
[2021-12-16 11:22:59,316] {processor.py:171} INFO - Processing /home/airflow/.local/lib/python3.7/site-packages/airflow/example_dags/tutorial_taskflow_api_etl_virtualenv.py took 0.293 seconds
[2021-12-16 11:23:30,248] {processor.py:163} INFO - Started process (PID=1044) to work on /home/airflow/.local/lib/python3.7/site-packages/airflow/example_dags/tutorial_taskflow_api_etl_virtualenv.py
[2021-12-16 11:23:30,251] {processor.py:625} INFO - Processing file /home/airflow/.local/lib/python3.7/site-packages/airflow/example_dags/tutorial_taskflow_api_etl_virtualenv.py for tasks to queue
[2021-12-16 11:23:30,252] {logging_mixin.py:109} INFO - [2021-12-16 11:23:30,252] {dagbag.py:500} INFO - Filling up the DagBag from /home/airflow/.local/lib/python3.7/site-packages/airflow/example_dags/tutorial_taskflow_api_etl_virtualenv.py
[2021-12-16 11:23:30,289] {processor.py:637} INFO - DAG(s) dict_keys(['tutorial_taskflow_api_etl_virtualenv']) retrieved from /home/airflow/.local/lib/python3.7/site-packages/airflow/example_dags/tutorial_taskflow_api_etl_virtualenv.py
[2021-12-16 11:23:30,576] {logging_mixin.py:109} INFO - [2021-12-16 11:23:30,575] {dag.py:2396} INFO - Sync 1 DAGs
[2021-12-16 11:23:30,592] {logging_mixin.py:109} INFO - [2021-12-16 11:23:30,592] {dag.py:2928} INFO - Setting next_dagrun for tutorial_taskflow_api_etl_virtualenv to None
[2021-12-16 11:23:30,605] {processor.py:171} INFO - Processing /home/airflow/.local/lib/python3.7/site-packages/airflow/example_dags/tutorial_taskflow_api_etl_virtualenv.py took 0.362 seconds
[2021-12-16 11:24:00,807] {processor.py:163} INFO - Started process (PID=1113) to work on /home/airflow/.local/lib/python3.7/site-packages/airflow/example_dags/tutorial_taskflow_api_etl_virtualenv.py
[2021-12-16 11:24:00,812] {processor.py:625} INFO - Processing file /home/airflow/.local/lib/python3.7/site-packages/airflow/example_dags/tutorial_taskflow_api_etl_virtualenv.py for tasks to queue
[2021-12-16 11:24:00,815] {logging_mixin.py:109} INFO - [2021-12-16 11:24:00,815] {dagbag.py:500} INFO - Filling up the DagBag from /home/airflow/.local/lib/python3.7/site-packages/airflow/example_dags/tutorial_taskflow_api_etl_virtualenv.py
[2021-12-16 11:24:00,849] {processor.py:637} INFO - DAG(s) dict_keys(['tutorial_taskflow_api_etl_virtualenv']) retrieved from /home/airflow/.local/lib/python3.7/site-packages/airflow/example_dags/tutorial_taskflow_api_etl_virtualenv.py
[2021-12-16 11:24:01,101] {logging_mixin.py:109} INFO - [2021-12-16 11:24:01,101] {dag.py:2396} INFO - Sync 1 DAGs
[2021-12-16 11:24:01,112] {logging_mixin.py:109} INFO - [2021-12-16 11:24:01,112] {dag.py:2928} INFO - Setting next_dagrun for tutorial_taskflow_api_etl_virtualenv to None
[2021-12-16 11:24:01,122] {processor.py:171} INFO - Processing /home/airflow/.local/lib/python3.7/site-packages/airflow/example_dags/tutorial_taskflow_api_etl_virtualenv.py took 0.319 seconds
[2021-12-16 11:24:31,986] {processor.py:163} INFO - Started process (PID=1183) to work on /home/airflow/.local/lib/python3.7/site-packages/airflow/example_dags/tutorial_taskflow_api_etl_virtualenv.py
[2021-12-16 11:24:31,989] {processor.py:625} INFO - Processing file /home/airflow/.local/lib/python3.7/site-packages/airflow/example_dags/tutorial_taskflow_api_etl_virtualenv.py for tasks to queue
[2021-12-16 11:24:31,990] {logging_mixin.py:109} INFO - [2021-12-16 11:24:31,990] {dagbag.py:500} INFO - Filling up the DagBag from /home/airflow/.local/lib/python3.7/site-packages/airflow/example_dags/tutorial_taskflow_api_etl_virtualenv.py
[2021-12-16 11:24:32,027] {processor.py:637} INFO - DAG(s) dict_keys(['tutorial_taskflow_api_etl_virtualenv']) retrieved from /home/airflow/.local/lib/python3.7/site-packages/airflow/example_dags/tutorial_taskflow_api_etl_virtualenv.py
[2021-12-16 11:24:32,308] {logging_mixin.py:109} INFO - [2021-12-16 11:24:32,308] {dag.py:2396} INFO - Sync 1 DAGs
[2021-12-16 11:24:32,319] {logging_mixin.py:109} INFO - [2021-12-16 11:24:32,319] {dag.py:2928} INFO - Setting next_dagrun for tutorial_taskflow_api_etl_virtualenv to None
[2021-12-16 11:24:32,328] {processor.py:171} INFO - Processing /home/airflow/.local/lib/python3.7/site-packages/airflow/example_dags/tutorial_taskflow_api_etl_virtualenv.py took 0.346 seconds
[2021-12-16 11:25:02,433] {processor.py:163} INFO - Started process (PID=1243) to work on /home/airflow/.local/lib/python3.7/site-packages/airflow/example_dags/tutorial_taskflow_api_etl_virtualenv.py
[2021-12-16 11:25:02,435] {processor.py:625} INFO - Processing file /home/airflow/.local/lib/python3.7/site-packages/airflow/example_dags/tutorial_taskflow_api_etl_virtualenv.py for tasks to queue
[2021-12-16 11:25:02,436] {logging_mixin.py:109} INFO - [2021-12-16 11:25:02,436] {dagbag.py:500} INFO - Filling up the DagBag from /home/airflow/.local/lib/python3.7/site-packages/airflow/example_dags/tutorial_taskflow_api_etl_virtualenv.py
[2021-12-16 11:25:02,471] {processor.py:637} INFO - DAG(s) dict_keys(['tutorial_taskflow_api_etl_virtualenv']) retrieved from /home/airflow/.local/lib/python3.7/site-packages/airflow/example_dags/tutorial_taskflow_api_etl_virtualenv.py
[2021-12-16 11:25:02,733] {logging_mixin.py:109} INFO - [2021-12-16 11:25:02,733] {dag.py:2396} INFO - Sync 1 DAGs
[2021-12-16 11:25:02,746] {logging_mixin.py:109} INFO - [2021-12-16 11:25:02,746] {dag.py:2928} INFO - Setting next_dagrun for tutorial_taskflow_api_etl_virtualenv to None
[2021-12-16 11:25:02,759] {processor.py:171} INFO - Processing /home/airflow/.local/lib/python3.7/site-packages/airflow/example_dags/tutorial_taskflow_api_etl_virtualenv.py took 0.330 seconds
